HTTP Error 404: {"quoteSummary":{"result":null,"error":{"code":"Not Found","description":"Quote not found for symbol: PEL.NS"}}}
$PEL.NS: possibly delisted; no timezone found
$CENTURYTEX.NS: possibly delisted; no timezone found
$ITDCEM.NS: possibly delisted; no timezone found
$IDFC.NS: possibly delisted; no timezone found
$TATAMTRDVR.NS: possibly delisted; no timezone found
$HBLPOWER.NS: possibly delisted; no timezone found
$ASHOKLEYFIN.BO: possibly delisted; no timezone found
$ASSAMCO.BO: possibly delisted; no timezone found
$KIRPNDM.BO: possibly delisted; no timezone found
$INDAL.BO: possibly delisted; no timezone found
$PAREKHPLAT.BO: possibly delisted; no timezone found
$NEPCAGRO.BO: possibly delisted; no timezone found
$ESSARSTEEL.BO: possibly delisted; no timezone found
$NOVAEL-.BO: possibly delisted; no timezone found
$BANSTEX.BO: possibly delisted; no timezone found
$CTRMFG.BO: possibly delisted; no timezone found
$BOSTON.BO: possibly delisted; no timezone found
$ORINTIN.BO: possibly delisted; no timezone found
$ZBHAVIIN.BO: possibly delisted; no timezone found
$NEWCCRD.BO: possibly delisted; no timezone found
$INDSCBL.BO: possibly delisted; no timezone found
$JYNTPPR-B.BO: possibly delisted; no timezone found
$KITPLY.BO: possibly delisted; no timezone found
$XCLGLASS.BO: possibly delisted; no timezone found
$RATHISPA.BO: possibly delisted; no timezone found
$ELCTRA.BO: possibly delisted; no timezone found
$ELFTRDG.BO: possibly delisted; no timezone found
$KARWELD.BO: possibly delisted; no timezone found
$BRINDHL.BO: possibly delisted; no timezone found
$SECALS.BO: possibly delisted; no timezone found
$NASHINV.BO: possibly delisted; no timezone found
$STANENG.BO: possibly delisted; no timezone found
$SIGROUP.BO: possibly delisted; no timezone found
$CHMEQUP.BO: possibly delisted; no timezone found
$FULFORD.BO: possibly delisted; no price data found  (1d 2019-12-04 -> 2025-12-02)
$AQFINTECH.BO: possibly delisted; no timezone found
$PIRHL.BO: possibly delisted; no timezone found
$MERIN.BO: possibly delisted; no timezone found
$PONNI.BO: possibly delisted; no timezone found
$NOBLEXP.BO: possibly delisted; no price data found  (1d 2021-02-11 -> 2025-12-02)
$HOYSBLO.BO: possibly delisted; no timezone found
$SICBRDM.BO: possibly delisted; no timezone found
$KIRTIMO.BO: possibly delisted; no timezone found
$JAYSYN.BO: possibly delisted; no timezone found
$GIRDSGA.BO: possibly delisted; no timezone found
$RASOI.BO: possibly delisted; no timezone found
$DHRUVES.BO: possibly delisted; no timezone found
$GORDONW.BO: possibly delisted; no timezone found
$WCOSTSG.BO: possibly delisted; no timezone found
$SULINDI.BO: possibly delisted; no timezone found
$JUMBFNL.BO: possibly delisted; no timezone found
$ALLMEPR.BO: possibly delisted; no timezone found
$CIFCO.BO: possibly delisted; no timezone found
$DHFL.BO: possibly delisted; no timezone found
$ROPLAS.BO: possibly delisted; no timezone found
$SHOPINV-B.BO: possibly delisted; no timezone found
$SCHEMFN.BO: possibly delisted; no timezone found
$DFLINFRA.BO: possibly delisted; no timezone found
$TATAFIN.BO: possibly delisted; no timezone found
$JNFSL.BO: possibly delisted; no timezone found
$AMBSECU.BO: possibly delisted; no timezone found
$SOURFIN.BO: possibly delisted; no timezone found
$FACTENT.BO: possibly delisted; no price data found  (1d 2019-12-04 -> 2025-12-02)
$CNIRESLTD.BO: possibly delisted; no timezone found
$VISJYTR.BO: possibly delisted; no timezone found
$TRIPR.BO: possibly delisted; no timezone found
$SANGEXP.BO: possibly delisted; no timezone found
$ANGLOBA.BO: possibly delisted; no timezone found
$ARONIEP.BO: possibly delisted; no timezone found
$ZHIMTUBL.BO: possibly delisted; no timezone found
$AVSWLTR.BO: possibly delisted; no timezone found
$ASUTENT.BO: possibly delisted; no price data found  (1d 2019-12-04 -> 2025-12-02)
$INNOVIS.BO: possibly delisted; no timezone found
$ANUPAST.BO: possibly delisted; no timezone found
$GKSTLALDM.BO: possibly delisted; no timezone found
$PREMPIPES.BO: possibly delisted; no timezone found
$SMPL.BO: possibly delisted; no timezone found
$PUNIRST.BO: possibly delisted; no timezone found
$PRSRIND.BO: possibly delisted; no timezone found
$RAKSTEL.BO: possibly delisted; no timezone found
$MAYASPN.BO: possibly delisted; no price data found  (1d 2019-12-04 -> 2025-12-02)
$TTLEL.BO: possibly delisted; no timezone found
$TAICHONG.BO: possibly delisted; no timezone found
$CHARMGR.BO: possibly delisted; no timezone found
$ESSJSYN.BO: possibly delisted; no timezone found
$APTL.BO: possibly delisted; no timezone found
$WATSSOFT.BO: possibly delisted; no price data found  (1d 2023-11-22 -> 2025-12-02)
$MUKPA.BO: possibly delisted; no timezone found
$SAKA.BO: possibly delisted; no price data found  (1d 2019-12-04 -> 2025-12-02)
$PHOENIXLL.BO: possibly delisted; no timezone found
$NEXUSSOF.BO: possibly delisted; no timezone found
$ICESOFT.BO: possibly delisted; no timezone found
$GEMCABLE.BO: possibly delisted; no timezone found
$KCHROIL.BO: possibly delisted; no timezone found
$NIJJER.BO: possibly delisted; no price data found  (1d 2019-12-04 -> 2025-12-02)
$SIGMACE.BO: possibly delisted; no timezone found
$RSHBAGR.BO: possibly delisted; no timezone found
$SOMKAFD.BO: possibly delisted; no timezone found
$BHAGVEG.BO: possibly delisted; no timezone found
$VSHLLTK.BO: possibly delisted; no timezone found
$THAPOIL.BO: possibly delisted; no timezone found
$PAWANPR.BO: possibly delisted; no timezone found
$JAGDAMD.BO: possibly delisted; no timezone found
$DRMSY.BO: possibly delisted; no timezone found
$ZBAJAJTR.BO: possibly delisted; no timezone found
$ORIEVEG.BO: possibly delisted; no timezone found
$ANACOTS.BO: possibly delisted; no timezone found
$VEENATX.BO: possibly delisted; no timezone found
$ARORAFIB.BO: possibly delisted; no price data found  (1d 2019-12-04 -> 2025-12-02)
$ELBSCHF.BO: possibly delisted; no timezone found
$HINCOTX.BO: possibly delisted; no timezone found
$KONGATX.BO: possibly delisted; no timezone found
$CDRHLTH.BO: possibly delisted; no timezone found
$WELII.BO: possibly delisted; no timezone found
$INDIAGYP.BO: possibly delisted; no timezone found
$VKRMPRJDM.BO: possibly delisted; no timezone found
$NORTECHDM.BO: possibly delisted; no timezone found
$PAMDIDM.BO: possibly delisted; no timezone found
$VENKYSI.BO: possibly delisted; no timezone found
$MAHINCOMP.BO: possibly delisted; no price data found  (1d 2019-12-04 -> 2025-12-02)
$PIFL.BO: possibly delisted; no timezone found
$NEOCORP.BO: possibly delisted; no timezone found
$BHTERMI.BO: possibly delisted; no timezone found
$PRDEPDRDM.BO: possibly delisted; no timezone found
$MAHAPOL.BO: possibly delisted; no timezone found
$ASTDRUG.BO: possibly delisted; no timezone found
$RINADRG.BO: possibly delisted; no timezone found
$CRAZYINF.BO: possibly delisted; no timezone found
$SHILPLA.BO: possibly delisted; no timezone found
$RICHLNP.BO: possibly delisted; no timezone found
$SOCRUSBIO.BO: possibly delisted; no timezone found
$STERLCH.BO: possibly delisted; no timezone found
$FINEDRUG.BO: possibly delisted; no timezone found
$KPGELATDM.BO: possibly delisted; no timezone found
