$AARVEEDEN.NS: possibly delisted; no price data found  (1d 2025-11-29 -> 2025-12-02)
$KALYANI.NS: possibly delisted; no price data found  (1d 2025-11-29 -> 2025-12-02)
$SMSLIFE.NS: possibly delisted; no price data found  (1d 2025-11-29 -> 2025-12-02)
$BARBEQUE.NS: possibly delisted; no price data found  (1d 2025-11-29 -> 2025-12-02)
$FSC.NS: possibly delisted; no price data found  (1d 2025-11-29 -> 2025-12-02)
$SUNDARMHLD.NS: possibly delisted; no price data found  (1d 2025-11-29 -> 2025-12-02)
$GLS.NS: possibly delisted; no timezone found
$TATAMTRDVR.NS: possibly delisted; no timezone found
$SUVENPHAR.NS: possibly delisted; no timezone found
$IDFC.NS: possibly delisted; no timezone found
$GODHA.NS: possibly delisted; no price data found  (1d 2025-11-29 -> 2025-12-02)
$MCDOWELL-N.NS: possibly delisted; no timezone found
$TV18BRDCST.NS: possibly delisted; no timezone found
$SMLISUZU.NS: possibly delisted; no price data found  (1d 2025-11-29 -> 2025-12-02)
$TATAMOTORS.NS: possibly delisted; no price data found  (1d 2025-11-29 -> 2025-12-02)
HTTP Error 404: {"quoteSummary":{"result":null,"error":{"code":"Not Found","description":"Quote not found for symbol: ITDCEM.NS"}}}
$DUMMYRAYMN.NS: possibly delisted; no timezone found
$CENTURYTEX.NS: possibly delisted; no timezone found
$DUMMYSTLTE.NS: possibly delisted; no timezone found
$PEL.NS: possibly delisted; no timezone found
$GANESHHOUC.NS: possibly delisted; no timezone found
$SWANENERGY.NS: possibly delisted; no timezone found
$EUROTEXIND.NS: possibly delisted; no price data found  (1d 2025-11-29 -> 2025-12-02)
$GMRINFRA.NS: possibly delisted; no timezone found
$IBULHSGFIN.NS: possibly delisted; no timezone found
$ZOMATO.NS: possibly delisted; no timezone found
$WORTH.NS: possibly delisted; no price data found  (1d 2025-11-29 -> 2025-12-02)
$AEGISCHEM.NS: possibly delisted; no timezone found
$ITDCEM.NS: possibly delisted; no timezone found
$HBLPOWER.NS: possibly delisted; no timezone found
$PARRYSUGAR.BO: possibly delisted; no timezone found
$BECREL.BO: possibly delisted; no timezone found
$IFSL.BO: possibly delisted; no timezone found
$INDUNISS.BO: possibly delisted; no timezone found
$MARDIACH.BO: possibly delisted; no timezone found
$LUPINDM.BO: possibly delisted; no timezone found
$PENTFOR-B.BO: possibly delisted; no timezone found
$MSTRSDM.BO: possibly delisted; no timezone found
$RECRON.BO: possibly delisted; no timezone found
$ZDOLPINV.BO: possibly delisted; no timezone found
$CLARIANT.BO: possibly delisted; no timezone found
$SAMTELIN.BO: possibly delisted; no timezone found
$MAESTROM.BO: possibly delisted; no price data found  (1d 2019-12-04 -> 2025-12-02)
$KSHITIJ.BO: possibly delisted; no timezone found
$PANCHCE.BO: possibly delisted; no timezone found
$ZLIGHTHS.BO: possibly delisted; no timezone found
$ZAMBISLK.BO: possibly delisted; no timezone found
$GEODESIC.BO: possibly delisted; no timezone found
$ZOPALTRD.BO: possibly delisted; no timezone found
$WESTELE.BO: possibly delisted; no timezone found
$INDWIRE-B.BO: possibly delisted; no timezone found
$ORISSASP.BO: possibly delisted; no timezone found
$RIDHISYN.BO: possibly delisted; no timezone found
$UNIVPRIM.BO: possibly delisted; no timezone found
$SOMANI.BO: possibly delisted; no timezone found
$SHRSHATEX.BO: possibly delisted; no timezone found
$OTOKLIN.BO: possibly delisted; no timezone found
$PRISMINFO.BO: possibly delisted; no price data found  (1d 2019-12-04 -> 2025-12-02)
$ANUPMAL.BO: possibly delisted; no timezone found
$ABCBEARS.BO: possibly delisted; no price data found  (1d 2019-12-04 -> 2025-12-02)
$ZRATHIND.BO: possibly delisted; no timezone found
$ZGATEWCH.BO: possibly delisted; no timezone found
$TERRAFORM.BO: possibly delisted; no price data found  (1d 2019-12-04 -> 2025-12-02)
$JYNTVTM.BO: possibly delisted; no timezone found
$SANDRSN.BO: possibly delisted; no timezone found
$HARSCHM.BO: possibly delisted; no timezone found
$JAIYATA.BO: possibly delisted; no timezone found
$INBEFDM.BO: possibly delisted; no timezone found
$SCHABLON.BO: possibly delisted; no timezone found
$BLOSIND.BO: possibly delisted; no timezone found
$ROSINDM.BO: possibly delisted; no timezone found
$ALEXCON.BO: possibly delisted; no timezone found
$ZPROGLEA.BO: possibly delisted; no timezone found
$NEWMKTADV.BO: possibly delisted; no timezone found
$LEDOTEA.BO: possibly delisted; no timezone found
$ESERVE.BO: possibly delisted; no timezone found
$ZHINDHSG.BO: possibly delisted; no timezone found
$ZSHVIJAY.BO: possibly delisted; no timezone found
$GROVERLE.BO: possibly delisted; no timezone found
$FALCONTQ.BO: possibly delisted; no price data found  (1d 2019-12-04 -> 2025-12-02)
$GRPHIDM.BO: possibly delisted; no timezone found
$DCLFIDM.BO: possibly delisted; no timezone found
$KUSUMEL.BO: possibly delisted; no timezone found
$APLAYA.BO: possibly delisted; no timezone found
$GULFODM.BO: possibly delisted; no timezone found
$KOTHARIFIN.BO: possibly delisted; no timezone found
$ADCONCP.BO: possibly delisted; no timezone found
$FCGL.BO: possibly delisted; no timezone found
$HAREKIN.BO: possibly delisted; no timezone found
$ZJIWAAPP.BO: possibly delisted; no timezone found
$WINROC.BO: possibly delisted; no timezone found
$GANITAK.BO: possibly delisted; no timezone found
$RELIAFN.BO: possibly delisted; no timezone found
$ZGOLKOND.BO: possibly delisted; no timezone found
$DEORAPL.BO: possibly delisted; no timezone found
$EXTCO.BO: possibly delisted; no price data found  (1d 2019-12-04 -> 2025-12-02)
$ASAHINFRA.BO: possibly delisted; no timezone found
$KIRANTRDM.BO: possibly delisted; no timezone found
$ACQUATR.BO: possibly delisted; no timezone found
$ZHINUDYP.BO: possibly delisted; no timezone found
$SRYSTLT.BO: possibly delisted; no price data found  (1d 2019-12-04 -> 2025-12-02)
$SHNALUM.BO: possibly delisted; no timezone found
$SRIISHR.BO: possibly delisted; no timezone found
$TAMSPON.BO: possibly delisted; no timezone found
$RAIPF.BO: possibly delisted; no timezone found
$METALFORGE.BO: possibly delisted; no price data found  (1d 2025-03-25 -> 2025-12-02)
$SAMNAST.BO: possibly delisted; no timezone found
$DENHSTLDM.BO: possibly delisted; no timezone found
$JAYIRST.BO: possibly delisted; no timezone found
$SHREGRN.BO: possibly delisted; no timezone found
$INLACGR.BO: possibly delisted; no timezone found
$MALHOST.BO: possibly delisted; no timezone found
$PANAUTO.BO: possibly delisted; no timezone found
$DHARIND.BO: possibly delisted; no timezone found
$VISHWAST.BO: possibly delisted; no timezone found
$HJSSTON.BO: possibly delisted; no timezone found
$SAROMET.BO: possibly delisted; no timezone found
$KUMARWI.BO: possibly delisted; no timezone found
$CVSTEEL.BO: possibly delisted; no timezone found
$JGFOUMT.BO: possibly delisted; no timezone found
$MARUTISDM.BO: possibly delisted; no timezone found
$MKDOTEX.BO: possibly delisted; no timezone found
$MAHENPET.BO: possibly delisted; no timezone found
$PATEXTI.BO: possibly delisted; no timezone found
$SSTSILKS.BO: possibly delisted; no timezone found
$SRPML.BO: possibly delisted; no timezone found
$BAROPOL.BO: possibly delisted; no timezone found
$PIONAUT.BO: possibly delisted; no timezone found
$SHEFAPP.BO: possibly delisted; no timezone found
$ORTOSYN.BO: possibly delisted; no timezone found
$METROOV.BO: possibly delisted; no timezone found
$USHMAPL.BO: possibly delisted; no timezone found
$MOSERBAER.BO: possibly delisted; no timezone found
$POWERFL.BO: possibly delisted; no timezone found
$PRTHELE.BO: possibly delisted; no timezone found
$RLAGRO.BO: possibly delisted; no timezone found
$VRUNAGR.BO: possibly delisted; no timezone found
$ANCO.BO: possibly delisted; no price data found  (1d 2019-12-04 -> 2025-12-02)
$NVCMIND.BO: possibly delisted; no timezone found
$DATAPRO.BO: possibly delisted; no price data found  (1d 2023-11-14 -> 2025-12-02)
$MAHNDCM.BO: possibly delisted; no timezone found
$VINAYCEM.BO: possibly delisted; no timezone found
$IDUSFOD.BO: possibly delisted; no timezone found
$TRFJTFD.BO: possibly delisted; no timezone found
$DESIGNAU.BO: possibly delisted; no timezone found
$ROYCMAR.BO: possibly delisted; no timezone found
$RADHIKAS.BO: possibly delisted; no timezone found
$BRAKAUT.BO: possibly delisted; no price data found  (1d 2019-12-04 -> 2025-12-02)
$AEC.BO: possibly delisted; no timezone found
$ELARFSH.BO: possibly delisted; no timezone found
$ARPLC.BO: possibly delisted; no timezone found
$ESSTE.BO: possibly delisted; no timezone found
$HNDMGTDM.BO: possibly delisted; no timezone found
$DHARNOV.BO: possibly delisted; no timezone found
$SIPRD.BO: possibly delisted; no timezone found
$HMG.BO: possibly delisted; no timezone found
$FLAWLESD.BO: possibly delisted; no price data found  (1d 2019-12-04 -> 2025-12-02)
$BNZOPTR.BO: possibly delisted; no timezone found
$UBEINDL.BO: possibly delisted; no price data found  (1d 2019-12-04 -> 2025-12-02)
$UNILITE.BO: possibly delisted; no timezone found
$ARHTIND.BO: possibly delisted; no timezone found
$TITACOM.BO: possibly delisted; no timezone found
$KINGCHD.BO: possibly delisted; no timezone found
$SOLARFM.BO: possibly delisted; no timezone found
$CDRMEDI.BO: possibly delisted; no timezone found
$CONSOLFI.BO: possibly delisted; no timezone found
$RAHICEM.BO: possibly delisted; no timezone found
$KARLECH.BO: possibly delisted; no timezone found
$HINCHEM.BO: possibly delisted; no timezone found
$SUNSTAR.BO: possibly delisted; no timezone found
$BENZOCH.BO: possibly delisted; no timezone found
$SECHE.BO: possibly delisted; no price data found  (1d 2023-07-11 -> 2025-12-02)
$PIONEPD.BO: possibly delisted; no timezone found
$VIRALSYN.BO: possibly delisted; no timezone found
$NGARJNG.BO: possibly delisted; no timezone found
$ARNPROC.BO: possibly delisted; no timezone found
$HANSPOL.BO: possibly delisted; no timezone found
$HAMLSHO.BO: possibly delisted; no timezone found
$JAYENGY.BO: possibly delisted; no timezone found
$GURULET.BO: possibly delisted; no timezone found
$INDOX.BO: possibly delisted; no timezone found
$FENOPLAS.BO: possibly delisted; no timezone found
$INGERMS.BO: possibly delisted; no timezone found
$MAYHO.BO: possibly delisted; no timezone found
$DION.BO: possibly delisted; no timezone found
$ASIAREF.BO: possibly delisted; no timezone found
$LORDSCH.BO: possibly delisted; no price data found  (1d 2025-06-25 -> 2025-12-02)
$ITALJEW.BO: possibly delisted; no timezone found
$KMCAPIT.BO: possibly delisted; no timezone found
$SAMARTHI.BO: possibly delisted; no timezone found
$ADORFO.BO: possibly delisted; no timezone found
$TRIENTP.BO: possibly delisted; no timezone found
$ARMAANE.BO: possibly delisted; no timezone found
$MARG.BO: possibly delisted; no timezone found
$ROSEZIN.BO: possibly delisted; no price data found  (1d 2019-12-04 -> 2025-12-02)
$KAMAR.BO: possibly delisted; no timezone found
$JGFINAN.BO: possibly delisted; no timezone found
$INTSE.BO: possibly delisted; no timezone found
$SRHSYNT.BO: possibly delisted; no timezone found
$INDECOM.BO: possibly delisted; no timezone found
$DEVIKA.BO: possibly delisted; no timezone found
$CONTAIN.BO: possibly delisted; no timezone found
$CHISO.BO: possibly delisted; no timezone found
$MODIHOOV.BO: possibly delisted; no price data found  (1d 2019-12-04 -> 2025-12-02)
$ZAUTPALI.BO: possibly delisted; no timezone found
$SYSTELIN.BO: possibly delisted; no timezone found
$KECITRL-B.BO: possibly delisted; no timezone found
$SANDURL.BO: possibly delisted; no timezone found
$MRCOTEX.BO: possibly delisted; no timezone found
$SHYAAXPH.BO: possibly delisted; no timezone found
$BGROWTHDM.BO: possibly delisted; no timezone found
$KOFFBREAK.BO: possibly delisted; no price data found  (1d 2023-11-14 -> 2025-12-02)
$TOPTELE.BO: possibly delisted; no timezone found
$KEMICARE.BO: possibly delisted; no timezone found
$MICRONC.BO: possibly delisted; no timezone found
$SU-RAJD.BO: possibly delisted; no timezone found
$CANOPYS.BO: possibly delisted; no timezone found
$SEAGUL.BO: possibly delisted; no timezone found
$ZENGLOB.BO: possibly delisted; no timezone found
$ARHSUED.BO: possibly delisted; no timezone found
$ALAMFIN.BO: possibly delisted; no timezone found
$KGNAGRO.BO: possibly delisted; no timezone found
$ASINSTR.BO: possibly delisted; no timezone found
$ANANDRU.BO: possibly delisted; no timezone found
$INDOKOR.BO: possibly delisted; no timezone found
$TRIDETOOL.BO: possibly delisted; no timezone found
$GLOKNIT.BO: possibly delisted; no price data found  (1d 2019-12-04 -> 2025-12-02)
$BROTFLR.BO: possibly delisted; no timezone found
$GLDTORE.BO: possibly delisted; no timezone found
$ARCHOLC.BO: possibly delisted; no timezone found
$RAINCALCIN.BO: possibly delisted; no timezone found
$ASIANFILMS.BO: possibly delisted; no price data found  (1d 2019-12-04 -> 2025-12-02)
$SOWBHAGYA.BO: possibly delisted; no timezone found
$ALAMCHE.BO: possibly delisted; no timezone found
$SHIVGAR.BO: possibly delisted; no timezone found
$BONANZAB.BO: possibly delisted; no timezone found
$IGATE.BO: possibly delisted; no timezone found
$PSI.BO: possibly delisted; no timezone found
$JATBBPH.BO: possibly delisted; no timezone found
$CORPBANK.BO: possibly delisted; no timezone found
$SBIMTXP.BO: possibly delisted; no timezone found
$CYAAGDM.BO: possibly delisted; no timezone found
$EXDBBPH.BO: possibly delisted; no timezone found
$SYGENTA.BO: possibly delisted; no timezone found
$GGDBBPH.BO: possibly delisted; no timezone found
$FACORSTE.BO: possibly delisted; no timezone found
$SIRPURBBPH.BO: possibly delisted; no timezone found
$UTVSOF.BO: possibly delisted; no price data found  (1d 2019-12-04 -> 2025-12-02)
$USHERAGRO.BO: possibly delisted; no timezone found
$EVINIX.BO: possibly delisted; no price data found  (1d 2019-12-04 -> 2025-12-02)
$GRABALALK.BO: possibly delisted; no price data found  (1d 2019-12-04 -> 2025-12-02)
$MINDTREE.BO: possibly delisted; no timezone found
$BINANICEM.BO: possibly delisted; no price data found  (1d 2019-12-04 -> 2025-12-02)
$ACIASIA.BO: possibly delisted; no timezone found
$FIRSTWIN.BO: possibly delisted; no timezone found
$RAINBBPH.BO: possibly delisted; no timezone found
$SOLECTEMS.BO: possibly delisted; no timezone found
$VALIANTBBPH.BO: possibly delisted; no timezone found
$AROGRANBBPH.BO: possibly delisted; no timezone found
$FDCBBPH.BO: possibly delisted; no timezone found
$AVANTELBBPH.BO: possibly delisted; no timezone found
$AQUA.BO: possibly delisted; no price data found  (1d 2020-02-14 -> 2025-12-02)
$GOLDIMBBPH.BO: possibly delisted; no timezone found
$SM1AD.BO: possibly delisted; no timezone found
$JPINFRATEC.BO: possibly delisted; no price data found  (1d 2025-02-20 -> 2025-12-02)
$PARAPRINT.BO: possibly delisted; no timezone found
$PYXISFIN.BO: possibly delisted; no timezone found
$UPLBBPH.BO: possibly delisted; no timezone found
$ACCELYABBPH.BO: possibly delisted; no timezone found
$GEMINIBBPH.BO: possibly delisted; no price data found  (1d 2019-12-04 -> 2025-12-02)
$DRDATSONS.BO: possibly delisted; no timezone found
$GRADBBPH.BO: possibly delisted; no price data found  (1d 2019-12-04 -> 2025-12-02)
$MAHSEAMBBPH.BO: possibly delisted; no price data found  (1d 2019-12-04 -> 2025-12-02)
$SMSPHABBPH.BO: possibly delisted; no price data found  (1d 2019-12-04 -> 2025-12-02)
$IDFCEOS3DD.BO: possibly delisted; no price data found  (1d 2019-12-04 -> 2025-12-02)
$IPRU2263.BO: possibly delisted; no timezone found
$RJBIOTECH.BO: possibly delisted; no timezone found
$KUSHAL.BO: possibly delisted; no timezone found
$LICNFR2GP.BO: possibly delisted; no timezone found
$BCPAL.BO: possibly delisted; no timezone found
$RCLENDIIAD.BO: possibly delisted; no timezone found
$SEOFIGR.BO: possibly delisted; no timezone found
$BSLFEFS3DG.BO: possibly delisted; no price data found  (1d 2019-12-04 -> 2025-12-02)
$ENCASH.BO: possibly delisted; no timezone found
$RCAPBUILCG.BO: possibly delisted; no timezone found
$D3YRCEEDG.BO: possibly delisted; no price data found  (1d 2019-12-04 -> 2025-12-02)
$PINCONLIFE.BO: possibly delisted; no timezone found
$IPRU8800.BO: possibly delisted; no price data found  (1d 2019-12-04 -> 2025-12-02)
$HFEFDD.BO: possibly delisted; no price data found  (1d 2019-12-04 -> 2025-12-02)
$HFEFBRD.BO: possibly delisted; no timezone found
$SPISYS.BO: possibly delisted; no timezone found
$HFEFBRG.BO: possibly delisted; no timezone found
$FUNNY.BO: possibly delisted; no timezone found
$MANPASAND.BO: possibly delisted; no price data found  (1d 2025-08-02 -> 2025-12-02)
$INDRAIND.BO: possibly delisted; no timezone found
$RCBFIIIAD.BO: possibly delisted; no price data found  (1d 2019-12-04 -> 2025-12-02)
$BSLFEFS6DG.BO: possibly delisted; no timezone found
$IPRU8968.BO: possibly delisted; no price data found  (1d 2019-12-04 -> 2025-12-02)
$IPRU2755.BO: possibly delisted; no price data found  (1d 2019-12-04 -> 2025-12-02)
$MUDRA.BO: possibly delisted; no timezone found
$MAXINDIA-.BO: possibly delisted; no timezone found
$ADFBBPH.BO: possibly delisted; no price data found  (1d 2019-12-04 -> 2025-12-02)
$IPRU2897.BO: possibly delisted; no timezone found
$BSLRIFS2DN.BO: possibly delisted; no timezone found
$CD50T.BO: possibly delisted; no price data found  (1d 2019-12-04 -> 2025-12-02)
$HEOFDG1100.BO: possibly delisted; no timezone found
$IPRU9171.BO: possibly delisted; no price data found  (1d 2019-12-04 -> 2025-12-02)
$DACEFRG.BO: possibly delisted; no timezone found
$IPRU9216.BO: possibly delisted; no timezone found
$HHOF1140RD.BO: possibly delisted; no timezone found
$NIVBDGP.BO: possibly delisted; no timezone found
$AXISCBGPG.BO: possibly delisted; no timezone found
$ABSLRIF7DD.BO: possibly delisted; no timezone found
$KTKIND7DG.BO: possibly delisted; no timezone found
$NETRIPPLES.BO: possibly delisted; no timezone found
$MESON.BO: possibly delisted; no timezone found
$LOTTE.BO: possibly delisted; no timezone found
$RPGTRAN.BO: possibly delisted; no timezone found
$SWRUBER.BO: possibly delisted; no timezone found
$KOTAKNIFTY2.BO: possibly delisted; no timezone found
$ICICPR7.BO: possibly delisted; no timezone found
$NETW18PCCPS.BO: possibly delisted; no timezone found
$UNIABEX.BO: possibly delisted; no timezone found
$MEDICRTDM.BO: possibly delisted; no timezone found
$HITACHI.BO: possibly delisted; no timezone found
$ENNOREFOULR.BO: possibly delisted; no timezone found
$DGOLDR.BO: possibly delisted; no timezone found
$TELDATAR.BO: possibly delisted; no timezone found
$DOLPHINMELR.BO: possibly delisted; no timezone found
$TATAINVLR.BO: possibly delisted; no timezone found
$TATATELELR.BO: possibly delisted; no timezone found
$HINDUSOILLR.BO: possibly delisted; no timezone found
$INDHOTEQLR.BO: possibly delisted; no timezone found
$HBLNIFELR.BO: possibly delisted; no timezone found
$TATACCPSLR.BO: possibly delisted; no timezone found
$ECEINDLR.BO: possibly delisted; no timezone found
$FEDEMOGULLR.BO: possibly delisted; no timezone found
$SAKTHIFINLR.BO: possibly delisted; no timezone found
$LTF-RE.BO: possibly delisted; no timezone found
$LAKVILBKLR.BO: possibly delisted; no timezone found
$GMRINFRASLR.BO: possibly delisted; no timezone found
$BNRSEC-RE.BO: possibly delisted; no timezone found
$EIH-RE.BO: possibly delisted; no timezone found
$ELPROINTLLR.BO: possibly delisted; no timezone found
$TILAK-RE.BO: possibly delisted; no timezone found
$ROHITLR.BO: possibly delisted; no timezone found
$RELIANCELR.BO: possibly delisted; no timezone found
$VISHALLR.BO: possibly delisted; no price data found  (1d 2019-12-04 -> 2025-12-02)
$SANDUMA-RE.BO: possibly delisted; no timezone found
$ASRL-RE.BO: possibly delisted; no timezone found
$7NR-RE.BO: possibly delisted; no timezone found
$MAGNUM-RE.BO: possibly delisted; no timezone found
$RUNGTA-RE.BO: possibly delisted; no timezone found
$AURUM-RE.BO: possibly delisted; no timezone found
$SATSILK-RE.BO: possibly delisted; no timezone found
$SUDTIND-RE.BO: possibly delisted; no timezone found
$BALKRI-RE.BO: possibly delisted; no timezone found
$BGJL-RE.BO: possibly delisted; no timezone found
$SPECFD-RE.BO: possibly delisted; no timezone found
$IFL-RE.BO: possibly delisted; no timezone found
$JONJUA-RE.BO: possibly delisted; no timezone found
$FYNX-RE.BO: possibly delisted; no timezone found
$BILLWIN-RE.BO: possibly delisted; no timezone found
$FRANKIN-RE.BO: possibly delisted; no timezone found
$IIFL-RE.BO: possibly delisted; no timezone found
$VMS-RE.BO: possibly delisted; no timezone found
$SAVFI-RE.BO: possibly delisted; no timezone found
$GOKULSOL.BO: possibly delisted; no timezone found
$WELSPL-RE.BO: possibly delisted; no timezone found
$FRANKI-RE1.BO: possibly delisted; no timezone found
$BTML-RE1.BO: possibly delisted; no timezone found
$BISIL-RE.BO: possibly delisted; no timezone found
$WINCAPP.BO: possibly delisted; no timezone found
$UGRO-RE.BO: possibly delisted; no timezone found
$HFIL-RE.BO: possibly delisted; no timezone found
$CLUATPP.BO: possibly delisted; no timezone found
$HASJUICE.BO: possibly delisted; no timezone found
$JAIPOPP.BO: possibly delisted; no timezone found
$HAZOORPP.BO: possibly delisted; no timezone found
$GANGOIRONPP.BO: possibly delisted; no timezone found
$CINPP.BO: possibly delisted; no timezone found
$ISIPP.BO: possibly delisted; no timezone found
$ICICIBANKPP.BO: possibly delisted; no timezone found
$SATINPP.BO: possibly delisted; no timezone found
$ADCONPP.BO: possibly delisted; no timezone found
$SREENPP.BO: possibly delisted; no timezone found
$AMPVOLTSPP.BO: possibly delisted; no timezone found
$TFMP25AHDR.BO: possibly delisted; no timezone found
$TFMP25AHDP.BO: possibly delisted; no timezone found
$FFTF16ACY.BO: possibly delisted; no timezone found
$T25BRIPG.BO: possibly delisted; no timezone found
$FFTP14CIGR.BO: possibly delisted; no timezone found
$FFTP15ARGR.BO: possibly delisted; no timezone found
$FFTF16DGR.BO: possibly delisted; no timezone found
$FFTF18CGR.BO: possibly delisted; no timezone found
$FFTF18AGR.BO: possibly delisted; no timezone found
$TFHA98B.BO: possibly delisted; no timezone found
$TFMP12A.BO: possibly delisted; no timezone found
$TFHA96A.BO: possibly delisted; no timezone found
$KTKFMP49G.BO: possibly delisted; no timezone found
$RMFFMP8AGR.BO: possibly delisted; no timezone found
$SDF367D1D.BO: possibly delisted; no timezone found
$IPRU1692.BO: possibly delisted; no price data found  (1d 2019-12-04 -> 2025-12-02)
$SDF367D2G.BO: possibly delisted; no timezone found
$TFMP13B.BO: possibly delisted; no timezone found
$IPRU1118P.BO: possibly delisted; no price data found  (1d 2019-12-04 -> 2025-12-02)
$SDF90D45D.BO: possibly delisted; no timezone found
$RMFFMP9AGR.BO: possibly delisted; no timezone found
$DSP12M24G.BO: possibly delisted; no timezone found
$DSP12MS12G.BO: possibly delisted; no timezone found
$IPRU1808.BO: possibly delisted; no timezone found
$SDF367D3D.BO: possibly delisted; no timezone found
$BSLFTPDQD.BO: possibly delisted; no timezone found
$SFTPBQD.BO: possibly delisted; no timezone found
$IPRU1798.BO: possibly delisted; no timezone found
$SFTPBNG.BO: possibly delisted; no timezone found
$KTKFMP62D.BO: possibly delisted; no timezone found
$TFMP23A.BO: possibly delisted; no timezone found
$TFMP26A.BO: possibly delisted; no timezone found
$DSP0436MG.BO: possibly delisted; no price data found  (1d 2019-12-04 -> 2025-12-02)
$SFTPCDG.BO: possibly delisted; no timezone found
$AXISFT17DP.BO: possibly delisted; no timezone found
$SFTPCFG.BO: possibly delisted; no timezone found
$RMFFMP10EG.BO: possibly delisted; no timezone found
$KTKFMP63D.BO: possibly delisted; no price data found  (1d 2019-12-04 -> 2025-12-02)
$BSLFTPDXD.BO: possibly delisted; no timezone found
$TFMP30A.BO: possibly delisted; no timezone found
$DSP3MS30D.BO: possibly delisted; no timezone found
$BSLFTPEIG.BO: possibly delisted; no timezone found
$IDFCQS68G.BO: possibly delisted; no timezone found
$IDFCYS47G.BO: possibly delisted; no timezone found
$KTKFMP71G.BO: possibly delisted; no price data found  (1d 2019-12-04 -> 2025-12-02)
$IPRU1874.BO: possibly delisted; no timezone found
$IPRU1865.BO: possibly delisted; no timezone found
$SDF367D14G.BO: possibly delisted; no timezone found
$DSP12MS27D.BO: possibly delisted; no timezone found
$IPRU1877.BO: possibly delisted; no timezone found
$HFB370Q202.BO: possibly delisted; no timezone found
$BSLFTPEMG.BO: possibly delisted; no timezone found
$DSP36MS01D.BO: possibly delisted; no price data found  (1d 2019-12-04 -> 2025-12-02)
$AXISFT21GP.BO: possibly delisted; no timezone found
$IDFCQS69D.BO: possibly delisted; no timezone found
$AXISFT21QD.BO: possibly delisted; no timezone found
$IPRU1879.BO: possibly delisted; no price data found  (1d 2019-12-04 -> 2025-12-02)
$SDF15M9G.BO: possibly delisted; no timezone found
$DSP36MS01G.BO: possibly delisted; no price data found  (1d 2019-12-04 -> 2025-12-02)
$BSLFTPEXD.BO: possibly delisted; no timezone found
$HMR392N212.BO: possibly delisted; no timezone found
$EMFFMPS5DP.BO: possibly delisted; no timezone found
$IDFCYS63QD.BO: possibly delisted; no timezone found
$IDFCQS71G.BO: possibly delisted; no timezone found
$TFMP44B.BO: possibly delisted; no timezone found
$HMR772N201.BO: possibly delisted; no price data found  (1d 2019-12-04 -> 2025-12-02)
$HFEB400N21.BO: possibly delisted; no timezone found
$SDF90D60D.BO: possibly delisted; no timezone found
$IB387DS2G.BO: possibly delisted; no price data found  (1d 2019-12-04 -> 2025-12-02)
$HMR391G211.BO: possibly delisted; no timezone found
$IDFCTDS73D.BO: possibly delisted; no timezone found
$IDFCNDS76G.BO: possibly delisted; no timezone found
$SDF180D24G.BO: possibly delisted; no timezone found
$SDF90D62D.BO: possibly delisted; no timezone found
$DSP12MS44G.BO: possibly delisted; no timezone found
$KTKFMP85G.BO: possibly delisted; no price data found  (1d 2019-12-04 -> 2025-12-02)
$HAP24M20G.BO: possibly delisted; no price data found  (1d 2019-12-04 -> 2025-12-02)
$KTKFMP87G.BO: possibly delisted; no timezone found
$SDF90D65G.BO: possibly delisted; no timezone found
$IPRU1947.BO: possibly delisted; no timezone found
$BSLFTPFLG.BO: possibly delisted; no timezone found
$EMFFMPS7GR.BO: possibly delisted; no timezone found
$IDFCTDS78G.BO: possibly delisted; no timezone found
$BSLFTPFMG.BO: possibly delisted; no timezone found
$H372JN1Q22.BO: possibly delisted; no timezone found
$HMY370N223.BO: possibly delisted; no timezone found
$BSLFTPFND.BO: possibly delisted; no timezone found
$DSP9MS53G.BO: possibly delisted; no timezone found
$SDF90D64D.BO: possibly delisted; no timezone found
$IDFCFTPS1Q.BO: possibly delisted; no price data found  (1d 2019-12-04 -> 2025-12-02)
$SDF90D66G.BO: possibly delisted; no timezone found
$TFM40HB.BO: possibly delisted; no timezone found
$H91JUN1G22.BO: possibly delisted; no timezone found
$IPRU1948.BO: possibly delisted; no timezone found
$KTKFMP89G.BO: possibly delisted; no timezone found
$SDF90D69G.BO: possibly delisted; no timezone found
$BSLFTPFWD.BO: possibly delisted; no price data found  (1d 2019-12-04 -> 2025-12-02)
$DSP36MS05D.BO: possibly delisted; no price data found  (1d 2019-12-04 -> 2025-12-02)
$SDF366D16D.BO: possibly delisted; no timezone found
$HSEP371Q22.BO: possibly delisted; no timezone found
$HOCT370Q22.BO: possibly delisted; no timezone found
$HNV371F223.BO: possibly delisted; no timezone found
$BSLFTPGIRG.BO: possibly delisted; no price data found  (1d 2019-12-04 -> 2025-12-02)
$HOCT371D23.BO: possibly delisted; no timezone found
$SDF60M3DRP.BO: possibly delisted; no price data found  (1d 2019-12-04 -> 2025-12-02)
$AXISCPO5DP.BO: possibly delisted; no price data found  (1d 2019-12-04 -> 2025-12-02)
$H1919JANDF.BO: possibly delisted; no price data found  (1d 2019-12-04 -> 2025-12-02)
$HDEC526G24.BO: possibly delisted; no price data found  (1d 2019-12-04 -> 2025-12-02)
$H1919JANDD.BO: possibly delisted; no price data found  (1d 2019-12-04 -> 2025-12-02)
$IPRU1969.BO: possibly delisted; no price data found  (1d 2019-12-04 -> 2025-12-02)
$BSLFTPGIRQ.BO: possibly delisted; no price data found  (1d 2019-12-04 -> 2025-12-02)
$D12MS86RDR.BO: possibly delisted; no timezone found
$BSLFTPGRRG.BO: possibly delisted; no price data found  (1d 2019-12-04 -> 2025-12-02)
$H372JAN3DQ.BO: possibly delisted; no timezone found
$BSLIAIIDND.BO: possibly delisted; no price data found  (1d 2019-12-04 -> 2025-12-02)
$SDF366D22GR.BO: possibly delisted; no timezone found
$BSLFTPGMRG.BO: possibly delisted; no timezone found
$BSLFTPGMRQ.BO: possibly delisted; no timezone found
$RFHXXIII2G.BO: possibly delisted; no price data found  (1d 2019-12-04 -> 2025-12-02)
$IDFCYDS3D.BO: possibly delisted; no price data found  (1d 2019-12-04 -> 2025-12-02)
$BSLFTPGRRQ.BO: possibly delisted; no price data found  (1d 2019-12-04 -> 2025-12-02)
$D12MS88RDQ.BO: possibly delisted; no price data found  (1d 2019-12-04 -> 2025-12-02)
$KTKFMP97G.BO: possibly delisted; no price data found  (1d 2019-12-04 -> 2025-12-02)
$SDF13M14GDP.BO: possibly delisted; no price data found  (1d 2019-12-04 -> 2025-12-02)
$BSLFTPGSDG.BO: possibly delisted; no price data found  (1d 2019-12-04 -> 2025-12-02)
$H398DM23DG.BO: possibly delisted; no price data found  (1d 2019-12-04 -> 2025-12-02)
$RMFINAFRD4.BO: possibly delisted; no price data found  (1d 2019-12-04 -> 2025-12-02)
$IPRU2031.BO: possibly delisted; no price data found  (1d 2019-12-04 -> 2025-12-02)
$TFM42HC.BO: possibly delisted; no price data found  (1d 2019-12-04 -> 2025-12-02)
$D12MS87DDQ.BO: possibly delisted; no price data found  (1d 2019-12-04 -> 2025-12-02)
$TFM42CB.BO: possibly delisted; no price data found  (1d 2019-12-04 -> 2025-12-02)
$IPRU2044.BO: possibly delisted; no price data found  (1d 2019-12-04 -> 2025-12-02)
$BSLFTPHDSRN.BO: possibly delisted; no price data found  (1d 2019-12-04 -> 2025-12-02)
$SDF366D24GR.BO: possibly delisted; no price data found  (1d 2019-12-04 -> 2025-12-02)
$SDF14M2GRP.BO: possibly delisted; no price data found  (1d 2019-12-04 -> 2025-12-02)
$D12MS94RDR.BO: possibly delisted; no price data found  (1d 2019-12-04 -> 2025-12-02)
$SDF366D24DR.BO: possibly delisted; no price data found  (1d 2019-12-04 -> 2025-12-02)
$BSLFTPHHRG.BO: possibly delisted; no price data found  (1d 2019-12-04 -> 2025-12-02)
$BSLFTPHHRQ.BO: possibly delisted; no price data found  (1d 2019-12-04 -> 2025-12-02)
$SDF366D25DR.BO: possibly delisted; no price data found  (1d 2019-12-04 -> 2025-12-02)
$IPRU8238.BO: possibly delisted; no price data found  (1d 2019-12-04 -> 2025-12-02)
$RFXXIII8DD.BO: possibly delisted; no price data found  (1d 2019-12-04 -> 2025-12-02)
$SDF366D28GR.BO: possibly delisted; no price data found  (1d 2019-12-04 -> 2025-12-02)
$H1107M25DQ.BO: possibly delisted; no price data found  (1d 2019-12-04 -> 2025-12-02)
$IPRU8265.BO: possibly delisted; no price data found  (1d 2019-12-04 -> 2025-12-02)
$H366MAY2DD.BO: possibly delisted; no price data found  (1d 2019-12-04 -> 2025-12-02)
$H370MAY1DG.BO: possibly delisted; no price data found  (1d 2019-12-04 -> 2025-12-02)
$H366MAY2DF.BO: possibly delisted; no price data found  (1d 2019-12-04 -> 2025-12-02)
$H372MAY1RG.BO: possibly delisted; no price data found  (1d 2019-12-04 -> 2025-12-02)
$H372MAY1RD.BO: possibly delisted; no price data found  (1d 2019-12-04 -> 2025-12-02)
$IDFCFTPR20G.BO: possibly delisted; no price data found  (1d 2019-12-04 -> 2025-12-02)
$H372MAY1RQ.BO: possibly delisted; no price data found  (1d 2019-12-04 -> 2025-12-02)
$D12MS103RDR.BO: possibly delisted; no price data found  (1d 2019-12-04 -> 2025-12-02)
$H371J26RQ1.BO: possibly delisted; no price data found  (1d 2019-12-04 -> 2025-12-02)
$IPRU8301.BO: possibly delisted; no price data found  (1d 2019-12-04 -> 2025-12-02)
$IPRU2117.BO: possibly delisted; no price data found  (1d 2019-12-04 -> 2025-12-02)
$TFM43AD.BO: possibly delisted; no price data found  (1d 2019-12-04 -> 2025-12-02)
$H370A26DD1.BO: possibly delisted; no price data found  (1d 2019-12-04 -> 2025-12-02)
$SDF90D75DR.BO: possibly delisted; no timezone found
$IDFCFTPR25H.BO: possibly delisted; no price data found  (1d 2019-12-04 -> 2025-12-02)
$IPRU8315.BO: possibly delisted; no price data found  (1d 2019-12-04 -> 2025-12-02)
$SMFHYARG.BO: possibly delisted; no price data found  (1d 2019-12-04 -> 2025-12-02)
$AXISHYD6GP.BO: possibly delisted; no price data found  (1d 2019-12-04 -> 2025-12-02)
$H371J26RF1.BO: possibly delisted; no price data found  (1d 2019-12-04 -> 2025-12-02)
$AXISFT36DG.BO: possibly delisted; no timezone found
$H1846D27DG.BO: possibly delisted; no timezone found
$IPRU8324.BO: possibly delisted; no price data found  (1d 2019-12-04 -> 2025-12-02)
$D12MS108RG.BO: possibly delisted; no price data found  (1d 2019-12-04 -> 2025-12-02)
$D12MS108RQ.BO: possibly delisted; no price data found  (1d 2019-12-04 -> 2025-12-02)
$IPRU2131.BO: possibly delisted; no price data found  (1d 2019-12-04 -> 2025-12-02)
$H1001A27DQ.BO: possibly delisted; no price data found  (1d 2019-12-04 -> 2025-12-02)
$RFHXXIV12D.BO: possibly delisted; no timezone found
$H370A27RG4.BO: possibly delisted; no price data found  (1d 2019-12-04 -> 2025-12-02)
$IPRU2127.BO: possibly delisted; no price data found  (1d 2019-12-04 -> 2025-12-02)
$D17SM35RG.BO: possibly delisted; no price data found  (1d 2019-12-04 -> 2025-12-02)
$RFXXIV05DD.BO: possibly delisted; no price data found  (1d 2019-12-04 -> 2025-12-02)
$H370S27RQ3.BO: possibly delisted; no price data found  (1d 2019-12-04 -> 2025-12-02)
$BSLFTPHTDG.BO: possibly delisted; no timezone found
$H370A27RF4.BO: possibly delisted; no price data found  (1d 2019-12-04 -> 2025-12-02)
$H370S27DD2.BO: possibly delisted; no price data found  (1d 2019-12-04 -> 2025-12-02)
$BSLFTPHVDN.BO: possibly delisted; no price data found  (1d 2019-12-04 -> 2025-12-02)
$BSLFTPIBRD.BO: possibly delisted; no timezone found
$IDFCFTPR33H.BO: possibly delisted; no price data found  (1d 2019-12-04 -> 2025-12-02)
$BSLFTPIBRG.BO: possibly delisted; no timezone found
$AXISFT39DP.BO: possibly delisted; no timezone found
$D03MS116DR.BO: possibly delisted; no timezone found
$H370S27RG1.BO: possibly delisted; no price data found  (1d 2019-12-04 -> 2025-12-02)
$IPRU8338.BO: possibly delisted; no price data found  (1d 2019-12-04 -> 2025-12-02)
$BSLFTPHSDN.BO: possibly delisted; no price data found  (1d 2019-12-04 -> 2025-12-02)
$IDFCFTPR32Q.BO: possibly delisted; no price data found  (1d 2019-12-04 -> 2025-12-02)
$H370O28RG2.BO: possibly delisted; no price data found  (1d 2019-12-04 -> 2025-12-02)
$RFXXIV21DG.BO: possibly delisted; no price data found  (1d 2019-12-04 -> 2025-12-02)
$H370O28DG2.BO: possibly delisted; no price data found  (1d 2019-12-04 -> 2025-12-02)
$TFM44DA.BO: possibly delisted; no price data found  (1d 2019-12-04 -> 2025-12-02)
$H370S28RG5.BO: possibly delisted; no price data found  (1d 2019-12-04 -> 2025-12-02)
$RFXXIV20DG.BO: possibly delisted; no price data found  (1d 2019-12-04 -> 2025-12-02)
$RIIISR2DDP.BO: possibly delisted; no price data found  (1d 2019-12-04 -> 2025-12-02)
$RFXXIV22DG.BO: possibly delisted; no price data found  (1d 2019-12-04 -> 2025-12-02)
$IPRU8380.BO: possibly delisted; no price data found  (1d 2019-12-04 -> 2025-12-02)
$IPRU2184.BO: possibly delisted; no price data found  (1d 2019-12-04 -> 2025-12-02)
$IPRU2186.BO: possibly delisted; no price data found  (1d 2019-12-04 -> 2025-12-02)
$H371N28RQ1.BO: possibly delisted; no price data found  (1d 2019-12-04 -> 2025-12-02)
$BSLFTPITDG.BO: possibly delisted; no price data found  (1d 2019-12-04 -> 2025-12-02)
$H371N28RQ2.BO: possibly delisted; no price data found  (1d 2019-12-04 -> 2025-12-02)
$IPRU8387.BO: possibly delisted; no price data found  (1d 2019-12-04 -> 2025-12-02)
$BSLFTPIVRQ.BO: possibly delisted; no price data found  (1d 2019-12-04 -> 2025-12-02)
$RFHXXIV22D.BO: possibly delisted; no price data found  (1d 2019-12-04 -> 2025-12-02)
$KTKFMP124D.BO: possibly delisted; no price data found  (1d 2019-12-04 -> 2025-12-02)
$D12MS126DR.BO: possibly delisted; no price data found  (1d 2019-12-04 -> 2025-12-02)
$H923N28RF1.BO: possibly delisted; no price data found  (1d 2019-12-04 -> 2025-12-02)
$BSLFTPIWDN.BO: possibly delisted; no price data found  (1d 2019-12-04 -> 2025-12-02)
$H923N28RQ1.BO: possibly delisted; no price data found  (1d 2019-12-04 -> 2025-12-02)
$RFXXV04DD.BO: possibly delisted; no price data found  (1d 2019-12-04 -> 2025-12-02)
$BSLFTPJADG.BO: possibly delisted; no price data found  (1d 2019-12-04 -> 2025-12-02)
$RFHXXV06D.BO: possibly delisted; no price data found  (1d 2019-12-04 -> 2025-12-02)
$BSLFTPIVRG.BO: possibly delisted; no price data found  (1d 2019-12-04 -> 2025-12-02)
$H540D28DG1.BO: possibly delisted; no price data found  (1d 2019-12-04 -> 2025-12-02)
$KTKFMP128D.BO: possibly delisted; no price data found  (1d 2019-12-04 -> 2025-12-02)
$H371D28DG1.BO: possibly delisted; no price data found  (1d 2019-12-04 -> 2025-12-02)
$BSLFTPJGDG.BO: possibly delisted; no price data found  (1d 2019-12-04 -> 2025-12-02)
$SFI30D1DR.BO: possibly delisted; no price data found  (1d 2019-12-04 -> 2025-12-02)
$H369D29DD1.BO: possibly delisted; no price data found  (1d 2019-12-04 -> 2025-12-02)
$TFM46CD.BO: possibly delisted; no price data found  (1d 2019-12-04 -> 2025-12-02)
$KTKFMP129G.BO: possibly delisted; no price data found  (1d 2019-12-04 -> 2025-12-02)
$SFI30D1DD.BO: possibly delisted; no price data found  (1d 2019-12-04 -> 2025-12-02)
$AXISFT43DD.BO: possibly delisted; no price data found  (1d 2019-12-04 -> 2025-12-02)
$BSLFTPJIDQ.BO: possibly delisted; no price data found  (1d 2019-12-04 -> 2025-12-02)
$H371D29RF2.BO: possibly delisted; no price data found  (1d 2019-12-04 -> 2025-12-02)
$BSLFTPJJRN.BO: possibly delisted; no price data found  (1d 2019-12-04 -> 2025-12-02)
$H372D29DD1.BO: possibly delisted; no price data found  (1d 2019-12-04 -> 2025-12-02)
$IPRU2212.BO: possibly delisted; no price data found  (1d 2019-12-04 -> 2025-12-02)
$H372D29RG1.BO: possibly delisted; no price data found  (1d 2019-12-04 -> 2025-12-02)
$H504D29RQ1.BO: possibly delisted; no price data found  (1d 2019-12-04 -> 2025-12-02)
$IPRU2224.BO: possibly delisted; no price data found  (1d 2019-12-04 -> 2025-12-02)
$AXISFT48HD.BO: possibly delisted; no price data found  (1d 2019-12-04 -> 2025-12-02)
$H504D29RF1.BO: possibly delisted; no price data found  (1d 2019-12-04 -> 2025-12-02)
$H369J29RD1.BO: possibly delisted; no price data found  (1d 2019-12-04 -> 2025-12-02)
$BSLFTPJRRN.BO: possibly delisted; no price data found  (1d 2019-12-04 -> 2025-12-02)
$BSLFCOBADG.BO: possibly delisted; no price data found  (1d 2019-12-04 -> 2025-12-02)
$H478J29DG1.BO: possibly delisted; no price data found  (1d 2019-12-04 -> 2025-12-02)
$BSLFTPJUDN.BO: possibly delisted; no price data found  (1d 2019-12-04 -> 2025-12-02)
$IPRU8067.BO: possibly delisted; no price data found  (1d 2019-12-04 -> 2025-12-02)
$TFM46HD.BO: possibly delisted; no price data found  (1d 2019-12-04 -> 2025-12-02)
$H453F29RF1.BO: possibly delisted; no price data found  (1d 2019-12-04 -> 2025-12-02)
$AXISFT50GP.BO: possibly delisted; no price data found  (1d 2019-12-04 -> 2025-12-02)
$BSLFTPJXRG.BO: possibly delisted; no price data found  (1d 2019-12-04 -> 2025-12-02)
$D3615MDDP.BO: possibly delisted; no price data found  (1d 2019-12-04 -> 2025-12-02)
$H453F29RQ1.BO: possibly delisted; no price data found  (1d 2019-12-04 -> 2025-12-02)
$TFM45EA.BO: possibly delisted; no price data found  (1d 2019-12-04 -> 2025-12-02)
$BSLFTPKARG.BO: possibly delisted; no price data found  (1d 2019-12-04 -> 2025-12-02)
$SDFSA3DD.BO: possibly delisted; no price data found  (1d 2019-12-04 -> 2025-12-02)
$H90J29RG1.BO: possibly delisted; no price data found  (1d 2019-12-04 -> 2025-12-02)
$BSLFTPKCDQ.BO: possibly delisted; no price data found  (1d 2019-12-04 -> 2025-12-02)
$H370F29DD1.BO: possibly delisted; no price data found  (1d 2019-12-04 -> 2025-12-02)
$TFM46MC.BO: possibly delisted; no price data found  (1d 2019-12-04 -> 2025-12-02)
$KTKFMP138G.BO: possibly delisted; no price data found  (1d 2019-12-04 -> 2025-12-02)
$SDFSA10DR.BO: possibly delisted; no price data found  (1d 2019-12-04 -> 2025-12-02)
$AXISFT55DP.BO: possibly delisted; no price data found  (1d 2019-12-04 -> 2025-12-02)
$SDFSA4GR.BO: possibly delisted; no price data found  (1d 2019-12-04 -> 2025-12-02)
$RFXXV31DG.BO: possibly delisted; no price data found  (1d 2019-12-04 -> 2025-12-02)
$SDFSA9DR.BO: possibly delisted; no price data found  (1d 2019-12-04 -> 2025-12-02)
$KTKFMP140DD.BO: possibly delisted; no price data found  (1d 2019-12-04 -> 2025-12-02)
$RFXXV28DD.BO: possibly delisted; no price data found  (1d 2019-12-04 -> 2025-12-02)
$RFHXXV29G.BO: possibly delisted; no price data found  (1d 2019-12-04 -> 2025-12-02)
$TFM46ND.BO: possibly delisted; no price data found  (1d 2019-12-04 -> 2025-12-02)
$H441F29RG1.BO: possibly delisted; no price data found  (1d 2019-12-04 -> 2025-12-02)
$SDFSA7DR.BO: possibly delisted; no price data found  (1d 2019-12-04 -> 2025-12-02)
$NFHXXV20G.BO: possibly delisted; no timezone found
$H384M29RQ1.BO: possibly delisted; no price data found  (1d 2019-12-04 -> 2025-12-02)
$HDCC14R50.BO: possibly delisted; no price data found  (1d 2019-12-04 -> 2025-12-02)
$HDCC14D50.BO: possibly delisted; no price data found  (1d 2019-12-04 -> 2025-12-02)
$RFXXVI04DD.BO: possibly delisted; no price data found  (1d 2019-12-04 -> 2025-12-02)
$SDFSA10DD.BO: possibly delisted; no price data found  (1d 2019-12-04 -> 2025-12-02)
$TFM47CB.BO: possibly delisted; no price data found  (1d 2019-12-04 -> 2025-12-02)
$H377D31RD1.BO: possibly delisted; no price data found  (1d 2019-12-04 -> 2025-12-02)
$H369A31RD2.BO: possibly delisted; no price data found  (1d 2019-12-04 -> 2025-12-02)
$D12MS162RG.BO: possibly delisted; no price data found  (1d 2019-12-04 -> 2025-12-02)
$KTKFMP156GD.BO: possibly delisted; no price data found  (1d 2019-12-04 -> 2025-12-02)
$SMFHYFYD.BO: possibly delisted; no price data found  (1d 2019-12-04 -> 2025-12-02)
$RFXXVI06DG.BO: possibly delisted; no price data found  (1d 2019-12-04 -> 2025-12-02)
$D12MS162RQ.BO: possibly delisted; no price data found  (1d 2019-12-04 -> 2025-12-02)
$RFHXXVI06D.BO: possibly delisted; no price data found  (1d 2019-12-04 -> 2025-12-02)
$D12MS163RR.BO: possibly delisted; no price data found  (1d 2019-12-04 -> 2025-12-02)
$H370M31RQ1.BO: possibly delisted; no price data found  (1d 2019-12-04 -> 2025-12-02)
$SMFHYHYD.BO: possibly delisted; no price data found  (1d 2019-12-04 -> 2025-12-02)
$H377D31DG1.BO: possibly delisted; no price data found  (1d 2019-12-04 -> 2025-12-02)
$TFM47HD.BO: possibly delisted; no price data found  (1d 2019-12-04 -> 2025-12-02)
$RFHXXVI12G.BO: possibly delisted; no price data found  (1d 2019-12-04 -> 2025-12-02)
$H370A31DD4.BO: possibly delisted; no price data found  (1d 2019-12-04 -> 2025-12-02)
$RFXXVI21DG.BO: possibly delisted; no price data found  (1d 2019-12-04 -> 2025-12-02)
$H730A31DD1.BO: possibly delisted; no price data found  (1d 2019-12-04 -> 2025-12-02)
$H370M31RQ2.BO: possibly delisted; no price data found  (1d 2019-12-04 -> 2025-12-02)
$KTKFMP160G.BO: possibly delisted; no price data found  (1d 2019-12-04 -> 2025-12-02)
$RFHXXVI23G.BO: possibly delisted; no price data found  (1d 2019-12-04 -> 2025-12-02)
$H371J31RD2.BO: possibly delisted; no price data found  (1d 2019-12-04 -> 2025-12-02)
$RFHXXVI32G.BO: possibly delisted; no price data found  (1d 2019-12-04 -> 2025-12-02)
$NFHXXVI30G.BO: possibly delisted; no timezone found
$RFXXVI32DG.BO: possibly delisted; no price data found  (1d 2019-12-04 -> 2025-12-02)
$H1123J31DD.BO: possibly delisted; no price data found  (1d 2019-12-04 -> 2025-12-02)
$H1128S32RG.BO: possibly delisted; no price data found  (1d 2019-12-04 -> 2025-12-02)
$H1125S32DQ.BO: possibly delisted; no price data found  (1d 2019-12-04 -> 2025-12-02)
$H1128S32RD.BO: possibly delisted; no price data found  (1d 2019-12-04 -> 2025-12-02)
$SDFSB3DD.BO: possibly delisted; no price data found  (1d 2019-12-04 -> 2025-12-02)
$SDFSB1GD.BO: possibly delisted; no price data found  (1d 2019-12-04 -> 2025-12-02)
$AXISHB14DG.BO: possibly delisted; no price data found  (1d 2019-12-04 -> 2025-12-02)
$H1128S32RQ.BO: possibly delisted; no price data found  (1d 2019-12-04 -> 2025-12-02)
$H1111N32DQ.BO: possibly delisted; no price data found  (1d 2019-12-04 -> 2025-12-02)
$H1107O32DG.BO: possibly delisted; no price data found  (1d 2019-12-04 -> 2025-12-02)
$RFXXVI23DD.BO: possibly delisted; no price data found  (1d 2019-12-04 -> 2025-12-02)
$RXXVII06DG.BO: possibly delisted; no price data found  (1d 2019-12-04 -> 2025-12-02)
$UTIDGRDAF1.BO: possibly delisted; no price data found  (1d 2019-12-04 -> 2025-12-02)
$H1184D33RG.BO: possibly delisted; no price data found  (1d 2019-12-04 -> 2025-12-02)
$H1184D33RD.BO: possibly delisted; no price data found  (1d 2019-12-04 -> 2025-12-02)
$RXXVIII4G.BO: possibly delisted; no price data found  (1d 2019-12-04 -> 2025-12-02)
$AXISFT74DG.BO: possibly delisted; no price data found  (1d 2019-12-04 -> 2025-12-02)
$H1184D33RQ.BO: possibly delisted; no price data found  (1d 2019-12-04 -> 2025-12-02)
$UTIDGRDA13.BO: possibly delisted; no price data found  (1d 2019-12-04 -> 2025-12-02)
$UTIRDPDA14.BO: possibly delisted; no price data found  (1d 2019-12-04 -> 2025-12-02)
$TDAF3AD.BO: possibly delisted; no price data found  (1d 2019-12-04 -> 2025-12-02)
$UTIRGRDAI5.BO: possibly delisted; no price data found  (1d 2019-12-04 -> 2025-12-02)
$SDFSB8DD.BO: possibly delisted; no price data found  (1d 2019-12-04 -> 2025-12-02)
$RIFIVSR2Z.BO: possibly delisted; no price data found  (1d 2019-12-04 -> 2025-12-02)
$AXISHB24DG.BO: possibly delisted; no price data found  (1d 2019-12-04 -> 2025-12-02)
$D36SM36RG.BO: possibly delisted; no price data found  (1d 2019-12-04 -> 2025-12-02)
$H1141J34RG.BO: possibly delisted; no price data found  (1d 2019-12-04 -> 2025-12-02)
$H1141J34RQ.BO: possibly delisted; no price data found  (1d 2019-12-04 -> 2025-12-02)
$H1128D33DQ.BO: possibly delisted; no price data found  (1d 2019-12-04 -> 2025-12-02)
$H1141J34RD.BO: possibly delisted; no price data found  (1d 2019-12-04 -> 2025-12-02)
$UTIDDPDA14.BO: possibly delisted; no price data found  (1d 2019-12-04 -> 2025-12-02)
$AXISHB19DD.BO: possibly delisted; no price data found  (1d 2019-12-04 -> 2025-12-02)
$H1108S34RD.BO: possibly delisted; no price data found  (1d 2019-12-04 -> 2025-12-02)
$H1108S34RG.BO: possibly delisted; no price data found  (1d 2019-12-04 -> 2025-12-02)
$UTDDPDA2P2.BO: possibly delisted; no price data found  (1d 2019-12-04 -> 2025-12-02)
$RXXIX6D.BO: possibly delisted; no price data found  (1d 2019-12-04 -> 2025-12-02)
$UTRGRDA2P4.BO: possibly delisted; no price data found  (1d 2019-12-04 -> 2025-12-02)
$RXXX6G.BO: possibly delisted; no price data found  (1d 2019-12-04 -> 2025-12-02)
$KTKCPROS1G.BO: possibly delisted; no price data found  (1d 2019-12-04 -> 2025-12-02)
$H1105S34DQ.BO: possibly delisted; no price data found  (1d 2019-12-04 -> 2025-12-02)
$H1108S34RQ.BO: possibly delisted; no price data found  (1d 2019-12-04 -> 2025-12-02)
$IPRU8940.BO: possibly delisted; no price data found  (1d 2019-12-04 -> 2025-12-02)
$H1132F35RG.BO: possibly delisted; no price data found  (1d 2019-12-04 -> 2025-12-02)
$H1161F35RQ.BO: possibly delisted; no price data found  (1d 2019-12-04 -> 2025-12-02)
$RXXIX7D.BO: possibly delisted; no price data found  (1d 2019-12-04 -> 2025-12-02)
$H1161F35RG.BO: possibly delisted; no price data found  (1d 2019-12-04 -> 2025-12-02)
$H1161F35RD.BO: possibly delisted; no price data found  (1d 2019-12-04 -> 2025-12-02)
$H1132F35RD.BO: possibly delisted; no price data found  (1d 2019-12-04 -> 2025-12-02)
$RXXX8G.BO: possibly delisted; no price data found  (1d 2019-12-04 -> 2025-12-02)
$H1132F35RQ.BO: possibly delisted; no price data found  (1d 2019-12-04 -> 2025-12-02)
$KTKCPROS3GD.BO: possibly delisted; no price data found  (1d 2019-12-04 -> 2025-12-02)
$KTKCPROS1D.BO: possibly delisted; no price data found  (1d 2019-12-04 -> 2025-12-02)
$RXXX17G.BO: possibly delisted; no price data found  (1d 2019-12-04 -> 2025-12-02)
$P1RGRW2019.BO: possibly delisted; no price data found  (1d 2019-12-04 -> 2025-12-02)
$H1099MDADD.BO: possibly delisted; no price data found  (1d 2019-12-04 -> 2025-12-02)
$H1153A36DD.BO: possibly delisted; no price data found  (1d 2019-12-04 -> 2025-12-02)
$D44SM39RG.BO: possibly delisted; no price data found  (1d 2019-12-04 -> 2025-12-02)
$RXXX18X.BO: possibly delisted; no price data found  (1d 2019-12-04 -> 2025-12-02)
$RXXX18Z.BO: possibly delisted; no price data found  (1d 2019-12-04 -> 2025-12-02)
$RXXX13G.BO: possibly delisted; no price data found  (1d 2019-12-04 -> 2025-12-02)
$H1161J36DG.BO: possibly delisted; no price data found  (1d 2019-12-04 -> 2025-12-02)
$IPRU2834.BO: possibly delisted; no price data found  (1d 2019-12-04 -> 2025-12-02)
$IPRU9084.BO: possibly delisted; no price data found  (1d 2019-12-04 -> 2025-12-02)
$AXISHB32DP.BO: possibly delisted; no price data found  (1d 2019-12-04 -> 2025-12-02)
$D49SM42RD.BO: possibly delisted; no price data found  (1d 2019-12-04 -> 2025-12-02)
$H1128J36DG.BO: possibly delisted; no price data found  (1d 2019-12-04 -> 2025-12-02)
$UTRGRDA4P4.BO: possibly delisted; no price data found  (1d 2019-12-04 -> 2025-12-02)
$H1111ADADD.BO: possibly delisted; no price data found  (1d 2019-12-04 -> 2025-12-02)
$H1150F37DG.BO: possibly delisted; no price data found  (1d 2019-12-04 -> 2025-12-02)
$D49SM42DG.BO: possibly delisted; no price data found  (1d 2019-12-04 -> 2025-12-02)
$IPRU2911.BO: possibly delisted; no price data found  (1d 2019-12-04 -> 2025-12-02)
$IDFTP129RG.BO: possibly delisted; no price data found  (1d 2019-12-04 -> 2025-12-02)
$H1170F37DQ.BO: possibly delisted; no price data found  (1d 2019-12-04 -> 2025-12-02)
$IDFTP129RQ.BO: possibly delisted; no price data found  (1d 2019-12-04 -> 2025-12-02)
$D36MS210DQ.BO: possibly delisted; no price data found  (1d 2019-12-04 -> 2025-12-02)
$H1166D38DQ.BO: possibly delisted; no price data found  (1d 2019-12-04 -> 2025-12-02)
$IPRU2959.BO: possibly delisted; no price data found  (1d 2019-12-04 -> 2025-12-02)
$SDAFXXIIGR.BO: possibly delisted; no price data found  (1d 2019-12-04 -> 2025-12-02)
$H1172M38DD.BO: possibly delisted; no price data found  (1d 2019-12-04 -> 2025-12-02)
$D37MS205DR.BO: possibly delisted; no price data found  (1d 2019-12-04 -> 2025-12-02)
$NXXXVS6D.BO: possibly delisted; no timezone found
$NXXX1VS3G.BO: possibly delisted; no timezone found
$IPRU9175.BO: possibly delisted; no price data found  (1d 2019-12-04 -> 2025-12-02)
$IPRU3012.BO: possibly delisted; no price data found  (1d 2019-12-04 -> 2025-12-02)
$D40MS218DR.BO: possibly delisted; no price data found  (1d 2019-12-04 -> 2025-12-02)
$IPRU9217.BO: possibly delisted; no price data found  (1d 2019-12-04 -> 2025-12-02)
$NXXXVS9Z.BO: possibly delisted; no timezone found
$NXXX1VS6Z.BO: possibly delisted; no timezone found
$NXXXVS7X.BO: possibly delisted; no timezone found
$NXXXVS12Z.BO: possibly delisted; no timezone found
$H92D39DD.BO: possibly delisted; no price data found  (1d 2019-12-04 -> 2025-12-02)
$IPRU3056.BO: possibly delisted; no price data found  (1d 2019-12-04 -> 2025-12-02)
$KTKFMP216RG.BO: possibly delisted; no price data found  (1d 2019-12-04 -> 2025-12-02)
$IPRU9251.BO: possibly delisted; no price data found  (1d 2019-12-04 -> 2025-12-02)
$H92D39RD.BO: possibly delisted; no price data found  (1d 2019-12-04 -> 2025-12-02)
$IPRU3058.BO: possibly delisted; no price data found  (1d 2019-12-04 -> 2025-12-02)
$H1143D39RG.BO: possibly delisted; no price data found  (1d 2019-12-04 -> 2025-12-02)
$D40MS221DQ.BO: possibly delisted; no price data found  (1d 2019-12-04 -> 2025-12-02)
$IPRU3045.BO: possibly delisted; no price data found  (1d 2019-12-04 -> 2025-12-02)
$D39MS226RQ.BO: possibly delisted; no price data found  (1d 2019-12-04 -> 2025-12-02)
$D39MS226RG.BO: possibly delisted; no price data found  (1d 2019-12-04 -> 2025-12-02)
$H1208D39DG.BO: possibly delisted; no price data found  (1d 2019-12-04 -> 2025-12-02)
$H1143D39RQ.BO: possibly delisted; no price data found  (1d 2019-12-04 -> 2025-12-02)
$H1143D39RD.BO: possibly delisted; no price data found  (1d 2019-12-04 -> 2025-12-02)
$NXXXVIS7X.BO: possibly delisted; no timezone found
$AXISWDDPD.BO: possibly delisted; no price data found  (1d 2019-12-04 -> 2025-12-02)
$IPRU3082.BO: possibly delisted; no price data found  (1d 2019-12-04 -> 2025-12-02)
$IPRU3068.BO: possibly delisted; no price data found  (1d 2019-12-04 -> 2025-12-02)
$IPRU9285.BO: possibly delisted; no price data found  (1d 2019-12-04 -> 2025-12-02)
$H1181D40DQ.BO: possibly delisted; no price data found  (1d 2019-12-04 -> 2025-12-02)
$IPRU3079.BO: possibly delisted; no price data found  (1d 2019-12-04 -> 2025-12-02)
$RXXXVII8D.BO: possibly delisted; no price data found  (1d 2019-12-04 -> 2025-12-02)
$D3MS231RG.BO: possibly delisted; no price data found  (1d 2019-12-04 -> 2025-12-02)
$KTKFMP226RG.BO: possibly delisted; no price data found  (1d 2019-12-04 -> 2025-12-02)
$IPRU9312.BO: possibly delisted; no price data found  (1d 2019-12-04 -> 2025-12-02)
$IPRU9305.BO: possibly delisted; no price data found  (1d 2019-12-04 -> 2025-12-02)
$IPRU3111.BO: possibly delisted; no price data found  (1d 2019-12-04 -> 2025-12-02)
$IPRU9320.BO: possibly delisted; no price data found  (1d 2019-12-04 -> 2025-12-02)
$D36MS232RR.BO: possibly delisted; no price data found  (1d 2019-12-04 -> 2025-12-02)
$IPRU3121.BO: possibly delisted; no price data found  (1d 2019-12-04 -> 2025-12-02)
$T54BB.BO: possibly delisted; no price data found  (1d 2019-12-04 -> 2025-12-02)
$NXXXVIII1Z.BO: possibly delisted; no timezone found
$H1122D41DD.BO: possibly delisted; no price data found  (1d 2019-12-04 -> 2025-12-02)
$IPRU9316.BO: possibly delisted; no price data found  (1d 2019-12-04 -> 2025-12-02)
$AXISWFGPG.BO: possibly delisted; no price data found  (1d 2019-12-04 -> 2025-12-02)
$H1124D41DG.BO: possibly delisted; no price data found  (1d 2019-12-04 -> 2025-12-02)
$IDFTP151RP.BO: possibly delisted; no price data found  (1d 2019-12-04 -> 2025-12-02)
$NXXXVIII3G.BO: possibly delisted; no timezone found
$IPRU9359.BO: possibly delisted; no price data found  (1d 2019-12-04 -> 2025-12-02)
$IPRU3139.BO: possibly delisted; no price data found  (1d 2019-12-04 -> 2025-12-02)
$T55DC.BO: possibly delisted; no price data found  (1d 2019-12-04 -> 2025-12-02)
$T55FD.BO: possibly delisted; no price data found  (1d 2019-12-04 -> 2025-12-02)
$D36MS243RG.BO: possibly delisted; no timezone found
$D36MS243RQ.BO: possibly delisted; no timezone found
$NXXXVIII7X.BO: possibly delisted; no timezone found
$NXXXVIII3Z.BO: possibly delisted; no timezone found
$D3MS242DG.BO: possibly delisted; no price data found  (1d 2019-12-04 -> 2025-12-02)
$D36MS244DQ.BO: possibly delisted; no timezone found
$T55HB.BO: possibly delisted; no timezone found
$T56AC.BO: possibly delisted; no timezone found
$T56CC.BO: possibly delisted; no price data found  (1d 2019-12-04 -> 2025-12-02)
$IPRU9389.BO: possibly delisted; no price data found  (1d 2019-12-04 -> 2025-12-02)
$IPRU9377.BO: possibly delisted; no timezone found
$HD110542RG.BO: possibly delisted; no timezone found
$HD110542RD.BO: possibly delisted; no timezone found
$IPRU9401.BO: possibly delisted; no timezone found
$AXISWIGPG.BO: possibly delisted; no timezone found
$IDFTP162RQ.BO: possibly delisted; no timezone found
$NXXXIX09Z.BO: possibly delisted; no timezone found
$KQIP12DDRO.BO: possibly delisted; no timezone found
$H1203D43RG.BO: possibly delisted; no timezone found
$NXXXX6X.BO: possibly delisted; no timezone found
$KTKFMP252RD.BO: possibly delisted; no timezone found
$H1344D43DG.BO: possibly delisted; no timezone found
$IPRU3247.BO: possibly delisted; no timezone found
$H1203D43RD.BO: possibly delisted; no timezone found
$RSDFSC35DR.BO: possibly delisted; no timezone found
$SDFSC37DR.BO: possibly delisted; no timezone found
$H1190D43RG.BO: possibly delisted; no timezone found
$H1203D43RQ.BO: possibly delisted; no timezone found
$SDFSC37DD.BO: possibly delisted; no timezone found
$SDFSC36DD.BO: possibly delisted; no timezone found
$AXISWJDGG.BO: possibly delisted; no timezone found
$IPRU3278.BO: possibly delisted; no timezone found
$IPRU3263.BO: possibly delisted; no timezone found
$H1190D43RQ.BO: possibly delisted; no timezone found
$AXISWKHDD.BO: possibly delisted; no timezone found
$IPRU9500.BO: possibly delisted; no timezone found
$H1154D43RG.BO: possibly delisted; no timezone found
$H1154D43RQ.BO: possibly delisted; no timezone found
$RSDFSC43GR.BO: possibly delisted; no timezone found
$NXXXX15D.BO: possibly delisted; no timezone found
$KTQIP13RDPO.BO: possibly delisted; no timezone found
$KTQIP13RDRO.BO: possibly delisted; no timezone found
$D39MS250DG.BO: possibly delisted; no timezone found
$AXISWLGPG.BO: possibly delisted; no timezone found
$H1118D44RG.BO: possibly delisted; no timezone found
$KTMIP4RG.BO: possibly delisted; no timezone found
$NXLI10Z.BO: possibly delisted; no timezone found
$H1133D44DD.BO: possibly delisted; no timezone found
$IPRU3321.BO: possibly delisted; no timezone found
$H1120D44DD.BO: possibly delisted; no timezone found
$KTMIP4DDRO.BO: possibly delisted; no timezone found
$H1118D44RQ.BO: possibly delisted; no timezone found
$KTMIP4RDPO.BO: possibly delisted; no timezone found
$UTICRFSRAP.BO: possibly delisted; no timezone found
$UTICRFSDHR.BO: possibly delisted; no timezone found
$NIUSSP1L.BO: possibly delisted; no timezone found
$TFFSP1E.BO: possibly delisted; no timezone found
$TTMFSP1E.BO: possibly delisted; no timezone found
$SFMP16DR.BO: possibly delisted; no timezone found
$ABMTSPDD.BO: possibly delisted; no timezone found
$SFMP19DR.BO: possibly delisted; no timezone found
$NIUSSP1H.BO: possibly delisted; no timezone found
$06DRR.BO: possibly delisted; no timezone found
$UTRSFS1DFP.BO: possibly delisted; no timezone found
$04DPD.BO: possibly delisted; no timezone found
$UTMTFS1DQR.BO: possibly delisted; no timezone found
$06GPG.BO: possibly delisted; no timezone found
$UTMTFS1RAR.BO: possibly delisted; no timezone found
$UTRSFS1RGR.BO: possibly delisted; no timezone found
$UTRSFS1DMR.BO: possibly delisted; no timezone found
$UTIBFS1DAP.BO: possibly delisted; no timezone found
$ABMTSPRDP.BO: possibly delisted; no timezone found
$H1876D46RD.BO: possibly delisted; no timezone found
$UTDBFS1DHR.BO: possibly delisted; no timezone found
$UTMTFS2DQR.BO: possibly delisted; no timezone found
$10AGG.BO: possibly delisted; no timezone found
$GSEC5IETF.BO: possibly delisted; no timezone found
$NIMFHGAR.BO: possibly delisted; no timezone found
$NIMFHGDP.BO: possibly delisted; no timezone found
$SFMP59GD.BO: possibly delisted; no timezone found
$UTCRFS2RQR.BO: possibly delisted; no timezone found
$SFMP66GR.BO: possibly delisted; no timezone found
$KTKFMP308RI.BO: possibly delisted; no timezone found
$IPRU3534.BO: possibly delisted; no timezone found
$W6AG.BO: possibly delisted; no timezone found
$D1281268RP.BO: possibly delisted; no timezone found
$SFMP77DD.BO: possibly delisted; no timezone found
$W8DP.BO: possibly delisted; no timezone found
$UTCRFS1RGR.BO: possibly delisted; no timezone found
$EXELSOF.BO: possibly delisted; no timezone found
$MOBILTEL.BO: possibly delisted; no price data found  (1d 2023-11-22 -> 2025-12-02)
$SDFSC15GD.BO: possibly delisted; no price data found  (1d 2019-12-04 -> 2025-12-02)
$H1124D41RQ.BO: possibly delisted; no price data found  (1d 2019-12-04 -> 2025-12-02)
$T55GA.BO: possibly delisted; no timezone found
$IPRU3150.BO: possibly delisted; no price data found  (1d 2019-12-04 -> 2025-12-02)
$IPRU3115.BO: possibly delisted; no price data found  (1d 2019-12-04 -> 2025-12-02)
$H1344D43RD.BO: possibly delisted; no timezone found
$H1344D43RG.BO: possibly delisted; no timezone found
$AXISWKDGG.BO: possibly delisted; no timezone found
$NXXXX14X.BO: possibly delisted; no timezone found
$06AGG.BO: possibly delisted; no timezone found
$SFMP67DD.BO: possibly delisted; no timezone found
$970NIDO32.BO: possibly delisted; no timezone found
$1049EFSL35.BO: possibly delisted; no timezone found
$1050VCL25.BO: possibly delisted; no timezone found
$IML81124.BO: possibly delisted; no timezone found
$735NABAR31.BO: possibly delisted; no timezone found
$SGBDC27VII.BO: possibly delisted; no timezone found
$715PFCL36.BO: possibly delisted; no timezone found
$1011VCL26.BO: possibly delisted; no timezone found
$SGBJUN31I.BO: possibly delisted; no timezone found
$364TB21526.BO: possibly delisted; no timezone found
$892NHPC33.BO: possibly delisted; no price data found  (1d 2019-12-04 -> 2025-12-02)
$934JMFCS28.BO: possibly delisted; no price data found  (1d 2019-12-04 -> 2025-12-02)
$727HUDCO26.BO: possibly delisted; no price data found  (1d 2019-12-04 -> 2025-12-02)
$BOR.BO: possibly delisted; no price data found  (1d 2019-12-04 -> 2025-12-02)
$HINFIND.BO: possibly delisted; no timezone found
$ANKITYN.BO: possibly delisted; no timezone found
Traceback (most recent call last):
  File "C:\Users\jallu\OneDrive\pgp\Python\Stock predictor\Rubik_view\Data\OHCLV Data\update_stocks_ohlcv.py", line 216, in main
    if status_flag == "success":
  File "C:\Python313\Lib\encodings\cp1252.py", line 19, in encode
    return codecs.charmap_encode(input,self.errors,encoding_table)[0]
           ~~~~~~~~~~~~~~~~~~~~~^^^^^^^^^^^^^^^^^^^^^^^^^^^^^^^^^^
UnicodeEncodeError: 'charmap' codec can't encode character '\u2192' in position 27: character maps to <undefined>

During handling of the above exception, another exception occurred:

Traceback (most recent call last):
  File "C:\Users\jallu\OneDrive\pgp\Python\Stock predictor\Rubik_view\Data\OHCLV Data\update_stocks_ohlcv.py", line 227, in <module>
    except Exception as e:
    
  File "C:\Users\jallu\OneDrive\pgp\Python\Stock predictor\Rubik_view\Data\OHCLV Data\update_stocks_ohlcv.py", line 194, in main
    ]
    
  File "C:\Python313\Lib\concurrent\futures\_base.py", line 647, in __exit__
    self.shutdown(wait=True)
    ~~~~~~~~~~~~~^^^^^^^^^^^
  File "C:\Python313\Lib\concurrent\futures\thread.py", line 239, in shutdown
    t.join()
    ~~~~~~^^
  File "C:\Python313\Lib\threading.py", line 1094, in join
    self._handle.join(timeout)
    ~~~~~~~~~~~~~~~~~^^^^^^^^^
KeyboardInterrupt
