$HBLPOWER.NS: possibly delisted; no timezone found
$ABSLAMC.NS: possibly delisted; no price data found  (1d 2025-11-29 -> 2025-12-01)
$ADANIENT.NS: possibly delisted; no price data found  (1d 2025-11-29 -> 2025-12-01)
$ALKYLAMINE.NS: possibly delisted; no price data found  (1d 2025-11-29 -> 2025-12-01)
$APOLLOHOSP.NS: possibly delisted; no price data found  (1d 2025-11-29 -> 2025-12-01)
$ASHOKLEY.NS: possibly delisted; no price data found  (1d 2025-11-29 -> 2025-12-01)
$AIIL.NS: possibly delisted; no price data found  (1d 2025-11-29 -> 2025-12-01)
$BALAMINES.NS: possibly delisted; no price data found  (1d 2025-11-29 -> 2025-12-01)
$AVALON.NS: possibly delisted; no price data found  (1d 2025-11-29 -> 2025-12-01)
$BEPL.NS: possibly delisted; no price data found  (1d 2025-11-29 -> 2025-12-01)
$COCHINSHIP.NS: possibly delisted; no price data found  (1d 2025-11-29 -> 2025-12-01)
$ENGINERSIN.NS: possibly delisted; no price data found  (1d 2025-11-29 -> 2025-12-01)
$DATAPATTNS.NS: possibly delisted; no price data found  (1d 2025-11-29 -> 2025-12-01)
$GPPL.NS: possibly delisted; no price data found  (1d 2025-11-29 -> 2025-12-01)
$GUJGASLTD.NS: possibly delisted; no price data found  (1d 2025-11-29 -> 2025-12-01)
$HAPPSTMNDS.NS: possibly delisted; no price data found  (1d 2025-11-29 -> 2025-12-01)
$EXIDEIND.NS: possibly delisted; no price data found  (1d 2025-11-29 -> 2025-12-01)
$BIKAJI.NS: possibly delisted; no price data found  (1d 2025-11-29 -> 2025-12-01)
$HSCL.NS: possibly delisted; no price data found  (1d 2025-11-29 -> 2025-12-01)
$IDBI.NS: possibly delisted; no price data found  (1d 2025-11-29 -> 2025-12-01)
$HINDPETRO.NS: possibly delisted; no price data found  (1d 2025-11-29 -> 2025-12-01)
$IGIL.NS: possibly delisted; no price data found  (1d 2025-11-29 -> 2025-12-01)
$ITC.NS: possibly delisted; no price data found  (1d 2025-11-29 -> 2025-12-01)
$JINDWORLD.NS: possibly delisted; no price data found  (1d 2025-11-29 -> 2025-12-01)
$JCHAC.NS: possibly delisted; no price data found  (1d 2025-11-29 -> 2025-12-01)
$KIMS.NS: possibly delisted; no price data found  (1d 2025-11-29 -> 2025-12-01)
$LINDEINDIA.NS: possibly delisted; no price data found  (1d 2025-11-29 -> 2025-12-01)
$KIRLOSENG.NS: possibly delisted; no price data found  (1d 2025-11-29 -> 2025-12-01)
$LTTS.NS: possibly delisted; no price data found  (1d 2025-11-29 -> 2025-12-01)
$LICHSGFIN.NS: possibly delisted; no price data found  (1d 2025-11-29 -> 2025-12-01)
$JUBLPHARMA.NS: possibly delisted; no price data found  (1d 2025-11-29 -> 2025-12-01)
$LLOYDSENT.NS: possibly delisted; no price data found  (1d 2025-11-29 -> 2025-12-01)
$MRPL.NS: possibly delisted; no price data found  (1d 2025-11-29 -> 2025-12-01)
$MCX.NS: possibly delisted; no price data found  (1d 2025-11-29 -> 2025-12-01)
$NH.NS: possibly delisted; no price data found  (1d 2025-11-29 -> 2025-12-01)
$NEOGEN.NS: possibly delisted; no price data found  (1d 2025-11-29 -> 2025-12-01)
$NCC.NS: possibly delisted; no price data found  (1d 2025-11-29 -> 2025-12-01)
$NMDC.NS: possibly delisted; no price data found  (1d 2025-11-29 -> 2025-12-01)
$RECLTD.NS: possibly delisted; no price data found  (1d 2025-11-29 -> 2025-12-01)
$PFC.NS: possibly delisted; no price data found  (1d 2025-11-29 -> 2025-12-01)
$ROUTE.NS: possibly delisted; no price data found  (1d 2025-11-29 -> 2025-12-01)
$PIDILITIND.NS: possibly delisted; no price data found  (1d 2025-11-29 -> 2025-12-01)
$RATEGAIN.NS: possibly delisted; no price data found  (1d 2025-11-29 -> 2025-12-01)
$PETRONET.NS: possibly delisted; no price data found  (1d 2025-11-29 -> 2025-12-01)
$SBIN.NS: possibly delisted; no price data found  (1d 2025-11-29 -> 2025-12-01)
$SUNTV.NS: possibly delisted; no price data found  (1d 2025-11-29 -> 2025-12-01)
$SYMPHONY.NS: possibly delisted; no price data found  (1d 2025-11-29 -> 2025-12-01)
$MOTHERSON.NS: possibly delisted; no price data found  (1d 2025-11-29 -> 2025-12-01)
$SYRMA.NS: possibly delisted; no price data found  (1d 2025-11-29 -> 2025-12-01)
$TATACONSUM.NS: possibly delisted; no price data found  (1d 2025-11-29 -> 2025-12-01)
$VMM.NS: possibly delisted; no price data found  (1d 2025-11-29 -> 2025-12-01)
$TIMETECHNO.NS: possibly delisted; no price data found  (1d 2025-11-29 -> 2025-12-01)
$ATHERENERG.NS: possibly delisted; no price data found  (1d 2025-11-29 -> 2025-12-01)
$VENTIVE.NS: possibly delisted; no price data found  (1d 2025-11-29 -> 2025-12-01)
$VEDL.NS: possibly delisted; no price data found  (1d 2025-11-29 -> 2025-12-01)
$ZYDUSWELL.NS: possibly delisted; no price data found  (1d 2025-11-29 -> 2025-12-01)
$BBTCL.NS: possibly delisted; no price data found  (1d 2025-11-29 -> 2025-12-01)
$HPIL.NS: possibly delisted; no price data found  (1d 2025-11-29 -> 2025-12-01)
$RADIOCITY.NS: possibly delisted; no price data found  (1d 2025-11-29 -> 2025-12-01)
$CROWN.NS: possibly delisted; no price data found  (1d 2025-11-29 -> 2025-12-01)
$SGMART.NS: possibly delisted; no price data found  (1d 2025-11-29 -> 2025-12-01)
$RAJSREESUG.NS: possibly delisted; no price data found  (1d 2025-11-29 -> 2025-12-01)
$CORDSCABLE.NS: possibly delisted; no price data found  (1d 2025-11-29 -> 2025-12-01)
$DIAMONDYD.NS: possibly delisted; no price data found  (1d 2025-11-29 -> 2025-12-01)
$GANGESSECU.NS: possibly delisted; no price data found  (1d 2025-11-29 -> 2025-12-01)
$IFBAGRO.NS: possibly delisted; no price data found  (1d 2025-11-29 -> 2025-12-01)
$HGS.NS: possibly delisted; no price data found  (1d 2025-11-29 -> 2025-12-01)
$IKIO.NS: possibly delisted; no price data found  (1d 2025-11-29 -> 2025-12-01)
$KAUSHALYA.NS: possibly delisted; no price data found  (1d 2025-11-29 -> 2025-12-01)
$EXCEL.NS: possibly delisted; no price data found  (1d 2025-11-29 -> 2025-12-01)
$MANCREDIT.NS: possibly delisted; no price data found  (1d 2025-11-29 -> 2025-12-01)
$BOROSCI.NS: possibly delisted; no price data found  (1d 2025-11-29 -> 2025-12-01)
$KCPSUGIND.NS: possibly delisted; no price data found  (1d 2025-11-29 -> 2025-12-01)
$KICL.NS: possibly delisted; no price data found  (1d 2025-11-29 -> 2025-12-01)
$MOTISONS.NS: possibly delisted; no price data found  (1d 2025-11-29 -> 2025-12-01)
$SEAMECLTD.NS: possibly delisted; no price data found  (1d 2025-11-29 -> 2025-12-01)
$BIGBLOC.NS: possibly delisted; no price data found  (1d 2025-11-29 -> 2025-12-01)
$FOODSIN.NS: possibly delisted; no price data found  (1d 2025-11-29 -> 2025-12-01)
$MAHEPC.NS: possibly delisted; no price data found  (1d 2025-11-29 -> 2025-12-01)
$KMEW.NS: possibly delisted; no price data found  (1d 2025-11-29 -> 2025-12-01)
$NELCO.NS: possibly delisted; no price data found  (1d 2025-11-29 -> 2025-12-01)
$DOLPHIN.NS: possibly delisted; no price data found  (1d 2025-11-29 -> 2025-12-01)
$XPROINDIA.NS: possibly delisted; no price data found  (1d 2025-11-29 -> 2025-12-01)
$63MOONS.NS: possibly delisted; no price data found  (1d 2025-11-29 -> 2025-12-01)
$APOLLOPIPE.NS: possibly delisted; no price data found  (1d 2025-11-29 -> 2025-12-01)
$INDOTECH.NS: possibly delisted; no price data found  (1d 2025-11-29 -> 2025-12-01)
$DIFFNKG.NS: possibly delisted; no price data found  (1d 2025-11-29 -> 2025-12-01)
$SPLIL.NS: possibly delisted; no price data found  (1d 2025-11-29 -> 2025-12-01)
$PILANIINVS.NS: possibly delisted; no price data found  (1d 2025-11-29 -> 2025-12-01)
$TAKE.NS: possibly delisted; no price data found  (1d 2025-11-29 -> 2025-12-01)
$TCIFINANCE.NS: possibly delisted; no price data found  (1d 2025-11-29 -> 2025-12-01)
$LAXMIINDIA.NS: possibly delisted; no price data found  (1d 2025-11-29 -> 2025-12-01)
$ELLEN.NS: possibly delisted; no price data found  (1d 2025-11-29 -> 2025-12-01)
$VIPULLTD.NS: possibly delisted; no price data found  (1d 2025-11-29 -> 2025-12-01)
$JITFINFRA.NS: possibly delisted; no price data found  (1d 2025-11-29 -> 2025-12-01)
$RELCHEMQ.NS: possibly delisted; no price data found  (1d 2025-11-29 -> 2025-12-01)
$ASAL.NS: possibly delisted; no price data found  (1d 2025-11-29 -> 2025-12-01)
$VINNY.NS: possibly delisted; no price data found  (1d 2025-11-29 -> 2025-12-01)
$TNPL.NS: possibly delisted; no price data found  (1d 2025-11-29 -> 2025-12-01)
$CEMPRO.NS: possibly delisted; no price data found  (1d 2025-11-29 -> 2025-12-01)
$HBSL.NS: possibly delisted; no price data found  (1d 2025-11-29 -> 2025-12-01)
$HEXATRADEX.NS: possibly delisted; no price data found  (1d 2025-11-29 -> 2025-12-01)
$ASHOKAMET.NS: possibly delisted; no price data found  (1d 2025-11-29 -> 2025-12-01)
$TARSONS.NS: possibly delisted; no price data found  (1d 2025-11-29 -> 2025-12-01)
$OSWALGREEN.NS: possibly delisted; no price data found  (1d 2025-11-29 -> 2025-12-01)
$ORIENTHOT.NS: possibly delisted; no price data found  (1d 2025-11-29 -> 2025-12-01)
$GUJAPOLLO.NS: possibly delisted; no price data found  (1d 2025-11-29 -> 2025-12-01)
$VIPCLOTHNG.NS: possibly delisted; no price data found  (1d 2025-11-29 -> 2025-12-01)
$AXISCADES.NS: possibly delisted; no price data found  (1d 2025-11-29 -> 2025-12-01)
$ORCHASP.NS: possibly delisted; no price data found  (1d 2025-11-29 -> 2025-12-01)
$MAGADSUGAR.NS: possibly delisted; no price data found  (1d 2025-11-29 -> 2025-12-01)
$GFLLIMITED.NS: possibly delisted; no price data found  (1d 2025-11-29 -> 2025-12-01)
$PLAZACABLE.NS: possibly delisted; no price data found  (1d 2025-11-29 -> 2025-12-01)
$ROLTA.NS: possibly delisted; no price data found  (1d 2025-11-29 -> 2025-12-01)
$HEUBACHIND.NS: possibly delisted; no price data found  (1d 2025-11-29 -> 2025-12-01)
$WANBURY.NS: possibly delisted; no price data found  (1d 2025-11-29 -> 2025-12-01)
$JAINREC.NS: possibly delisted; no price data found  (1d 2025-11-29 -> 2025-12-01)
$ORIENTELEC.NS: possibly delisted; no price data found  (1d 2025-11-29 -> 2025-12-01)
$SATIN.NS: possibly delisted; no price data found  (1d 2025-11-29 -> 2025-12-01)
$TEMBO.NS: possibly delisted; no price data found  (1d 2025-11-29 -> 2025-12-01)
$IGARASHI.NS: possibly delisted; no price data found  (1d 2025-11-29 -> 2025-12-01)
$THEINVEST.NS: possibly delisted; no price data found  (1d 2025-11-29 -> 2025-12-01)
$PICCADIL.NS: possibly delisted; no price data found  (1d 2025-11-29 -> 2025-12-01)
$TREL.NS: possibly delisted; no price data found  (1d 2025-11-29 -> 2025-12-01)
$XCHANGING.NS: possibly delisted; no price data found  (1d 2025-11-29 -> 2025-12-01)
$JASH.NS: possibly delisted; no price data found  (1d 2025-11-29 -> 2025-12-01)
$MASTERTR.NS: possibly delisted; no price data found  (1d 2025-11-29 -> 2025-12-01)
$EBGNG.NS: possibly delisted; no price data found  (1d 2025-11-29 -> 2025-12-01)
$SANGAMIND.NS: possibly delisted; no price data found  (1d 2025-11-29 -> 2025-12-01)
$MAHLOG.NS: possibly delisted; no price data found  (1d 2025-11-29 -> 2025-12-01)
$PALREDTEC.NS: possibly delisted; no price data found  (1d 2025-11-29 -> 2025-12-01)
$TFL.NS: possibly delisted; no price data found  (1d 2025-11-29 -> 2025-12-01)
$ZEELEARN.NS: possibly delisted; no price data found  (1d 2025-11-29 -> 2025-12-01)
$GANESHBE.NS: possibly delisted; no price data found  (1d 2025-11-29 -> 2025-12-01)
$OCCLLTD.NS: possibly delisted; no price data found  (1d 2025-11-29 -> 2025-12-01)
$NAHARPOLY.NS: possibly delisted; no price data found  (1d 2025-11-29 -> 2025-12-01)
$TPHQ.NS: possibly delisted; no price data found  (1d 2025-11-29 -> 2025-12-01)
$BALKRISHNA.NS: possibly delisted; no price data found  (1d 2025-11-29 -> 2025-12-01)
$SBGLP.NS: possibly delisted; no price data found  (1d 2025-11-29 -> 2025-12-01)
$MBAPL.NS: possibly delisted; no price data found  (1d 2025-11-29 -> 2025-12-01)
$HGM.NS: possibly delisted; no price data found  (1d 2025-11-29 -> 2025-12-01)
$NPST.NS: possibly delisted; no price data found  (1d 2025-11-29 -> 2025-12-01)
$JAGSNPHARM.NS: possibly delisted; no price data found  (1d 2025-11-29 -> 2025-12-01)
$RUPA.NS: possibly delisted; no price data found  (1d 2025-11-29 -> 2025-12-01)
$KOTHARIPRO.NS: possibly delisted; no price data found  (1d 2025-11-29 -> 2025-12-01)
$SOUTHWEST.NS: possibly delisted; no price data found  (1d 2025-11-29 -> 2025-12-01)
$STARPAPER.NS: possibly delisted; no price data found  (1d 2025-11-29 -> 2025-12-01)
$JYOTISTRUC.NS: possibly delisted; no price data found  (1d 2025-11-29 -> 2025-12-01)
$PYRAMID.NS: possibly delisted; no price data found  (1d 2025-11-29 -> 2025-12-01)
$BANSWRAS.NS: possibly delisted; no price data found  (1d 2025-11-29 -> 2025-12-01)
$TOTAL.NS: possibly delisted; no price data found  (1d 2025-11-29 -> 2025-12-01)
$FISCHER.NS: possibly delisted; no price data found  (1d 2025-11-29 -> 2025-12-01)
$PENIND.NS: possibly delisted; no price data found  (1d 2025-11-29 -> 2025-12-01)
$IBULHSGFIN.NS: possibly delisted; no timezone found
$ZOMATO.NS: possibly delisted; no timezone found
$GMRINFRA.NS: possibly delisted; no timezone found
$AFCONS.NS: possibly delisted; no price data found  (1d 2025-11-29 -> 2025-12-01)
$ABB.NS: possibly delisted; no price data found  (1d 2025-11-29 -> 2025-12-01)
$APOLLOTYRE.NS: possibly delisted; no price data found  (1d 2025-11-29 -> 2025-12-01)
$ASHOKA.NS: possibly delisted; no price data found  (1d 2025-11-29 -> 2025-12-01)
$APARINDS.NS: possibly delisted; no price data found  (1d 2025-11-29 -> 2025-12-01)
$ASKAUTOLTD.NS: possibly delisted; no price data found  (1d 2025-11-29 -> 2025-12-01)
$AWFIS.NS: possibly delisted; no price data found  (1d 2025-11-29 -> 2025-12-01)
$CDSL.NS: possibly delisted; no price data found  (1d 2025-11-29 -> 2025-12-01)
$CASTROLIND.NS: possibly delisted; no price data found  (1d 2025-11-29 -> 2025-12-01)
$COLPAL.NS: possibly delisted; no price data found  (1d 2025-11-29 -> 2025-12-01)
$DATAMATICS.NS: possibly delisted; no price data found  (1d 2025-11-29 -> 2025-12-01)
$ESCORTS.NS: possibly delisted; no price data found  (1d 2025-11-29 -> 2025-12-01)
$DLF.NS: possibly delisted; no price data found  (1d 2025-11-29 -> 2025-12-01)
$FORCEMOT.NS: possibly delisted; no price data found  (1d 2025-11-29 -> 2025-12-01)
$GRINFRA.NS: possibly delisted; no price data found  (1d 2025-11-29 -> 2025-12-01)
$GODREJIND.NS: possibly delisted; no price data found  (1d 2025-11-29 -> 2025-12-01)
$HEROMOTOCO.NS: possibly delisted; no price data found  (1d 2025-11-29 -> 2025-12-01)
$GRINDWELL.NS: possibly delisted; no price data found  (1d 2025-11-29 -> 2025-12-01)
$HERITGFOOD.NS: possibly delisted; no price data found  (1d 2025-11-29 -> 2025-12-01)
$INTELLECT.NS: possibly delisted; no price data found  (1d 2025-11-29 -> 2025-12-01)
$ICICIGI.NS: possibly delisted; no price data found  (1d 2025-11-29 -> 2025-12-01)
$INDIAMART.NS: possibly delisted; no price data found  (1d 2025-11-29 -> 2025-12-01)
$JIOFIN.NS: possibly delisted; no price data found  (1d 2025-11-29 -> 2025-12-01)
$JWL.NS: possibly delisted; no price data found  (1d 2025-11-29 -> 2025-12-01)
$JPPOWER.NS: possibly delisted; no price data found  (1d 2025-11-29 -> 2025-12-01)
$JKLAKSHMI.NS: possibly delisted; no price data found  (1d 2025-11-29 -> 2025-12-01)
$JYOTICNC.NS: possibly delisted; no price data found  (1d 2025-11-29 -> 2025-12-01)
$KANSAINER.NS: possibly delisted; no price data found  (1d 2025-11-29 -> 2025-12-01)
$KARURVYSYA.NS: possibly delisted; no price data found  (1d 2025-11-29 -> 2025-12-01)
$KNRCON.NS: possibly delisted; no price data found  (1d 2025-11-29 -> 2025-12-01)
$IXIGO.NS: possibly delisted; no price data found  (1d 2025-11-29 -> 2025-12-01)
$LLOYDSENGG.NS: possibly delisted; no price data found  (1d 2025-11-29 -> 2025-12-01)
$M&M.NS: possibly delisted; no price data found  (1d 2025-11-29 -> 2025-12-01)
$MTARTECH.NS: possibly delisted; no price data found  (1d 2025-11-29 -> 2025-12-01)
$SANOFICONR.NS: possibly delisted; no price data found  (1d 2025-11-29 -> 2025-12-01)
$PGHH.NS: possibly delisted; no price data found  (1d 2025-11-29 -> 2025-12-01)
$NBCC.NS: possibly delisted; no price data found  (1d 2025-11-29 -> 2025-12-01)
$SHAILY.NS: possibly delisted; no price data found  (1d 2025-11-29 -> 2025-12-01)
$SPARC.NS: possibly delisted; no price data found  (1d 2025-11-29 -> 2025-12-01)
$SHREECEM.NS: possibly delisted; no price data found  (1d 2025-11-29 -> 2025-12-01)
$SWIGGY.NS: possibly delisted; no price data found  (1d 2025-11-29 -> 2025-12-01)
$STARHEALTH.NS: possibly delisted; no price data found  (1d 2025-11-29 -> 2025-12-01)
$TANLA.NS: possibly delisted; no price data found  (1d 2025-11-29 -> 2025-12-01)
$TATASTEEL.NS: possibly delisted; no price data found  (1d 2025-11-29 -> 2025-12-01)
$TATACHEM.NS: possibly delisted; no price data found  (1d 2025-11-29 -> 2025-12-01)
$TBOTEK.NS: possibly delisted; no price data found  (1d 2025-11-29 -> 2025-12-01)
$TVSSCS.NS: possibly delisted; no price data found  (1d 2025-11-29 -> 2025-12-01)
$TITAGARH.NS: possibly delisted; no price data found  (1d 2025-11-29 -> 2025-12-01)
$ZEEL.NS: possibly delisted; no price data found  (1d 2025-11-29 -> 2025-12-01)
$21STCENMGM.NS: possibly delisted; no price data found  (1d 2025-11-29 -> 2025-12-01)
$GANESHHOUC.NS: possibly delisted; no timezone found
$DCW.NS: possibly delisted; no price data found  (1d 2025-11-29 -> 2025-12-01)
$INDIANHUME.NS: possibly delisted; no price data found  (1d 2025-11-29 -> 2025-12-01)
$MITCON.NS: possibly delisted; no price data found  (1d 2025-11-29 -> 2025-12-01)
$GVKPIL.NS: possibly delisted; no price data found  (1d 2025-11-29 -> 2025-12-01)
$ANKITMETAL.NS: possibly delisted; no price data found  (1d 2025-11-29 -> 2025-12-01)
$ORIENTTECH.NS: possibly delisted; no price data found  (1d 2025-11-29 -> 2025-12-01)
$JPOLYINVST.NS: possibly delisted; no price data found  (1d 2025-11-29 -> 2025-12-01)
$SUBEXLTD.NS: possibly delisted; no price data found  (1d 2025-11-29 -> 2025-12-01)
$5PAISA.NS: possibly delisted; no price data found  (1d 2025-11-29 -> 2025-12-01)
$MAZDA.NS: possibly delisted; no price data found  (1d 2025-11-29 -> 2025-12-01)
$PRECAM.NS: possibly delisted; no price data found  (1d 2025-11-29 -> 2025-12-01)
$RAMAPHO.NS: possibly delisted; no price data found  (1d 2025-11-29 -> 2025-12-01)
$COMSYN.NS: possibly delisted; no price data found  (1d 2025-11-29 -> 2025-12-01)
$GULFPETRO.NS: possibly delisted; no price data found  (1d 2025-11-29 -> 2025-12-01)
$VRAJ.NS: possibly delisted; no price data found  (1d 2025-11-29 -> 2025-12-01)
$SHRIRAMPPS.NS: possibly delisted; no price data found  (1d 2025-11-29 -> 2025-12-01)
$HLEGLAS.NS: possibly delisted; no price data found  (1d 2025-11-29 -> 2025-12-01)
$IITL.NS: possibly delisted; no price data found  (1d 2025-11-29 -> 2025-12-01)
$CCCL.NS: possibly delisted; no price data found  (1d 2025-11-29 -> 2025-12-01)
$SCHAND.NS: possibly delisted; no price data found  (1d 2025-11-29 -> 2025-12-01)
$AKSHAR.NS: possibly delisted; no price data found  (1d 2025-11-29 -> 2025-12-01)
$MUNJALAU.NS: possibly delisted; no price data found  (1d 2025-11-29 -> 2025-12-01)
$NEXTMEDIA.NS: possibly delisted; no price data found  (1d 2025-11-29 -> 2025-12-01)
$OSWALPUMPS.NS: possibly delisted; no price data found  (1d 2025-11-29 -> 2025-12-01)
$AURUM.NS: possibly delisted; no price data found  (1d 2025-11-29 -> 2025-12-01)
$ORTINGLOBE.NS: possibly delisted; no price data found  (1d 2025-11-29 -> 2025-12-01)
$SUYOG.NS: possibly delisted; no price data found  (1d 2025-11-29 -> 2025-12-01)
$GOLDIAM.NS: possibly delisted; no price data found  (1d 2025-11-29 -> 2025-12-01)
$KMSUGAR.NS: possibly delisted; no price data found  (1d 2025-11-29 -> 2025-12-01)
$ENIL.NS: possibly delisted; no price data found  (1d 2025-11-29 -> 2025-12-01)
$NAVKARCORP.NS: possibly delisted; no price data found  (1d 2025-11-29 -> 2025-12-01)
$UMIYA-MRO.NS: possibly delisted; no price data found  (1d 2025-11-29 -> 2025-12-01)
$MFML.NS: possibly delisted; no price data found  (1d 2025-11-29 -> 2025-12-01)
$BROOKS.NS: possibly delisted; no price data found  (1d 2025-11-29 -> 2025-12-01)
$NDTV-RE.NS: possibly delisted; no price data found  (1d 2025-10-04 -> 2025-12-01)
$SAHYADRI.NS: possibly delisted; no price data found  (1d 2025-11-29 -> 2025-12-01)
$BLUECOAST.NS: possibly delisted; no price data found  (1d 2025-11-29 -> 2025-12-01)
$CANTABIL.NS: possibly delisted; no price data found  (1d 2025-11-29 -> 2025-12-01)
$EASTSILK.NS: possibly delisted; no price data found  (1d 2025-11-29 -> 2025-12-01)
$ROTO.NS: possibly delisted; no price data found  (1d 2025-11-29 -> 2025-12-01)
$MANINDS.NS: possibly delisted; no price data found  (1d 2025-11-29 -> 2025-12-01)
$SEYAIND.NS: possibly delisted; no price data found  (1d 2025-11-29 -> 2025-12-01)
$MANGALAM.NS: possibly delisted; no price data found  (1d 2025-11-29 -> 2025-12-01)
$KAMDHENU.NS: possibly delisted; no price data found  (1d 2025-11-29 -> 2025-12-01)
$JARO.NS: possibly delisted; no price data found  (1d 2025-11-29 -> 2025-12-01)
$SIMBHALS.NS: possibly delisted; no price data found  (1d 2025-11-29 -> 2025-12-01)
$GALAPREC.NS: possibly delisted; no price data found  (1d 2025-11-29 -> 2025-12-01)
$NCLIND.NS: possibly delisted; no price data found  (1d 2025-11-29 -> 2025-12-01)
$STYLEBAAZA.NS: possibly delisted; no price data found  (1d 2025-11-29 -> 2025-12-01)
$EUROTEXIND.NS: possibly delisted; no price data found  (1d 2025-11-29 -> 2025-12-01)
$TAJGVK.NS: possibly delisted; no price data found  (1d 2025-11-29 -> 2025-12-01)
$HUHTAMAKI.NS: possibly delisted; no price data found  (1d 2025-11-29 -> 2025-12-01)
$ZIMLAB.NS: possibly delisted; no price data found  (1d 2025-11-29 -> 2025-12-01)
$DRCSYSTEMS.NS: possibly delisted; no price data found  (1d 2025-11-29 -> 2025-12-01)
$MANBA.NS: possibly delisted; no price data found  (1d 2025-11-29 -> 2025-12-01)
$DHRUV.NS: possibly delisted; no price data found  (1d 2025-11-29 -> 2025-12-01)
$DEN.NS: possibly delisted; no price data found  (1d 2025-11-29 -> 2025-12-01)
$BLISSGVS.NS: possibly delisted; no price data found  (1d 2025-11-29 -> 2025-12-01)
$INDOCO.NS: possibly delisted; no price data found  (1d 2025-11-29 -> 2025-12-01)
$AIROLAM.NS: possibly delisted; no price data found  (1d 2025-11-29 -> 2025-12-01)
$DUMMYSTLTE.NS: possibly delisted; no timezone found
$DUMMYRAYMN.NS: possibly delisted; no timezone found
$ISEC.NS: possibly delisted; no price data found  (1d 2025-03-22 -> 2025-12-01)
$ARVIND.NS: possibly delisted; no price data found  (1d 2025-11-29 -> 2025-12-01)
$BANCOINDIA.NS: possibly delisted; no price data found  (1d 2025-11-29 -> 2025-12-01)
$BHARATFORG.NS: possibly delisted; no price data found  (1d 2025-11-29 -> 2025-12-01)
$FIRSTCRY.NS: possibly delisted; no price data found  (1d 2025-11-29 -> 2025-12-01)
$CELLO.NS: possibly delisted; no price data found  (1d 2025-11-29 -> 2025-12-01)
$CHOLAFIN.NS: possibly delisted; no price data found  (1d 2025-11-29 -> 2025-12-01)
$CHOLAHLDNG.NS: possibly delisted; no price data found  (1d 2025-11-29 -> 2025-12-01)
$CIPLA.NS: possibly delisted; no price data found  (1d 2025-11-29 -> 2025-12-01)
$CLEAN.NS: possibly delisted; no price data found  (1d 2025-11-29 -> 2025-12-01)
$DIXON.NS: possibly delisted; no price data found  (1d 2025-11-29 -> 2025-12-01)
$EASEMYTRIP.NS: possibly delisted; no price data found  (1d 2025-11-29 -> 2025-12-01)
$NYKAA.NS: possibly delisted; no price data found  (1d 2025-11-29 -> 2025-12-01)
$DYNAMATECH.NS: possibly delisted; no price data found  (1d 2025-11-29 -> 2025-12-01)
$FINEORG.NS: possibly delisted; no price data found  (1d 2025-11-29 -> 2025-12-01)
$IDFCFIRSTB.NS: possibly delisted; no price data found  (1d 2025-11-29 -> 2025-12-01)
$MEDANTA.NS: possibly delisted; no price data found  (1d 2025-11-29 -> 2025-12-01)
$IIFL.NS: possibly delisted; no price data found  (1d 2025-11-29 -> 2025-12-01)
$IREDA.NS: possibly delisted; no price data found  (1d 2025-11-29 -> 2025-12-01)
$NAUKRI.NS: possibly delisted; no price data found  (1d 2025-11-29 -> 2025-12-01)
$INOXGREEN.NS: possibly delisted; no price data found  (1d 2025-11-29 -> 2025-12-01)
$IPCALAB.NS: possibly delisted; no price data found  (1d 2025-11-29 -> 2025-12-01)
$LAURUSLABS.NS: possibly delisted; no price data found  (1d 2025-11-29 -> 2025-12-01)
$JUBLINGREA.NS: possibly delisted; no price data found  (1d 2025-11-29 -> 2025-12-01)
$PPLPHARMA.NS: possibly delisted; no price data found  (1d 2025-11-29 -> 2025-12-01)
$NIVABUPA.NS: possibly delisted; no price data found  (1d 2025-11-29 -> 2025-12-01)
$PCBL.NS: possibly delisted; no price data found  (1d 2025-11-29 -> 2025-12-01)
$PRAJIND.NS: possibly delisted; no price data found  (1d 2025-11-29 -> 2025-12-01)
$RVNL.NS: possibly delisted; no price data found  (1d 2025-11-29 -> 2025-12-01)
$RKFORGE.NS: possibly delisted; no price data found  (1d 2025-11-29 -> 2025-12-01)
$THANGAMAYL.NS: possibly delisted; no price data found  (1d 2025-11-29 -> 2025-12-01)
$RCF.NS: possibly delisted; no price data found  (1d 2025-11-29 -> 2025-12-01)
$RITES.NS: possibly delisted; no price data found  (1d 2025-11-29 -> 2025-12-01)
$RELIANCE.NS: possibly delisted; no price data found  (1d 2025-11-29 -> 2025-12-01)
$TIINDIA.NS: possibly delisted; no price data found  (1d 2025-11-29 -> 2025-12-01)
$AARON.NS: possibly delisted; no price data found  (1d 2025-11-29 -> 2025-12-01)
$TRENT.NS: possibly delisted; no price data found  (1d 2025-11-29 -> 2025-12-01)
$AARVI.NS: possibly delisted; no price data found  (1d 2025-11-29 -> 2025-12-01)
$VARROC.NS: possibly delisted; no price data found  (1d 2025-11-29 -> 2025-12-01)
$GINNIFILA.NS: possibly delisted; no price data found  (1d 2025-11-29 -> 2025-12-01)
$KOTARISUG.NS: possibly delisted; no price data found  (1d 2025-11-29 -> 2025-12-01)
$SUMMITSEC.NS: possibly delisted; no price data found  (1d 2025-11-29 -> 2025-12-01)
$PNBGILTS.NS: possibly delisted; no price data found  (1d 2025-11-29 -> 2025-12-01)
$IGCL.NS: possibly delisted; no price data found  (1d 2025-11-29 -> 2025-12-01)
$VENKEYS.NS: possibly delisted; no price data found  (1d 2025-11-29 -> 2025-12-01)
$ZUARIIND.NS: possibly delisted; no price data found  (1d 2025-11-29 -> 2025-12-01)
$DIVGIITTS.NS: possibly delisted; no price data found  (1d 2025-11-29 -> 2025-12-01)
$KHANDSE.NS: possibly delisted; no price data found  (1d 2025-11-29 -> 2025-12-01)
$MADHUCON.NS: possibly delisted; no price data found  (1d 2025-11-29 -> 2025-12-01)
$OMINFRAL.NS: possibly delisted; no price data found  (1d 2025-11-29 -> 2025-12-01)
$TARACHAND.NS: possibly delisted; no price data found  (1d 2025-11-29 -> 2025-12-01)
$APCL.NS: possibly delisted; no price data found  (1d 2025-11-29 -> 2025-12-01)
$HARIOMPIPE.NS: possibly delisted; no price data found  (1d 2025-11-29 -> 2025-12-01)
$CORALFINAC.NS: possibly delisted; no price data found  (1d 2025-11-29 -> 2025-12-01)
$MGEL.NS: possibly delisted; no price data found  (1d 2025-11-29 -> 2025-12-01)
$HINDCOMPOS.NS: possibly delisted; no price data found  (1d 2025-11-29 -> 2025-12-01)
$FELDVR.NS: possibly delisted; no price data found  (1d 2025-11-29 -> 2025-12-01)
$ALICON.NS: possibly delisted; no price data found  (1d 2025-11-29 -> 2025-12-01)
$OMAXAUTO.NS: possibly delisted; no price data found  (1d 2025-11-29 -> 2025-12-01)
$KILITCH.NS: possibly delisted; no price data found  (1d 2025-11-29 -> 2025-12-01)
$HDIL.NS: possibly delisted; no price data found  (1d 2025-11-29 -> 2025-12-01)
$KPEL.NS: possibly delisted; no price data found  (1d 2025-11-29 -> 2025-12-01)
$SGL.NS: possibly delisted; no price data found  (1d 2025-11-29 -> 2025-12-01)
$THELEELA.NS: possibly delisted; no price data found  (1d 2025-11-29 -> 2025-12-01)
$INDOBORAX.NS: possibly delisted; no price data found  (1d 2025-11-29 -> 2025-12-01)
$MAITHANALL.NS: possibly delisted; no price data found  (1d 2025-11-29 -> 2025-12-01)
$KIRIINDUS.NS: possibly delisted; no price data found  (1d 2025-11-29 -> 2025-12-01)
$GLOBAL.NS: possibly delisted; no price data found  (1d 2025-11-29 -> 2025-12-01)
$IVALUE.NS: possibly delisted; no price data found  (1d 2025-11-29 -> 2025-12-01)
$MANGCHEFER.NS: possibly delisted; no price data found  (1d 2025-10-31 -> 2025-12-01)
$MANALIPETC.NS: possibly delisted; no price data found  (1d 2025-11-29 -> 2025-12-01)
$DHAMPURSUG.NS: possibly delisted; no price data found  (1d 2025-11-29 -> 2025-12-01)
$VHLTD.NS: possibly delisted; no price data found  (1d 2025-11-29 -> 2025-12-01)
$SRPL.NS: possibly delisted; no price data found  (1d 2025-11-29 -> 2025-12-01)
$RUSTOMJEE.NS: possibly delisted; no price data found  (1d 2025-11-29 -> 2025-12-01)
$BAFNAPH.NS: possibly delisted; no price data found  (1d 2025-11-29 -> 2025-12-01)
$CINELINE.NS: possibly delisted; no price data found  (1d 2025-11-29 -> 2025-12-01)
$DANGEE.NS: possibly delisted; no price data found  (1d 2025-11-29 -> 2025-12-01)
$OSIAHYPER.NS: possibly delisted; no price data found  (1d 2025-11-29 -> 2025-12-01)
$PGHL.NS: possibly delisted; no price data found  (1d 2025-11-29 -> 2025-12-01)
$GILLANDERS.NS: possibly delisted; no price data found  (1d 2025-11-29 -> 2025-12-01)
$RNBDENIMS.NS: possibly delisted; no price data found  (1d 2025-11-29 -> 2025-12-01)
$SABEVENTS.NS: possibly delisted; no price data found  (1d 2025-11-29 -> 2025-12-01)
$RMDRIP.NS: possibly delisted; no price data found  (1d 2025-11-29 -> 2025-12-01)
$HARSHA.NS: possibly delisted; no price data found  (1d 2025-11-29 -> 2025-12-01)
$GOACARBON.NS: possibly delisted; no price data found  (1d 2025-11-29 -> 2025-12-01)
$MMFL.NS: possibly delisted; no price data found  (1d 2025-11-29 -> 2025-12-01)
$ARIHANTSUP.NS: possibly delisted; no price data found  (1d 2025-11-29 -> 2025-12-01)
$BSE.NS: possibly delisted; no price data found  (1d 2025-11-29 -> 2025-12-01)
$BSOFT.NS: possibly delisted; no price data found  (1d 2025-11-29 -> 2025-12-01)
$MIDHANI.NS: possibly delisted; no price data found  (1d 2025-11-29 -> 2025-12-01)
$KAYNES.NS: possibly delisted; no price data found  (1d 2025-11-29 -> 2025-12-01)
$KAJARIACER.NS: possibly delisted; no price data found  (1d 2025-11-29 -> 2025-12-01)
$JBCHEPHARM.NS: possibly delisted; no price data found  (1d 2025-11-29 -> 2025-12-01)
$GODREJCP.NS: possibly delisted; no price data found  (1d 2025-11-29 -> 2025-12-01)
$NTPC.NS: possibly delisted; no price data found  (1d 2025-11-29 -> 2025-12-01)
$ALBERTDAVD.NS: possibly delisted; no price data found  (1d 2025-11-29 -> 2025-12-01)
$MUFTI.NS: possibly delisted; no price data found  (1d 2025-11-29 -> 2025-12-01)
$CONSOFINVT.NS: possibly delisted; no price data found  (1d 2025-11-29 -> 2025-12-01)
$NSIL.NS: possibly delisted; no price data found  (1d 2025-11-29 -> 2025-12-01)
$PIGL.NS: possibly delisted; no price data found  (1d 2025-11-29 -> 2025-12-01)
$3PLAND.NS: possibly delisted; no price data found  (1d 2025-11-29 -> 2025-12-01)
$DEVIT.NS: possibly delisted; no price data found  (1d 2025-11-29 -> 2025-12-01)
$TOLINS.NS: possibly delisted; no price data found  (1d 2025-11-29 -> 2025-12-01)
$DELTACORP.NS: possibly delisted; no price data found  (1d 2025-11-29 -> 2025-12-01)
$GULPOLY.NS: possibly delisted; no price data found  (1d 2025-11-29 -> 2025-12-01)
$MOL.NS: possibly delisted; no price data found  (1d 2025-11-29 -> 2025-12-01)
$HITECH.NS: possibly delisted; no price data found  (1d 2025-11-29 -> 2025-12-01)
$PFS.NS: possibly delisted; no price data found  (1d 2025-11-29 -> 2025-12-01)
$TVSSRICHAK.NS: possibly delisted; no price data found  (1d 2025-11-29 -> 2025-12-01)
$RAMKY.NS: possibly delisted; no price data found  (1d 2025-11-29 -> 2025-12-01)
$GPTHEALTH.NS: possibly delisted; no price data found  (1d 2025-11-29 -> 2025-12-01)
$UNIINFO.NS: possibly delisted; no price data found  (1d 2025-11-29 -> 2025-12-01)
$AJANTPHARM.NS: possibly delisted; no price data found  (1d 2025-11-29 -> 2025-12-01)
$AARTIPHARM.NS: possibly delisted; no price data found  (1d 2025-11-29 -> 2025-12-01)
$INDIAGLYCO.NS: possibly delisted; no price data found  (1d 2025-11-29 -> 2025-12-01)
$GMRAIRPORT.NS: possibly delisted; no price data found  (1d 2025-11-29 -> 2025-12-01)
$LTIM.NS: possibly delisted; no price data found  (1d 2025-11-29 -> 2025-12-01)
$KOTAKBANK.NS: possibly delisted; no price data found  (1d 2025-11-29 -> 2025-12-01)
$KRBL.NS: possibly delisted; no price data found  (1d 2025-11-29 -> 2025-12-01)
$CUBEXTUB.NS: possibly delisted; no price data found  (1d 2025-11-29 -> 2025-12-01)
$GLFL.NS: possibly delisted; no price data found  (1d 2025-11-29 -> 2025-12-01)
$ALLDIGI.NS: possibly delisted; no price data found  (1d 2025-11-29 -> 2025-12-01)
$PRIMESECU.NS: possibly delisted; no price data found  (1d 2025-11-29 -> 2025-12-01)
$TIGERLOGS.NS: possibly delisted; no price data found  (1d 2025-11-29 -> 2025-12-01)
$AGSTRA.NS: possibly delisted; no price data found  (1d 2025-11-29 -> 2025-12-01)
$SALSTEEL.NS: possibly delisted; no price data found  (1d 2025-11-29 -> 2025-12-01)
$STCINDIA.NS: possibly delisted; no price data found  (1d 2025-11-29 -> 2025-12-01)
$STEELCITY.NS: possibly delisted; no price data found  (1d 2025-11-29 -> 2025-12-01)
$STEELXIND.NS: possibly delisted; no price data found  (1d 2025-11-29 -> 2025-12-01)
$PANSARI.NS: possibly delisted; no price data found  (1d 2025-11-29 -> 2025-12-01)
$TRIGYN.NS: possibly delisted; no price data found  (1d 2025-11-29 -> 2025-12-01)
$SAMBHAAV.NS: possibly delisted; no price data found  (1d 2025-11-29 -> 2025-12-01)
$DMCC.NS: possibly delisted; no price data found  (1d 2025-11-29 -> 2025-12-01)
$FUSION.NS: possibly delisted; no price data found  (1d 2025-11-29 -> 2025-12-01)
$AMJLAND.NS: possibly delisted; no price data found  (1d 2025-11-29 -> 2025-12-01)
$INDIANCARD.NS: possibly delisted; no price data found  (1d 2025-11-29 -> 2025-12-01)
$SHANTIGEAR.NS: possibly delisted; no price data found  (1d 2025-11-29 -> 2025-12-01)
$ADANIPOWER.NS: possibly delisted; no price data found  (1d 2025-11-29 -> 2025-12-01)
$ABFRL.NS: possibly delisted; no price data found  (1d 2025-11-29 -> 2025-12-01)
$AVL.NS: possibly delisted; no price data found  (1d 2025-11-29 -> 2025-12-01)
$ASTRAZEN.NS: possibly delisted; no price data found  (1d 2025-11-29 -> 2025-12-01)
$BHEL.NS: possibly delisted; no price data found  (1d 2025-11-29 -> 2025-12-01)
$BORORENEW.NS: possibly delisted; no price data found  (1d 2025-11-29 -> 2025-12-01)
$CONCORDBIO.NS: possibly delisted; no price data found  (1d 2025-11-29 -> 2025-12-01)
$CAPLIPOINT.NS: possibly delisted; no price data found  (1d 2025-11-29 -> 2025-12-01)
$CONCOR.NS: possibly delisted; no price data found  (1d 2025-11-29 -> 2025-12-01)
$DEEPAKNTR.NS: possibly delisted; no price data found  (1d 2025-11-29 -> 2025-12-01)
$EICHERMOT.NS: possibly delisted; no price data found  (1d 2025-11-29 -> 2025-12-01)
$GARFIBRES.NS: possibly delisted; no price data found  (1d 2025-11-29 -> 2025-12-01)
$EPL.NS: possibly delisted; no price data found  (1d 2025-11-29 -> 2025-12-01)
$HCC.NS: possibly delisted; no price data found  (1d 2025-11-29 -> 2025-12-01)
$JSWSTEEL.NS: possibly delisted; no price data found  (1d 2025-11-29 -> 2025-12-01)
$LTF.NS: possibly delisted; no price data found  (1d 2025-11-29 -> 2025-12-01)
$KPIGREEN.NS: possibly delisted; no price data found  (1d 2025-11-29 -> 2025-12-01)
$INDIGOPNTS.NS: possibly delisted; no price data found  (1d 2025-11-29 -> 2025-12-01)
$MAZDOCK.NS: possibly delisted; no price data found  (1d 2025-11-29 -> 2025-12-01)
$PRINCEPIPE.NS: possibly delisted; no price data found  (1d 2025-11-29 -> 2025-12-01)
$MUTHOOTFIN.NS: possibly delisted; no price data found  (1d 2025-11-29 -> 2025-12-01)
$RELIGARE.NS: possibly delisted; no price data found  (1d 2025-11-29 -> 2025-12-01)
$ROSSARI.NS: possibly delisted; no price data found  (1d 2025-11-29 -> 2025-12-01)
$SEQUENT.NS: possibly delisted; no price data found  (1d 2025-11-29 -> 2025-12-01)
$SBCL.NS: possibly delisted; no price data found  (1d 2025-11-29 -> 2025-12-01)
$NATIONALUM.NS: possibly delisted; no price data found  (1d 2025-11-29 -> 2025-12-01)
$SWSOLAR.NS: possibly delisted; no price data found  (1d 2025-11-29 -> 2025-12-01)
$RENUKA.NS: possibly delisted; no price data found  (1d 2025-11-29 -> 2025-12-01)
$TMB.NS: possibly delisted; no price data found  (1d 2025-11-29 -> 2025-12-01)
$NIACL.NS: possibly delisted; no price data found  (1d 2025-11-29 -> 2025-12-01)
$TARIL.NS: possibly delisted; no price data found  (1d 2025-11-29 -> 2025-12-01)
$J&KBANK.NS: possibly delisted; no price data found  (1d 2025-11-29 -> 2025-12-01)
$THOMASCOOK.NS: possibly delisted; no price data found  (1d 2025-11-29 -> 2025-12-01)
$UNITDSPR.NS: possibly delisted; no price data found  (1d 2025-11-29 -> 2025-12-01)
$UJJIVANSFB.NS: possibly delisted; no price data found  (1d 2025-11-29 -> 2025-12-01)
$MANORAMA.NS: possibly delisted; no price data found  (1d 2025-11-29 -> 2025-12-01)
$VESUVIUS.NS: possibly delisted; no price data found  (1d 2025-11-29 -> 2025-12-01)
$BALAJITELE.NS: possibly delisted; no price data found  (1d 2025-11-29 -> 2025-12-01)
$WIPRO.NS: possibly delisted; no price data found  (1d 2025-11-29 -> 2025-12-01)
$NDL.NS: possibly delisted; no price data found  (1d 2025-11-29 -> 2025-12-01)
$PASUPTAC.NS: possibly delisted; no price data found  (1d 2025-11-29 -> 2025-12-01)
$S&SPOWER.NS: possibly delisted; no price data found  (1d 2025-11-29 -> 2025-12-01)
$TEXMOPIPES.NS: possibly delisted; no price data found  (1d 2025-11-29 -> 2025-12-01)
$RML.NS: possibly delisted; no price data found  (1d 2025-11-29 -> 2025-12-01)
$SIRCA.NS: possibly delisted; no price data found  (1d 2025-11-29 -> 2025-12-01)
$BELLACASA.NS: possibly delisted; no price data found  (1d 2025-11-29 -> 2025-12-01)
$DECCANCE.NS: possibly delisted; no price data found  (1d 2025-11-29 -> 2025-12-01)
$INCREDIBLE.NS: possibly delisted; no price data found  (1d 2025-11-29 -> 2025-12-01)
$KAMATHOTEL.NS: possibly delisted; no price data found  (1d 2025-11-29 -> 2025-12-01)
$RAMCOIND.NS: possibly delisted; no price data found  (1d 2025-11-29 -> 2025-12-01)
$SCILAL.NS: possibly delisted; no price data found  (1d 2025-11-29 -> 2025-12-01)
$NAHARSPING.NS: possibly delisted; no price data found  (1d 2025-11-29 -> 2025-12-01)
$SHREEPUSHK.NS: possibly delisted; no price data found  (1d 2025-11-29 -> 2025-12-01)
$PIXTRANS.NS: possibly delisted; no price data found  (1d 2025-11-29 -> 2025-12-01)
$SSWL.NS: possibly delisted; no price data found  (1d 2025-11-29 -> 2025-12-01)
$PRAKASHSTL.NS: possibly delisted; no price data found  (1d 2025-11-29 -> 2025-12-01)
$PARASPETRO.NS: possibly delisted; no price data found  (1d 2025-11-29 -> 2025-12-01)
$BPL.NS: possibly delisted; no price data found  (1d 2025-11-29 -> 2025-12-01)
$UNIECOM.NS: possibly delisted; no price data found  (1d 2025-11-29 -> 2025-12-01)
$MCL.NS: possibly delisted; no price data found  (1d 2025-11-29 -> 2025-12-01)
$ANIKINDS.NS: possibly delisted; no price data found  (1d 2025-11-29 -> 2025-12-01)
$EXICOM.NS: possibly delisted; no price data found  (1d 2025-11-29 -> 2025-12-01)
$IPL.NS: possibly delisted; no price data found  (1d 2025-11-29 -> 2025-12-01)
$IRIS.NS: possibly delisted; no price data found  (1d 2025-11-29 -> 2025-12-01)
$JPASSOCIAT.NS: possibly delisted; no price data found  (1d 2025-11-29 -> 2025-12-01)
$CCHHL.NS: possibly delisted; no price data found  (1d 2025-11-29 -> 2025-12-01)
$KAPSTON.NS: possibly delisted; no price data found  (1d 2025-11-29 -> 2025-12-01)
$JSWCEMENT.NS: possibly delisted; no price data found  (1d 2025-11-29 -> 2025-12-01)
$JISLDVREQS.NS: possibly delisted; no price data found  (1d 2025-11-29 -> 2025-12-01)
$ASIANTILES.NS: possibly delisted; no price data found  (1d 2025-11-29 -> 2025-12-01)
$WIPL.NS: possibly delisted; no price data found  (1d 2025-11-29 -> 2025-12-01)
$TCPLPACK.NS: possibly delisted; no price data found  (1d 2025-11-29 -> 2025-12-01)
$STLNETWORK.NS: possibly delisted; no price data found  (1d 2025-11-29 -> 2025-12-01)
$NRBBEARING.NS: possibly delisted; no price data found  (1d 2025-11-29 -> 2025-12-01)
$SCPL.NS: possibly delisted; no price data found  (1d 2025-11-29 -> 2025-12-01)
$SGLTL.NS: possibly delisted; no price data found  (1d 2025-11-29 -> 2025-12-01)
$KAKATCEM.NS: possibly delisted; no price data found  (1d 2025-11-29 -> 2025-12-01)
$TERASOFT.NS: possibly delisted; no price data found  (1d 2025-11-29 -> 2025-12-01)
$KRONOX.NS: possibly delisted; no price data found  (1d 2025-11-29 -> 2025-12-01)
$BANARISUG.NS: possibly delisted; no price data found  (1d 2025-11-29 -> 2025-12-01)
$PARSVNATH.NS: possibly delisted; no price data found  (1d 2025-11-29 -> 2025-12-01)
$FMNL.NS: possibly delisted; no price data found  (1d 2025-11-29 -> 2025-12-01)
$VMSTMT.NS: possibly delisted; no price data found  (1d 2025-11-29 -> 2025-12-01)
$UGROCAP.NS: possibly delisted; no price data found  (1d 2025-11-29 -> 2025-12-01)
$SMSPHARMA.NS: possibly delisted; no price data found  (1d 2025-11-29 -> 2025-12-01)
$PKTEA.NS: possibly delisted; no price data found  (1d 2025-11-29 -> 2025-12-01)
$ORTEL.NS: possibly delisted; no price data found  (1d 2025-11-29 -> 2025-12-01)
$INDOAMIN.NS: possibly delisted; no price data found  (1d 2025-11-29 -> 2025-12-01)
$MANAKCOAT.NS: possibly delisted; no price data found  (1d 2025-11-29 -> 2025-12-01)
$SGIL.NS: possibly delisted; no price data found  (1d 2025-11-29 -> 2025-12-01)
$HILTON.NS: possibly delisted; no price data found  (1d 2025-11-29 -> 2025-12-01)
$EMKAY.NS: possibly delisted; no price data found  (1d 2025-11-29 -> 2025-12-01)
$STERTOOLS.NS: possibly delisted; no price data found  (1d 2025-11-29 -> 2025-12-01)
$MENONBE.NS: possibly delisted; no price data found  (1d 2025-11-29 -> 2025-12-01)
$ARKADE.NS: possibly delisted; no price data found  (1d 2025-11-29 -> 2025-12-01)
$SIYSIL.NS: possibly delisted; no price data found  (1d 2025-11-29 -> 2025-12-01)
$VHL.NS: possibly delisted; no price data found  (1d 2025-11-29 -> 2025-12-01)
$SONAMLTD.NS: possibly delisted; no price data found  (1d 2025-11-29 -> 2025-12-01)
$GKWLIMITED.NS: possibly delisted; no price data found  (1d 2025-11-29 -> 2025-12-01)
$CRIZAC.NS: possibly delisted; no price data found  (1d 2025-11-29 -> 2025-12-01)
$NGIL.NS: possibly delisted; no price data found  (1d 2025-11-29 -> 2025-12-01)
$SUNDROP.NS: possibly delisted; no price data found  (1d 2025-11-29 -> 2025-12-01)
$GATECH.NS: possibly delisted; no price data found  (1d 2025-11-29 -> 2025-12-01)
$ENERGYDEV.NS: possibly delisted; no price data found  (1d 2025-11-29 -> 2025-12-01)
$GSLSU.NS: possibly delisted; no price data found  (1d 2025-11-29 -> 2025-12-01)
$ANDHRSUGAR.NS: possibly delisted; no price data found  (1d 2025-11-29 -> 2025-12-01)
$LINC.NS: possibly delisted; no price data found  (1d 2025-11-29 -> 2025-12-01)
$MADRASFERT.NS: possibly delisted; no price data found  (1d 2025-11-29 -> 2025-12-01)
$HONDAPOWER.NS: possibly delisted; no price data found  (1d 2025-11-29 -> 2025-12-01)
$INFOBEAN.NS: possibly delisted; no price data found  (1d 2025-11-29 -> 2025-12-01)
$AGROPHOS.NS: possibly delisted; no price data found  (1d 2025-11-29 -> 2025-12-01)
$AAREYDRUGS.NS: possibly delisted; no price data found  (1d 2025-11-29 -> 2025-12-01)
$TTL.NS: possibly delisted; no price data found  (1d 2025-11-29 -> 2025-12-01)
$VISAKAIND.NS: possibly delisted; no price data found  (1d 2025-11-29 -> 2025-12-01)
$DEVX.NS: possibly delisted; no price data found  (1d 2025-11-29 -> 2025-12-01)
$SPCENET.NS: possibly delisted; no price data found  (1d 2025-11-29 -> 2025-12-01)
$AMRUTANJAN.NS: possibly delisted; no price data found  (1d 2025-11-29 -> 2025-12-01)
$SKMEGGPROD.NS: possibly delisted; no price data found  (1d 2025-11-29 -> 2025-12-01)
$BANARBEADS.NS: possibly delisted; no price data found  (1d 2025-11-29 -> 2025-12-01)
$SREEL.NS: possibly delisted; no price data found  (1d 2025-11-29 -> 2025-12-01)
$MCDOWELL-N.NS: possibly delisted; no timezone found
$GLS.NS: possibly delisted; no timezone found
$ALPHADR.BO: possibly delisted; no timezone found
$TPAEC.BO: possibly delisted; no timezone found
$BALMERL-B.BO: possibly delisted; no price data found  (1d 2019-12-03 -> 2025-12-01)
$BELLARYS.BO: possibly delisted; no price data found  (1d 2019-12-03 -> 2025-12-01)
$OSWALCHEM.BO: possibly delisted; no timezone found
$UTIMRDM.BO: possibly delisted; no timezone found
$GRPCOMI.BO: possibly delisted; no timezone found
$ITWSGDM.BO: possibly delisted; no timezone found
$HAMCMIN-B.BO: possibly delisted; no timezone found
$RAJPOTU.BO: possibly delisted; no timezone found
$MACK.BO: possibly delisted; no timezone found
$CAROL.BO: possibly delisted; no price data found  (1d 2019-12-03 -> 2025-12-01)
$BOMBPOT.BO: possibly delisted; no timezone found
$TVSSZDM.BO: possibly delisted; no timezone found
$SCINDIA.BO: possibly delisted; no timezone found
$SHDHOOT.BO: possibly delisted; no timezone found
$SHELLIN.BO: possibly delisted; no timezone found
$SHBHAWPA.BO: possibly delisted; no timezone found
$JAIPURPO.BO: possibly delisted; no timezone found
$ZCUDDSPG.BO: possibly delisted; no timezone found
$GNDHISP.BO: possibly delisted; no timezone found
$CRYSDALE.BO: possibly delisted; no timezone found
$MAHWRML.BO: possibly delisted; no timezone found
$SOLITIN.BO: possibly delisted; no price data found  (1d 2023-10-11 -> 2025-12-01)
$ZDIGIELE.BO: possibly delisted; no timezone found
$ATETRMGDM.BO: possibly delisted; no timezone found
$TECHELE.BO: possibly delisted; no timezone found
$ANILSPL.BO: possibly delisted; no price data found  (1d 2019-12-03 -> 2025-12-01)
$TURBO.BO: possibly delisted; no timezone found
$PUALIDM.BO: possibly delisted; no timezone found
$EXEDYIND.BO: possibly delisted; no timezone found
$CHIPIDM.BO: possibly delisted; no timezone found
$REMIPRO.BO: possibly delisted; no price data found  (1d 2019-12-03 -> 2025-12-01)
$SUNFI.BO: possibly delisted; no timezone found
$GATEHLD.BO: possibly delisted; no timezone found
$ASISL.BO: possibly delisted; no timezone found
$KUTCSAL.BO: possibly delisted; no timezone found
$NIRUPSYDM.BO: possibly delisted; no timezone found
$NUMEM.BO: possibly delisted; no timezone found
$ZASIATPR.BO: possibly delisted; no timezone found
$JAFLEAS.BO: possibly delisted; no timezone found
$SATRAPROP.BO: possibly delisted; no timezone found
$EASYFIN.BO: possibly delisted; no timezone found
$MIDLIND.BO: possibly delisted; no timezone found
$ZBIHAAIR.BO: possibly delisted; no timezone found
$VATCO.BO: possibly delisted; no price data found  (1d 2019-12-03 -> 2025-12-01)
$WEBSITY.BO: possibly delisted; no timezone found
$COIMLAK-B.BO: possibly delisted; no timezone found
$BURBR.BO: possibly delisted; no timezone found
$TEATIME.BO: possibly delisted; no price data found  (1d 2019-12-03 -> 2025-12-01)
$CAPMANFI.BO: possibly delisted; no price data found  (1d 2019-12-03 -> 2025-12-01)
$OLYMTFI.BO: possibly delisted; no timezone found
$HARVIC.BO: possibly delisted; no timezone found
$PARIJAT.BO: possibly delisted; no timezone found
$JAHATRADM.BO: possibly delisted; no timezone found
$ETPCORP.BO: possibly delisted; no timezone found
$FINAVENT.BO: possibly delisted; no price data found  (1d 2019-12-03 -> 2025-12-01)
$DRUCGRF.BO: possibly delisted; no timezone found
$ZDELSTCO.BO: possibly delisted; no timezone found
$PREMIND.BO: possibly delisted; no timezone found
$AMIGOEXDM.BO: possibly delisted; no timezone found
$STINDIA.BO: possibly delisted; no timezone found
$BHUWALST.BO: possibly delisted; no price data found  (1d 2019-12-03 -> 2025-12-01)
$TRINETRA.BO: possibly delisted; no timezone found
$STRNJAY.BO: possibly delisted; no timezone found
$MIDWEIR.BO: possibly delisted; no timezone found
$GLEITLAI.BO: possibly delisted; no timezone found
$GJKNIT.BO: possibly delisted; no timezone found
$MULTIARC.BO: possibly delisted; no timezone found
$CANAGLS.BO: possibly delisted; no timezone found
$JMTAUTOLTD.BO: possibly delisted; no timezone found
$FLORAWA.BO: possibly delisted; no timezone found
$PUNFIBR.BO: possibly delisted; no timezone found
$ZSRMEENDM.BO: possibly delisted; no timezone found
$SHANINT.BO: possibly delisted; no timezone found
$ADORTECH.BO: possibly delisted; no timezone found
$SAURAPB-B.BO: possibly delisted; no timezone found
$FORWSEC.BO: possibly delisted; no timezone found
$BIRLAPOWER.BO: possibly delisted; no price data found  (1d 2019-12-03 -> 2025-12-01)
$AKGACCU.BO: possibly delisted; no timezone found
$MOTIELE.BO: possibly delisted; no timezone found
$RAMCOSYSLR.BO: possibly delisted; no timezone found
$SDF90D65D.BO: possibly delisted; no timezone found
$H90JUN2G22.BO: possibly delisted; no timezone found
$SOUTHIRLR.BO: possibly delisted; no timezone found
$MAHAVEERINF.BO: possibly delisted; no timezone found
$DSP9MS53D.BO: possibly delisted; no timezone found
$CENTEXTRLR.BO: possibly delisted; no timezone found
$BSLFTPFNG.BO: possibly delisted; no timezone found
$IDFCTDS79G.BO: possibly delisted; no timezone found
$CAMLIN-RE.BO: possibly delisted; no timezone found
$TITANLR.BO: possibly delisted; no timezone found
$IDFCTDS78D.BO: possibly delisted; no timezone found
$EMFFMPS7DP.BO: possibly delisted; no timezone found
$KTKFMP89D.BO: possibly delisted; no timezone found
$IDFCTDS74D.BO: possibly delisted; no timezone found
$HJUL92N122.BO: possibly delisted; no timezone found
$SDF90D66D.BO: possibly delisted; no timezone found
$H372JN3G22.BO: possibly delisted; no timezone found
$TFM40FA.BO: possibly delisted; no timezone found
$HJUL91G222.BO: possibly delisted; no timezone found
$IPRU1994.BO: possibly delisted; no timezone found
$IDFCFTPR7G.BO: possibly delisted; no timezone found
$HDEC371G23.BO: possibly delisted; no timezone found
$IDFCTDS82D.BO: possibly delisted; no timezone found
$IPRU8198.BO: possibly delisted; no price data found  (1d 2019-12-03 -> 2025-12-01)
$IPRU1967.BO: possibly delisted; no timezone found
$IDFCYIRS1G.BO: possibly delisted; no price data found  (1d 2019-12-03 -> 2025-12-01)
$SDF90D69D.BO: possibly delisted; no timezone found
$HDEC526Q24.BO: possibly delisted; no price data found  (1d 2019-12-03 -> 2025-12-01)
$BSLFTPFWG.BO: possibly delisted; no price data found  (1d 2019-12-03 -> 2025-12-01)
$IDFCYIRS1D.BO: possibly delisted; no price data found  (1d 2019-12-03 -> 2025-12-01)
$DSP12MS66G.BO: possibly delisted; no timezone found
$H372JAN3RG.BO: possibly delisted; no timezone found
$H372JAN3RD.BO: possibly delisted; no timezone found
$H372JAN3RQ.BO: possibly delisted; no timezone found
$BSLFTPGJRN.BO: possibly delisted; no timezone found
$SDF36M2DDP.BO: possibly delisted; no price data found  (1d 2019-12-03 -> 2025-12-01)
$RMFINAFDR2.BO: possibly delisted; no price data found  (1d 2019-12-03 -> 2025-12-01)
$BSLFTPGIDQ.BO: possibly delisted; no price data found  (1d 2019-12-03 -> 2025-12-01)
$RFHXXIII1D.BO: possibly delisted; no price data found  (1d 2019-12-03 -> 2025-12-01)
$BSLFTPGMDQ.BO: possibly delisted; no timezone found
$IPRU8209.BO: possibly delisted; no price data found  (1d 2019-12-03 -> 2025-12-01)
$BSLIAPIIRG.BO: possibly delisted; no price data found  (1d 2019-12-03 -> 2025-12-01)
$IDFCYDSIIG.BO: possibly delisted; no price data found  (1d 2019-12-03 -> 2025-12-01)
$IDFCYDS3G.BO: possibly delisted; no price data found  (1d 2019-12-03 -> 2025-12-01)
$BSLFTPGRDQ.BO: possibly delisted; no price data found  (1d 2019-12-03 -> 2025-12-01)
$D3MS85DDR.BO: possibly delisted; no timezone found
$IPRU8214.BO: possibly delisted; no timezone found
$IPRU8230.BO: possibly delisted; no price data found  (1d 2019-12-03 -> 2025-12-01)
$IPRU8207.BO: possibly delisted; no price data found  (1d 2019-12-03 -> 2025-12-01)
$RFHXXIII1G.BO: possibly delisted; no price data found  (1d 2019-12-03 -> 2025-12-01)
$IPRU2000.BO: possibly delisted; no price data found  (1d 2019-12-03 -> 2025-12-01)
$AXISFT33GP.BO: possibly delisted; no timezone found
$IPRU8236.BO: possibly delisted; no price data found  (1d 2019-12-03 -> 2025-12-01)
$IPRU2034.BO: possibly delisted; no price data found  (1d 2019-12-03 -> 2025-12-01)
$D12MS87RDR.BO: possibly delisted; no price data found  (1d 2019-12-03 -> 2025-12-01)
$KTKFMP97D.BO: possibly delisted; no price data found  (1d 2019-12-03 -> 2025-12-01)
$AXISFT34DG.BO: possibly delisted; no price data found  (1d 2019-12-03 -> 2025-12-01)
$KTKFMP97GD.BO: possibly delisted; no price data found  (1d 2019-12-03 -> 2025-12-01)
$RMFINAFRR5.BO: possibly delisted; no price data found  (1d 2019-12-03 -> 2025-12-01)
$IDR1ADP.BO: possibly delisted; no price data found  (1d 2019-12-03 -> 2025-12-01)
$RFXXIII4DG.BO: possibly delisted; no price data found  (1d 2019-12-03 -> 2025-12-01)
$IPRU8234.BO: possibly delisted; no price data found  (1d 2019-12-03 -> 2025-12-01)
$BSLFTPHDDG.BO: possibly delisted; no price data found  (1d 2019-12-03 -> 2025-12-01)
$BSLRGES1RG.BO: possibly delisted; no price data found  (1d 2019-12-03 -> 2025-12-01)
$IDFCFTPR16H.BO: possibly delisted; no price data found  (1d 2019-12-03 -> 2025-12-01)
$LICNFRGDI.BO: possibly delisted; no price data found  (1d 2019-12-03 -> 2025-12-01)
$BSLRGES1RD.BO: possibly delisted; no price data found  (1d 2019-12-03 -> 2025-12-01)
$RFHXXIII5D.BO: possibly delisted; no price data found  (1d 2019-12-03 -> 2025-12-01)
$RFXXIII7DG.BO: possibly delisted; no price data found  (1d 2019-12-03 -> 2025-12-01)
$BSLFTPHERG.BO: possibly delisted; no price data found  (1d 2019-12-03 -> 2025-12-01)
$BSLFTPHHDQ.BO: possibly delisted; no price data found  (1d 2019-12-03 -> 2025-12-01)
$RFHXXIII7G.BO: possibly delisted; no price data found  (1d 2019-12-03 -> 2025-12-01)
$IPRU8246.BO: possibly delisted; no price data found  (1d 2019-12-03 -> 2025-12-01)
$IPRU8248.BO: possibly delisted; no price data found  (1d 2019-12-03 -> 2025-12-01)
$KTKFMP102D.BO: possibly delisted; no price data found  (1d 2019-12-03 -> 2025-12-01)
$RFHXXIII9D.BO: possibly delisted; no price data found  (1d 2019-12-03 -> 2025-12-01)
$D12MS93DDR.BO: possibly delisted; no price data found  (1d 2019-12-03 -> 2025-12-01)
$KTKFMP102DD.BO: possibly delisted; no price data found  (1d 2019-12-03 -> 2025-12-01)
$SDF366D25GR.BO: possibly delisted; no price data found  (1d 2019-12-03 -> 2025-12-01)
$SDF366D26DR.BO: possibly delisted; no price data found  (1d 2019-12-03 -> 2025-12-01)
$SDF366D26DD.BO: possibly delisted; no price data found  (1d 2019-12-03 -> 2025-12-01)
$H370APR1RF.BO: possibly delisted; no price data found  (1d 2019-12-03 -> 2025-12-01)
$H1107M25RG.BO: possibly delisted; no price data found  (1d 2019-12-03 -> 2025-12-01)
$BSLFTPGURQ.BO: possibly delisted; no price data found  (1d 2019-12-03 -> 2025-12-01)
$BSLFTPGURG.BO: possibly delisted; no price data found  (1d 2019-12-03 -> 2025-12-01)
$H370APR2RF.BO: possibly delisted; no price data found  (1d 2019-12-03 -> 2025-12-01)
$IPRU2060.BO: possibly delisted; no price data found  (1d 2019-12-03 -> 2025-12-01)
$SDF366D28DR.BO: possibly delisted; no price data found  (1d 2019-12-03 -> 2025-12-01)
$H1107M25RD.BO: possibly delisted; no price data found  (1d 2019-12-03 -> 2025-12-01)
$H1107M25RQ.BO: possibly delisted; no price data found  (1d 2019-12-03 -> 2025-12-01)
$SDF366D29GR.BO: possibly delisted; no price data found  (1d 2019-12-03 -> 2025-12-01)
$H372MAY1DQ.BO: possibly delisted; no price data found  (1d 2019-12-03 -> 2025-12-01)
$RMFINAFDD9.BO: possibly delisted; no price data found  (1d 2019-12-03 -> 2025-12-01)
$IPRU8302.BO: possibly delisted; no price data found  (1d 2019-12-03 -> 2025-12-01)
$H369J26RG1.BO: possibly delisted; no price data found  (1d 2019-12-03 -> 2025-12-01)
$IPRU2098.BO: possibly delisted; no price data found  (1d 2019-12-03 -> 2025-12-01)
$D12MS104DD.BO: possibly delisted; no price data found  (1d 2019-12-03 -> 2025-12-01)
$RFXXIV02DP.BO: possibly delisted; no price data found  (1d 2019-12-03 -> 2025-12-01)
$BSLFTPHBDN.BO: possibly delisted; no price data found  (1d 2019-12-03 -> 2025-12-01)
$IPRU2121.BO: possibly delisted; no price data found  (1d 2019-12-03 -> 2025-12-01)
$D12MS107DR.BO: possibly delisted; no price data found  (1d 2019-12-03 -> 2025-12-01)
$KTKFMP106GD.BO: possibly delisted; no price data found  (1d 2019-12-03 -> 2025-12-01)
$H371A27DD1.BO: possibly delisted; no price data found  (1d 2019-12-03 -> 2025-12-01)
$SDF90D75GR.BO: possibly delisted; no timezone found
$IDFCFTPR26H.BO: possibly delisted; no price data found  (1d 2019-12-03 -> 2025-12-01)
$H370A26RF2.BO: possibly delisted; no price data found  (1d 2019-12-03 -> 2025-12-01)
$D12MS108DQ.BO: possibly delisted; no price data found  (1d 2019-12-03 -> 2025-12-01)
$H370A26DD2.BO: possibly delisted; no price data found  (1d 2019-12-03 -> 2025-12-01)
$KTKFMP111GD.BO: possibly delisted; no price data found  (1d 2019-12-03 -> 2025-12-01)
$TFM43CB.BO: possibly delisted; no price data found  (1d 2019-12-03 -> 2025-12-01)
$H1001A27RD.BO: possibly delisted; no price data found  (1d 2019-12-03 -> 2025-12-01)
$H1001A27RQ.BO: possibly delisted; no price data found  (1d 2019-12-03 -> 2025-12-01)
$H1001A27RG.BO: possibly delisted; no price data found  (1d 2019-12-03 -> 2025-12-01)
$IDFCFTPR27Q.BO: possibly delisted; no price data found  (1d 2019-12-03 -> 2025-12-01)
$RFXXIV11DG.BO: possibly delisted; no price data found  (1d 2019-12-03 -> 2025-12-01)
$D12MS110DG.BO: possibly delisted; no price data found  (1d 2019-12-03 -> 2025-12-01)
$RFXXIV06DD.BO: possibly delisted; no price data found  (1d 2019-12-03 -> 2025-12-01)
$IDFCFTPD27G.BO: possibly delisted; no price data found  (1d 2019-12-03 -> 2025-12-01)
$IPRU8328.BO: possibly delisted; no price data found  (1d 2019-12-03 -> 2025-12-01)
$D17SM35RD.BO: possibly delisted; no price data found  (1d 2019-12-03 -> 2025-12-01)
$D12MS111RR.BO: possibly delisted; no price data found  (1d 2019-12-03 -> 2025-12-01)
$IDFCFTPR28Q.BO: possibly delisted; no price data found  (1d 2019-12-03 -> 2025-12-01)
$AXISFT38DG.BO: possibly delisted; no timezone found
$RFHXXIV07D.BO: possibly delisted; no price data found  (1d 2019-12-03 -> 2025-12-01)
$H370S27DD1.BO: possibly delisted; no price data found  (1d 2019-12-03 -> 2025-12-01)
$BSLAPXDND.BO: possibly delisted; no price data found  (1d 2019-12-03 -> 2025-12-01)
$D03MS112RR.BO: possibly delisted; no timezone found
$BSLFTPHRDN.BO: possibly delisted; no price data found  (1d 2019-12-03 -> 2025-12-01)
$IDFCFTPD30P.BO: possibly delisted; no timezone found
$KTKFMP116DD.BO: possibly delisted; no price data found  (1d 2019-12-03 -> 2025-12-01)
$IDFCFTPD32G.BO: possibly delisted; no price data found  (1d 2019-12-03 -> 2025-12-01)
$IPRU8342.BO: possibly delisted; no price data found  (1d 2019-12-03 -> 2025-12-01)
$BSLFTPHWRN.BO: possibly delisted; no price data found  (1d 2019-12-03 -> 2025-12-01)
$H742S28DF1.BO: possibly delisted; no price data found  (1d 2019-12-03 -> 2025-12-01)
$H371S28RQ1.BO: possibly delisted; no price data found  (1d 2019-12-03 -> 2025-12-01)
$BSLFTPHYRN.BO: possibly delisted; no price data found  (1d 2019-12-03 -> 2025-12-01)
$IDFCFTPD33P.BO: possibly delisted; no price data found  (1d 2019-12-03 -> 2025-12-01)
$H371S28RF1.BO: possibly delisted; no price data found  (1d 2019-12-03 -> 2025-12-01)
$H742S28DQ1.BO: possibly delisted; no price data found  (1d 2019-12-03 -> 2025-12-01)
$H370S27DD3.BO: possibly delisted; no price data found  (1d 2019-12-03 -> 2025-12-01)
$D12MS115DR.BO: possibly delisted; no price data found  (1d 2019-12-03 -> 2025-12-01)
$TFM45AC.BO: possibly delisted; no price data found  (1d 2019-12-03 -> 2025-12-01)
$HCPO36MODD.BO: possibly delisted; no price data found  (1d 2019-12-03 -> 2025-12-01)
$H372O28DD1.BO: possibly delisted; no price data found  (1d 2019-12-03 -> 2025-12-01)
$BSLFTPISDG.BO: possibly delisted; no price data found  (1d 2019-12-03 -> 2025-12-01)
$H370O28RG5.BO: possibly delisted; no price data found  (1d 2019-12-03 -> 2025-12-01)
$H572O28RD1.BO: possibly delisted; no price data found  (1d 2019-12-03 -> 2025-12-01)
$IPRU2205.BO: possibly delisted; no price data found  (1d 2019-12-03 -> 2025-12-01)
$H923N28DG1.BO: possibly delisted; no price data found  (1d 2019-12-03 -> 2025-12-01)
$TFM45CB.BO: possibly delisted; no price data found  (1d 2019-12-03 -> 2025-12-01)
$BSLFTPIXDN.BO: possibly delisted; no price data found  (1d 2019-12-03 -> 2025-12-01)
$H370O28DG5.BO: possibly delisted; no price data found  (1d 2019-12-03 -> 2025-12-01)
$IPRU8399.BO: possibly delisted; no price data found  (1d 2019-12-03 -> 2025-12-01)
$RFXXV04DG.BO: possibly delisted; no price data found  (1d 2019-12-03 -> 2025-12-01)
$IPRU8407.BO: possibly delisted; no price data found  (1d 2019-12-03 -> 2025-12-01)
$H371D28RQ1.BO: possibly delisted; no price data found  (1d 2019-12-03 -> 2025-12-01)
$H371D29DD2.BO: possibly delisted; no price data found  (1d 2019-12-03 -> 2025-12-01)
$BSLFTPJERG.BO: possibly delisted; no price data found  (1d 2019-12-03 -> 2025-12-01)
$KTKFMP128G.BO: possibly delisted; no price data found  (1d 2019-12-03 -> 2025-12-01)
$IPRU2216.BO: possibly delisted; no price data found  (1d 2019-12-03 -> 2025-12-01)
$BSLFTPJERQ.BO: possibly delisted; no price data found  (1d 2019-12-03 -> 2025-12-01)
$BSLFTPJBDG.BO: possibly delisted; no timezone found
$TFM46CA.BO: possibly delisted; no price data found  (1d 2019-12-03 -> 2025-12-01)
$AXISFT48DP.BO: possibly delisted; no price data found  (1d 2019-12-03 -> 2025-12-01)
$BSLFTPJQRN.BO: possibly delisted; no price data found  (1d 2019-12-03 -> 2025-12-01)
$BSLFTPJIRQ.BO: possibly delisted; no price data found  (1d 2019-12-03 -> 2025-12-01)
$AXISHYD8GP.BO: possibly delisted; no price data found  (1d 2019-12-03 -> 2025-12-01)
$IPRU2233.BO: possibly delisted; no price data found  (1d 2019-12-03 -> 2025-12-01)
$BSLFTPJIRG.BO: possibly delisted; no price data found  (1d 2019-12-03 -> 2025-12-01)
$IPRU8418.BO: possibly delisted; no price data found  (1d 2019-12-03 -> 2025-12-01)
$H372D29DD2.BO: possibly delisted; no price data found  (1d 2019-12-03 -> 2025-12-01)
$H372J29DF1.BO: possibly delisted; no price data found  (1d 2019-12-03 -> 2025-12-01)
$D12MS129RR.BO: possibly delisted; no price data found  (1d 2019-12-03 -> 2025-12-01)
$H372J29DQ1.BO: possibly delisted; no price data found  (1d 2019-12-03 -> 2025-12-01)
$H372F29DQ1.BO: possibly delisted; no price data found  (1d 2019-12-03 -> 2025-12-01)
$D3615MRDP.BO: possibly delisted; no price data found  (1d 2019-12-03 -> 2025-12-01)
$H372F29RD1.BO: possibly delisted; no price data found  (1d 2019-12-03 -> 2025-12-01)
$BSLFTPJYDN.BO: possibly delisted; no price data found  (1d 2019-12-03 -> 2025-12-01)
$BSLFTPKADQ.BO: possibly delisted; no price data found  (1d 2019-12-03 -> 2025-12-01)
$H372F29DF1.BO: possibly delisted; no price data found  (1d 2019-12-03 -> 2025-12-01)
$H447F29DD1.BO: possibly delisted; no price data found  (1d 2019-12-03 -> 2025-12-01)
$TFM45ED.BO: possibly delisted; no price data found  (1d 2019-12-03 -> 2025-12-01)
$H453F29DF1.BO: possibly delisted; no price data found  (1d 2019-12-03 -> 2025-12-01)
$AXISHYD9DG.BO: possibly delisted; no price data found  (1d 2019-12-03 -> 2025-12-01)
$BSLFTPKCRG.BO: possibly delisted; no price data found  (1d 2019-12-03 -> 2025-12-01)
$H370F29RF1.BO: possibly delisted; no price data found  (1d 2019-12-03 -> 2025-12-01)
$BSLFTPKCRQ.BO: possibly delisted; no price data found  (1d 2019-12-03 -> 2025-12-01)
$NFHXXV20D.BO: possibly delisted; no timezone found
$H370F29RQ1.BO: possibly delisted; no price data found  (1d 2019-12-03 -> 2025-12-01)
$AXISIF1RGP.BO: possibly delisted; no price data found  (1d 2019-12-03 -> 2025-12-01)
$H369F29RQ2.BO: possibly delisted; no price data found  (1d 2019-12-03 -> 2025-12-01)
$RFXXV28DG.BO: possibly delisted; no price data found  (1d 2019-12-03 -> 2025-12-01)
$KTKFMP142D.BO: possibly delisted; no price data found  (1d 2019-12-03 -> 2025-12-01)
$H793F29DG1.BO: possibly delisted; no price data found  (1d 2019-12-03 -> 2025-12-01)
$H434F29DG1.BO: possibly delisted; no price data found  (1d 2019-12-03 -> 2025-12-01)
$KTKFMP139G.BO: possibly delisted; no price data found  (1d 2019-12-03 -> 2025-12-01)
$D12MS148DG.BO: possibly delisted; no price data found  (1d 2019-12-03 -> 2025-12-01)
$RFHXXV29D.BO: possibly delisted; no price data found  (1d 2019-12-03 -> 2025-12-01)
$TFM46NB.BO: possibly delisted; no price data found  (1d 2019-12-03 -> 2025-12-01)
$TFM46NC.BO: possibly delisted; no price data found  (1d 2019-12-03 -> 2025-12-01)
$SDFSA6GR.BO: possibly delisted; no price data found  (1d 2019-12-03 -> 2025-12-01)
$SDFSA11GD.BO: possibly delisted; no price data found  (1d 2019-12-03 -> 2025-12-01)
$SDFSA11GR.BO: possibly delisted; no price data found  (1d 2019-12-03 -> 2025-12-01)
$SDFSA7DD.BO: possibly delisted; no price data found  (1d 2019-12-03 -> 2025-12-01)
$TFMDUBD.BO: possibly delisted; no price data found  (1d 2019-12-03 -> 2025-12-01)
$TFM46SA.BO: possibly delisted; no price data found  (1d 2019-12-03 -> 2025-12-01)
$KTKFMP146GD.BO: possibly delisted; no price data found  (1d 2019-12-03 -> 2025-12-01)
$AXISFT63GP.BO: possibly delisted; no price data found  (1d 2019-12-03 -> 2025-12-01)
$AXISFT61DG.BO: possibly delisted; no price data found  (1d 2019-12-03 -> 2025-12-01)
$KTKFMP150DD.BO: possibly delisted; no price data found  (1d 2019-12-03 -> 2025-12-01)
$H366M31RG2.BO: possibly delisted; no price data found  (1d 2019-12-03 -> 2025-12-01)
$H1127D29DD.BO: possibly delisted; no price data found  (1d 2019-12-03 -> 2025-12-01)
$RFHXXVI11G.BO: possibly delisted; no price data found  (1d 2019-12-03 -> 2025-12-01)
$TFM47CD.BO: possibly delisted; no price data found  (1d 2019-12-03 -> 2025-12-01)
$NFHXXVI09G.BO: possibly delisted; no timezone found
$H369A31RD1.BO: possibly delisted; no price data found  (1d 2019-12-03 -> 2025-12-01)
$D12MS162DQ.BO: possibly delisted; no price data found  (1d 2019-12-03 -> 2025-12-01)
$RFHXXVI11D.BO: possibly delisted; no price data found  (1d 2019-12-03 -> 2025-12-01)
$RFHXXVI15D.BO: possibly delisted; no price data found  (1d 2019-12-03 -> 2025-12-01)
$H370A31RG2.BO: possibly delisted; no price data found  (1d 2019-12-03 -> 2025-12-01)
$RFXXVI16DG.BO: possibly delisted; no price data found  (1d 2019-12-03 -> 2025-12-01)
$RFHXXVI17G.BO: possibly delisted; no price data found  (1d 2019-12-03 -> 2025-12-01)
$D12MS161DR.BO: possibly delisted; no price data found  (1d 2019-12-03 -> 2025-12-01)
$AXISFT64GP.BO: possibly delisted; no price data found  (1d 2019-12-03 -> 2025-12-01)
$AXISFT64QD.BO: possibly delisted; no price data found  (1d 2019-12-03 -> 2025-12-01)
$TFM47IB.BO: possibly delisted; no price data found  (1d 2019-12-03 -> 2025-12-01)
$RFXXVI18DD.BO: possibly delisted; no price data found  (1d 2019-12-03 -> 2025-12-01)
$NFXXVI14DG.BO: possibly delisted; no timezone found
$RFXXVI19DG.BO: possibly delisted; no price data found  (1d 2019-12-03 -> 2025-12-01)
$H367M31RF1.BO: possibly delisted; no price data found  (1d 2019-12-03 -> 2025-12-01)
$H367M31RQ2.BO: possibly delisted; no price data found  (1d 2019-12-03 -> 2025-12-01)
$TFM47IA.BO: possibly delisted; no price data found  (1d 2019-12-03 -> 2025-12-01)
$KTKFMP160GD.BO: possibly delisted; no price data found  (1d 2019-12-03 -> 2025-12-01)
$RFHXXVI19D.BO: possibly delisted; no price data found  (1d 2019-12-03 -> 2025-12-01)
$AXISHB13DP.BO: possibly delisted; no price data found  (1d 2019-12-03 -> 2025-12-01)
$H371J31RD1.BO: possibly delisted; no price data found  (1d 2019-12-03 -> 2025-12-01)
$RFHXXVI31D.BO: possibly delisted; no price data found  (1d 2019-12-03 -> 2025-12-01)
$H370M31DD2.BO: possibly delisted; no price data found  (1d 2019-12-03 -> 2025-12-01)
$H367M31RQ1.BO: possibly delisted; no price data found  (1d 2019-12-03 -> 2025-12-01)
$RFXXVI35DG.BO: possibly delisted; no price data found  (1d 2019-12-03 -> 2025-12-01)
$TDAF2AA.BO: possibly delisted; no price data found  (1d 2019-12-03 -> 2025-12-01)
$H371J31RD3.BO: possibly delisted; no price data found  (1d 2019-12-03 -> 2025-12-01)
$RFHXXVI35D.BO: possibly delisted; no price data found  (1d 2019-12-03 -> 2025-12-01)
$RFHXXVI31G.BO: possibly delisted; no price data found  (1d 2019-12-03 -> 2025-12-01)
$SDAFIVDR.BO: possibly delisted; no price data found  (1d 2019-12-03 -> 2025-12-01)
$AXISHB15DG.BO: possibly delisted; no price data found  (1d 2019-12-03 -> 2025-12-01)
$H1116J31RF.BO: possibly delisted; no price data found  (1d 2019-12-03 -> 2025-12-01)
$NITIIIS1GP.BO: possibly delisted; no timezone found
$RFXXVII06G.BO: possibly delisted; no price data found  (1d 2019-12-03 -> 2025-12-01)
$H1125S32RD.BO: possibly delisted; no price data found  (1d 2019-12-03 -> 2025-12-01)
$H1128S32DQ.BO: possibly delisted; no price data found  (1d 2019-12-03 -> 2025-12-01)
$H1113N32DF.BO: possibly delisted; no price data found  (1d 2019-12-03 -> 2025-12-01)
$RFXXVII05G.BO: possibly delisted; no price data found  (1d 2019-12-03 -> 2025-12-01)
$H1125S32RG.BO: possibly delisted; no price data found  (1d 2019-12-03 -> 2025-12-01)
$H1111N32RD.BO: possibly delisted; no price data found  (1d 2019-12-03 -> 2025-12-01)
$H1125S32RQ.BO: possibly delisted; no price data found  (1d 2019-12-03 -> 2025-12-01)
$H1113O32DD.BO: possibly delisted; no price data found  (1d 2019-12-03 -> 2025-12-01)
$H1111N32RG.BO: possibly delisted; no price data found  (1d 2019-12-03 -> 2025-12-01)
$H1113N32DD.BO: possibly delisted; no price data found  (1d 2019-12-03 -> 2025-12-01)
$H1115D32DD.BO: possibly delisted; no price data found  (1d 2019-12-03 -> 2025-12-01)
$RXXVIII4DD.BO: possibly delisted; no price data found  (1d 2019-12-03 -> 2025-12-01)
$H1111N32RQ.BO: possibly delisted; no price data found  (1d 2019-12-03 -> 2025-12-01)
$RXXVIII4D.BO: possibly delisted; no price data found  (1d 2019-12-03 -> 2025-12-01)
$RXXVIII7DG.BO: possibly delisted; no price data found  (1d 2019-12-03 -> 2025-12-01)
$H1184D33DQ.BO: possibly delisted; no price data found  (1d 2019-12-03 -> 2025-12-01)
$AXISHB18DG.BO: possibly delisted; no price data found  (1d 2019-12-03 -> 2025-12-01)
$RXXVIII10D.BO: possibly delisted; no price data found  (1d 2019-12-03 -> 2025-12-01)
$H1128D33RQ.BO: possibly delisted; no price data found  (1d 2019-12-03 -> 2025-12-01)
$H1128D33RG.BO: possibly delisted; no price data found  (1d 2019-12-03 -> 2025-12-01)
$D36SM36RD.BO: possibly delisted; no price data found  (1d 2019-12-03 -> 2025-12-01)
$H1141J34DQ.BO: possibly delisted; no price data found  (1d 2019-12-03 -> 2025-12-01)
$RXXVIII19D.BO: possibly delisted; no price data found  (1d 2019-12-03 -> 2025-12-01)
$H1108S34DQ.BO: possibly delisted; no price data found  (1d 2019-12-03 -> 2025-12-01)
$RXXVIII18X.BO: possibly delisted; no price data found  (1d 2019-12-03 -> 2025-12-01)
$H1105S34RD.BO: possibly delisted; no price data found  (1d 2019-12-03 -> 2025-12-01)
$HDA1100ADD.BO: possibly delisted; no price data found  (1d 2019-12-03 -> 2025-12-01)
$SDAFXGD.BO: possibly delisted; no price data found  (1d 2019-12-03 -> 2025-12-01)
$H1105S34RG.BO: possibly delisted; no price data found  (1d 2019-12-03 -> 2025-12-01)
$H1105S34RQ.BO: possibly delisted; no price data found  (1d 2019-12-03 -> 2025-12-01)
$SDAFXIDR.BO: possibly delisted; no price data found  (1d 2019-12-03 -> 2025-12-01)
$AXISHB27DG.BO: possibly delisted; no price data found  (1d 2019-12-03 -> 2025-12-01)
$H1128D33RD.BO: possibly delisted; no price data found  (1d 2019-12-03 -> 2025-12-01)
$RXXIX20Z.BO: possibly delisted; no price data found  (1d 2019-12-03 -> 2025-12-01)
$RXXIX14Z.BO: possibly delisted; no price data found  (1d 2019-12-03 -> 2025-12-01)
$H1111N34DG.BO: possibly delisted; no price data found  (1d 2019-12-03 -> 2025-12-01)
$KTKCPROS2G.BO: possibly delisted; no price data found  (1d 2019-12-03 -> 2025-12-01)
$RXXX1Z.BO: possibly delisted; no price data found  (1d 2019-12-03 -> 2025-12-01)
$RXXX4X.BO: possibly delisted; no price data found  (1d 2019-12-03 -> 2025-12-01)
$RXXX4D.BO: possibly delisted; no price data found  (1d 2019-12-03 -> 2025-12-01)
$H1161F35DQ.BO: possibly delisted; no price data found  (1d 2019-12-03 -> 2025-12-01)
$AXISHB30GP.BO: possibly delisted; no price data found  (1d 2019-12-03 -> 2025-12-01)
$RXXX5D.BO: possibly delisted; no price data found  (1d 2019-12-03 -> 2025-12-01)
$H1148F35DG.BO: possibly delisted; no price data found  (1d 2019-12-03 -> 2025-12-01)
$RXXX7Z.BO: possibly delisted; no price data found  (1d 2019-12-03 -> 2025-12-01)
$H1113J36DD.BO: possibly delisted; no price data found  (1d 2019-12-03 -> 2025-12-01)
$H1107M36DG.BO: possibly delisted; no price data found  (1d 2019-12-03 -> 2025-12-01)
$RXXX12Z.BO: possibly delisted; no price data found  (1d 2019-12-03 -> 2025-12-01)
$SDAFXIVGD.BO: possibly delisted; no price data found  (1d 2019-12-03 -> 2025-12-01)
$SDAFXIVGR.BO: possibly delisted; no price data found  (1d 2019-12-03 -> 2025-12-01)
$SDAFXVGR.BO: possibly delisted; no price data found  (1d 2019-12-03 -> 2025-12-01)
$D44SM39RD.BO: possibly delisted; no price data found  (1d 2019-12-03 -> 2025-12-01)
$H1309S37DG.BO: possibly delisted; no price data found  (1d 2019-12-03 -> 2025-12-01)
$H1190M36DG.BO: possibly delisted; no price data found  (1d 2019-12-03 -> 2025-12-01)
$NXXX1SR13D.BO: possibly delisted; no timezone found
$H1302S37DG.BO: possibly delisted; no price data found  (1d 2019-12-03 -> 2025-12-01)
$RXXX1SR7Z.BO: possibly delisted; no price data found  (1d 2019-12-03 -> 2025-12-01)
$UTDGRDA3P3.BO: possibly delisted; no price data found  (1d 2019-12-03 -> 2025-12-01)
$SDFSB44GD.BO: possibly delisted; no price data found  (1d 2019-12-03 -> 2025-12-01)
$H1267ODADD.BO: possibly delisted; no price data found  (1d 2019-12-03 -> 2025-12-01)
$SDFSB44GR.BO: possibly delisted; no price data found  (1d 2019-12-03 -> 2025-12-01)
$H1224NDADG.BO: possibly delisted; no price data found  (1d 2019-12-03 -> 2025-12-01)
$NXXX111S1X.BO: possibly delisted; no timezone found
$NXXX11SR2D.BO: possibly delisted; no timezone found
$H1178F37DD.BO: possibly delisted; no price data found  (1d 2019-12-03 -> 2025-12-01)
$NXXX11S10G.BO: possibly delisted; no timezone found
$D49SM42RG.BO: possibly delisted; no price data found  (1d 2019-12-03 -> 2025-12-01)
$UTRDPDA4P3.BO: possibly delisted; no price data found  (1d 2019-12-03 -> 2025-12-01)
$IPRU9094.BO: possibly delisted; no price data found  (1d 2019-12-03 -> 2025-12-01)
$UTDGRDA4P2.BO: possibly delisted; no price data found  (1d 2019-12-03 -> 2025-12-01)
$H1170F37RG.BO: possibly delisted; no price data found  (1d 2019-12-03 -> 2025-12-01)
$H1170F37RD.BO: possibly delisted; no price data found  (1d 2019-12-03 -> 2025-12-01)
$NXXX11SR2Z.BO: possibly delisted; no timezone found
$H1170F37RQ.BO: possibly delisted; no price data found  (1d 2019-12-03 -> 2025-12-01)
$IDFTP129DQ.BO: possibly delisted; no price data found  (1d 2019-12-03 -> 2025-12-01)
$NXXX111S4G.BO: possibly delisted; no timezone found
$D36MS210RG.BO: possibly delisted; no price data found  (1d 2019-12-03 -> 2025-12-01)
$IPRU2957.BO: possibly delisted; no price data found  (1d 2019-12-03 -> 2025-12-01)
$IPRU9129.BO: possibly delisted; no price data found  (1d 2019-12-03 -> 2025-12-01)
$H1166D38RG.BO: possibly delisted; no price data found  (1d 2019-12-03 -> 2025-12-01)
$IPRU9113.BO: possibly delisted; no price data found  (1d 2019-12-03 -> 2025-12-01)
$D36MS210RQ.BO: possibly delisted; no price data found  (1d 2019-12-03 -> 2025-12-01)
$H1166D38RD.BO: possibly delisted; no price data found  (1d 2019-12-03 -> 2025-12-01)
$IPRU2962.BO: possibly delisted; no price data found  (1d 2019-12-03 -> 2025-12-01)
$IPRU2973.BO: possibly delisted; no price data found  (1d 2019-12-03 -> 2025-12-01)
$IPRU2995.BO: possibly delisted; no price data found  (1d 2019-12-03 -> 2025-12-01)
$NXXX1VS10Z.BO: possibly delisted; no timezone found
$NXXX1VS3D.BO: possibly delisted; no timezone found
$SDAFXXIIDR.BO: possibly delisted; no price data found  (1d 2019-12-03 -> 2025-12-01)
$DAFXXIVGD.BO: possibly delisted; no price data found  (1d 2019-12-03 -> 2025-12-01)
$H1166D38RQ.BO: possibly delisted; no price data found  (1d 2019-12-03 -> 2025-12-01)
$IPRU2974.BO: possibly delisted; no price data found  (1d 2019-12-03 -> 2025-12-01)
$DAFXXIVGR.BO: possibly delisted; no price data found  (1d 2019-12-03 -> 2025-12-01)
$IPRU9170.BO: possibly delisted; no price data found  (1d 2019-12-03 -> 2025-12-01)
$IPRU3032.BO: possibly delisted; no price data found  (1d 2019-12-03 -> 2025-12-01)
$IPRU3029.BO: possibly delisted; no price data found  (1d 2019-12-03 -> 2025-12-01)
$D40MS219DR.BO: possibly delisted; no price data found  (1d 2019-12-03 -> 2025-12-01)
$IPRU3030.BO: possibly delisted; no price data found  (1d 2019-12-03 -> 2025-12-01)
$D40MS220DG.BO: possibly delisted; no price data found  (1d 2019-12-03 -> 2025-12-01)
$D40MS217RR.BO: possibly delisted; no price data found  (1d 2019-12-03 -> 2025-12-01)
$SDFSC10DD.BO: possibly delisted; no price data found  (1d 2019-12-03 -> 2025-12-01)
$IPRU9230.BO: possibly delisted; no price data found  (1d 2019-12-03 -> 2025-12-01)
$KTKFMP218DG.BO: possibly delisted; no price data found  (1d 2019-12-03 -> 2025-12-01)
$NXXXVIS7D.BO: possibly delisted; no timezone found
$D39MS226DQ.BO: possibly delisted; no price data found  (1d 2019-12-03 -> 2025-12-01)
$IPRU9266.BO: possibly delisted; no price data found  (1d 2019-12-03 -> 2025-12-01)
$IPRU3085.BO: possibly delisted; no price data found  (1d 2019-12-03 -> 2025-12-01)
$IPRU3078.BO: possibly delisted; no price data found  (1d 2019-12-03 -> 2025-12-01)
$IPRU3048.BO: possibly delisted; no price data found  (1d 2019-12-03 -> 2025-12-01)
$IPRU9274.BO: possibly delisted; no price data found  (1d 2019-12-03 -> 2025-12-01)
$IPRU9270.BO: possibly delisted; no price data found  (1d 2019-12-03 -> 2025-12-01)
$D40MS221RG.BO: possibly delisted; no price data found  (1d 2019-12-03 -> 2025-12-01)
$H92D39RG.BO: possibly delisted; no price data found  (1d 2019-12-03 -> 2025-12-01)
$D40MS221RQ.BO: possibly delisted; no price data found  (1d 2019-12-03 -> 2025-12-01)
$H1145D39DD.BO: possibly delisted; no price data found  (1d 2019-12-03 -> 2025-12-01)
$KTKFMP220RG.BO: possibly delisted; no price data found  (1d 2019-12-03 -> 2025-12-01)
$TFM53BB.BO: possibly delisted; no price data found  (1d 2019-12-03 -> 2025-12-01)
$H1181D40RD.BO: possibly delisted; no price data found  (1d 2019-12-03 -> 2025-12-01)
$H1181D40RQ.BO: possibly delisted; no price data found  (1d 2019-12-03 -> 2025-12-01)
$H1139D39RD.BO: possibly delisted; no price data found  (1d 2019-12-03 -> 2025-12-01)
$H1181D40RG.BO: possibly delisted; no price data found  (1d 2019-12-03 -> 2025-12-01)
$KTKFMP220RD.BO: possibly delisted; no price data found  (1d 2019-12-03 -> 2025-12-01)
$RXXXVII8X.BO: possibly delisted; no price data found  (1d 2019-12-03 -> 2025-12-01)
$NXXXVII15G.BO: possibly delisted; no timezone found
$T55AD.BO: possibly delisted; no price data found  (1d 2019-12-03 -> 2025-12-01)
$RXXXVII8G.BO: possibly delisted; no price data found  (1d 2019-12-03 -> 2025-12-01)
$AXISWEDPD.BO: possibly delisted; no price data found  (1d 2019-12-03 -> 2025-12-01)
$IDFTP149DG.BO: possibly delisted; no price data found  (1d 2019-12-03 -> 2025-12-01)
$IPRU3137.BO: possibly delisted; no price data found  (1d 2019-12-03 -> 2025-12-01)
$H1133D41DG.BO: possibly delisted; no price data found  (1d 2019-12-03 -> 2025-12-01)
$IPRU3134.BO: possibly delisted; no price data found  (1d 2019-12-03 -> 2025-12-01)
$IDFTP148DG.BO: possibly delisted; no price data found  (1d 2019-12-03 -> 2025-12-01)
$T55BD.BO: possibly delisted; no price data found  (1d 2019-12-03 -> 2025-12-01)
$RXXXVII13D.BO: possibly delisted; no price data found  (1d 2019-12-03 -> 2025-12-01)
$KTKFMP228DG.BO: possibly delisted; no price data found  (1d 2019-12-03 -> 2025-12-01)
$RXXXVIII4X.BO: possibly delisted; no price data found  (1d 2019-12-03 -> 2025-12-01)
$NXXXVIII7D.BO: possibly delisted; no timezone found
$IPRU3112.BO: possibly delisted; no price data found  (1d 2019-12-03 -> 2025-12-01)
$NXXXVIII6X.BO: possibly delisted; no timezone found
$D36MS237RR.BO: possibly delisted; no price data found  (1d 2019-12-03 -> 2025-12-01)
$D36MS241DG.BO: possibly delisted; no price data found  (1d 2019-12-03 -> 2025-12-01)
$D3MS242DR.BO: possibly delisted; no price data found  (1d 2019-12-03 -> 2025-12-01)
$IPRU3158.BO: possibly delisted; no price data found  (1d 2019-12-03 -> 2025-12-01)
$D36MS243DQ.BO: possibly delisted; no timezone found
$IPRU3181.BO: possibly delisted; no timezone found
$NXXVIII10G.BO: possibly delisted; no timezone found
$XXXVIII15D.BO: possibly delisted; no timezone found
$D36MS244RG.BO: possibly delisted; no timezone found
$AXISWHHDD.BO: possibly delisted; no timezone found
$NXXXIX06G.BO: possibly delisted; no timezone found
$IPRU3174.BO: possibly delisted; no timezone found
$D36MS244RQ.BO: possibly delisted; no timezone found
$T55FB.BO: possibly delisted; no price data found  (1d 2019-12-03 -> 2025-12-01)
$KTKFMP239DD.BO: possibly delisted; no price data found  (1d 2019-12-03 -> 2025-12-01)
$H1122D42DG.BO: possibly delisted; no price data found  (1d 2019-12-03 -> 2025-12-01)
$AXISWIDHD.BO: possibly delisted; no timezone found
$IPRU3180.BO: possibly delisted; no timezone found
$KTKFMP247RD.BO: possibly delisted; no timezone found
$HD110542DQ.BO: possibly delisted; no timezone found
$H91D42RG.BO: possibly delisted; no timezone found
$KTKFMP247DG.BO: possibly delisted; no timezone found
$IPRU3195.BO: possibly delisted; no timezone found
$IDFTP162DQ.BO: possibly delisted; no timezone found
$SDFSC36GD.BO: possibly delisted; no timezone found
$IPRU9460.BO: possibly delisted; no timezone found
$NXXXX1Z.BO: possibly delisted; no timezone found
$SDFSC36GR.BO: possibly delisted; no timezone found
$H1265D43DD.BO: possibly delisted; no timezone found
$NIASR1X.BO: possibly delisted; no timezone found
$IPRU3222.BO: possibly delisted; no timezone found
$KTKFMP255DG.BO: possibly delisted; no timezone found
$NXXXX1G.BO: possibly delisted; no timezone found
$RSDFSC35GR.BO: possibly delisted; no timezone found
$NIFVSR2D.BO: possibly delisted; no timezone found
$H1190D43DQ.BO: possibly delisted; no timezone found
$NXXXX7G.BO: possibly delisted; no timezone found
$H1196D43DD.BO: possibly delisted; no timezone found
$H1246D43DG.BO: possibly delisted; no timezone found
$KTKFMP252RG.BO: possibly delisted; no timezone found
$NXXXX6D.BO: possibly delisted; no timezone found
$IPRU9474.BO: possibly delisted; no timezone found
$IPRU9481.BO: possibly delisted; no timezone found
$KTKFMP259RG.BO: possibly delisted; no timezone found
$H1146D43DD.BO: possibly delisted; no timezone found
$TFFSP1G.BO: possibly delisted; no timezone found
$SDFSC42DR.BO: possibly delisted; no timezone found
$KTKFMP267DG.BO: possibly delisted; no timezone found
$H1154D43DQ.BO: possibly delisted; no timezone found
$KTKFMP267RD.BO: possibly delisted; no timezone found
$IPRU9499.BO: possibly delisted; no timezone found
$TFFSP1FP.BO: possibly delisted; no timezone found
$IPRU9517.BO: possibly delisted; no timezone found
$SDFSC45GD.BO: possibly delisted; no timezone found
$SDFSC45GR.BO: possibly delisted; no timezone found
$RSDFSC43DR.BO: possibly delisted; no timezone found
$H1100D44DG.BO: possibly delisted; no timezone found
$RXLI2X.BO: possibly delisted; no timezone found
$SDFSC42DD.BO: possibly delisted; no timezone found
$TFFSP1B.BO: possibly delisted; no timezone found
$NXLI8D.BO: possibly delisted; no timezone found
$SFMP13DD.BO: possibly delisted; no timezone found
$RSDFSC14DD.BO: possibly delisted; no timezone found
$RSDFSC14GD.BO: possibly delisted; no timezone found
$IPRU3402.BO: possibly delisted; no timezone found
$SFMP15DD.BO: possibly delisted; no timezone found
$UTMTFS1RMR.BO: possibly delisted; no timezone found
$SFMP18DD.BO: possibly delisted; no timezone found
$UTMTFS1RFP.BO: possibly delisted; no timezone found
$UTCRFS1RFP.BO: possibly delisted; no timezone found
$UTCRFS1DMP.BO: possibly delisted; no timezone found
$ABCRSPRDP.BO: possibly delisted; no timezone found
$UTRSFS1DMD.BO: possibly delisted; no timezone found
$ABDBSPRDP.BO: possibly delisted; no timezone found
$UTCRFS1RQP.BO: possibly delisted; no timezone found
$NIUSSP1E.BO: possibly delisted; no timezone found
$UTCRFS1RMR.BO: possibly delisted; no timezone found
$UTIBFS1RAP.BO: possibly delisted; no timezone found
$UTMTFS1RQP.BO: possibly delisted; no timezone found
$NIUSSP1N.BO: possibly delisted; no timezone found
$NIUSSP1D.BO: possibly delisted; no timezone found
$07DPD.BO: possibly delisted; no timezone found
$UTCRFS2DHP.BO: possibly delisted; no timezone found
$07ABB.BO: possibly delisted; no timezone found
$D60MS264DP.BO: possibly delisted; no timezone found
$SFMP66DD.BO: possibly delisted; no timezone found
$UTCRFS2DFR.BO: possibly delisted; no timezone found
$IPRU9714.BO: possibly delisted; no timezone found
$KTKFMP292RG.BO: possibly delisted; no timezone found
$NIMFHKGP.BO: possibly delisted; no timezone found
$NIMFHGRG.BO: possibly delisted; no timezone found
$KTKFMP294DI.BO: possibly delisted; no timezone found
$SFMP33DD.BO: possibly delisted; no timezone found
$SFMP67GD.BO: possibly delisted; no timezone found
$AXISWPDGG.BO: possibly delisted; no timezone found
$SFMP68DD.BO: possibly delisted; no timezone found
$UTMTFS2RQR.BO: possibly delisted; no timezone found
$KTKFMP299RG.BO: possibly delisted; no timezone found
$H1158D46DG.BO: possibly delisted; no timezone found
$D1246267RP.BO: possibly delisted; no timezone found
Failed to get ticker 'SANGHVIFOR.BO' reason: Failed to perform, curl: (28) Operation timed out after 10009 milliseconds with 0 bytes received. See https://curl.se/libcurl/c/libcurl-errors.html first for more details.
$SANGHVIFOR.BO: possibly delisted; no timezone found
Traceback (most recent call last):
  File "C:\Users\jallu\OneDrive\pgp\Python\Stock predictor\Rubik_view\Data\OHCLV Data\update_stocks_ohlcv.py", line 216, in main
    print(f"{idx}/{total} ({percent:.1f}%): {sym} \u2192 {status}")
    ~~~~~^^^^^^^^^^^^^^^^^^^^^^^^^^^^^^^^^^^^^^^^^^^^^^^^^^^^^
  File "C:\Python313\Lib\encodings\cp1252.py", line 19, in encode
    return codecs.charmap_encode(input,self.errors,encoding_table)[0]
           ~~~~~~~~~~~~~~~~~~~~~^^^^^^^^^^^^^^^^^^^^^^^^^^^^^^^^^^
UnicodeEncodeError: 'charmap' codec can't encode character '\u2192' in position 27: character maps to <undefined>

During handling of the above exception, another exception occurred:

Traceback (most recent call last):
  File "C:\Users\jallu\OneDrive\pgp\Python\Stock predictor\Rubik_view\Data\OHCLV Data\update_stocks_ohlcv.py", line 227, in <module>
    main()
    ~~~~^^
  File "C:\Users\jallu\OneDrive\pgp\Python\Stock predictor\Rubik_view\Data\OHCLV Data\update_stocks_ohlcv.py", line 194, in main
    with ThreadPoolExecutor(max_workers=MAX_WORKERS) as exe:
         ~~~~~~~~~~~~~~~~~~^^^^^^^^^^^^^^^^^^^^^^^^^
  File "C:\Python313\Lib\concurrent\futures\_base.py", line 647, in __exit__
    self.shutdown(wait=True)
    ~~~~~~~~~~~~~^^^^^^^^^^^
  File "C:\Python313\Lib\concurrent\futures\thread.py", line 239, in shutdown
    t.join()
    ~~~~~~^^
  File "C:\Python313\Lib\threading.py", line 1094, in join
    self._handle.join(timeout)
    ~~~~~~~~~~~~~~~~~^^^^^^^^^
KeyboardInterrupt
