1/500 (0.2%): AEGISLOG.NS -> up-to-date
2/500 (0.4%): CIGNITITEC.NS -> up-to-date
3/500 (0.6%): AKUMS.NS -> up-to-date
4/500 (0.8%): ALOKINDS.NS -> up-to-date
5/500 (1.0%): BAJAJFINSV.NS -> up-to-date
6/500 (1.2%): ANANTRAJ.NS -> up-to-date
7/500 (1.4%): AIAENG.NS -> up-to-date
8/500 (1.6%): ABREL.NS -> up-to-date
9/500 (1.8%): BATAINDIA.NS -> up-to-date
10/500 (2.0%): EDELWEISS.NS -> up-to-date
11/500 (2.2%): 3MINDIA.NS -> up-to-date
12/500 (2.4%): ALIVUS.NS -> up-to-date
13/500 (2.6%): BANKBARODA.NS -> up-to-date
14/500 (2.8%): GLAXO.NS -> up-to-date
15/500 (3.0%): EMUDHRA.NS -> up-to-date
16/500 (3.2%): DCXINDIA.NS -> up-to-date
17/500 (3.4%): CSBBANK.NS -> up-to-date
18/500 (3.6%): DABUR.NS -> up-to-date
19/500 (3.8%): DOMS.NS -> up-to-date
20/500 (4.0%): GLENMARK.NS -> up-to-date
21/500 (4.2%): DEVYANI.NS -> up-to-date
22/500 (4.4%): GREAVESCOT.NS -> up-to-date
23/500 (4.6%): JKIL.NS -> up-to-date
24/500 (4.8%): IKS.NS -> up-to-date
25/500 (5.0%): HONAUT.NS -> up-to-date
26/500 (5.2%): INDIASHLTR.NS -> up-to-date
27/500 (5.4%): KPITTECH.NS -> up-to-date
28/500 (5.6%): HIKAL.NS -> up-to-date
29/500 (5.8%): LMW.NS -> up-to-date
30/500 (6.0%): HBLENGINE.NS -> up-to-date
31/500 (6.2%): LLOYDSME.NS -> up-to-date
32/500 (6.4%): KPIL.NS -> up-to-date
33/500 (6.6%): KFINTECH.NS -> up-to-date
34/500 (6.8%): LUXIND.NS -> up-to-date
35/500 (7.0%): MASTEK.NS -> up-to-date
36/500 (7.2%): NHPC.NS -> up-to-date
37/500 (7.4%): LUPIN.NS -> up-to-date
38/500 (7.6%): MEDPLUS.NS -> up-to-date
39/500 (7.8%): NOCIL.NS -> up-to-date
40/500 (8.0%): ORIENTCEM.NS -> up-to-date
41/500 (8.2%): SULA.NS -> up-to-date
42/500 (8.4%): TARC.NS -> up-to-date
43/500 (8.6%): TATAELXSI.NS -> up-to-date
44/500 (8.8%): RAYMONDLSL.NS -> up-to-date
45/500 (9.0%): OLECTRA.NS -> up-to-date
46/500 (9.2%): SHRIRAMFIN.NS -> up-to-date
47/500 (9.4%): SUNDRMFAST.NS -> up-to-date
48/500 (9.6%): SHARDACROP.NS -> up-to-date
49/500 (9.8%): SUMICHEM.NS -> up-to-date
50/500 (10.0%): TECHNOE.NS -> up-to-date
51/500 (10.2%): UNIMECH.NS -> up-to-date
52/500 (10.4%): YATHARTH.NS -> up-to-date
53/500 (10.6%): DELPHIFX.NS -> up-to-date
54/500 (10.8%): MSUMI.NS -> up-to-date
55/500 (11.0%): SBICARD.NS -> up-to-date
56/500 (11.2%): FILATEX.NS -> up-to-date
57/500 (11.4%): BALAXI.NS -> up-to-date
58/500 (11.6%): GICHSGFIN.NS -> up-to-date
59/500 (11.8%): WHIRLPOOL.NS -> up-to-date
60/500 (12.0%): PATELRMART.NS -> up-to-date
61/500 (12.2%): VINYLINDIA.NS -> up-to-date
62/500 (12.4%): VASWANI.NS -> up-to-date
63/500 (12.6%): HERANBA.NS -> up-to-date
64/500 (12.8%): WILLAMAGOR.NS -> up-to-date
65/500 (13.0%): AGRITECH.NS -> up-to-date
66/500 (13.2%): EFCIL.NS -> up-to-date
67/500 (13.4%): MASKINVEST.NS -> up-to-date
68/500 (13.6%): NAGREEKCAP.NS -> up-to-date
69/500 (13.8%): AFIL.NS -> up-to-date
70/500 (14.0%): SOLARWORLD.NS -> up-to-date
71/500 (14.2%): SEJALLTD.NS -> up-to-date
72/500 (14.4%): AJAXENGG.NS -> up-to-date
73/500 (14.6%): NITINSPIN.NS -> up-to-date
74/500 (14.8%): ROSSELLIND.NS -> up-to-date
75/500 (15.0%): DPABHUSHAN.NS -> up-to-date
76/500 (15.2%): AEGISVOPAK.NS -> up-to-date
77/500 (15.4%): KRITINUT.NS -> up-to-date
78/500 (15.6%): NAVNETEDUL.NS -> up-to-date
79/500 (15.8%): NOIDATOLL.NS -> up-to-date
80/500 (16.0%): RCOM.NS -> up-to-date
81/500 (16.2%): HUBTOWN.NS -> up-to-date
82/500 (16.4%): ARCHIES.NS -> up-to-date
83/500 (16.6%): MIRCELECTR.NS -> up-to-date
84/500 (16.8%): OMAXE.NS -> up-to-date
85/500 (17.0%): MODIRUBBER.NS -> up-to-date
86/500 (17.2%): PREMEXPLN.NS -> up-to-date
87/500 (17.4%): GUJALKALI.NS -> up-to-date
88/500 (17.6%): NILAINFRA.NS -> up-to-date
89/500 (17.8%): EXPLEOSOL.NS -> up-to-date
90/500 (18.0%): BHARATWIRE.NS -> up-to-date
91/500 (18.2%): GTL.NS -> up-to-date
92/500 (18.4%): NDGL.NS -> up-to-date
93/500 (18.6%): IL&FSTRANS.NS -> up-to-date
94/500 (18.8%): ASHAPURMIN.NS -> up-to-date
95/500 (19.0%): SIMPLEXINF.NS -> up-to-date
96/500 (19.2%): UNIVPHOTO.NS -> up-to-date
97/500 (19.4%): SVPGLOB.NS -> up-to-date
98/500 (19.6%): KOLTEPATIL.NS -> up-to-date
99/500 (19.8%): SMARTWORKS.NS -> up-to-date
100/500 (20.0%): MMP.NS -> up-to-date
101/500 (20.2%): ALMONDZ.NS -> up-to-date
102/500 (20.4%): SADBHAV.NS -> up-to-date
103/500 (20.6%): ATULAUTO.NS -> up-to-date
104/500 (20.8%): SRD.NS -> up-to-date
105/500 (21.0%): AXITA.NS -> up-to-date
106/500 (21.2%): WAAREEINDO.NS -> up-to-date
107/500 (21.4%): MANGLMCEM.NS -> up-to-date
108/500 (21.6%): BCG.NS -> up-to-date
109/500 (21.8%): SARLAPOLY.NS -> up-to-date
110/500 (22.0%): DHARAN.NS -> up-to-date
111/500 (22.2%): 3IINFOLTD.NS -> up-to-date
112/500 (22.4%): GREENLAM.NS -> up-to-date
113/500 (22.6%): LYKALABS.NS -> up-to-date
114/500 (22.8%): ELECTHERM.NS -> up-to-date
115/500 (23.0%): BELRISE.NS -> up-to-date
116/500 (23.2%): AUSOMENT.NS -> up-to-date
117/500 (23.4%): GEOJITFSL.NS -> up-to-date
118/500 (23.6%): VIRINCHI.NS -> up-to-date
119/500 (23.8%): INVENTURE.NS -> up-to-date
120/500 (24.0%): ATLANTAELE.NS -> up-to-date
121/500 (24.2%): PIONEEREMB.NS -> up-to-date
122/500 (24.4%): ONWARDTEC.NS -> up-to-date
123/500 (24.6%): XELPMOC.NS -> up-to-date
124/500 (24.8%): MEGASTAR.NS -> up-to-date
125/500 (25.0%): AGIIL.NS -> up-to-date
126/500 (25.2%): SILINV.NS -> up-to-date
127/500 (25.4%): CREATIVEYE.NS -> up-to-date
128/500 (25.6%): BHARTIARTL.NS -> up-to-date
129/500 (25.8%): ADANIPORTS.NS -> up-to-date
130/500 (26.0%): AMBER.NS -> up-to-date
131/500 (26.2%): BHARTIHEXA.NS -> up-to-date
132/500 (26.4%): BRITANNIA.NS -> up-to-date
133/500 (26.6%): CARTRADE.NS -> up-to-date
134/500 (26.8%): ASIANPAINT.NS -> up-to-date
135/500 (27.0%): BPCL.NS -> up-to-date
136/500 (27.2%): CARBORUNIV.NS -> up-to-date
137/500 (27.4%): CHAMBLFERT.NS -> up-to-date
138/500 (27.6%): BLS.NS -> up-to-date
139/500 (27.8%): BAJFINANCE.NS -> up-to-date
140/500 (28.0%): CGCL.NS -> up-to-date
141/500 (28.2%): COFORGE.NS -> up-to-date
142/500 (28.4%): CREDITACC.NS -> up-to-date
143/500 (28.6%): DIVISLAB.NS -> up-to-date
144/500 (28.8%): FACT.NS -> up-to-date
145/500 (29.0%): ETERNAL.NS -> up-to-date
146/500 (29.2%): FORTIS.NS -> up-to-date
147/500 (29.4%): FIEMIND.NS -> up-to-date
148/500 (29.6%): HDFCBANK.NS -> up-to-date
149/500 (29.8%): ETHOSLTD.NS -> up-to-date
150/500 (30.0%): HAL.NS -> up-to-date
151/500 (30.2%): GAEL.NS -> up-to-date
152/500 (30.4%): HDFCLIFE.NS -> up-to-date
153/500 (30.6%): HDFCAMC.NS -> up-to-date
154/500 (30.8%): EIEL.NS -> up-to-date
155/500 (31.0%): HAPPYFORGE.NS -> up-to-date
156/500 (31.2%): IOC.NS -> up-to-date
157/500 (31.4%): INFIBEAM.NS -> up-to-date
158/500 (31.6%): IRCON.NS -> up-to-date
159/500 (31.8%): KSCL.NS -> up-to-date
160/500 (32.0%): JKPAPER.NS -> up-to-date
161/500 (32.2%): MAXESTATES.NS -> up-to-date
162/500 (32.4%): INDIGO.NS -> up-to-date
163/500 (32.6%): NUVAMA.NS -> up-to-date
164/500 (32.8%): JTLIND.NS -> up-to-date
165/500 (33.0%): KPRMILL.NS -> up-to-date
166/500 (33.2%): NETWORK18.NS -> up-to-date
167/500 (33.4%): M&MFIN.NS -> up-to-date
168/500 (33.6%): RALLIS.NS -> up-to-date
169/500 (33.8%): SAMMAANCAP.NS -> up-to-date
170/500 (34.0%): PNBHOUSING.NS -> up-to-date
171/500 (34.2%): RPOWER.NS -> up-to-date
172/500 (34.4%): SHYAMMETL.NS -> up-to-date
173/500 (34.6%): STAR.NS -> up-to-date
174/500 (34.8%): SCHNEIDER.NS -> up-to-date
175/500 (35.0%): SKFINDIA.NS -> up-to-date
176/500 (35.2%): PNB.NS -> up-to-date
177/500 (35.4%): TECHM.NS -> up-to-date
178/500 (35.6%): TRIDENT.NS -> up-to-date
179/500 (35.8%): SONATSOFTW.NS -> up-to-date
180/500 (36.0%): TRIVENI.NS -> up-to-date
181/500 (36.2%): TEGA.NS -> up-to-date
182/500 (36.4%): ULTRACEMCO.NS -> up-to-date
183/500 (36.6%): INDHOTEL.NS -> up-to-date
184/500 (36.8%): TIIL.NS -> up-to-date
185/500 (37.0%): BFUTILITIE.NS -> up-to-date
186/500 (37.2%): JLHL.NS -> up-to-date
187/500 (37.4%): JINDALPOLY.NS -> up-to-date
188/500 (37.6%): STOVEKRAFT.NS -> up-to-date
189/500 (37.8%): JHS.NS -> up-to-date
190/500 (38.0%): TVTODAY.NS -> up-to-date
191/500 (38.2%): UGARSUGAR.NS -> up-to-date
192/500 (38.4%): TOKYOPLAST.NS -> up-to-date
193/500 (38.6%): ABMINTLLTD.NS -> up-to-date
194/500 (38.8%): WEALTH.NS -> up-to-date
195/500 (39.0%): MKPL.NS -> up-to-date
196/500 (39.2%): SINTERCOM.NS -> up-to-date
197/500 (39.4%): CIFL.NS -> up-to-date
198/500 (39.6%): CALSOFT.NS -> up-to-date
199/500 (39.8%): RAJRATAN.NS -> up-to-date
200/500 (40.0%): SANWARIA.NS -> up-to-date
201/500 (40.2%): SSDL.NS -> up-to-date
202/500 (40.4%): MTNL.NS -> up-to-date
203/500 (40.6%): VINCOFE.NS -> up-to-date
204/500 (40.8%): YATRA.NS -> up-to-date
205/500 (41.0%): PRIMO.NS -> up-to-date
206/500 (41.2%): STARTECK.NS -> up-to-date
207/500 (41.4%): MAYURUNIQ.NS -> up-to-date
208/500 (41.6%): AKG.NS -> up-to-date
209/500 (41.8%): COUNCODOS.NS -> up-to-date
210/500 (42.0%): TIRUPATIFL.NS -> up-to-date
211/500 (42.2%): ARVEE.NS -> up-to-date
212/500 (42.4%): ONEPOINT.NS -> up-to-date
213/500 (42.6%): SGFIN.NS -> up-to-date
214/500 (42.8%): SOMANYCERA.NS -> up-to-date
215/500 (43.0%): GCSL.NS -> up-to-date
216/500 (43.2%): MALUPAPER.NS -> up-to-date
217/500 (43.4%): UTTAMSUGAR.NS -> up-to-date
218/500 (43.6%): GOYALALUM.NS -> up-to-date
219/500 (43.8%): VINDHYATEL.NS -> up-to-date
220/500 (44.0%): BAJAJHCARE.NS -> up-to-date
221/500 (44.2%): BOHRAIND.NS -> up-to-date
222/500 (44.4%): VEEDOL.NS -> up-to-date
223/500 (44.6%): SHAHALLOYS.NS -> up-to-date
224/500 (44.8%): ANTELOPUS.NS -> up-to-date
225/500 (45.0%): GEMAROMA.NS -> up-to-date
226/500 (45.2%): LAMBODHARA.NS -> up-to-date
227/500 (45.4%): ALPHAGEO.NS -> up-to-date
228/500 (45.6%): INFOMEDIA.NS -> up-to-date
229/500 (45.8%): GENESYS.NS -> up-to-date
230/500 (46.0%): MAMATA.NS -> up-to-date
231/500 (46.2%): NECCLTD.NS -> up-to-date
232/500 (46.4%): INDOWIND.NS -> up-to-date
233/500 (46.6%): ORIENTALTL.NS -> up-to-date
234/500 (46.8%): PRECWIRE.NS -> up-to-date
235/500 (47.0%): SMARTLINK.NS -> up-to-date
236/500 (47.2%): SUPERHOUSE.NS -> up-to-date
237/500 (47.4%): SPMLINFRA.NS -> up-to-date
238/500 (47.6%): EIMCOELECO.NS -> up-to-date
239/500 (47.8%): DIAMINESQ.NS -> up-to-date
240/500 (48.0%): QUADFUTURE.NS -> up-to-date
241/500 (48.2%): SUPREME.NS -> up-to-date
242/500 (48.4%): TGBHOTELS.NS -> up-to-date
243/500 (48.6%): JAYBARMARU.NS -> up-to-date
244/500 (48.8%): NACLIND.NS -> up-to-date
245/500 (49.0%): EIHAHOTELS.NS -> up-to-date
246/500 (49.2%): GUJTHEM.NS -> up-to-date
247/500 (49.4%): RAJTV.NS -> up-to-date
248/500 (49.6%): LIBERTSHOE.NS -> up-to-date
249/500 (49.8%): LUMAXTECH.NS -> up-to-date
250/500 (50.0%): GOENKA.NS -> up-to-date
251/500 (50.2%): SECURKLOUD.NS -> up-to-date
252/500 (50.4%): SIL.NS -> up-to-date
253/500 (50.6%): PITTIENG.NS -> up-to-date
254/500 (50.8%): SIGMA.NS -> up-to-date
255/500 (51.0%): SMLT.NS -> up-to-date
256/500 (51.2%): PUNJABCHEM.NS -> up-to-date
257/500 (51.4%): VISHNU.NS -> up-to-date
258/500 (51.6%): SPAL.NS -> up-to-date
259/500 (51.8%): HEXT.NS -> up-to-date
260/500 (52.0%): AMBIKCO.NS -> up-to-date
261/500 (52.2%): VINEETLAB.NS -> up-to-date
262/500 (52.4%): SHARDAMOTR.NS -> up-to-date
263/500 (52.6%): MIRZAINT.NS -> up-to-date
264/500 (52.8%): PDMJEPAPER.NS -> up-to-date
265/500 (53.0%): SANGINITA.NS -> up-to-date
266/500 (53.2%): SPLPETRO.NS -> up-to-date
267/500 (53.4%): MAHESHWARI.NS -> up-to-date
268/500 (53.6%): ATL.NS -> up-to-date
269/500 (53.8%): HMAAGRO.NS -> up-to-date
270/500 (54.0%): BIL.NS -> up-to-date
271/500 (54.2%): TNTELE.NS -> up-to-date
272/500 (54.4%): CARYSIL.NS -> up-to-date
273/500 (54.6%): ORICONENT.NS -> up-to-date
274/500 (54.8%): HESTERBIO.NS -> up-to-date
275/500 (55.0%): PRAKASH.NS -> up-to-date
276/500 (55.2%): PVSL.NS -> up-to-date
277/500 (55.4%): NORBTEAEXP.NS -> up-to-date
278/500 (55.6%): ROLEXRINGS.NS -> up-to-date
279/500 (55.8%): AAVAS.NS -> up-to-date
280/500 (56.0%): AKZOINDIA.NS -> up-to-date
281/500 (56.2%): SADHNANIQ.NS -> up-to-date
282/500 (56.4%): ASTERDM.NS -> up-to-date
283/500 (56.6%): AUBANK.NS -> up-to-date
284/500 (56.8%): PARKHOTELS.NS -> up-to-date
285/500 (57.0%): BIOCON.NS -> up-to-date
286/500 (57.2%): CHENNPETRO.NS -> up-to-date
287/500 (57.4%): BAJAJ-AUTO.NS -> up-to-date
288/500 (57.6%): CRISIL.NS -> up-to-date
289/500 (57.8%): GREENPANEL.NS -> up-to-date
290/500 (58.0%): FSL.NS -> up-to-date
291/500 (58.2%): GSPL.NS -> up-to-date
292/500 (58.4%): DRREDDY.NS -> up-to-date
293/500 (58.6%): HINDCOPPER.NS -> up-to-date
294/500 (58.8%): INDGN.NS -> up-to-date
295/500 (59.0%): IMAGICAA.NS -> up-to-date
296/500 (59.2%): HYUNDAI.NS -> up-to-date
297/500 (59.4%): INDUSINDBK.NS -> up-to-date
298/500 (59.6%): JSFB.NS -> up-to-date
299/500 (59.8%): LTFOODS.NS -> up-to-date
300/500 (60.0%): JMFINANCIL.NS -> up-to-date
301/500 (60.2%): JINDALSTEL.NS -> up-to-date
302/500 (60.4%): MARICO.NS -> up-to-date
303/500 (60.6%): MAHSCOOTER.NS -> up-to-date
304/500 (60.8%): MMTC.NS -> up-to-date
305/500 (61.0%): METROBRAND.NS -> up-to-date
306/500 (61.2%): NATCOPHARM.NS -> up-to-date
307/500 (61.4%): RATNAMANI.NS -> up-to-date
308/500 (61.6%): NESCO.NS -> up-to-date
309/500 (61.8%): PRSMJOHNSN.NS -> up-to-date
310/500 (62.0%): RBA.NS -> up-to-date
311/500 (62.2%): SUNDARMFIN.NS -> up-to-date
312/500 (62.4%): SUNFLAG.NS -> up-to-date
313/500 (62.6%): SUNTECK.NS -> up-to-date
314/500 (62.8%): UNIONBANK.NS -> up-to-date
315/500 (63.0%): GESHIP.NS -> up-to-date
316/500 (63.2%): WELENT.NS -> up-to-date
317/500 (63.4%): VSTIND.NS -> up-to-date
318/500 (63.6%): ZENSARTECH.NS -> up-to-date
319/500 (63.8%): ACEINTEG.NS -> up-to-date
320/500 (64.0%): UNITECH.NS -> up-to-date
321/500 (64.2%): ANDHRAPAP.NS -> up-to-date
322/500 (64.4%): GENUSPAPER.NS -> up-to-date
323/500 (64.6%): VERANDA.NS -> up-to-date
324/500 (64.8%): WAAREERTL.NS -> up-to-date
325/500 (65.0%): GKENERGY.NS -> up-to-date
326/500 (65.2%): CPEDU.NS -> up-to-date
327/500 (65.4%): GARUDA.NS -> up-to-date
328/500 (65.6%): MEDICAMEQ.NS -> up-to-date
329/500 (65.8%): SADBHIN.NS -> up-to-date
330/500 (66.0%): RKSWAMY.NS -> up-to-date
331/500 (66.2%): GATECHDVR.NS -> up-to-date
332/500 (66.4%): ICRA.NS -> up-to-date
333/500 (66.6%): INDOUS.NS -> up-to-date
334/500 (66.8%): MUFIN.NS -> up-to-date
335/500 (67.0%): INDRAMEDCO.NS -> up-to-date
336/500 (67.2%): SELMC.NS -> up-to-date
337/500 (67.4%): STEL.NS -> up-to-date
338/500 (67.6%): TFCILTD.NS -> up-to-date
339/500 (67.8%): TTKPRESTIG.NS -> up-to-date
340/500 (68.0%): AEROFLEX.NS -> up-to-date
341/500 (68.2%): RITCO.NS -> up-to-date
342/500 (68.4%): BAJAJELEC.NS -> up-to-date
343/500 (68.6%): RUSHIL.NS -> up-to-date
344/500 (68.8%): SILLYMONKS.NS -> up-to-date
345/500 (69.0%): BAJAJINDEF.NS -> up-to-date
346/500 (69.2%): BLSE.NS -> up-to-date
347/500 (69.4%): GOKUL.NS -> up-to-date
348/500 (69.6%): NITIRAJ.NS -> up-to-date
349/500 (69.8%): DBEIL.NS -> up-to-date
350/500 (70.0%): INDSWFTLAB.NS -> up-to-date
351/500 (70.2%): ROHLTD.NS -> up-to-date
352/500 (70.4%): OBCL.NS -> up-to-date
353/500 (70.6%): BANKA.NS -> up-to-date
354/500 (70.8%): PLATIND.NS -> up-to-date
355/500 (71.0%): ADL.NS -> up-to-date
356/500 (71.2%): GAYAHWS.NS -> up-to-date
357/500 (71.4%): ARROWGREEN.NS -> up-to-date
358/500 (71.6%): KESORAMIND.NS -> up-to-date
359/500 (71.8%): BAGFILMS.NS -> up-to-date
360/500 (72.0%): MANOMAY.NS -> up-to-date
361/500 (72.2%): NECLIFE.NS -> up-to-date
362/500 (72.4%): BMWVENTLTD.NS -> up-to-date
363/500 (72.6%): ELIN.NS -> up-to-date
364/500 (72.8%): TATVA.NS -> up-to-date
365/500 (73.0%): UNICHEMLAB.NS -> up-to-date
366/500 (73.2%): MACPOWER.NS -> up-to-date
367/500 (73.4%): COMPUSOFT.NS -> up-to-date
368/500 (73.6%): UYFINCORP.NS -> up-to-date
369/500 (73.8%): NOVAAGRI.NS -> up-to-date
370/500 (74.0%): SANDHAR.NS -> up-to-date
371/500 (74.2%): SHIVALIK.NS -> up-to-date
372/500 (74.4%): BHAGYANGR.NS -> up-to-date
373/500 (74.6%): DEEPINDS.NS -> up-to-date
374/500 (74.8%): DSSL.NS -> up-to-date
375/500 (75.0%): RSYSTEMS.NS -> up-to-date
376/500 (75.2%): SUNDRMBRAK.NS -> up-to-date
377/500 (75.4%): TECILCHEM.NS -> up-to-date
378/500 (75.6%): ALPA.NS -> up-to-date
379/500 (75.8%): ARISINFRA.NS -> up-to-date
380/500 (76.0%): BEARDSELL.NS -> up-to-date
381/500 (76.2%): ENRIN.NS -> up-to-date
382/500 (76.4%): FAZE3Q.NS -> up-to-date
383/500 (76.6%): MUKANDLTD.NS -> up-to-date
384/500 (76.8%): RELIABLE.NS -> up-to-date
385/500 (77.0%): SHEMAROO.NS -> up-to-date
386/500 (77.2%): ZOTA.NS -> up-to-date
387/500 (77.4%): STEELCAS.NS -> up-to-date
388/500 (77.6%): TICL.NS -> up-to-date
389/500 (77.8%): MARINE.NS -> up-to-date
390/500 (78.0%): WINSOME.NS -> up-to-date
391/500 (78.2%): HMVL.NS -> up-to-date
392/500 (78.4%): RHETAN.NS -> up-to-date
393/500 (78.6%): VIDHIING.NS -> up-to-date
394/500 (78.8%): ABBOTINDIA.NS -> up-to-date
395/500 (79.0%): AFFLE.NS -> up-to-date
396/500 (79.2%): ACE.NS -> up-to-date
397/500 (79.4%): DMART.NS -> up-to-date
398/500 (79.6%): BALUFORGE.NS -> up-to-date
399/500 (79.8%): BSOFT.NS -> up-to-date
400/500 (80.0%): BSE.NS -> up-to-date
401/500 (80.2%): MAPMYINDIA.NS -> up-to-date
402/500 (80.4%): CCL.NS -> up-to-date
403/500 (80.6%): CANFINHOME.NS -> up-to-date
404/500 (80.8%): CGPOWER.NS -> up-to-date
405/500 (81.0%): CUMMINSIND.NS -> up-to-date
406/500 (81.2%): DCBBANK.NS -> up-to-date
407/500 (81.4%): ELGIEQUIP.NS -> up-to-date
408/500 (81.6%): DEEPAKFERT.NS -> up-to-date
409/500 (81.8%): GODREJCP.NS -> up-to-date
410/500 (82.0%): GREENPLY.NS -> up-to-date
411/500 (82.2%): GRAPHITE.NS -> up-to-date
412/500 (82.4%): FLUOROCHEM.NS -> up-to-date
413/500 (82.6%): GULFOILLUB.NS -> up-to-date
414/500 (82.8%): HAVELLS.NS -> up-to-date
415/500 (83.0%): ITI.NS -> up-to-date
416/500 (83.2%): INDIANB.NS -> up-to-date
417/500 (83.4%): HEMIPROP.NS -> up-to-date
418/500 (83.6%): JBCHEPHARM.NS -> up-to-date
419/500 (83.8%): KAYNES.NS -> up-to-date
420/500 (84.0%): KAJARIACER.NS -> up-to-date
421/500 (84.2%): MIDHANI.NS -> up-to-date
422/500 (84.4%): NEWGEN.NS -> up-to-date
423/500 (84.6%): NTPC.NS -> up-to-date
424/500 (84.8%): NEULANDLAB.NS -> up-to-date
425/500 (85.0%): OIL.NS -> up-to-date
426/500 (85.2%): RAILTEL.NS -> up-to-date
427/500 (85.4%): PVRINOX.NS -> up-to-date
428/500 (85.6%): RAINBOW.NS -> up-to-date
429/500 (85.8%): SAMHI.NS -> up-to-date
430/500 (86.0%): SENCO.NS -> up-to-date
431/500 (86.2%): SUNPHARMA.NS -> up-to-date
432/500 (86.4%): TVSMOTOR.NS -> up-to-date
433/500 (86.6%): VAIBHAVGBL.NS -> up-to-date
434/500 (86.8%): TIMKEN.NS -> up-to-date
435/500 (87.0%): BALPHARMA.NS -> up-to-date
436/500 (87.2%): BIOFILCHEM.NS -> up-to-date
437/500 (87.4%): HITECHGEAR.NS -> up-to-date
438/500 (87.6%): MATRIMONY.NS -> up-to-date
439/500 (87.8%): PARACABLES.NS -> up-to-date
440/500 (88.0%): RVTH.NS -> up-to-date
441/500 (88.2%): SECMARK.NS -> up-to-date
442/500 (88.4%): THEJO.NS -> up-to-date
443/500 (88.6%): VSTL.NS -> up-to-date
444/500 (88.8%): ALBERTDAVD.NS -> up-to-date
$PEL.NS: possibly delisted; no timezone found
445/500 (89.0%): PEL.NS -> skipped
$HBLPOWER.NS: possibly delisted; no timezone found
446/500 (89.2%): HBLPOWER.NS -> skipped
447/500 (89.4%): GNA.NS -> up-to-date
448/500 (89.6%): MONARCH.NS -> up-to-date$BARBEQUE.NS: possibly delisted; no price data found  (1d 2025-11-29 -> 2025-12-02)

449/500 (89.8%): SURANAT&P.NS -> up-to-date
450/500 (90.0%): BARBEQUE.NS -> skipped
$FSC.NS: possibly delisted; no price data found  (1d 2025-11-29 -> 2025-12-02)
451/500 (90.2%): AMDIND.NS -> up-to-date
452/500 (90.4%): FSC.NS -> skipped
453/500 (90.6%): VRLLOG.NS -> up-to-date
$AARVEEDEN.NS: possibly delisted; no price data found  (1d 2025-11-29 -> 2025-12-02)
454/500 (90.8%): AARVEEDEN.NS -> skipped
455/500 (91.0%): GOODLUCK.NS -> up-to-date
456/500 (91.2%): BTML.NS -> up-to-date
457/500 (91.4%): SUNDARAM.NS -> up-to-date$CENTURYTEX.NS: possibly delisted; no timezone found

458/500 (91.6%): MAHASTEEL.NS -> up-to-date
459/500 (91.8%): UDS.NS -> up-to-date
$MCDOWELL-N.NS: possibly delisted; no timezone found
460/500 (92.0%): A2ZINFRA.NS -> up-to-date$TV18BRDCST.NS: possibly delisted; no timezone found

461/500 (92.2%): CENTURYTEX.NS -> skipped
462/500 (92.4%): CONSOFINVT.NS -> up-to-date
463/500 (92.6%): SENORES.NS -> up-to-date
464/500 (92.8%): BAJEL.NS -> up-to-date
465/500 (93.0%): UNIVCABLES.NS -> up-to-date
466/500 (93.2%): DREAMFOLKS.NS -> up-to-date
467/500 (93.4%): DHANI.NS -> +1 rows (2025-10-27->2025-10-27)
468/500 (93.6%): MUFTI.NS -> up-to-date
469/500 (93.8%): MCDOWELL-N.NS -> skipped
470/500 (94.0%): JINDALPHOT.NS -> up-to-date
471/500 (94.2%): VARDHACRLC.NS -> up-to-date
472/500 (94.4%): TV18BRDCST.NS -> skipped
473/500 (94.6%): RATNAVEER.NS -> up-to-date
474/500 (94.8%): AMBICAAGAR.NS -> up-to-date
475/500 (95.0%): MINDTECK.NS -> up-to-date
476/500 (95.2%): TOUCHWOOD.NS -> up-to-date
477/500 (95.4%): LOYALTEX.NS -> up-to-date
478/500 (95.6%): SURAJLTD.NS -> up-to-date
479/500 (95.8%): BHAGERIA.NS -> up-to-date
480/500 (96.0%): AHLEAST.NS -> up-to-date
481/500 (96.2%): RADAAN.NS -> up-to-date
482/500 (96.4%): URBANCO.NS -> up-to-date
483/500 (96.6%): GALAXYSURF.NS -> up-to-date
484/500 (96.8%): VIJIFIN.NS -> up-to-date
485/500 (97.0%): SILGO.NS -> up-to-date
486/500 (97.2%): CENTEXT.NS -> up-to-date
487/500 (97.4%): WCIL.NS -> up-to-date
488/500 (97.6%): LGBBROSLTD.NS -> up-to-date
489/500 (97.8%): NIRAJISPAT.NS -> up-to-date
490/500 (98.0%): GANDHITUBE.NS -> up-to-date
491/500 (98.2%): CYBERMEDIA.NS -> up-to-date
492/500 (98.4%): KANANIIND.NS -> up-to-date
493/500 (98.6%): PIGL.NS -> up-to-date
494/500 (98.8%): DELTACORP.NS -> up-to-date
495/500 (99.0%): DEVIT.NS -> up-to-date
496/500 (99.2%): GULPOLY.NS -> up-to-date
497/500 (99.4%): NSIL.NS -> up-to-date
498/500 (99.6%): 3PLAND.NS -> up-to-date
$AEGISCHEM.NS: possibly delisted; no timezone found
499/500 (99.8%): AEGISCHEM.NS -> skipped
$SUVENPHAR.NS: possibly delisted; no timezone found
500/500 (100.0%): SUVENPHAR.NS -> skipped

[OK] Ultra-fast parallel update complete.
