1/500 (0.2%): AKZOINDIA.NS -> up-to-date
2/500 (0.4%): DRREDDY.NS -> up-to-date
3/500 (0.6%): CHENNPETRO.NS -> up-to-date
4/500 (0.8%): AUBANK.NS -> up-to-date
5/500 (1.0%): PARKHOTELS.NS -> up-to-date
6/500 (1.2%): BIOCON.NS -> up-to-date
7/500 (1.4%): BAJAJ-AUTO.NS -> up-to-date
8/500 (1.6%): AAVAS.NS -> up-to-date
9/500 (1.8%): FSL.NS -> up-to-date
10/500 (2.0%): GSPL.NS -> up-to-date
11/500 (2.2%): CRISIL.NS -> up-to-date
12/500 (2.4%): HYUNDAI.NS -> up-to-date
13/500 (2.6%): IMAGICAA.NS -> up-to-date
14/500 (2.8%): INDUSINDBK.NS -> up-to-date
15/500 (3.0%): JSFB.NS -> up-to-date
16/500 (3.2%): HINDCOPPER.NS -> up-to-date
17/500 (3.4%): INDGN.NS -> up-to-date
18/500 (3.6%): ASTERDM.NS -> up-to-date
19/500 (3.8%): GREENPANEL.NS -> up-to-date
20/500 (4.0%): LTFOODS.NS -> up-to-date
21/500 (4.2%): JINDALSTEL.NS -> up-to-date
22/500 (4.4%): MAHSCOOTER.NS -> up-to-date
23/500 (4.6%): MARICO.NS -> up-to-date
24/500 (4.8%): METROBRAND.NS -> up-to-date
25/500 (5.0%): JMFINANCIL.NS -> up-to-date
26/500 (5.2%): SUNFLAG.NS -> up-to-date
27/500 (5.4%): NESCO.NS -> up-to-date
28/500 (5.6%): RBA.NS -> up-to-date
29/500 (5.8%): NATCOPHARM.NS -> up-to-date
30/500 (6.0%): PRSMJOHNSN.NS -> up-to-date
31/500 (6.2%): RATNAMANI.NS -> up-to-date
32/500 (6.4%): GESHIP.NS -> up-to-date
33/500 (6.6%): SUNTECK.NS -> up-to-date
34/500 (6.8%): ZENSARTECH.NS -> up-to-date
35/500 (7.0%): MMTC.NS -> up-to-date
36/500 (7.2%): WELENT.NS -> up-to-date
37/500 (7.4%): ACEINTEG.NS -> up-to-date
38/500 (7.6%): ANDHRAPAP.NS -> up-to-date
39/500 (7.8%): SUNDARMFIN.NS -> up-to-date
40/500 (8.0%): VSTIND.NS -> up-to-date
41/500 (8.2%): CPEDU.NS -> up-to-date
42/500 (8.4%): UNIONBANK.NS -> up-to-date
43/500 (8.6%): VERANDA.NS -> up-to-date
44/500 (8.8%): GENUSPAPER.NS -> up-to-date
45/500 (9.0%): UNITECH.NS -> up-to-date
46/500 (9.2%): WAAREERTL.NS -> up-to-date
47/500 (9.4%): GARUDA.NS -> up-to-date
48/500 (9.6%): ICRA.NS -> up-to-date
49/500 (9.8%): GKENERGY.NS -> up-to-date
50/500 (10.0%): SADBHIN.NS -> up-to-date
51/500 (10.2%): MEDICAMEQ.NS -> up-to-date
52/500 (10.4%): GATECHDVR.NS -> up-to-date
53/500 (10.6%): INDRAMEDCO.NS -> up-to-date
54/500 (10.8%): INDOUS.NS -> up-to-date
55/500 (11.0%): MUFIN.NS -> up-to-date
56/500 (11.2%): RKSWAMY.NS -> up-to-date
57/500 (11.4%): STEL.NS -> up-to-date
58/500 (11.6%): TFCILTD.NS -> up-to-date
59/500 (11.8%): AEROFLEX.NS -> up-to-date
60/500 (12.0%): SELMC.NS -> up-to-date
61/500 (12.2%): TTKPRESTIG.NS -> up-to-date
62/500 (12.4%): BAJAJINDEF.NS -> up-to-date
63/500 (12.6%): BLSE.NS -> up-to-date
64/500 (12.8%): BAJAJELEC.NS -> up-to-date
65/500 (13.0%): RUSHIL.NS -> up-to-date
66/500 (13.2%): SILLYMONKS.NS -> up-to-date
67/500 (13.4%): NITIRAJ.NS -> up-to-date
68/500 (13.6%): OBCL.NS -> up-to-date
69/500 (13.8%): GOKUL.NS -> up-to-date
70/500 (14.0%): DBEIL.NS -> up-to-date
71/500 (14.2%): RITCO.NS -> up-to-date
72/500 (14.4%): ROHLTD.NS -> up-to-date
73/500 (14.6%): INDSWFTLAB.NS -> up-to-date
74/500 (14.8%): BANKA.NS -> up-to-date
75/500 (15.0%): GAYAHWS.NS -> up-to-date
76/500 (15.2%): PLATIND.NS -> up-to-date
77/500 (15.4%): ARROWGREEN.NS -> up-to-date
78/500 (15.6%): ADL.NS -> up-to-date
79/500 (15.8%): NECLIFE.NS -> up-to-date
80/500 (16.0%): MACPOWER.NS -> up-to-date
81/500 (16.2%): TATVA.NS -> up-to-date
82/500 (16.4%): KESORAMIND.NS -> up-to-date
83/500 (16.6%): ELIN.NS -> up-to-date
84/500 (16.8%): BMWVENTLTD.NS -> up-to-date
85/500 (17.0%): MANOMAY.NS -> up-to-date
86/500 (17.2%): BAGFILMS.NS -> up-to-date
87/500 (17.4%): UNICHEMLAB.NS -> up-to-date
88/500 (17.6%): UYFINCORP.NS -> up-to-date
89/500 (17.8%): DEEPINDS.NS -> up-to-date
90/500 (18.0%): SHIVALIK.NS -> up-to-date
91/500 (18.2%): BHAGYANGR.NS -> up-to-date
92/500 (18.4%): SANDHAR.NS -> up-to-date
93/500 (18.6%): DSSL.NS -> up-to-date
94/500 (18.8%): COMPUSOFT.NS -> up-to-date
95/500 (19.0%): RSYSTEMS.NS -> up-to-date
96/500 (19.2%): TECILCHEM.NS -> up-to-date
97/500 (19.4%): BEARDSELL.NS -> up-to-date
98/500 (19.6%): ALPA.NS -> up-to-date
99/500 (19.8%): NOVAAGRI.NS -> up-to-date
100/500 (20.0%): SUNDRMBRAK.NS -> up-to-date
101/500 (20.2%): FAZE3Q.NS -> up-to-date
102/500 (20.4%): RELIABLE.NS -> up-to-date
103/500 (20.6%): ARISINFRA.NS -> up-to-date
104/500 (20.8%): MUKANDLTD.NS -> up-to-date
105/500 (21.0%): MARINE.NS -> up-to-date
106/500 (21.2%): SHEMAROO.NS -> up-to-date
107/500 (21.4%): ENRIN.NS -> up-to-date
108/500 (21.6%): WINSOME.NS -> up-to-date
109/500 (21.8%): TICL.NS -> up-to-date
110/500 (22.0%): STEELCAS.NS -> up-to-date
111/500 (22.2%): HMVL.NS -> up-to-date
112/500 (22.4%): VIDHIING.NS -> up-to-date
113/500 (22.6%): ABREL.NS -> up-to-date
114/500 (22.8%): RHETAN.NS -> up-to-date
115/500 (23.0%): 3MINDIA.NS -> up-to-date
116/500 (23.2%): AKUMS.NS -> up-to-date
117/500 (23.4%): ZOTA.NS -> up-to-date
118/500 (23.6%): AIAENG.NS -> up-to-date
119/500 (23.8%): AEGISLOG.NS -> up-to-date
120/500 (24.0%): ALIVUS.NS -> up-to-date
121/500 (24.2%): ALOKINDS.NS -> up-to-date
122/500 (24.4%): ANANTRAJ.NS -> up-to-date
123/500 (24.6%): BANKBARODA.NS -> up-to-date
124/500 (24.8%): BAJAJFINSV.NS -> up-to-date
125/500 (25.0%): DABUR.NS -> up-to-date
126/500 (25.2%): BATAINDIA.NS -> up-to-date
127/500 (25.4%): CIGNITITEC.NS -> up-to-date
128/500 (25.6%): DEVYANI.NS -> up-to-date
129/500 (25.8%): CSBBANK.NS -> up-to-date
130/500 (26.0%): DCXINDIA.NS -> up-to-date
131/500 (26.2%): EMUDHRA.NS -> up-to-date
132/500 (26.4%): DOMS.NS -> up-to-date
133/500 (26.6%): EDELWEISS.NS -> up-to-date
134/500 (26.8%): GREAVESCOT.NS -> up-to-date
135/500 (27.0%): GLENMARK.NS -> up-to-date
136/500 (27.2%): HBLENGINE.NS -> up-to-date
137/500 (27.4%): HONAUT.NS -> up-to-date
138/500 (27.6%): INDIASHLTR.NS -> up-to-date
139/500 (27.8%): HIKAL.NS -> up-to-date
140/500 (28.0%): GLAXO.NS -> up-to-date
141/500 (28.2%): IKS.NS -> up-to-date
142/500 (28.4%): JKIL.NS -> up-to-date
143/500 (28.6%): LLOYDSME.NS -> up-to-date
144/500 (28.8%): KPITTECH.NS -> up-to-date
145/500 (29.0%): KPIL.NS -> up-to-date
146/500 (29.2%): LMW.NS -> up-to-date
147/500 (29.4%): MEDPLUS.NS -> up-to-date
148/500 (29.6%): LUXIND.NS -> up-to-date
149/500 (29.8%): KFINTECH.NS -> up-to-date
150/500 (30.0%): LUPIN.NS -> up-to-date
151/500 (30.2%): MASTEK.NS -> up-to-date
152/500 (30.4%): SBICARD.NS -> up-to-date
153/500 (30.6%): OLECTRA.NS -> up-to-date
154/500 (30.8%): MSUMI.NS -> up-to-date
155/500 (31.0%): NHPC.NS -> up-to-date
156/500 (31.2%): NOCIL.NS -> up-to-date
157/500 (31.4%): ORIENTCEM.NS -> up-to-date
158/500 (31.6%): RAYMONDLSL.NS -> up-to-date
159/500 (31.8%): SHRIRAMFIN.NS -> up-to-date
160/500 (32.0%): SHARDACROP.NS -> up-to-date
161/500 (32.2%): SUMICHEM.NS -> up-to-date
162/500 (32.4%): SULA.NS -> up-to-date
163/500 (32.6%): TATAELXSI.NS -> up-to-date
164/500 (32.8%): YATHARTH.NS -> up-to-date
165/500 (33.0%): TECHNOE.NS -> up-to-date
166/500 (33.2%): WHIRLPOOL.NS -> up-to-date
167/500 (33.4%): UNIMECH.NS -> up-to-date
168/500 (33.6%): TARC.NS -> up-to-date
169/500 (33.8%): SUNDRMFAST.NS -> up-to-date
170/500 (34.0%): DELPHIFX.NS -> up-to-date
171/500 (34.2%): FILATEX.NS -> up-to-date
172/500 (34.4%): PATELRMART.NS -> up-to-date
173/500 (34.6%): GICHSGFIN.NS -> up-to-date
174/500 (34.8%): BALAXI.NS -> up-to-date
175/500 (35.0%): MASKINVEST.NS -> up-to-date
176/500 (35.2%): WILLAMAGOR.NS -> up-to-date
177/500 (35.4%): AJAXENGG.NS -> up-to-date
178/500 (35.6%): VASWANI.NS -> up-to-date
179/500 (35.8%): VINYLINDIA.NS -> up-to-date
180/500 (36.0%): HERANBA.NS -> up-to-date
181/500 (36.2%): NAGREEKCAP.NS -> up-to-date
182/500 (36.4%): SOLARWORLD.NS -> up-to-date
183/500 (36.6%): AGRITECH.NS -> up-to-date
184/500 (36.8%): NITINSPIN.NS -> up-to-date
185/500 (37.0%): RCOM.NS -> up-to-date
186/500 (37.2%): SEJALLTD.NS -> up-to-date
187/500 (37.4%): EFCIL.NS -> up-to-date
188/500 (37.6%): AEGISVOPAK.NS -> up-to-date
189/500 (37.8%): ROSSELLIND.NS -> up-to-date
190/500 (38.0%): DPABHUSHAN.NS -> up-to-date
191/500 (38.2%): ARCHIES.NS -> up-to-date
192/500 (38.4%): AFIL.NS -> up-to-date
193/500 (38.6%): NAVNETEDUL.NS -> up-to-date
194/500 (38.8%): KRITINUT.NS -> up-to-date
195/500 (39.0%): MODIRUBBER.NS -> up-to-date
196/500 (39.2%): NOIDATOLL.NS -> up-to-date
197/500 (39.4%): MIRCELECTR.NS -> up-to-date
198/500 (39.6%): OMAXE.NS -> up-to-date
199/500 (39.8%): HUBTOWN.NS -> up-to-date
200/500 (40.0%): SMARTWORKS.NS -> up-to-date
201/500 (40.2%): NILAINFRA.NS -> up-to-date
202/500 (40.4%): GUJALKALI.NS -> up-to-date
203/500 (40.6%): IL&FSTRANS.NS -> up-to-date
204/500 (40.8%): EXPLEOSOL.NS -> up-to-date
205/500 (41.0%): NDGL.NS -> up-to-date
206/500 (41.2%): PREMEXPLN.NS -> up-to-date
207/500 (41.4%): MANGLMCEM.NS -> up-to-date
208/500 (41.6%): UNIVPHOTO.NS -> up-to-date
209/500 (41.8%): BHARATWIRE.NS -> up-to-date
210/500 (42.0%): KOLTEPATIL.NS -> up-to-date
211/500 (42.2%): MMP.NS -> up-to-date
212/500 (42.4%): GTL.NS -> up-to-date
213/500 (42.6%): SVPGLOB.NS -> up-to-date
214/500 (42.8%): SIMPLEXINF.NS -> up-to-date
215/500 (43.0%): SADBHAV.NS -> up-to-date
216/500 (43.2%): ASHAPURMIN.NS -> up-to-date
217/500 (43.4%): SRD.NS -> up-to-date
218/500 (43.6%): ATULAUTO.NS -> up-to-date
219/500 (43.8%): BCG.NS -> up-to-date
220/500 (44.0%): WAAREEINDO.NS -> up-to-date
221/500 (44.2%): DHARAN.NS -> up-to-date
222/500 (44.4%): ALMONDZ.NS -> up-to-date
223/500 (44.6%): AXITA.NS -> up-to-date
224/500 (44.8%): SARLAPOLY.NS -> up-to-date
225/500 (45.0%): LYKALABS.NS -> up-to-date
226/500 (45.2%): BELRISE.NS -> up-to-date
227/500 (45.4%): AUSOMENT.NS -> up-to-date
228/500 (45.6%): ATLANTAELE.NS -> up-to-date
229/500 (45.8%): 3IINFOLTD.NS -> up-to-date
230/500 (46.0%): PIONEEREMB.NS -> up-to-date
231/500 (46.2%): VIRINCHI.NS -> up-to-date
232/500 (46.4%): GREENLAM.NS -> up-to-date
233/500 (46.6%): GEOJITFSL.NS -> up-to-date
234/500 (46.8%): CREATIVEYE.NS -> up-to-date
235/500 (47.0%): ELECTHERM.NS -> up-to-date
236/500 (47.2%): MEGASTAR.NS -> up-to-date
237/500 (47.4%): ONWARDTEC.NS -> up-to-date
238/500 (47.6%): INVENTURE.NS -> up-to-date
239/500 (47.8%): XELPMOC.NS -> up-to-date
240/500 (48.0%): ABB.NS -> up-to-date
241/500 (48.2%): AFCONS.NS -> up-to-date
242/500 (48.4%): SILINV.NS -> up-to-date
243/500 (48.6%): AGIIL.NS -> up-to-date
244/500 (48.8%): APOLLOTYRE.NS -> up-to-date
245/500 (49.0%): APARINDS.NS -> up-to-date
246/500 (49.2%): ASHOKA.NS -> up-to-date
247/500 (49.4%): CASTROLIND.NS -> up-to-date
248/500 (49.6%): AWFIS.NS -> up-to-date
249/500 (49.8%): ASKAUTOLTD.NS -> up-to-date
250/500 (50.0%): ESCORTS.NS -> up-to-date
251/500 (50.2%): DATAMATICS.NS -> up-to-date
252/500 (50.4%): COLPAL.NS -> up-to-date
253/500 (50.6%): CDSL.NS -> up-to-date
254/500 (50.8%): GRINFRA.NS -> up-to-date
255/500 (51.0%): FORCEMOT.NS -> up-to-date
256/500 (51.2%): HERITGFOOD.NS -> up-to-date
257/500 (51.4%): DLF.NS -> up-to-date
258/500 (51.6%): GODREJIND.NS -> up-to-date
259/500 (51.8%): HEROMOTOCO.NS -> up-to-date
260/500 (52.0%): GRINDWELL.NS -> up-to-date
261/500 (52.2%): INDIAMART.NS -> up-to-date
262/500 (52.4%): INTELLECT.NS -> up-to-date
263/500 (52.6%): ICICIGI.NS -> up-to-date
264/500 (52.8%): JPPOWER.NS -> up-to-date
265/500 (53.0%): JIOFIN.NS -> up-to-date
266/500 (53.2%): JWL.NS -> up-to-date
267/500 (53.4%): JYOTICNC.NS -> up-to-date
268/500 (53.6%): JKLAKSHMI.NS -> up-to-date
269/500 (53.8%): KANSAINER.NS -> up-to-date
270/500 (54.0%): KARURVYSYA.NS -> up-to-date
271/500 (54.2%): IXIGO.NS -> up-to-date
272/500 (54.4%): LLOYDSENGG.NS -> up-to-date
273/500 (54.6%): NBCC.NS -> up-to-date
274/500 (54.8%): KNRCON.NS -> up-to-date
275/500 (55.0%): SHAILY.NS -> up-to-date
276/500 (55.2%): PGHH.NS -> up-to-date
277/500 (55.4%): MTARTECH.NS -> up-to-date
278/500 (55.6%): SHREECEM.NS -> up-to-date
279/500 (55.8%): M&M.NS -> up-to-date
280/500 (56.0%): SANOFICONR.NS -> up-to-date
281/500 (56.2%): SPARC.NS -> up-to-date
282/500 (56.4%): TBOTEK.NS -> up-to-date
283/500 (56.6%): TITAGARH.NS -> up-to-date
284/500 (56.8%): SWIGGY.NS -> up-to-date
285/500 (57.0%): TANLA.NS -> up-to-date
286/500 (57.2%): STARHEALTH.NS -> up-to-date
287/500 (57.4%): TATACHEM.NS -> up-to-date
288/500 (57.6%): TVSSCS.NS -> up-to-date
289/500 (57.8%): TATASTEEL.NS -> up-to-date
290/500 (58.0%): ZEEL.NS -> up-to-date
291/500 (58.2%): DCW.NS -> up-to-date
292/500 (58.4%): SUBEXLTD.NS -> up-to-date
293/500 (58.6%): ANKITMETAL.NS -> up-to-date
294/500 (58.8%): INDIANHUME.NS -> up-to-date
295/500 (59.0%): MITCON.NS -> up-to-date
296/500 (59.2%): 21STCENMGM.NS -> up-to-date
297/500 (59.4%): ORIENTTECH.NS -> up-to-date
298/500 (59.6%): GVKPIL.NS -> up-to-date
299/500 (59.8%): MAZDA.NS -> up-to-date
300/500 (60.0%): JPOLYINVST.NS -> up-to-date
301/500 (60.2%): PRECAM.NS -> up-to-date
302/500 (60.4%): 5PAISA.NS -> up-to-date
303/500 (60.6%): VRAJ.NS -> up-to-date
304/500 (60.8%): GULFPETRO.NS -> up-to-date
305/500 (61.0%): HLEGLAS.NS -> up-to-date
306/500 (61.2%): SHRIRAMPPS.NS -> up-to-date
307/500 (61.4%): RAMAPHO.NS -> up-to-date
308/500 (61.6%): COMSYN.NS -> up-to-date
309/500 (61.8%): CCCL.NS -> up-to-date
310/500 (62.0%): IITL.NS -> up-to-date
311/500 (62.2%): MUNJALAU.NS -> up-to-date
312/500 (62.4%): AKSHAR.NS -> up-to-date
313/500 (62.6%): NEXTMEDIA.NS -> up-to-date
314/500 (62.8%): SCHAND.NS -> up-to-date
315/500 (63.0%): OSWALPUMPS.NS -> up-to-date
316/500 (63.2%): AURUM.NS -> up-to-date
317/500 (63.4%): GOLDIAM.NS -> up-to-date
318/500 (63.6%): ORTINGLOBE.NS -> up-to-date
319/500 (63.8%): ENIL.NS -> up-to-date
320/500 (64.0%): SUYOG.NS -> up-to-date
321/500 (64.2%): KMSUGAR.NS -> up-to-date
322/500 (64.4%): UMIYA-MRO.NS -> up-to-date
323/500 (64.6%): MFML.NS -> up-to-date
324/500 (64.8%): NAVKARCORP.NS -> up-to-date
325/500 (65.0%): BROOKS.NS -> up-to-date
326/500 (65.2%): BLUECOAST.NS -> up-to-date
327/500 (65.4%): EASTSILK.NS -> up-to-date
328/500 (65.6%): SAHYADRI.NS -> up-to-date
329/500 (65.8%): CANTABIL.NS -> up-to-date
330/500 (66.0%): MANINDS.NS -> up-to-date
331/500 (66.2%): KAMDHENU.NS -> up-to-date
332/500 (66.4%): MANGALAM.NS -> up-to-date
333/500 (66.6%): NCLIND.NS -> up-to-date
334/500 (66.8%): ROTO.NS -> up-to-date
335/500 (67.0%): GALAPREC.NS -> up-to-date
336/500 (67.2%): HUHTAMAKI.NS -> up-to-date
337/500 (67.4%): JARO.NS -> up-to-date
338/500 (67.6%): SIMBHALS.NS -> up-to-date
339/500 (67.8%): SEYAIND.NS -> up-to-date
340/500 (68.0%): TAJGVK.NS -> up-to-date
341/500 (68.2%): STYLEBAAZA.NS -> up-to-date
342/500 (68.4%): GLOBUSSPR.NS -> up-to-date
343/500 (68.6%): ZIMLAB.NS -> up-to-date
344/500 (68.8%): AVONMORE.NS -> up-to-date
345/500 (69.0%): GLOBECIVIL.NS -> up-to-date
346/500 (69.2%): HISARMETAL.NS -> up-to-date
347/500 (69.4%): KOKUYOCMLN.NS -> up-to-date
348/500 (69.6%): KRIDHANINF.NS -> up-to-date
349/500 (69.8%): BBOX.NS -> up-to-date
350/500 (70.0%): WSI.NS -> up-to-date
351/500 (70.2%): LOTUSDEV.NS -> up-to-date
352/500 (70.4%): E2E.NS -> up-to-date
353/500 (70.6%): RADHIKAJWE.NS -> up-to-date
354/500 (70.8%): ELGIRUBCO.NS -> up-to-date
355/500 (71.0%): MANBA.NS -> up-to-date
356/500 (71.2%): BLISSGVS.NS -> up-to-date
357/500 (71.4%): DHRUV.NS -> up-to-date
358/500 (71.6%): DEN.NS -> up-to-date
359/500 (71.8%): INDOCO.NS -> up-to-date
360/500 (72.0%): SURANASOL.NS -> up-to-date
361/500 (72.2%): DRCSYSTEMS.NS -> up-to-date
362/500 (72.4%): GREENPOWER.NS -> up-to-date
363/500 (72.6%): SHEKHAWATI.NS -> up-to-date
364/500 (72.8%): LANDMARK.NS -> up-to-date
365/500 (73.0%): DCMFINSERV.NS -> up-to-date
366/500 (73.2%): SHAH.NS -> up-to-date
367/500 (73.4%): FOCUS.NS -> up-to-date
368/500 (73.6%): AIROLAM.NS -> up-to-date
369/500 (73.8%): LAOPALA.NS -> up-to-date
370/500 (74.0%): PROSTARM.NS -> up-to-date
371/500 (74.2%): ARTEMISMED.NS -> up-to-date
372/500 (74.4%): NAGAFERT.NS -> up-to-date
373/500 (74.6%): ATAM.NS -> up-to-date
374/500 (74.8%): TNPETRO.NS -> up-to-date
375/500 (75.0%): LIBAS.NS -> up-to-date
376/500 (75.2%): RANEHOLDIN.NS -> up-to-date
377/500 (75.4%): MEDICO.NS -> up-to-date
378/500 (75.6%): GRPLTD.NS -> up-to-date
379/500 (75.8%): NATCAPSUQ.NS -> up-to-date
380/500 (76.0%): SPENCERS.NS -> up-to-date
381/500 (76.2%): KARMAENG.NS -> up-to-date
382/500 (76.4%): ABSLAMC.NS -> up-to-date
383/500 (76.6%): ADANIENT.NS -> up-to-date
384/500 (76.8%): ALKYLAMINE.NS -> up-to-date
385/500 (77.0%): APOLLOHOSP.NS -> up-to-date
386/500 (77.2%): ASHOKLEY.NS -> up-to-date
387/500 (77.4%): AVALON.NS -> up-to-date
388/500 (77.6%): AIIL.NS -> up-to-date
389/500 (77.8%): BEPL.NS -> up-to-date
390/500 (78.0%): BIKAJI.NS -> up-to-date
391/500 (78.2%): COCHINSHIP.NS -> up-to-date
392/500 (78.4%): BALAMINES.NS -> up-to-date
393/500 (78.6%): DATAPATTNS.NS -> up-to-date
394/500 (78.8%): ENGINERSIN.NS -> up-to-date
395/500 (79.0%): GUJGASLTD.NS -> up-to-date
396/500 (79.2%): EXIDEIND.NS -> up-to-date
397/500 (79.4%): GPPL.NS -> up-to-date
398/500 (79.6%): HAPPSTMNDS.NS -> up-to-date
399/500 (79.8%): IGIL.NS -> up-to-date
400/500 (80.0%): HINDPETRO.NS -> up-to-date
401/500 (80.2%): IDBI.NS -> up-to-date
402/500 (80.4%): JINDWORLD.NS -> up-to-date
403/500 (80.6%): ITC.NS -> up-to-date
404/500 (80.8%): HSCL.NS -> up-to-date
405/500 (81.0%): JCHAC.NS -> up-to-date
406/500 (81.2%): JUBLPHARMA.NS -> up-to-date
407/500 (81.4%): KIRLOSENG.NS -> up-to-date
408/500 (81.6%): KIMS.NS -> up-to-date
409/500 (81.8%): LICHSGFIN.NS -> up-to-date
410/500 (82.0%): LTTS.NS -> up-to-date
411/500 (82.2%): LINDEINDIA.NS -> up-to-date
412/500 (82.4%): MRPL.NS -> up-to-date
413/500 (82.6%): MCX.NS -> up-to-date
414/500 (82.8%): NCC.NS -> up-to-date
415/500 (83.0%): NH.NS -> up-to-date
416/500 (83.2%): LLOYDSENT.NS -> up-to-date
417/500 (83.4%): NMDC.NS -> up-to-date
418/500 (83.6%): NEOGEN.NS -> up-to-date
419/500 (83.8%): PETRONET.NS -> up-to-date
420/500 (84.0%): RECLTD.NS -> up-to-date
421/500 (84.2%): PFC.NS -> up-to-date
422/500 (84.4%): RATEGAIN.NS -> up-to-date
423/500 (84.6%): PIDILITIND.NS -> up-to-date
424/500 (84.8%): ROUTE.NS -> up-to-date
425/500 (85.0%): MOTHERSON.NS -> up-to-date
426/500 (85.2%): SBIN.NS -> up-to-date
427/500 (85.4%): SYMPHONY.NS -> up-to-date
428/500 (85.6%): SUNTV.NS -> up-to-date
429/500 (85.8%): TATACONSUM.NS -> up-to-date
430/500 (86.0%): VEDL.NS -> up-to-date
431/500 (86.2%): TIMETECHNO.NS -> up-to-date
432/500 (86.4%): VENTIVE.NS -> up-to-date
433/500 (86.6%): SYRMA.NS -> up-to-date
434/500 (86.8%): VMM.NS -> up-to-date
435/500 (87.0%): ATHERENERG.NS -> up-to-date
436/500 (87.2%): ZYDUSWELL.NS -> up-to-date
437/500 (87.4%): CORDSCABLE.NS -> up-to-date
438/500 (87.6%): CROWN.NS -> up-to-date
439/500 (87.8%): BBTCL.NS -> up-to-date
440/500 (88.0%): HPIL.NS -> up-to-date
441/500 (88.2%): RADIOCITY.NS -> up-to-date
442/500 (88.4%): SGMART.NS -> up-to-date
443/500 (88.6%): RAJSREESUG.NS -> up-to-date
444/500 (88.8%): DIAMONDYD.NS -> up-to-date
445/500 (89.0%): GANGESSECU.NS -> up-to-date
446/500 (89.2%): HGS.NS -> up-to-date
447/500 (89.4%): IFBAGRO.NS -> up-to-date
448/500 (89.6%): IKIO.NS -> up-to-date
449/500 (89.8%): KAUSHALYA.NS -> up-to-date
450/500 (90.0%): MANCREDIT.NS -> up-to-date
451/500 (90.2%): KCPSUGIND.NS -> up-to-date
452/500 (90.4%): BOROSCI.NS -> up-to-date
453/500 (90.6%): EXCEL.NS -> up-to-date
454/500 (90.8%): KICL.NS -> up-to-date
455/500 (91.0%): SEAMECLTD.NS -> up-to-date
456/500 (91.2%): MOTISONS.NS -> up-to-date
457/500 (91.4%): FOODSIN.NS -> up-to-date
458/500 (91.6%): BIGBLOC.NS -> up-to-date
459/500 (91.8%): KMEW.NS -> up-to-date
460/500 (92.0%): MAHEPC.NS -> up-to-date
461/500 (92.2%): PILANIINVS.NS -> up-to-date
462/500 (92.4%): XPROINDIA.NS -> up-to-date
463/500 (92.6%): DIFFNKG.NS -> up-to-date
464/500 (92.8%): NELCO.NS -> up-to-date
465/500 (93.0%): 63MOONS.NS -> up-to-date
466/500 (93.2%): DOLPHIN.NS -> up-to-date
467/500 (93.4%): APOLLOPIPE.NS -> up-to-date
468/500 (93.6%): LAXMIINDIA.NS -> up-to-date
469/500 (93.8%): INDOTECH.NS -> up-to-date
470/500 (94.0%): VIPULLTD.NS -> up-to-date
471/500 (94.2%): SPLIL.NS -> up-to-date
472/500 (94.4%): ELLEN.NS -> up-to-date
473/500 (94.6%): TAKE.NS -> up-to-date
474/500 (94.8%): TCIFINANCE.NS -> up-to-date
475/500 (95.0%): RELCHEMQ.NS -> up-to-date
476/500 (95.2%): TNPL.NS -> up-to-date
477/500 (95.4%): ASAL.NS -> up-to-date
478/500 (95.6%): JITFINFRA.NS -> up-to-date
479/500 (95.8%): CEMPRO.NS -> up-to-date
480/500 (96.0%): HBSL.NS -> up-to-date
481/500 (96.2%): HEXATRADEX.NS -> up-to-date
482/500 (96.4%): GUJAPOLLO.NS -> up-to-date
483/500 (96.6%): ORIENTHOT.NS -> up-to-date
484/500 (96.8%): TARSONS.NS -> up-to-date
485/500 (97.0%): OSWALGREEN.NS -> up-to-date
486/500 (97.2%): ASHOKAMET.NS -> up-to-date
487/500 (97.4%): GFLLIMITED.NS -> up-to-date
488/500 (97.6%): VINNY.NS -> up-to-date
489/500 (97.8%): AXISCADES.NS -> up-to-date
490/500 (98.0%): MAGADSUGAR.NS -> up-to-date
491/500 (98.2%): VIPCLOTHNG.NS -> up-to-date
492/500 (98.4%): ORCHASP.NS -> up-to-date
493/500 (98.6%): PLAZACABLE.NS -> up-to-date
$HBLPOWER.NS: possibly delisted; no timezone found
494/500 (98.8%): HBLPOWER.NS -> skipped
HTTP Error 404: {"quoteSummary":{"result":null,"error":{"code":"Not Found","description":"Quote not found for symbol: GANESHHOUC.NS"}}}
$AEGISCHEM.NS: possibly delisted; no timezone found
495/500 (99.0%): AEGISCHEM.NS -> skipped
$FSC.NS: possibly delisted; no price data found  (1d 2025-11-29 -> 2025-12-02)
496/500 (99.2%): FSC.NS -> skipped
$EUROTEXIND.NS: possibly delisted; no price data found  (1d 2025-11-29 -> 2025-12-02)
497/500 (99.4%): EUROTEXIND.NS -> skipped
498/500 (99.6%): DHANI.NS -> +1 rows (2025-10-27->2025-10-27)
499/500 (99.8%): NDTV-RE.NS -> +1 rows (2025-10-03->2025-10-03)
$GANESHHOUC.NS: possibly delisted; no timezone found
500/500 (100.0%): GANESHHOUC.NS -> skipped

[OK] Ultra-fast parallel update complete.
