1/500 (0.2%): AIIL.NS -> up-to-date
2/500 (0.4%): ADANIENT.NS -> up-to-date
3/500 (0.6%): APOLLOHOSP.NS -> up-to-date
4/500 (0.8%): ABSLAMC.NS -> up-to-date
5/500 (1.0%): ASHOKLEY.NS -> up-to-date
6/500 (1.2%): ALKYLAMINE.NS -> up-to-date
7/500 (1.4%): BALAMINES.NS -> up-to-date
8/500 (1.6%): AVALON.NS -> up-to-date
9/500 (1.8%): BEPL.NS -> up-to-date
10/500 (2.0%): COCHINSHIP.NS -> up-to-date
11/500 (2.2%): BIKAJI.NS -> up-to-date
12/500 (2.4%): DATAPATTNS.NS -> up-to-date
13/500 (2.6%): GUJGASLTD.NS -> up-to-date
14/500 (2.8%): ENGINERSIN.NS -> up-to-date
15/500 (3.0%): EXIDEIND.NS -> up-to-date
16/500 (3.2%): GPPL.NS -> up-to-date
17/500 (3.4%): HAPPSTMNDS.NS -> up-to-date
18/500 (3.6%): HINDPETRO.NS -> up-to-date
19/500 (3.8%): ITC.NS -> up-to-date
20/500 (4.0%): KIRLOSENG.NS -> up-to-date
21/500 (4.2%): JINDWORLD.NS -> up-to-date
22/500 (4.4%): IDBI.NS -> up-to-date
23/500 (4.6%): KIMS.NS -> up-to-date
24/500 (4.8%): LTTS.NS -> up-to-date
25/500 (5.0%): NCC.NS -> up-to-date
26/500 (5.2%): LINDEINDIA.NS -> up-to-date
27/500 (5.4%): LLOYDSENT.NS -> up-to-date
28/500 (5.6%): JUBLPHARMA.NS -> up-to-date
29/500 (5.8%): HSCL.NS -> up-to-date
30/500 (6.0%): LICHSGFIN.NS -> up-to-date
31/500 (6.2%): MRPL.NS -> up-to-date
32/500 (6.4%): NH.NS -> up-to-date
33/500 (6.6%): IGIL.NS -> up-to-date
34/500 (6.8%): MCX.NS -> up-to-date
35/500 (7.0%): JCHAC.NS -> up-to-date
36/500 (7.2%): PETRONET.NS -> up-to-date
37/500 (7.4%): NMDC.NS -> up-to-date
38/500 (7.6%): NEOGEN.NS -> up-to-date
39/500 (7.8%): PIDILITIND.NS -> up-to-date
40/500 (8.0%): RECLTD.NS -> up-to-date
41/500 (8.2%): MOTHERSON.NS -> up-to-date
42/500 (8.4%): VEDL.NS -> up-to-date
43/500 (8.6%): SYRMA.NS -> up-to-date
44/500 (8.8%): SUNTV.NS -> up-to-date
45/500 (9.0%): PFC.NS -> up-to-date
46/500 (9.2%): VENTIVE.NS -> up-to-date
47/500 (9.4%): SYMPHONY.NS -> up-to-date
48/500 (9.6%): ROUTE.NS -> up-to-date
49/500 (9.8%): SBIN.NS -> up-to-date
50/500 (10.0%): TATACONSUM.NS -> up-to-date
51/500 (10.2%): RATEGAIN.NS -> up-to-date
52/500 (10.4%): TIMETECHNO.NS -> up-to-date
53/500 (10.6%): VMM.NS -> up-to-date
54/500 (10.8%): ZYDUSWELL.NS -> up-to-date
55/500 (11.0%): ATHERENERG.NS -> up-to-date
56/500 (11.2%): RAJSREESUG.NS -> up-to-date
57/500 (11.4%): CROWN.NS -> up-to-date
58/500 (11.6%): BBTCL.NS -> up-to-date
59/500 (11.8%): RADIOCITY.NS -> up-to-date
60/500 (12.0%): HPIL.NS -> up-to-date
61/500 (12.2%): IKIO.NS -> up-to-date
62/500 (12.4%): SGMART.NS -> up-to-date
63/500 (12.6%): HGS.NS -> up-to-date
64/500 (12.8%): GANGESSECU.NS -> up-to-date
65/500 (13.0%): DIAMONDYD.NS -> up-to-date
66/500 (13.2%): KAUSHALYA.NS -> up-to-date
67/500 (13.4%): EXCEL.NS -> up-to-date
68/500 (13.6%): BOROSCI.NS -> up-to-date
69/500 (13.8%): KICL.NS -> up-to-date
70/500 (14.0%): MANCREDIT.NS -> up-to-date
71/500 (14.2%): KCPSUGIND.NS -> up-to-date
72/500 (14.4%): FOODSIN.NS -> up-to-date
73/500 (14.6%): BIGBLOC.NS -> up-to-date
74/500 (14.8%): MOTISONS.NS -> up-to-date
75/500 (15.0%): CORDSCABLE.NS -> up-to-date
76/500 (15.2%): SEAMECLTD.NS -> up-to-date
77/500 (15.4%): KMEW.NS -> up-to-date
78/500 (15.6%): MAHEPC.NS -> up-to-date
79/500 (15.8%): IFBAGRO.NS -> up-to-date
80/500 (16.0%): PILANIINVS.NS -> up-to-date
81/500 (16.2%): XPROINDIA.NS -> up-to-date
82/500 (16.4%): LAXMIINDIA.NS -> up-to-date
83/500 (16.6%): APOLLOPIPE.NS -> up-to-date
84/500 (16.8%): DIFFNKG.NS -> up-to-date
85/500 (17.0%): NELCO.NS -> up-to-date
86/500 (17.2%): INDOTECH.NS -> up-to-date
87/500 (17.4%): VIPULLTD.NS -> up-to-date
88/500 (17.6%): DOLPHIN.NS -> up-to-date
89/500 (17.8%): 63MOONS.NS -> up-to-date
90/500 (18.0%): TCIFINANCE.NS -> up-to-date
91/500 (18.2%): JITFINFRA.NS -> up-to-date
92/500 (18.4%): SPLIL.NS -> up-to-date
93/500 (18.6%): ELLEN.NS -> up-to-date
94/500 (18.8%): TAKE.NS -> up-to-date
95/500 (19.0%): TNPL.NS -> up-to-date
96/500 (19.2%): CEMPRO.NS -> up-to-date
97/500 (19.4%): GUJAPOLLO.NS -> up-to-date
98/500 (19.6%): RELCHEMQ.NS -> up-to-date
99/500 (19.8%): HEXATRADEX.NS -> up-to-date
100/500 (20.0%): HBSL.NS -> up-to-date
101/500 (20.2%): ASAL.NS -> up-to-date
102/500 (20.4%): OSWALGREEN.NS -> up-to-date
103/500 (20.6%): VINNY.NS -> up-to-date
104/500 (20.8%): ORIENTHOT.NS -> up-to-date
105/500 (21.0%): VIPCLOTHNG.NS -> up-to-date
106/500 (21.2%): GFLLIMITED.NS -> up-to-date
107/500 (21.4%): ROLTA.NS -> up-to-date
108/500 (21.6%): AXISCADES.NS -> up-to-date
109/500 (21.8%): TEMBO.NS -> up-to-date
110/500 (22.0%): PLAZACABLE.NS -> up-to-date
111/500 (22.2%): SATIN.NS -> up-to-date
112/500 (22.4%): TARSONS.NS -> up-to-date
113/500 (22.6%): ASHOKAMET.NS -> up-to-date
114/500 (22.8%): HEUBACHIND.NS -> up-to-date
115/500 (23.0%): IGARASHI.NS -> up-to-date
116/500 (23.2%): ORIENTELEC.NS -> up-to-date
117/500 (23.4%): WANBURY.NS -> up-to-date
118/500 (23.6%): TREL.NS -> up-to-date
119/500 (23.8%): JASH.NS -> up-to-date
120/500 (24.0%): MAGADSUGAR.NS -> up-to-date
121/500 (24.2%): ORCHASP.NS -> up-to-date
122/500 (24.4%): JAINREC.NS -> up-to-date
123/500 (24.6%): SANGAMIND.NS -> up-to-date
124/500 (24.8%): MAHLOG.NS -> up-to-date
125/500 (25.0%): MASTERTR.NS -> up-to-date
126/500 (25.2%): THEINVEST.NS -> up-to-date
127/500 (25.4%): PICCADIL.NS -> up-to-date
128/500 (25.6%): EBGNG.NS -> up-to-date
129/500 (25.8%): PALREDTEC.NS -> up-to-date
130/500 (26.0%): NAHARPOLY.NS -> up-to-date
131/500 (26.2%): TFL.NS -> up-to-date
132/500 (26.4%): ZEELEARN.NS -> up-to-date
133/500 (26.6%): OCCLLTD.NS -> up-to-date
134/500 (26.8%): JAGSNPHARM.NS -> up-to-date
135/500 (27.0%): XCHANGING.NS -> up-to-date
136/500 (27.2%): GANESHBE.NS -> up-to-date
137/500 (27.4%): NPST.NS -> up-to-date
138/500 (27.6%): KOTHARIPRO.NS -> up-to-date
139/500 (27.8%): TPHQ.NS -> up-to-date
140/500 (28.0%): MBAPL.NS -> up-to-date
141/500 (28.2%): SOUTHWEST.NS -> up-to-date
142/500 (28.4%): RUPA.NS -> up-to-date
143/500 (28.6%): BALKRISHNA.NS -> up-to-date
144/500 (28.8%): SBGLP.NS -> up-to-date
145/500 (29.0%): SAKUMA.NS -> up-to-date
146/500 (29.2%): HGM.NS -> up-to-date
147/500 (29.4%): TCI.NS -> up-to-date
148/500 (29.6%): STARPAPER.NS -> up-to-date
149/500 (29.8%): PYRAMID.NS -> up-to-date
150/500 (30.0%): BANSWRAS.NS -> up-to-date
151/500 (30.2%): TOTAL.NS -> up-to-date
152/500 (30.4%): JYOTISTRUC.NS -> up-to-date
153/500 (30.6%): FISCHER.NS -> up-to-date
154/500 (30.8%): ACE.NS -> up-to-date
155/500 (31.0%): BALUFORGE.NS -> up-to-date
156/500 (31.2%): BSOFT.NS -> up-to-date
157/500 (31.4%): CGPOWER.NS -> up-to-date
158/500 (31.6%): BSE.NS -> up-to-date
159/500 (31.8%): AFFLE.NS -> up-to-date
160/500 (32.0%): PENIND.NS -> up-to-date
161/500 (32.2%): MAPMYINDIA.NS -> up-to-date
162/500 (32.4%): CANFINHOME.NS -> up-to-date
163/500 (32.6%): ABBOTINDIA.NS -> up-to-date
164/500 (32.8%): CUMMINSIND.NS -> up-to-date
165/500 (33.0%): GODREJCP.NS -> up-to-date
166/500 (33.2%): DCBBANK.NS -> up-to-date
167/500 (33.4%): GRAPHITE.NS -> up-to-date
168/500 (33.6%): GREENPLY.NS -> up-to-date
169/500 (33.8%): ELGIEQUIP.NS -> up-to-date
170/500 (34.0%): DEEPAKFERT.NS -> up-to-date
171/500 (34.2%): FLUOROCHEM.NS -> up-to-date
172/500 (34.4%): GULFOILLUB.NS -> up-to-date
173/500 (34.6%): DMART.NS -> up-to-date
174/500 (34.8%): CCL.NS -> up-to-date
175/500 (35.0%): INDIANB.NS -> up-to-date
176/500 (35.2%): HEMIPROP.NS -> up-to-date
177/500 (35.4%): ITI.NS -> up-to-date
178/500 (35.6%): JBCHEPHARM.NS -> up-to-date
179/500 (35.8%): HAVELLS.NS -> up-to-date
180/500 (36.0%): KAYNES.NS -> up-to-date
181/500 (36.2%): KAJARIACER.NS -> up-to-date
182/500 (36.4%): OIL.NS -> up-to-date
183/500 (36.6%): MIDHANI.NS -> up-to-date
184/500 (36.8%): RAINBOW.NS -> up-to-date
185/500 (37.0%): NEWGEN.NS -> up-to-date
186/500 (37.2%): NTPC.NS -> up-to-date
187/500 (37.4%): RAILTEL.NS -> up-to-date
188/500 (37.6%): TIMKEN.NS -> up-to-date
189/500 (37.8%): NEULANDLAB.NS -> up-to-date
190/500 (38.0%): SENCO.NS -> up-to-date
191/500 (38.2%): PVRINOX.NS -> up-to-date
192/500 (38.4%): SUNPHARMA.NS -> up-to-date
193/500 (38.6%): BIOFILCHEM.NS -> up-to-date
194/500 (38.8%): VAIBHAVGBL.NS -> up-to-date
195/500 (39.0%): TVSMOTOR.NS -> up-to-date
196/500 (39.2%): RVTH.NS -> up-to-date
197/500 (39.4%): PARACABLES.NS -> up-to-date
198/500 (39.6%): BALPHARMA.NS -> up-to-date
199/500 (39.8%): SAMHI.NS -> up-to-date
200/500 (40.0%): HITECHGEAR.NS -> up-to-date
201/500 (40.2%): MATRIMONY.NS -> up-to-date
202/500 (40.4%): GNA.NS -> up-to-date
203/500 (40.6%): THEJO.NS -> up-to-date
204/500 (40.8%): ALBERTDAVD.NS -> up-to-date
205/500 (41.0%): VRLLOG.NS -> up-to-date
206/500 (41.2%): VSTL.NS -> up-to-date
207/500 (41.4%): SECMARK.NS -> up-to-date
208/500 (41.6%): BTML.NS -> up-to-date
209/500 (41.8%): MONARCH.NS -> up-to-date
210/500 (42.0%): AMDIND.NS -> up-to-date
211/500 (42.2%): SENORES.NS -> up-to-date
212/500 (42.4%): SUNDARAM.NS -> up-to-date
213/500 (42.6%): SURANAT&P.NS -> up-to-date
214/500 (42.8%): GOODLUCK.NS -> up-to-date
215/500 (43.0%): VARDHACRLC.NS -> up-to-date
216/500 (43.2%): MAHASTEEL.NS -> up-to-date
217/500 (43.4%): UNIVCABLES.NS -> up-to-date
218/500 (43.6%): BAJEL.NS -> up-to-date
219/500 (43.8%): A2ZINFRA.NS -> up-to-date
220/500 (44.0%): UDS.NS -> up-to-date
221/500 (44.2%): JINDALPHOT.NS -> up-to-date
222/500 (44.4%): TOUCHWOOD.NS -> up-to-date
223/500 (44.6%): DREAMFOLKS.NS -> up-to-date
224/500 (44.8%): LOYALTEX.NS -> up-to-date
225/500 (45.0%): RATNAVEER.NS -> up-to-date
226/500 (45.2%): AMBICAAGAR.NS -> up-to-date
227/500 (45.4%): CONSOFINVT.NS -> up-to-date
228/500 (45.6%): GALAXYSURF.NS -> up-to-date
229/500 (45.8%): RADAAN.NS -> up-to-date
230/500 (46.0%): MINDTECK.NS -> up-to-date
231/500 (46.2%): MUFTI.NS -> up-to-date
232/500 (46.4%): SILGO.NS -> up-to-date
233/500 (46.6%): GANDHITUBE.NS -> up-to-date
234/500 (46.8%): CYBERMEDIA.NS -> up-to-date
235/500 (47.0%): AHLEAST.NS -> up-to-date
236/500 (47.2%): URBANCO.NS -> up-to-date
237/500 (47.4%): BHAGERIA.NS -> up-to-date
238/500 (47.6%): CENTEXT.NS -> up-to-date
239/500 (47.8%): SURAJLTD.NS -> up-to-date
240/500 (48.0%): WCIL.NS -> up-to-date
241/500 (48.2%): LGBBROSLTD.NS -> up-to-date
242/500 (48.4%): NSIL.NS -> up-to-date
243/500 (48.6%): DELTACORP.NS -> up-to-date
244/500 (48.8%): VIJIFIN.NS -> up-to-date
245/500 (49.0%): NIRAJISPAT.NS -> up-to-date
246/500 (49.2%): 3PLAND.NS -> up-to-date
247/500 (49.4%): PIGL.NS -> up-to-date
248/500 (49.6%): GULPOLY.NS -> up-to-date
249/500 (49.8%): IRMENERGY.NS -> up-to-date
250/500 (50.0%): DEVIT.NS -> up-to-date
251/500 (50.2%): JOCIL.NS -> up-to-date
252/500 (50.4%): DWARKESH.NS -> up-to-date
253/500 (50.6%): KANANIIND.NS -> up-to-date
254/500 (50.8%): GPTHEALTH.NS -> up-to-date
255/500 (51.0%): ROML.NS -> up-to-date
256/500 (51.2%): TOLINS.NS -> up-to-date
257/500 (51.4%): TVSSRICHAK.NS -> up-to-date
258/500 (51.6%): HITECH.NS -> up-to-date
259/500 (51.8%): MOL.NS -> up-to-date
260/500 (52.0%): PFS.NS -> up-to-date
261/500 (52.2%): DGCONTENT.NS -> up-to-date
262/500 (52.4%): FLAIR.NS -> up-to-date
263/500 (52.6%): ITDC.NS -> up-to-date
264/500 (52.8%): APOLSINHOT.NS -> up-to-date
265/500 (53.0%): KRYSTAL.NS -> up-to-date
266/500 (53.2%): TRU.NS -> up-to-date
267/500 (53.4%): CENTRUM.NS -> up-to-date
268/500 (53.6%): GALLANTT.NS -> up-to-date
269/500 (53.8%): GOKULAGRO.NS -> up-to-date
270/500 (54.0%): RAMKY.NS -> up-to-date
271/500 (54.2%): PANACHE.NS -> up-to-date
272/500 (54.4%): KHAITANLTD.NS -> up-to-date
273/500 (54.6%): EUROBOND.NS -> up-to-date
274/500 (54.8%): SCODATUBES.NS -> up-to-date
275/500 (55.0%): POKARNA.NS -> up-to-date
276/500 (55.2%): SPIC.NS -> up-to-date
277/500 (55.4%): HLVLTD.NS -> up-to-date
278/500 (55.6%): DBSTOCKBRO.NS -> up-to-date
279/500 (55.8%): GUJRAFFIA.NS -> up-to-date
280/500 (56.0%): RISHABH.NS -> up-to-date
281/500 (56.2%): UNIINFO.NS -> up-to-date
282/500 (56.4%): PROTEAN.NS -> up-to-date
283/500 (56.6%): RAYMONDREL.NS -> up-to-date
284/500 (56.8%): LANCORHOL.NS -> up-to-date
285/500 (57.0%): SURYALAXMI.NS -> up-to-date
286/500 (57.2%): MOSCHIP.NS -> up-to-date
287/500 (57.4%): HIMATSEIDE.NS -> up-to-date
288/500 (57.6%): PEARLPOLY.NS -> up-to-date
289/500 (57.8%): RKEC.NS -> up-to-date
290/500 (58.0%): SWANCORP.NS -> up-to-date
291/500 (58.2%): ALLCARGO.NS -> up-to-date
292/500 (58.4%): SHREERAMA.NS -> up-to-date
293/500 (58.6%): AMBUJACEM.NS -> up-to-date
294/500 (58.8%): AURIONPRO.NS -> up-to-date
295/500 (59.0%): AXISBANK.NS -> up-to-date
296/500 (59.2%): BANKINDIA.NS -> up-to-date
297/500 (59.4%): BALKRISIND.NS -> up-to-date
298/500 (59.6%): BALRAMCHIN.NS -> up-to-date
299/500 (59.8%): BERGEPAINT.NS -> up-to-date
300/500 (60.0%): AZAD.NS -> up-to-date
301/500 (60.2%): EIHOTEL.NS -> up-to-date
302/500 (60.4%): DODLA.NS -> up-to-date
303/500 (60.6%): GABRIEL.NS -> up-to-date
304/500 (60.8%): JUSTDIAL.NS -> up-to-date
305/500 (61.0%): HINDZINC.NS -> up-to-date
306/500 (61.2%): EMAMILTD.NS -> up-to-date
307/500 (61.4%): HEIDELBERG.NS -> up-to-date
308/500 (61.6%): OBEROIRLTY.NS -> up-to-date
309/500 (61.8%): IRB.NS -> up-to-date
310/500 (62.0%): METROPOLIS.NS -> up-to-date
311/500 (62.2%): MPHASIS.NS -> up-to-date
312/500 (62.4%): JINDALSAW.NS -> up-to-date
313/500 (62.6%): NLCINDIA.NS -> up-to-date
314/500 (62.8%): NESTLEIND.NS -> up-to-date
315/500 (63.0%): PAISALO.NS -> up-to-date
316/500 (63.2%): PARAS.NS -> up-to-date
317/500 (63.4%): MAHSEAMLES.NS -> up-to-date
318/500 (63.6%): RELINFRA.NS -> up-to-date
319/500 (63.8%): STLTECH.NS -> up-to-date
320/500 (64.0%): SRF.NS -> up-to-date
321/500 (64.2%): RHIM.NS -> up-to-date
322/500 (64.4%): TCS.NS -> up-to-date
323/500 (64.6%): TORNTPOWER.NS -> up-to-date
324/500 (64.8%): TIRUMALCHM.NS -> up-to-date
325/500 (65.0%): RAMCOCEM.NS -> up-to-date
326/500 (65.2%): DBREALTY.NS -> up-to-date
327/500 (65.4%): SUPRAJIT.NS -> up-to-date
328/500 (65.6%): SONACOMS.NS -> up-to-date
329/500 (65.8%): VTL.NS -> up-to-date
330/500 (66.0%): UNOMINDA.NS -> up-to-date
331/500 (66.2%): VMART.NS -> up-to-date
332/500 (66.4%): TEAMLEASE.NS -> up-to-date
333/500 (66.6%): ANMOL.NS -> up-to-date
334/500 (66.8%): CHEMBOND.NS -> up-to-date
335/500 (67.0%): GANESHHOU.NS -> up-to-date
336/500 (67.2%): BALAJEE.NS -> up-to-date
337/500 (67.4%): BHARATSE.NS -> up-to-date
338/500 (67.6%): CENTENKA.NS -> up-to-date
339/500 (67.8%): HPL.NS -> up-to-date
340/500 (68.0%): HEADSUP.NS -> up-to-date
341/500 (68.2%): DIGITIDE.NS -> up-to-date
342/500 (68.4%): HTMEDIA.NS -> up-to-date
343/500 (68.6%): SJS.NS -> up-to-date
344/500 (68.8%): JAYAGROGN.NS -> up-to-date
345/500 (69.0%): HAVISHA.NS -> up-to-date
346/500 (69.2%): KKCL.NS -> up-to-date
347/500 (69.4%): SBC.NS -> up-to-date
348/500 (69.6%): MWL.NS -> up-to-date
349/500 (69.8%): AEROENTER.NS -> up-to-date
350/500 (70.0%): RGL.NS -> up-to-date
351/500 (70.2%): RSWM.NS -> up-to-date
352/500 (70.4%): NIITLTD.NS -> up-to-date
353/500 (70.6%): QPOWER.NS -> up-to-date
354/500 (70.8%): EPACKPEB.NS -> up-to-date
355/500 (71.0%): NRL.NS -> up-to-date
356/500 (71.2%): EVEREADY.NS -> up-to-date
357/500 (71.4%): PLASTIBLEN.NS -> up-to-date
358/500 (71.6%): BVCL.NS -> up-to-date
359/500 (71.8%): MOKSH.NS -> up-to-date
360/500 (72.0%): DEEDEV.NS -> up-to-date
361/500 (72.2%): EQUIPPP.NS -> up-to-date
362/500 (72.4%): SPECTRUM.NS -> up-to-date
363/500 (72.6%): DONEAR.NS -> up-to-date
364/500 (72.8%): INDBANK.NS -> up-to-date
365/500 (73.0%): RANASUG.NS -> up-to-date
366/500 (73.2%): EMMBI.NS -> up-to-date
367/500 (73.4%): MEDIASSIST.NS -> up-to-date
368/500 (73.6%): KHAICHEM.NS -> up-to-date
369/500 (73.8%): LOKESHMACH.NS -> up-to-date
370/500 (74.0%): AHCL.NS -> up-to-date
371/500 (74.2%): SEPC.NS -> up-to-date
372/500 (74.4%): MHLXMIRU.NS -> up-to-date
373/500 (74.6%): TASTYBITE.NS -> up-to-date
374/500 (74.8%): ALKALI.NS -> up-to-date
375/500 (75.0%): CUPID.NS -> up-to-date
376/500 (75.2%): MURUDCERA.NS -> up-to-date
377/500 (75.4%): DHUNINV.NS -> up-to-date
378/500 (75.6%): MONTECARLO.NS -> up-to-date
379/500 (75.8%): SALONA.NS -> up-to-date
380/500 (76.0%): KEEPLEARN.NS -> up-to-date
381/500 (76.2%): VAISHALI.NS -> up-to-date
382/500 (76.4%): SWELECTES.NS -> up-to-date
383/500 (76.6%): ECOSMOBLTY.NS -> up-to-date
384/500 (76.8%): FOSECOIND.NS -> up-to-date
385/500 (77.0%): ROSSTECH.NS -> up-to-date
386/500 (77.2%): VIVIDHA.NS -> up-to-date
387/500 (77.4%): LPDC.NS -> up-to-date
388/500 (77.6%): KALPATARU.NS -> up-to-date
389/500 (77.8%): MARATHON.NS -> up-to-date
390/500 (78.0%): PSB.NS -> up-to-date
391/500 (78.2%): SIS.NS -> up-to-date
392/500 (78.4%): TEXINFRA.NS -> up-to-date
393/500 (78.6%): BGRENERGY.NS -> up-to-date
394/500 (78.8%): BLAL.NS -> up-to-date
395/500 (79.0%): GTPL.NS -> up-to-date
396/500 (79.2%): APOLLO.NS -> up-to-date
397/500 (79.4%): XTGLOBAL.NS -> up-to-date
398/500 (79.6%): DICIND.NS -> up-to-date
399/500 (79.8%): BAJAJCON.NS -> up-to-date
400/500 (80.0%): ADROITINFO.NS -> up-to-date
401/500 (80.2%): AUTOAXLES.NS -> up-to-date
402/500 (80.4%): HCL-INSYS.NS -> up-to-date
403/500 (80.6%): ORBTEXP.NS -> up-to-date
404/500 (80.8%): MAANALU.NS -> up-to-date
405/500 (81.0%): OSWALSEEDS.NS -> up-to-date
406/500 (81.2%): VISHWARAJ.NS -> up-to-date
407/500 (81.4%): SHIVAMILLS.NS -> up-to-date
408/500 (81.6%): KAVDEFENCE.NS -> up-to-date
409/500 (81.8%): ADSL.NS -> up-to-date
410/500 (82.0%): STALLION.NS -> up-to-date
411/500 (82.2%): BIRLACABLE.NS -> up-to-date
412/500 (82.4%): JINDRILL.NS -> up-to-date
413/500 (82.6%): LYPSAGEMS.NS -> up-to-date
414/500 (82.8%): KANORICHEM.NS -> up-to-date
415/500 (83.0%): COSMOFIRST.NS -> up-to-date
416/500 (83.2%): BSL.NS -> up-to-date
417/500 (83.4%): AVROIND.NS -> up-to-date
418/500 (83.6%): MASFIN.NS -> up-to-date
419/500 (83.8%): PAKKA.NS -> up-to-date
420/500 (84.0%): KECL.NS -> up-to-date
421/500 (84.2%): AJMERA.NS -> up-to-date
422/500 (84.4%): EXXARO.NS -> up-to-date
423/500 (84.6%): HITECHCORP.NS -> up-to-date
424/500 (84.8%): SURAKSHA.NS -> up-to-date
425/500 (85.0%): JUNIPER.NS -> up-to-date
426/500 (85.2%): SUPREMEINF.NS -> up-to-date
427/500 (85.4%): MANAKSTEEL.NS -> up-to-date
428/500 (85.6%): DYNPRO.NS -> up-to-date
429/500 (85.8%): VLEGOV.NS -> up-to-date
430/500 (86.0%): LIKHITHA.NS -> up-to-date
431/500 (86.2%): MORARJEE.NS -> up-to-date
432/500 (86.4%): PARKHOTELS.NS -> up-to-date
433/500 (86.6%): AKZOINDIA.NS -> up-to-date
434/500 (86.8%): AAVAS.NS -> up-to-date
435/500 (87.0%): AUBANK.NS -> up-to-date
436/500 (87.2%): ASTERDM.NS -> up-to-date
437/500 (87.4%): BAJAJ-AUTO.NS -> up-to-date
438/500 (87.6%): BIOCON.NS -> up-to-date
439/500 (87.8%): CHENNPETRO.NS -> up-to-date
440/500 (88.0%): CRISIL.NS -> up-to-date
441/500 (88.2%): DRREDDY.NS -> up-to-date
442/500 (88.4%): GREENPANEL.NS -> up-to-date
443/500 (88.6%): FSL.NS -> up-to-date
444/500 (88.8%): HINDCOPPER.NS -> up-to-date
445/500 (89.0%): HYUNDAI.NS -> up-to-date
446/500 (89.2%): GSPL.NS -> up-to-date
447/500 (89.4%): INDGN.NS -> up-to-date
448/500 (89.6%): IMAGICAA.NS -> up-to-date
449/500 (89.8%): INDUSINDBK.NS -> up-to-date
450/500 (90.0%): JINDALSTEL.NS -> up-to-date
451/500 (90.2%): LTFOODS.NS -> up-to-date
452/500 (90.4%): JMFINANCIL.NS -> up-to-date
453/500 (90.6%): JSFB.NS -> up-to-date
454/500 (90.8%): MAHSCOOTER.NS -> up-to-date
455/500 (91.0%): MARICO.NS -> up-to-date
456/500 (91.2%): MMTC.NS -> up-to-date
457/500 (91.4%): METROBRAND.NS -> up-to-date
458/500 (91.6%): NESCO.NS -> up-to-date
459/500 (91.8%): PRSMJOHNSN.NS -> up-to-date
460/500 (92.0%): NATCOPHARM.NS -> up-to-date
461/500 (92.2%): RATNAMANI.NS -> up-to-date
462/500 (92.4%): SUNFLAG.NS -> up-to-date
463/500 (92.6%): SUNDARMFIN.NS -> up-to-date
464/500 (92.8%): RBA.NS -> up-to-date
465/500 (93.0%): SUNTECK.NS -> up-to-date
466/500 (93.2%): GESHIP.NS -> up-to-date
467/500 (93.4%): UNIONBANK.NS -> up-to-date
468/500 (93.6%): VSTIND.NS -> up-to-date
469/500 (93.8%): WELENT.NS -> up-to-date
470/500 (94.0%): ZENSARTECH.NS -> up-to-date
471/500 (94.2%): ACEINTEG.NS -> up-to-date
472/500 (94.4%): ANDHRAPAP.NS -> up-to-date
473/500 (94.6%): GENUSPAPER.NS -> up-to-date
474/500 (94.8%): VERANDA.NS -> up-to-date
475/500 (95.0%): WAAREERTL.NS -> up-to-date
476/500 (95.2%): UNITECH.NS -> up-to-date
477/500 (95.4%): GARUDA.NS -> up-to-date
478/500 (95.6%): CPEDU.NS -> up-to-date
479/500 (95.8%): GKENERGY.NS -> up-to-date
480/500 (96.0%): MEDICAMEQ.NS -> up-to-date
481/500 (96.2%): SADBHIN.NS -> up-to-date
482/500 (96.4%): RKSWAMY.NS -> up-to-date
483/500 (96.6%): GATECHDVR.NS -> up-to-date
484/500 (96.8%): ICRA.NS -> up-to-date
485/500 (97.0%): INDOUS.NS -> up-to-date
486/500 (97.2%): MUFIN.NS -> up-to-date
487/500 (97.4%): SELMC.NS -> up-to-date
488/500 (97.6%): INDRAMEDCO.NS -> up-to-date
489/500 (97.8%): TFCILTD.NS -> up-to-date
490/500 (98.0%): STEL.NS -> up-to-date
491/500 (98.2%): TTKPRESTIG.NS -> up-to-date
$IBULHSGFIN.NS: possibly delisted; no timezone found
492/500 (98.4%): IBULHSGFIN.NS -> skipped$PEL.NS: possibly delisted; no timezone found

493/500 (98.6%): PEL.NS -> skipped
$CENTURYTEX.NS: possibly delisted; no timezone found
494/500 (98.8%): CENTURYTEX.NS -> skipped
$AEGISCHEM.NS: possibly delisted; no timezone found
495/500 (99.0%): AEGISCHEM.NS -> skipped
$WORTH.NS: possibly delisted; no price data found  (1d 2025-11-29 -> 2025-12-02)
496/500 (99.2%): WORTH.NS -> skipped
$FSC.NS: possibly delisted; no price data found  (1d 2025-11-29 -> 2025-12-02)
497/500 (99.4%): FSC.NS -> skipped
498/500 (99.6%): DHANI.NS -> +1 rows (2025-10-27->2025-10-27)
$ZOMATO.NS: possibly delisted; no timezone found
499/500 (99.8%): ZOMATO.NS -> skipped
$GMRINFRA.NS: possibly delisted; no timezone found
500/500 (100.0%): GMRINFRA.NS -> skipped

[OK] Ultra-fast parallel update complete.
