1/500 (0.2%): GVT&D.NS -> up-to-date
2/500 (0.4%): ACC.NS -> up-to-date
3/500 (0.6%): ALKEM.NS -> up-to-date
4/500 (0.8%): ENTERO.NS -> up-to-date
5/500 (1.0%): DALBHARAT.NS -> up-to-date
6/500 (1.2%): CHALET.NS -> up-to-date
7/500 (1.4%): CHEMPLASTS.NS -> up-to-date
8/500 (1.6%): BANSALWIRE.NS -> up-to-date
9/500 (1.8%): GICRE.NS -> up-to-date
10/500 (2.0%): BEL.NS -> up-to-date
11/500 (2.2%): ENDURANCE.NS -> up-to-date
12/500 (2.4%): JSL.NS -> up-to-date
13/500 (2.6%): EMBDL.NS -> up-to-date
14/500 (2.8%): AETHER.NS -> up-to-date
15/500 (3.0%): HCLTECH.NS -> up-to-date
16/500 (3.2%): IFBIND.NS -> up-to-date
17/500 (3.4%): GOKEX.NS -> up-to-date
18/500 (3.6%): JSWHL.NS -> up-to-date
19/500 (3.8%): MOTILALOFS.NS -> up-to-date
20/500 (4.0%): MRF.NS -> up-to-date
21/500 (4.2%): MHRIL.NS -> up-to-date
22/500 (4.4%): NETWEB.NS -> up-to-date
23/500 (4.6%): ICICIBANK.NS -> up-to-date
24/500 (4.8%): NAZARA.NS -> up-to-date
25/500 (5.0%): INOXINDIA.NS -> up-to-date
26/500 (5.2%): POLICYBZR.NS -> up-to-date
27/500 (5.4%): PARADEEP.NS -> up-to-date
28/500 (5.6%): PFIZER.NS -> up-to-date
29/500 (5.8%): PATANJALI.NS -> up-to-date
30/500 (6.0%): NFL.NS -> up-to-date
31/500 (6.2%): PRESTIGE.NS -> up-to-date
32/500 (6.4%): POWERINDIA.NS -> up-to-date
33/500 (6.6%): POLYCAB.NS -> up-to-date
34/500 (6.8%): REDTAPE.NS -> up-to-date
35/500 (7.0%): SCHAEFFLER.NS -> up-to-date
36/500 (7.2%): RBLBANK.NS -> up-to-date
37/500 (7.4%): QUESS.NS -> up-to-date
38/500 (7.6%): SANSERA.NS -> up-to-date
39/500 (7.8%): SANOFI.NS -> up-to-date
40/500 (8.0%): REDINGTON.NS -> up-to-date
41/500 (8.2%): SUZLON.NS -> up-to-date
42/500 (8.4%): WONDERLA.NS -> up-to-date
43/500 (8.6%): TATACOMM.NS -> up-to-date
44/500 (8.8%): SHAREINDIA.NS -> up-to-date
45/500 (9.0%): SHAKTIPUMP.NS -> up-to-date
46/500 (9.2%): PHOENIXLTD.NS -> up-to-date
47/500 (9.4%): ZENTEC.NS -> up-to-date
48/500 (9.6%): MANYAVAR.NS -> up-to-date
49/500 (9.8%): CURAA.NS -> up-to-date
50/500 (10.0%): PTL.NS -> up-to-date
51/500 (10.2%): SHILPAMED.NS -> up-to-date
52/500 (10.4%): SHOPERSTOP.NS -> up-to-date
53/500 (10.6%): TTML.NS -> up-to-date
54/500 (10.8%): JNKINDIA.NS -> up-to-date
55/500 (11.0%): PRIVISCL.NS -> up-to-date
56/500 (11.2%): SOMATEX.NS -> up-to-date
57/500 (11.4%): ASMS.NS -> up-to-date
58/500 (11.6%): ASHIMASYN.NS -> up-to-date
59/500 (11.8%): ONELIFECAP.NS -> up-to-date
60/500 (12.0%): GLOBALE.NS -> up-to-date
61/500 (12.2%): MOREPENLAB.NS -> up-to-date
62/500 (12.4%): WEWIN.NS -> up-to-date
63/500 (12.6%): AGARWALEYE.NS -> up-to-date
64/500 (12.8%): ARCHIDPLY.NS -> up-to-date
65/500 (13.0%): BIRLAMONEY.NS -> up-to-date
66/500 (13.2%): BHAGCHEM.NS -> up-to-date
67/500 (13.4%): URJA.NS -> up-to-date
68/500 (13.6%): CPPLUS.NS -> up-to-date
69/500 (13.8%): ESTER.NS -> up-to-date
70/500 (14.0%): IMPAL.NS -> up-to-date
71/500 (14.2%): DCMSRIND.NS -> up-to-date
72/500 (14.4%): FMGOETZE.NS -> up-to-date
73/500 (14.6%): ZENITHSTL.NS -> up-to-date
74/500 (14.8%): DUCON.NS -> up-to-date
75/500 (15.0%): INDOSTAR.NS -> up-to-date
76/500 (15.2%): TRANSWORLD.NS -> up-to-date
77/500 (15.4%): KIRLOSIND.NS -> up-to-date
78/500 (15.6%): SETUINFRA.NS -> up-to-date
79/500 (15.8%): MOLDTECH.NS -> up-to-date
80/500 (16.0%): SANGHVIMOV.NS -> up-to-date
81/500 (16.2%): FCSSOFT.NS -> up-to-date
82/500 (16.4%): SPECIALITY.NS -> up-to-date
83/500 (16.6%): MCLOUD.NS -> up-to-date
84/500 (16.8%): AMANTA.NS -> up-to-date
85/500 (17.0%): MOLDTKPAC.NS -> up-to-date
86/500 (17.2%): PARAGMILK.NS -> up-to-date
87/500 (17.4%): KEYFINSERV.NS -> up-to-date
88/500 (17.6%): KREBSBIO.NS -> up-to-date
89/500 (17.8%): UFO.NS -> up-to-date
90/500 (18.0%): NBIFIN.NS -> up-to-date
91/500 (18.2%): NIRAJ.NS -> up-to-date
92/500 (18.4%): INDORAMA.NS -> up-to-date
93/500 (18.6%): VETO.NS -> up-to-date
94/500 (18.8%): KOHINOOR.NS -> up-to-date
95/500 (19.0%): GLOBALVECT.NS -> up-to-date
96/500 (19.2%): SAMPANN.NS -> up-to-date
97/500 (19.4%): KRITIKA.NS -> up-to-date
98/500 (19.6%): GOCLCORP.NS -> up-to-date
99/500 (19.8%): RAMCOSYS.NS -> up-to-date
100/500 (20.0%): DISHTV.NS -> up-to-date
101/500 (20.2%): INTLCONV.NS -> up-to-date
102/500 (20.4%): VERTOZ.NS -> up-to-date
103/500 (20.6%): SUTLEJTEX.NS -> up-to-date
104/500 (20.8%): NRAIL.NS -> up-to-date
105/500 (21.0%): MAWANASUG.NS -> up-to-date
106/500 (21.2%): RPTECH.NS -> up-to-date
107/500 (21.4%): HNDFDS.NS -> up-to-date
108/500 (21.6%): JAYNECOIND.NS -> up-to-date
109/500 (21.8%): ASALCBR.NS -> up-to-date
110/500 (22.0%): CHEMFAB.NS -> up-to-date
111/500 (22.2%): SASTASUNDR.NS -> up-to-date
112/500 (22.4%): TEAMGTY.NS -> up-to-date
113/500 (22.6%): DYCL.NS -> up-to-date
114/500 (22.8%): SVLL.NS -> up-to-date
115/500 (23.0%): RIIL.NS -> up-to-date
116/500 (23.2%): IL&FSENGG.NS -> up-to-date
117/500 (23.4%): AARTECH.NS -> up-to-date
118/500 (23.6%): PILITA.NS -> up-to-date
119/500 (23.8%): MAHAPEXLTD.NS -> up-to-date
120/500 (24.0%): TVVISION.NS -> up-to-date
121/500 (24.2%): LGHL.NS -> up-to-date
122/500 (24.4%): STANLEY.NS -> up-to-date
123/500 (24.6%): SHIVATEX.NS -> up-to-date
124/500 (24.8%): VSSL.NS -> up-to-date
125/500 (25.0%): ASKAUTOLTD.NS -> up-to-date
126/500 (25.2%): APOLLOTYRE.NS -> up-to-date
127/500 (25.4%): HECPROJECT.NS -> up-to-date
128/500 (25.6%): IZMO.NS -> up-to-date
129/500 (25.8%): ASHOKA.NS -> up-to-date
130/500 (26.0%): CASTROLIND.NS -> up-to-date
131/500 (26.2%): AFCONS.NS -> up-to-date
132/500 (26.4%): ABB.NS -> up-to-date
133/500 (26.6%): AWFIS.NS -> up-to-date
134/500 (26.8%): SOLARA.NS -> up-to-date
135/500 (27.0%): DATAMATICS.NS -> up-to-date
136/500 (27.2%): DLF.NS -> up-to-date
137/500 (27.4%): GRINFRA.NS -> up-to-date
138/500 (27.6%): ESCORTS.NS -> up-to-date
139/500 (27.8%): APARINDS.NS -> up-to-date
140/500 (28.0%): CDSL.NS -> up-to-date
141/500 (28.2%): FORCEMOT.NS -> up-to-date
142/500 (28.4%): COLPAL.NS -> up-to-date
143/500 (28.6%): GRINDWELL.NS -> up-to-date
144/500 (28.8%): HERITGFOOD.NS -> up-to-date
145/500 (29.0%): INDIAMART.NS -> up-to-date
146/500 (29.2%): ICICIGI.NS -> up-to-date
147/500 (29.4%): HEROMOTOCO.NS -> up-to-date
148/500 (29.6%): INTELLECT.NS -> up-to-date
149/500 (29.8%): GODREJIND.NS -> up-to-date
150/500 (30.0%): KANSAINER.NS -> up-to-date
151/500 (30.2%): JPPOWER.NS -> up-to-date
152/500 (30.4%): JIOFIN.NS -> up-to-date
153/500 (30.6%): JWL.NS -> up-to-date
154/500 (30.8%): IXIGO.NS -> up-to-date
155/500 (31.0%): JYOTICNC.NS -> up-to-date
156/500 (31.2%): M&M.NS -> up-to-date
157/500 (31.4%): LLOYDSENGG.NS -> up-to-date
158/500 (31.6%): JKLAKSHMI.NS -> up-to-date
159/500 (31.8%): PGHH.NS -> up-to-date
160/500 (32.0%): NBCC.NS -> up-to-date
161/500 (32.2%): KNRCON.NS -> up-to-date
162/500 (32.4%): SANOFICONR.NS -> up-to-date
163/500 (32.6%): KARURVYSYA.NS -> up-to-date
164/500 (32.8%): STARHEALTH.NS -> up-to-date
165/500 (33.0%): SHREECEM.NS -> up-to-date
166/500 (33.2%): TBOTEK.NS -> up-to-date
167/500 (33.4%): MTARTECH.NS -> up-to-date
168/500 (33.6%): SHAILY.NS -> up-to-date
169/500 (33.8%): SWIGGY.NS -> up-to-date
170/500 (34.0%): TANLA.NS -> up-to-date
171/500 (34.2%): TVSSCS.NS -> up-to-date
172/500 (34.4%): TATACHEM.NS -> up-to-date
173/500 (34.6%): ZEEL.NS -> up-to-date
174/500 (34.8%): TITAGARH.NS -> up-to-date
175/500 (35.0%): TATASTEEL.NS -> up-to-date
176/500 (35.2%): SPARC.NS -> up-to-date
177/500 (35.4%): DCW.NS -> up-to-date
178/500 (35.6%): ANKITMETAL.NS -> up-to-date
179/500 (35.8%): MITCON.NS -> up-to-date
180/500 (36.0%): INDIANHUME.NS -> up-to-date
181/500 (36.2%): 21STCENMGM.NS -> up-to-date
182/500 (36.4%): VRAJ.NS -> up-to-date
183/500 (36.6%): COMSYN.NS -> up-to-date
184/500 (36.8%): JPOLYINVST.NS -> up-to-date
185/500 (37.0%): PRECAM.NS -> up-to-date
186/500 (37.2%): GVKPIL.NS -> up-to-date
187/500 (37.4%): 5PAISA.NS -> up-to-date
188/500 (37.6%): SUBEXLTD.NS -> up-to-date
189/500 (37.8%): ORIENTTECH.NS -> up-to-date
190/500 (38.0%): GULFPETRO.NS -> up-to-date
191/500 (38.2%): RAMAPHO.NS -> up-to-date
192/500 (38.4%): NEXTMEDIA.NS -> up-to-date
193/500 (38.6%): SHRIRAMPPS.NS -> up-to-date
194/500 (38.8%): MAZDA.NS -> up-to-date
195/500 (39.0%): HLEGLAS.NS -> up-to-date
196/500 (39.2%): MUNJALAU.NS -> up-to-date
197/500 (39.4%): IITL.NS -> up-to-date
198/500 (39.6%): SCHAND.NS -> up-to-date
199/500 (39.8%): AURUM.NS -> up-to-date
200/500 (40.0%): SUYOG.NS -> up-to-date
201/500 (40.2%): ORTINGLOBE.NS -> up-to-date
202/500 (40.4%): GOLDIAM.NS -> up-to-date
203/500 (40.6%): CCCL.NS -> up-to-date
204/500 (40.8%): ENIL.NS -> up-to-date
205/500 (41.0%): NAVKARCORP.NS -> up-to-date
206/500 (41.2%): UMIYA-MRO.NS -> up-to-date
207/500 (41.4%): OSWALPUMPS.NS -> up-to-date
208/500 (41.6%): KMSUGAR.NS -> up-to-date
209/500 (41.8%): BROOKS.NS -> up-to-date
210/500 (42.0%): BLUECOAST.NS -> up-to-date
211/500 (42.2%): MFML.NS -> up-to-date
212/500 (42.4%): SAHYADRI.NS -> up-to-date
213/500 (42.6%): AKSHAR.NS -> up-to-date
214/500 (42.8%): MANGALAM.NS -> up-to-date
215/500 (43.0%): MANINDS.NS -> up-to-date
216/500 (43.2%): EASTSILK.NS -> up-to-date
217/500 (43.4%): CANTABIL.NS -> up-to-date
218/500 (43.6%): HUHTAMAKI.NS -> up-to-date
219/500 (43.8%): KAMDHENU.NS -> up-to-date
220/500 (44.0%): SEYAIND.NS -> up-to-date
221/500 (44.2%): JARO.NS -> up-to-date
222/500 (44.4%): GALAPREC.NS -> up-to-date
223/500 (44.6%): NCLIND.NS -> up-to-date
224/500 (44.8%): ROTO.NS -> up-to-date
225/500 (45.0%): TAJGVK.NS -> up-to-date
226/500 (45.2%): SIMBHALS.NS -> up-to-date
227/500 (45.4%): ZIMLAB.NS -> up-to-date
228/500 (45.6%): STYLEBAAZA.NS -> up-to-date
229/500 (45.8%): GLOBECIVIL.NS -> up-to-date
230/500 (46.0%): AVONMORE.NS -> up-to-date
231/500 (46.2%): GLOBUSSPR.NS -> up-to-date
232/500 (46.4%): LOTUSDEV.NS -> up-to-date
233/500 (46.6%): KOKUYOCMLN.NS -> up-to-date
234/500 (46.8%): KRIDHANINF.NS -> up-to-date
235/500 (47.0%): WSI.NS -> up-to-date
236/500 (47.2%): BBOX.NS -> up-to-date
237/500 (47.4%): HISARMETAL.NS -> up-to-date
238/500 (47.6%): E2E.NS -> up-to-date
239/500 (47.8%): RADHIKAJWE.NS -> up-to-date
240/500 (48.0%): DEN.NS -> up-to-date
241/500 (48.2%): ELGIRUBCO.NS -> up-to-date
242/500 (48.4%): MANBA.NS -> up-to-date
243/500 (48.6%): DRCSYSTEMS.NS -> up-to-date
244/500 (48.8%): INDOCO.NS -> up-to-date
245/500 (49.0%): DHRUV.NS -> up-to-date
246/500 (49.2%): BLISSGVS.NS -> up-to-date
247/500 (49.4%): SHEKHAWATI.NS -> up-to-date
248/500 (49.6%): AIROLAM.NS -> up-to-date
249/500 (49.8%): SURANASOL.NS -> up-to-date
250/500 (50.0%): LANDMARK.NS -> up-to-date
251/500 (50.2%): SHAH.NS -> up-to-date
252/500 (50.4%): GREENPOWER.NS -> up-to-date
253/500 (50.6%): LAOPALA.NS -> up-to-date
254/500 (50.8%): DCMFINSERV.NS -> up-to-date
255/500 (51.0%): FOCUS.NS -> up-to-date
256/500 (51.2%): PROSTARM.NS -> up-to-date
257/500 (51.4%): LIBAS.NS -> up-to-date
258/500 (51.6%): NAGAFERT.NS -> up-to-date
259/500 (51.8%): ATAM.NS -> up-to-date
260/500 (52.0%): TNPETRO.NS -> up-to-date
261/500 (52.2%): RANEHOLDIN.NS -> up-to-date
262/500 (52.4%): GRPLTD.NS -> up-to-date
263/500 (52.6%): NATCAPSUQ.NS -> up-to-date
264/500 (52.8%): KARMAENG.NS -> up-to-date
265/500 (53.0%): SPENCERS.NS -> up-to-date
266/500 (53.2%): MEDICO.NS -> up-to-date
267/500 (53.4%): ARTEMISMED.NS -> up-to-date
268/500 (53.6%): AHLUCONT.NS -> up-to-date
269/500 (53.8%): 360ONE.NS -> up-to-date
270/500 (54.0%): AARTIPHARM.NS -> up-to-date
271/500 (54.2%): ATGL.NS -> up-to-date
272/500 (54.4%): AARTIIND.NS -> up-to-date
273/500 (54.6%): ASTRAL.NS -> up-to-date
274/500 (54.8%): CESC.NS -> up-to-date
275/500 (55.0%): ANURAS.NS -> up-to-date
276/500 (55.2%): BAJAJHFL.NS -> up-to-date
277/500 (55.4%): AJANTPHARM.NS -> up-to-date
278/500 (55.6%): EQUITASBNK.NS -> up-to-date
279/500 (55.8%): COALINDIA.NS -> up-to-date
280/500 (56.0%): GRSE.NS -> up-to-date
281/500 (56.2%): HONASA.NS -> up-to-date
282/500 (56.4%): GMRAIRPORT.NS -> up-to-date
283/500 (56.6%): GODREJPROP.NS -> up-to-date
284/500 (56.8%): CRAFTSMAN.NS -> up-to-date
285/500 (57.0%): IMFA.NS -> up-to-date
286/500 (57.2%): INDIAGLYCO.NS -> up-to-date
287/500 (57.4%): JBMA.NS -> up-to-date
288/500 (57.6%): INFY.NS -> up-to-date
289/500 (57.8%): ISGEC.NS -> up-to-date
290/500 (58.0%): IRCTC.NS -> up-to-date
291/500 (58.2%): KALYANKJIL.NS -> up-to-date
292/500 (58.4%): IONEXCHANG.NS -> up-to-date
293/500 (58.6%): JAIBALAJI.NS -> up-to-date
294/500 (58.8%): LTIM.NS -> up-to-date
295/500 (59.0%): KRBL.NS -> up-to-date
296/500 (59.2%): KSL.NS -> up-to-date
297/500 (59.4%): KIRLOSBROS.NS -> up-to-date
298/500 (59.6%): LODHA.NS -> up-to-date
299/500 (59.8%): MAXHEALTH.NS -> up-to-date
300/500 (60.0%): MARKSANS.NS -> up-to-date
301/500 (60.2%): KOTAKBANK.NS -> up-to-date
302/500 (60.4%): ORCHPHARMA.NS -> up-to-date
303/500 (60.6%): ONGC.NS -> up-to-date
304/500 (60.8%): PNCINFRA.NS -> up-to-date
305/500 (61.0%): SUDARSCHEM.NS -> up-to-date
306/500 (61.2%): PRICOLLTD.NS -> up-to-date
307/500 (61.4%): STYLAMIND.NS -> up-to-date
308/500 (61.6%): TEXRAIL.NS -> up-to-date
309/500 (61.8%): SKIPPER.NS -> up-to-date
310/500 (62.0%): MOIL.NS -> up-to-date
311/500 (62.2%): RAJESHEXPO.NS -> up-to-date
312/500 (62.4%): INDIACEM.NS -> up-to-date
313/500 (62.6%): TIPSMUSIC.NS -> up-to-date
314/500 (62.8%): SUPRIYA.NS -> up-to-date
315/500 (63.0%): TRANSRAILL.NS -> up-to-date
316/500 (63.2%): WOCKPHARMA.NS -> up-to-date
317/500 (63.4%): AVTNPL.NS -> up-to-date
318/500 (63.6%): WELSPUNLIV.NS -> up-to-date
319/500 (63.8%): ABAN.NS -> up-to-date
320/500 (64.0%): 20MICRONS.NS -> up-to-date
321/500 (64.2%): IDEA.NS -> up-to-date
322/500 (64.4%): COASTCORP.NS -> up-to-date
323/500 (64.6%): BSHSL.NS -> up-to-date
324/500 (64.8%): EMAMIREAL.NS -> up-to-date
325/500 (65.0%): TARAPUR.NS -> up-to-date
326/500 (65.2%): EKC.NS -> up-to-date
327/500 (65.4%): CELEBRITY.NS -> up-to-date
328/500 (65.6%): NIITMTS.NS -> up-to-date
329/500 (65.8%): CYBERTECH.NS -> up-to-date
330/500 (66.0%): ARFIN.NS -> up-to-date
331/500 (66.2%): GTLINFRA.NS -> up-to-date
332/500 (66.4%): MANAKALUCO.NS -> up-to-date
333/500 (66.6%): SANDESH.NS -> up-to-date
334/500 (66.8%): LCCINFOTEC.NS -> up-to-date
335/500 (67.0%): TIL.NS -> up-to-date
336/500 (67.2%): RELAXO.NS -> up-to-date
337/500 (67.4%): UEL.NS -> up-to-date
338/500 (67.6%): ESSARSHPNG.NS -> up-to-date
339/500 (67.8%): ALLDIGI.NS -> up-to-date
340/500 (68.0%): PRIMESECU.NS -> up-to-date
341/500 (68.2%): DENTA.NS -> up-to-date
342/500 (68.4%): CUBEXTUB.NS -> up-to-date
343/500 (68.6%): GLFL.NS -> up-to-date
344/500 (68.8%): GODAVARIB.NS -> up-to-date
345/500 (69.0%): TINNARUBR.NS -> up-to-date
346/500 (69.2%): JAIPURKURT.NS -> up-to-date
347/500 (69.4%): DALMIASUG.NS -> up-to-date
348/500 (69.6%): HPAL.NS -> up-to-date
349/500 (69.8%): NARMADA.NS -> up-to-date
350/500 (70.0%): GROBTEA.NS -> up-to-date
351/500 (70.2%): INDTERRAIN.NS -> up-to-date
352/500 (70.4%): TIGERLOGS.NS -> up-to-date
353/500 (70.6%): BFINVEST.NS -> up-to-date
354/500 (70.8%): AIRAN.NS -> up-to-date
355/500 (71.0%): RAMRAT.NS -> up-to-date
356/500 (71.2%): MANAKSIA.NS -> up-to-date
357/500 (71.4%): MODISONLTD.NS -> up-to-date
358/500 (71.6%): MUTHOOTMF.NS -> up-to-date
359/500 (71.8%): RBZJEWEL.NS -> up-to-date
360/500 (72.0%): PAR.NS -> up-to-date
361/500 (72.2%): EPACK.NS -> up-to-date
362/500 (72.4%): SHRINGARMS.NS -> up-to-date
363/500 (72.6%): SILVERTUC.NS -> up-to-date
364/500 (72.8%): AGSTRA.NS -> up-to-date
365/500 (73.0%): AAKASH.NS -> up-to-date
366/500 (73.2%): VISASTEEL.NS -> up-to-date
367/500 (73.4%): FAIRCHEMOR.NS -> up-to-date
368/500 (73.6%): ARIES.NS -> up-to-date
369/500 (73.8%): KAMOPAINTS.NS -> up-to-date
370/500 (74.0%): PURVA.NS -> up-to-date
371/500 (74.2%): SUVIDHAA.NS -> up-to-date
372/500 (74.4%): MVGJL.NS -> up-to-date
373/500 (74.6%): UFLEX.NS -> up-to-date
374/500 (74.8%): KABRAEXTRU.NS -> up-to-date
375/500 (75.0%): SAGARDEEP.NS -> up-to-date
376/500 (75.2%): RADIANTCMS.NS -> up-to-date
377/500 (75.4%): SALSTEEL.NS -> up-to-date
378/500 (75.6%): STCINDIA.NS -> up-to-date
379/500 (75.8%): HMT.NS -> up-to-date
380/500 (76.0%): AVG.NS -> up-to-date
381/500 (76.2%): STEELCITY.NS -> up-to-date
382/500 (76.4%): ZODIAC.NS -> up-to-date
383/500 (76.6%): PANSARI.NS -> up-to-date
384/500 (76.8%): STEELXIND.NS -> up-to-date
385/500 (77.0%): MUTHOOTCAP.NS -> up-to-date
386/500 (77.2%): VLSFINANCE.NS -> up-to-date
387/500 (77.4%): COMPINFO.NS -> up-to-date
388/500 (77.6%): TRIGYN.NS -> up-to-date
389/500 (77.8%): GMBREW.NS -> up-to-date
390/500 (78.0%): SAMBHAAV.NS -> up-to-date
391/500 (78.2%): PNC.NS -> up-to-date
392/500 (78.4%): LFIC.NS -> up-to-date
393/500 (78.6%): FUSION.NS -> up-to-date
394/500 (78.8%): INDIANCARD.NS -> up-to-date
395/500 (79.0%): ADANIENT.NS -> up-to-date
396/500 (79.2%): SHANTIGEAR.NS -> up-to-date
397/500 (79.4%): AMJLAND.NS -> up-to-date
398/500 (79.6%): DMCC.NS -> up-to-date
399/500 (79.8%): ABSLAMC.NS -> up-to-date
400/500 (80.0%): APOLLOHOSP.NS -> up-to-date
401/500 (80.2%): ALKYLAMINE.NS -> up-to-date
402/500 (80.4%): AIIL.NS -> up-to-date
403/500 (80.6%): ASHOKLEY.NS -> up-to-date
404/500 (80.8%): AVALON.NS -> up-to-date
405/500 (81.0%): BEPL.NS -> up-to-date
406/500 (81.2%): BIKAJI.NS -> up-to-date
407/500 (81.4%): COCHINSHIP.NS -> up-to-date
408/500 (81.6%): BALAMINES.NS -> up-to-date
409/500 (81.8%): EXIDEIND.NS -> up-to-date
410/500 (82.0%): ENGINERSIN.NS -> up-to-date
411/500 (82.2%): DATAPATTNS.NS -> up-to-date
412/500 (82.4%): GPPL.NS -> up-to-date
413/500 (82.6%): HAPPSTMNDS.NS -> up-to-date
414/500 (82.8%): GUJGASLTD.NS -> up-to-date
415/500 (83.0%): GANESHHOUC.NS -> FAILED: Too Many Requests. Rate limited. Try after a while.
416/500 (83.2%): HSCL.NS -> up-to-date
417/500 (83.4%): HINDPETRO.NS -> up-to-date
418/500 (83.6%): IDBI.NS -> up-to-date
419/500 (83.8%): JINDWORLD.NS -> up-to-date
420/500 (84.0%): IGIL.NS -> up-to-date
421/500 (84.2%): JUBLPHARMA.NS -> up-to-date
422/500 (84.4%): KIMS.NS -> up-to-date
423/500 (84.6%): ITC.NS -> up-to-date
424/500 (84.8%): LICHSGFIN.NS -> up-to-date
425/500 (85.0%): KIRLOSENG.NS -> up-to-date
426/500 (85.2%): JCHAC.NS -> up-to-date
427/500 (85.4%): LTTS.NS -> up-to-date
428/500 (85.6%): LINDEINDIA.NS -> up-to-date
429/500 (85.8%): NH.NS -> up-to-date
430/500 (86.0%): LLOYDSENT.NS -> up-to-date
431/500 (86.2%): NCC.NS -> up-to-date
432/500 (86.4%): MCX.NS -> up-to-date
433/500 (86.6%): MRPL.NS -> up-to-date
434/500 (86.8%): NEOGEN.NS -> up-to-date
435/500 (87.0%): NMDC.NS -> up-to-date
436/500 (87.2%): PIDILITIND.NS -> up-to-date
437/500 (87.4%): PFC.NS -> up-to-date
438/500 (87.6%): PETRONET.NS -> up-to-date
439/500 (87.8%): RECLTD.NS -> up-to-date
440/500 (88.0%): ROUTE.NS -> up-to-date
441/500 (88.2%): RATEGAIN.NS -> up-to-date
442/500 (88.4%): MOTHERSON.NS -> up-to-date
443/500 (88.6%): SUNTV.NS -> up-to-date
444/500 (88.8%): SBIN.NS -> up-to-date
445/500 (89.0%): SYMPHONY.NS -> up-to-date
446/500 (89.2%): VEDL.NS -> up-to-date
447/500 (89.4%): SYRMA.NS -> up-to-date
448/500 (89.6%): TATACONSUM.NS -> up-to-date
449/500 (89.8%): VENTIVE.NS -> up-to-date
450/500 (90.0%): TIMETECHNO.NS -> up-to-date
451/500 (90.2%): VMM.NS -> up-to-date
452/500 (90.4%): ATHERENERG.NS -> up-to-date
453/500 (90.6%): BBTCL.NS -> up-to-date
454/500 (90.8%): CROWN.NS -> up-to-date
455/500 (91.0%): CORDSCABLE.NS -> up-to-date
456/500 (91.2%): RADIOCITY.NS -> up-to-date
457/500 (91.4%): ZYDUSWELL.NS -> up-to-date
458/500 (91.6%): HPIL.NS -> up-to-date
459/500 (91.8%): RAJSREESUG.NS -> up-to-date
460/500 (92.0%): SGMART.NS -> up-to-date
461/500 (92.2%): DIAMONDYD.NS -> up-to-date
462/500 (92.4%): HGS.NS -> up-to-date
463/500 (92.6%): IFBAGRO.NS -> up-to-date
464/500 (92.8%): IKIO.NS -> up-to-date
465/500 (93.0%): GANGESSECU.NS -> up-to-date
466/500 (93.2%): MANCREDIT.NS -> up-to-date
467/500 (93.4%): KCPSUGIND.NS -> up-to-date
468/500 (93.6%): KAUSHALYA.NS -> up-to-date
469/500 (93.8%): EXCEL.NS -> up-to-date
470/500 (94.0%): KICL.NS -> up-to-date
471/500 (94.2%): BOROSCI.NS -> up-to-date
472/500 (94.4%): FOODSIN.NS -> up-to-date
473/500 (94.6%): KMEW.NS -> up-to-date
474/500 (94.8%): MOTISONS.NS -> up-to-date
475/500 (95.0%): BIGBLOC.NS -> up-to-date
476/500 (95.2%): SEAMECLTD.NS -> up-to-date
477/500 (95.4%): MAHEPC.NS -> up-to-date
478/500 (95.6%): XPROINDIA.NS -> up-to-date
479/500 (95.8%): NELCO.NS -> up-to-date
480/500 (96.0%): DIFFNKG.NS -> up-to-date
481/500 (96.2%): 63MOONS.NS -> up-to-date
482/500 (96.4%): DOLPHIN.NS -> up-to-date
483/500 (96.6%): INDOTECH.NS -> up-to-date
484/500 (96.8%): LAXMIINDIA.NS -> up-to-date
485/500 (97.0%): APOLLOPIPE.NS -> up-to-date
486/500 (97.2%): TCIFINANCE.NS -> up-to-date
487/500 (97.4%): SPLIL.NS -> up-to-date
488/500 (97.6%): TAKE.NS -> up-to-date
489/500 (97.8%): ELLEN.NS -> up-to-date
490/500 (98.0%): VIPULLTD.NS -> up-to-date
491/500 (98.2%): JITFINFRA.NS -> up-to-date
492/500 (98.4%): RELCHEMQ.NS -> up-to-date
493/500 (98.6%): TNPL.NS -> up-to-date
494/500 (98.8%): SWANENERGY.NS -> FAILED: Too Many Requests. Rate limited. Try after a while.
$GODHA.NS: possibly delisted; no price data found  (1d 2025-11-29 -> 2025-12-02)
495/500 (99.0%): GODHA.NS -> skipped
$EUROTEXIND.NS: possibly delisted; no price data found  (1d 2025-11-29 -> 2025-12-02)
496/500 (99.2%): EUROTEXIND.NS -> skipped
497/500 (99.4%): NDTV-RE.NS -> +1 rows (2025-10-03->2025-10-03)
$SMSLIFE.NS: possibly delisted; no price data found  (1d 2025-11-29 -> 2025-12-02)
498/500 (99.6%): SMSLIFE.NS -> skipped
499/500 (99.8%): PILANIINVS.NS -> +1 rows (2025-12-01->2025-12-01)
500/500 (100.0%): IEL.NS -> +1 rows (2025-10-27->2025-10-27)
Traceback (most recent call last):
  File "C:\Users\jallu\OneDrive\pgp\Python\Stock predictor\Rubik_view\Data\OHCLV Data\update_stocks_ohlcv.py", line 241, in <module>
    main()
    ~~~~^^
  File "C:\Users\jallu\OneDrive\pgp\Python\Stock predictor\Rubik_view\Data\OHCLV Data\update_stocks_ohlcv.py", line 238, in main
    print("\n\u2705 Ultra-fast parallel update complete.")
    ~~~~~^^^^^^^^^^^^^^^^^^^^^^^^^^^^^^^^^^^^^^^^^^^^^
  File "C:\Python313\Lib\encodings\cp1252.py", line 19, in encode
    return codecs.charmap_encode(input,self.errors,encoding_table)[0]
           ~~~~~~~~~~~~~~~~~~~~~^^^^^^^^^^^^^^^^^^^^^^^^^^^^^^^^^^
UnicodeEncodeError: 'charmap' codec can't encode character '\u2705' in position 2: character maps to <undefined>
