Active indicators: 24
FAST_MODE enabled -> limiting indicators to first 10 active rows
Symbols: 7154
FAST_MODE enabled -> limiting symbols to first 500
[1/500] RAASHIF.BO | up-to-date
[2/500] SARUPINDUS.BO | up-to-date
[3/500] SW1.BO | processed
[4/500] SICL.BO | up-to-date
[5/500] HISARSP.BO | up-to-date
[6/500] SURBHIN.BO | up-to-date
[7/500] VAXHS.BO | up-to-date
[8/500] NIEHSPD.BO | up-to-date
[9/500] GOLDIAM.NS | processed
[10/500] RITHWIKFMS.BO | up-to-date
[11/500] ISTRNETWK.BO | processed
[12/500] FEDDERELEC.BO | processed
[13/500] EROSMEDIA.BO | processed
[14/500] BANKINDIA.BO | processed
[15/500] INDBANK.BO | processed
[16/500] LYONSCO.BO | processed
[17/500] MIDWEST.BO | processed
[18/500] RRETAIL.BO | processed
[19/500] PARSHWANA.BO | processed
[20/500] INRADIA.BO | processed
[21/500] MURUDCERA.BO | processed
[22/500] VEERKRUPA.BO | processed
[23/500] KIOCL.NS | processed
[24/500] SAILIFE.NS | processed
[25/500] NETLINK.BO | processed
[26/500] BIRLANU.BO | processed
[27/500] SURYAROSNI.NS | processed
[28/500] YESBANK.NS | processed
[29/500] HUDCO.NS | processed
[30/500] SAMHI.NS | processed
[31/500] SHRYDUS.BO | processed
[32/500] KAVDEFENCE.BO | processed
[33/500] MRUTR.BO | processed
[34/500] SENORES.NS | processed
[35/500] MONARCH.NS | processed
[36/500] NEWGEN.NS | processed
[37/500] IXIGO.NS | processed
[38/500] SANSERA.NS | processed
[39/500] EMKAY.NS | processed
[40/500] NSIL.NS | processed
[41/500] CONSOFINVT.NS | processed
[42/500] ABB.NS | processed
[43/500] SUNDROP.NS | processed
[44/500] TRU.NS | processed
[45/500] HONDAPOWER.NS | processed
[46/500] STLNETWORK.NS | processed
[47/500] BANARBEADS.NS | processed
[48/500] VHL.NS | processed
[49/500] APLAPOLLO.NS | processed
[50/500] WABAG.NS | processed
[51/500] NAVINFLUOR.NS | processed
[52/500] NAVKARURB.NS | processed
[53/500] AUTOIND.NS | processed
[54/500] DREDGECORP.NS | processed
[55/500] KSB.NS | processed
[56/500] HATSUN.NS | processed
[57/500] KITEX.NS | processed
[58/500] UCOBANK.NS | processed
[59/500] ICIL.NS | processed
[60/500] RPEL.NS | processed
[61/500] NDLVENTURE.NS | processed
[62/500] IKS.NS | processed
[63/500] LUXIND.NS | processed
[64/500] XELPMOC.NS | processed
[65/500] NAGREEKCAP.NS | processed
[66/500] LUPIN.BO | processed
[67/500] MMP.NS | processed
[68/500] ABREL.BO | processed
[69/500] ALMONDZ.NS | processed
[70/500] NETWEB.NS | processed
[71/500] JSLINDL.BO | processed
[72/500] SETUINFRA.NS | processed
[73/500] MKVENTURES.BO | processed
[74/500] INOXINDIA.NS | processed
[75/500] CLEAN.NS | processed
[76/500] MAWANASUG.NS | processed
[77/500] DYNAMATECH.NS | processed
[78/500] SAMPANN.NS | processed
[79/500] REDTAPE.NS | processed
[80/500] GOACARBON.NS | processed
[81/500] IL&FSENGG.NS | processed
[82/500] INOXGREEN.NS | processed
[83/500] RKFORGE.NS | processed
[84/500] HLVLTD.NS | processed
[85/500] DANGEE.NS | processed
[86/500] WENDT.NS | processed
[87/500] FORCEMOT.NS | processed
[88/500] MTARTECH.NS | processed
[89/500] DLF.NS | processed
[90/500] JYOTICNC.NS | processed
[91/500] SHREECEM.NS | processed
[92/500] KARURVYSYA.NS | processed
[93/500] APARINDS.NS | processed
[94/500] IITL.NS | processed
[95/500] TITAGARH.NS | processed
[96/500] MUNJALAU.NS | processed
[97/500] CANTABIL.NS | processed
[98/500] SUBEXLTD.NS | processed
[99/500] TATACHEM.NS | processed
[100/500] SIMBHALS.NS | processed
[101/500] GALAPREC.NS | processed
[102/500] AVONMORE.NS | processed
[103/500] MANGALAM.NS | processed
[104/500] JARO.NS | processed
[105/500] KAMDHENU.NS | processed
[106/500] MANBA.NS | processed
[107/500] SAHYADRI.NS | processed
[108/500] BLISSGVS.NS | processed
[109/500] AIROLAM.NS | processed
[110/500] EASTSILK.NS | processed
[111/500] NAGAFERT.NS | processed
[112/500] PROSTARM.NS | processed
[113/500] NIITLTD.NS | processed
[114/500] LANDMARK.NS | processed
[115/500] LOTUSDEV.NS | processed
[116/500] SPENCERS.NS | processed
[117/500] PSB.NS | processed
[118/500] GTPL.NS | processed
[119/500] VLEGOV.NS | processed
[120/500] KARMAENG.NS | processed
[121/500] PARAS.NS | processed
[122/500] GODFRYPHLP.NS | processed
[123/500] FEL.NS | processed
[124/500] GODREJAGRO.NS | processed
[125/500] SANGHIIND.NS | processed
[126/500] BAJAJHIND.NS | processed
[127/500] KANORICHEM.NS | processed
[128/500] PENINLAND.NS | processed
[129/500] INGERRAND.NS | processed
[130/500] ASHIANA.NS | processed
[131/500] ALANKIT.NS | processed
[132/500] 20MICRONS.NS | processed
[133/500] TRANSRAILL.NS | processed
[134/500] ATHERENERG.NS | processed
[135/500] TIGERLOGS.NS | processed
[136/500] ZYDUSWELL.NS | processed
[137/500] RECLTD.NS | processed
[138/500] IKIO.NS | processed
[139/500] MODTHREAD.NS | processed
[140/500] IFBAGRO.NS | processed
[141/500] AERONEU.NS | processed
[142/500] ABCOTS.NS | processed
[143/500] TCIFINANCE.NS | processed
[144/500] JYOTISTRUC.NS | processed
[145/500] KAMATHOTEL.NS | processed
[146/500] ADANIPOWER.NS | processed
[147/500] WANBURY.NS | processed
[148/500] SSWL.NS | processed
[149/500] SOTL.NS | processed
[150/500] COMPUSOFT.NS | processed
[151/500] THOMASCOOK.NS | processed
[152/500] SETCO.NS | processed
[153/500] IOB.NS | processed
[154/500] HMVL.NS | processed
[155/500] POONAWALLA.NS | processed
[156/500] BLUESTARCO.NS | processed
[157/500] CGCL.NS | processed
[158/500] SONATSOFTW.NS | processed
[159/500] TARMAT.NS | processed
[160/500] YUKEN.NS | processed
[161/500] PARKHOTELS.NS | processed
[162/500] GCSL.NS | processed
[163/500] SHK.NS | processed
[164/500] HYUNDAI.NS | processed
[165/500] SINTERCOM.NS | processed
[166/500] TNTELE.NS | processed
[167/500] SHRADHA.NS | processedC:\Users\jallu\OneDrive\pgp\Python\Stock predictor\Rubik_view\Engine\indicators.py:63: RuntimeWarning: All-NaN axis encountered
  vmax = np.nanmax(np.abs(macd - macdsignal))

C:\Users\jallu\OneDrive\pgp\Python\Stock predictor\Rubik_view\Engine\indicators.py:71: RuntimeWarning: All-NaN axis encountered
  vmax = np.nanmax(np.abs(ema_short - ema_long))
C:\Users\jallu\OneDrive\pgp\Python\Stock predictor\Rubik_view\Engine\indicators.py:118: RuntimeWarning: All-NaN axis encountered
  vmax = np.nanmax(np.abs(df['Close'] - st))
[168/500] GOYALALUM.NS | processed
[169/500] ARROWGREEN.NS | processed
[170/500] ADDIND.BO | processed
[171/500] FAZE3Q.BO | processed
[172/500] ZR2.BO | processed
[173/500] UNIONBANK.NS | processed
[174/500] SANDHAR.BO | processed
[175/500] DECOMIC.BO | processed
[176/500] INDRAMEDCO.BO | processed
[177/500] MARICO.BO | processed
[178/500] WINPRO.BO | processed
[179/500] INDOUS.BO | processed
[180/500] WAAREERTL.BO | processed
[181/500] KOFFBREAK.BO | up-to-date
[182/500] DSSL.BO | processed
[183/500] OBCL.BO | processed
[184/500] AUBANK.BO | processed
[185/500] BLSE.BO | processed
[186/500] EASUN.BO | processed
[187/500] MID150CASE.BO | processed
[188/500] VIDEOIND.BO | up-to-date
[189/500] SATTRIX.BO | processed
[190/500] SAMTEL.BO | up-to-date
[191/500] JPINFRATEC.BO | up-to-date
[192/500] LORDSCH.BO | up-to-date
[193/500] GCONNECT.BO | up-to-date
[194/500] SPECIAPP.BO | up-to-date
[195/500] SHARATPP.BO | up-to-date
[196/500] EASTSILK.BO | up-to-date
[197/500] INDOCRED.BO | up-to-date
[198/500] CARNATIN.BO | up-to-date
[199/500] STML.BO | up-to-date
[200/500] SENSEX1.BO | up-to-date
[201/500] PSUBNKBEES.BO | up-to-date
[202/500] SENSEXBEES.BO | up-to-date
[203/500] TSL.BO | up-to-date
[204/500] UNITY.BO | up-to-date
[205/500] SSLEL.BO | up-to-date
[206/500] VSDCONF.BO | up-to-date
[207/500] NITINFIRE.BO | up-to-date
[208/500] EON.BO | up-to-date
[209/500] TMTIND-B1.BO | processed
[210/500] KEYCORP.BO | up-to-date
[211/500] SIBARAUT.BO | up-to-date
[212/500] KARMAENG.BO | up-to-date
[213/500] PROSTARM.BO | up-to-date
[214/500] SPICEJET.BO | up-to-date
[215/500] MUNJALAU.BO | up-to-date
[216/500] BANKBEES.BO | up-to-date
[217/500] SANGAMIND.BO | up-to-date
[218/500] SAMTEX.BO | up-to-date
[219/500] GALAPREC.BO | up-to-date
[220/500] SIEL.BO | up-to-date
[221/500] PORWAL.BO | up-to-date
[222/500] PANCARBON.BO | up-to-date
[223/500] MHRIL.BO | up-to-date
[224/500] TRICOMFRU.BO | up-to-date
[225/500] JLHL.BO | up-to-date
[226/500] STL.BO | up-to-date
[227/500] PFS.BO | up-to-date
[228/500] GABRIEL.BO | up-to-date
[229/500] CESC.BO | up-to-date
[230/500] AMBUJACEM.BO | up-to-date
[231/500] STOVEKRAFT.BO | up-to-date
[232/500] ABMKNO.BO | up-to-date
[233/500] CMBL.BO | up-to-date
[234/500] SHRMFGC.BO | up-to-date
[235/500] WWALUM.BO | up-to-date
[236/500] 11QPD.BO | up-to-date
[237/500] STAL.BO | up-to-date
[238/500] 3CIT.BO | up-to-date
[239/500] INDONG.BO | up-to-date
[240/500] ANUPAM.BO | up-to-date
[241/500] EUREKAFORB.BO | up-to-date
[242/500] CONTILI.BO | up-to-date
[243/500] UNIVPHOTO.BO | up-to-date
[244/500] EVIETF.BO | up-to-date
[245/500] KRETTOSYS.BO | up-to-date
[246/500] ARCHIES.BO | up-to-date
[247/500] SWADEIN.BO | up-to-date
[248/500] JUBLPHARMA.BO | up-to-date
[249/500] GCMSECU.BO | up-to-date
[250/500] SWANDEF.NS | up-to-date
[251/500] JINDWORLD.BO | up-to-date
[252/500] KCPSUGIND.BO | up-to-date
[253/500] GUJGASLTD.BO | up-to-date
[254/500] CHARMS.BO | up-to-date
[255/500] ENGINERSIN.BO | up-to-date
[256/500] GUJTLRM.BO | up-to-date
[257/500] DIAMONDYD.BO | up-to-date
[258/500] NEXOME.BO | up-to-date
[259/500] RSDFIN.BO | up-to-date
[260/500] STRGRENWO.BO | up-to-date
[261/500] TDPOWERSYS.BO | up-to-date
[262/500] NNTL.BO | up-to-date
[263/500] VIMTALABS.BO | up-to-date
[264/500] OCTAL.BO | up-to-date
[265/500] PANAFIC.BO | up-to-date
[266/500] NAHARINDUS.BO | up-to-date
[267/500] ALFL.BO | up-to-date
[268/500] JEL.BO | up-to-date
[269/500] OMKAR.BO | up-to-date
[270/500] SBILIFE.BO | up-to-date
[271/500] GENESYS.BO | up-to-date
[272/500] ORIENTALTL.BO | up-to-date
[273/500] NIF100BEES.BO | up-to-date
[274/500] DPABHUSHAN.BO | up-to-date
[275/500] BHARTIARTL.BO | up-to-date
[276/500] VEDL.BO | up-to-date
[277/500] KONNDOR.BO | up-to-date
[278/500] SARLAPOLY.BO | up-to-date
[279/500] TIMEX.BO | up-to-date
[280/500] ROLCOEN.BO | up-to-date
[281/500] EMUDHRA.BO | up-to-date
[282/500] HINDALUMI.BO | up-to-date
[283/500] OSWALEA.BO | up-to-date
[284/500] HMEML.BO | up-to-date
[285/500] HARIAAPL.BO | up-to-date
[286/500] SOFTSOL.BO | up-to-date
[287/500] GILADAFINS.BO | up-to-date
[288/500] VADILALIND.BO | up-to-date
[289/500] FOODSIN.BO | up-to-date
[290/500] INDSILHYD.BO | up-to-date
[291/500] 7TEC.BO | up-to-date
[292/500] HSCL.BO | up-to-date
[293/500] DOLLAR.BO | up-to-date
[294/500] ARROWHEAD.BO | up-to-date
[295/500] CAPRICORN.BO | up-to-date
[296/500] UEL.BO | up-to-date
[297/500] SEAMECLTD.BO | up-to-date
[298/500] NEXT50.BO | up-to-date
[299/500] OMKARPH.BO | up-to-date
[300/500] CASPIAN.BO | up-to-date
[301/500] ANURAS.BO | up-to-date
[302/500] LINDEINDIA.BO | up-to-date
[303/500] RADIANTCMS.BO | up-to-date
[304/500] ZODIAC.BO | up-to-date
[305/500] BISIL.BO | up-to-date
[306/500] SANDESH.BO | up-to-date
[307/500] WENDT.BO | processed
[308/500] GEECEE.BO | up-to-date
[309/500] MASPTOP50.BO | up-to-date
[310/500] PERFEPA.BO | up-to-date
[311/500] CDG.BO | up-to-date
[312/500] ABSLAMC.BO | up-to-date
[313/500] HINDOILEXP.BO | processed
[314/500] BLOOM.BO | up-to-date
[315/500] SAYAJIHOTL.BO | up-to-date
[316/500] CGCL.BO | up-to-date
[317/500] RAJVIR.NS | up-to-date
[318/500] SHIRPUR-G.BO | up-to-date
[319/500] ADANIENSOL.BO | up-to-date
[320/500] VENTURA.BO | up-to-date
[321/500] PANTH.BO | up-to-date
[322/500] ORIENTBELL.BO | up-to-date
[323/500] SUPREMEIND.BO | up-to-date
[324/500] DBL.BO | up-to-date
[325/500] NTPCGREEN.BO | up-to-date
[326/500] JGCHEM.BO | up-to-date
[327/500] SHIVAGR.BO | up-to-date
[328/500] UDAYJEW.BO | up-to-date
[329/500] SHIVTEXCHEM.BO | up-to-date
[330/500] NATPLASTI.BO | up-to-date
[331/500] IFGLEXPOR.BO | up-to-date
[332/500] SAPL.BO | up-to-date
[333/500] MSL.BO | up-to-date
[334/500] JYOTHYLAB.BO | up-to-date
[335/500] FORTISMLR.BO | up-to-date
[336/500] MUNJALSHOW.BO | up-to-date
[337/500] ARNOLD.BO | up-to-date
[338/500] YASHO.BO | up-to-date
[339/500] TCIEXP.BO | up-to-date
[340/500] SOMICONVEY.BO | up-to-date
[341/500] PATINTLOG.BO | up-to-date
[342/500] ACTIVE.BO | up-to-date
[343/500] NIACL.BO | up-to-date
[344/500] AANANDALAK.BO | up-to-date
[345/500] GATECH.BO | up-to-date
[346/500] FINEORG.BO | up-to-date
[347/500] GARMENTPP.BO | up-to-date
[348/500] DENORA.BO | up-to-date
[349/500] GAMCO.BO | up-to-date
[350/500] IDFSENSEXE.BO | up-to-date
[351/500] INDIGOPNTS.BO | up-to-date
[352/500] TDSL.BO | up-to-date
[353/500] PAYTM.BO | up-to-date
[354/500] SHRIPISTON.BO | up-to-date
[355/500] TATACHEM.BO | up-to-date
[356/500] BLISSGVS.BO | up-to-date
[357/500] SHREECEM.BO | up-to-date
[358/500] INDLEASE.BO | up-to-date
[359/500] SWISSMLTRY.BO | up-to-date
[360/500] EMIL.BO | up-to-date
[361/500] APOLLOTYRE.BO | up-to-date
[362/500] FORCEMOT.BO | up-to-date
[363/500] MALLCOM.BO | up-to-date
[364/500] ATHCON.BO | up-to-date
[365/500] KALAMANDIR.BO | up-to-date
[366/500] OMANSH.BO | up-to-date
[367/500] KESARENT.BO | up-to-date
[368/500] BESTEAST.BO | up-to-date
[369/500] SWITCHTE.BO | up-to-date
[370/500] RITESHIN.BO | up-to-date
[371/500] JETKINGQ.BO | up-to-date
[372/500] PRIYALT.BO | up-to-date
[373/500] AVONMORE.BO | up-to-date
[374/500] AXELPOLY.BO | up-to-date
[375/500] ANDREWYU.BO | up-to-date
[376/500] GUJINJEC.BO | up-to-date
[377/500] TITANBIO.BO | up-to-date
[378/500] SANDUPHQ.BO | up-to-date
[379/500] SHREEPAC.BO | up-to-date
[380/500] INDCTST.BO | up-to-date
[381/500] SIELFNS.BO | up-to-date
[382/500] CANTABIL.BO | up-to-date
[383/500] KAMDHENU.BO | up-to-date
[384/500] CINDRELL.BO | up-to-date
[385/500] SWARNSAR.BO | up-to-date
[386/500] MOHITPPR.BO | up-to-date
[387/500] TITAGARH.BO | up-to-date
[388/500] ROSELABS.BO | up-to-date
[389/500] SUBEXLTD.BO | up-to-date
[390/500] APARINDS.BO | up-to-date
[391/500] NAGAFERT.BO | up-to-date
[392/500] OSIAJEE.BO | up-to-date
[393/500] HANSUGAR.BO | up-to-date
[394/500] SPENCERS.BO | up-to-date
[395/500] KANCOTEA.BO | up-to-date
[396/500] VIRTUALG.BO | up-to-date
[397/500] SIMBHALS.BO | up-to-date
[398/500] NOVATEOR.BO | up-to-date
[399/500] SAHYADRI.BO | up-to-date
[400/500] SEACOAST.BO | up-to-date
[401/500] SANINFRA.BO | up-to-date
[402/500] MANGALAM.BO | up-to-date
[403/500] LANDMARK.BO | up-to-date
[404/500] SMALLCAP.BO | up-to-date
[405/500] MTARTECH.BO | up-to-date
[406/500] MULTICAP.BO | up-to-date
[407/500] SPENTA.BO | up-to-date
[408/500] ORIENTTECH.BO | up-to-date
[409/500] ALPHAETF.BO | up-to-date
[410/500] MOSCHIP.BO | up-to-date
[411/500] PVRINOX.BO | up-to-date
[412/500] JYOTICNC.BO | up-to-date
[413/500] NEULANDLAB.BO | up-to-date
[414/500] WEPSOLN.BO | up-to-date
[415/500] SENSEXIETF.BO | up-to-date
[416/500] CLFL.BO | up-to-date
[417/500] LXCHEM.BO | up-to-date
[418/500] INDINFO.BO | up-to-date
[419/500] MIDSELIETF.BO | up-to-date
[420/500] SCHAEFFLER.BO | up-to-date
[421/500] WELTI.BO | up-to-date
[422/500] LKPSEC.BO | up-to-date
[423/500] HOCL.BO | up-to-date
[424/500] SOMATEX.BO | up-to-date
[425/500] PILITA.BO | up-to-date
[426/500] USK.BO | up-to-date
[427/500] RAPICUT.BO | up-to-date
[428/500] KINGFA.BO | up-to-date
[429/500] JOSTS.BO | up-to-date
[430/500] SANGHVIMOV.BO | up-to-date
[431/500] MULLER.BO | up-to-date
[432/500] ATVPR.BO | up-to-date
[433/500] CHEVIOT.BO | up-to-date
[434/500] UTIQUE.BO | up-to-date
[435/500] SHOPERSTOP.BO | up-to-date
[436/500] RAPIDIN.BO | up-to-date
[437/500] OMEGAIN.BO | up-to-date
[438/500] GSFC.BO | up-to-date
[439/500] JCTLTD.BO | up-to-date
[440/500] TATACOFFEE.BO | up-to-date
[441/500] MODINSU.BO | up-to-date
[442/500] AMJLAND.BO | up-to-date
[443/500] KEI.BO | up-to-date
[444/500] TRIBHSG.BO | up-to-date
[445/500] DHARFIN.BO | up-to-date
[446/500] SAGAR.BO | up-to-date
[447/500] CHEMOPH.BO | up-to-date
[448/500] BNALTD.BO | up-to-date
[449/500] ELANGO.BO | up-to-date
[450/500] MILESTONE.BO | up-to-date
[451/500] SHVSUIT.BO | up-to-date
[452/500] AVANTEL-RE.BO | up-to-date
[453/500] SHYAM.BO | up-to-date
[454/500] ALPHAIND.BO | up-to-date
[455/500] ZJEETMAC.BO | up-to-date
[456/500] KOATOOLIN.BO | up-to-date
[457/500] MONIND.BO | up-to-date
[458/500] GOGIACAPGL.BO | up-to-date
[459/500] INTERISE.BO | up-to-date
[460/500] SHEETALB.BO | up-to-date
[461/500] NIRMITEE.BO | up-to-date
[462/500] AEONIA.BO | up-to-date
[463/500] IGLFXPL-B.BO | processed
[464/500] MANAKSTEEL.BO | processed
[465/500] RANJEET.BO | up-to-date
[466/500] STELLAR.BO | up-to-date
[467/500] MPHASIS.BO | processed
[468/500] ECOSMOBLTY.BO | processed
[469/500] HITECHCORP.BO | processed
[470/500] AEROENTER.BO | processed
[471/500] OBEROIRLTY.BO | processed
[472/500] LUCENT.BO | processed
[473/500] COSCO.BO | processed
[474/500] APOLSINHOT.NS | processed
[475/500] MACIND.BO | processed
[476/500] IGL.NS | processed
[477/500] SAFARI.BO | processed
[478/500] JINDALPHOT.NS | processed
[479/500] HAVELLS.NS | processed
[480/500] MCEL.BO | processed
[481/500] IRFC.NS | processed
[482/500] KGES.BO | processed
[483/500] TVSSRICHAK.NS | processed
[484/500] SGIL.NS | processed
[485/500] ATUL.NS | processed
[486/500] ENERGYDEV.NS | processed
[487/500] GKWLIMITED.NS | processed
[488/500] HATHWAY.NS | processed
[489/500] LINC.NS | processed
[490/500] BOROLTD.NS | processed
[491/500] DAVANGERE.NS | processed
[492/500] COROMANDEL.NS | processed
[493/500] SIGNATURE.NS | processed
[494/500] DBOL.NS | processed
[495/500] CEWATER.NS | processed
[496/500] PCJEWELLER.NS | processed
[497/500] KELLTONTEC.NS | processed
[498/500] MTEDUCARE.NS | processed
[499/500] SUMEETINDS.NS | processed
[500/500] BLUESTONE.NS | processed
[OK] Done.
Traceback (most recent call last):
  File "C:\Users\jallu\OneDrive\pgp\Python\Stock predictor\Rubik_view\Engine\indicator_runner.py", line 303, in <module>
    main()
    ~~~~^^
  File "C:\Users\jallu\OneDrive\pgp\Python\Stock predictor\Rubik_view\Engine\indicator_runner.py", line 285, in main
    with duckdb.connect(str(SIGNALS_DB)) as con:
         ~~~~~~~~~~~~~~^^^^^^^^^^^^^^^^^
  File "C:\Users\jallu\OneDrive\pgp\Python\Stock predictor\Rubik_view\Engine\indicator_runner.py", line 296, in main
    con.execute("INSERT INTO signals SELECT * FROM batch")
    ~~~~~~~~~~~^^^^^^^^^^^^^^^^^^^^^^^^^^^^^^^^^^^^^^^^^^^
_duckdb.BinderException: Binder Error: table signals has 42 columns but 22 values were supplied
