Active indicators: 24
FAST_MODE enabled -> limiting indicators to first 10 active rows
Symbols: 7154
FAST_MODE enabled -> limiting symbols to first 500
[1/500] PJL.BO | up-to-date
[2/500] MPFSL.BO | up-to-date
[3/500] PAKKA.BO | processed
[4/500] ASIL.BO | up-to-date
[5/500] TECHNOPACK.BO | up-to-date
[6/500] TPLPLASTEH.BO | processed
[7/500] JKTYRE.BO | processed
[8/500] BALKRISIND.BO | processed
[9/500] ACEEDU.BO | up-to-date
[10/500] NAKODA.BO | up-to-date
[11/500] KSK.BO | up-to-date
[12/500] METROPOLIS.BO | processed
[13/500] SKYIND.BO | processed
[14/500] AJMERA.BO | processed
[15/500] MAANALU.BO | processed
[16/500] KEEPLEARN.BO | processed
[17/500] MONTECARLO.BO | processed
[18/500] PSB.BO | processed
[19/500] JAYAGROGN.BO | processed
[20/500] ABCINDQ.BO | processed
[21/500] SALSAIN.BO | processed
[22/500] TRUEGREEN.BO | processed
[23/500] QPOWER.BO | processedC:\Users\jallu\OneDrive\pgp\Python\Stock predictor\Rubik_view\Engine\indicators.py:63: RuntimeWarning: All-NaN axis encountered
  vmax = np.nanmax(np.abs(macd - macdsignal))
C:\Users\jallu\OneDrive\pgp\Python\Stock predictor\Rubik_view\Engine\indicators.py:71: RuntimeWarning: All-NaN axis encountered
  vmax = np.nanmax(np.abs(ema_short - ema_long))
C:\Users\jallu\OneDrive\pgp\Python\Stock predictor\Rubik_view\Engine\indicators.py:118: RuntimeWarning: All-NaN axis encountered
  vmax = np.nanmax(np.abs(df['Close'] - st))

[24/500] CRYSTAL.BO | processed
[25/500] TAHMARENT.BO | processed
[26/500] CHAMBLFERT.NS | processed
[27/500] PARAS.BO | processed
[28/500] AZAD.BO | processed
[29/500] AURIONPRO.NS | processed
[30/500] KSCL.NS | processed
[31/500] VINCOFE.NS | processed
[32/500] EQUAL50ADD.BO | processed
[33/500] RALLIS.NS | processed
[34/500] JAYBARMARU.NS | processed
[35/500] EIMCOELECO.NS | processed
[36/500] ULTRACEMCO.NS | processed
[37/500] LIBERTSHOE.NS | processed
[38/500] ATL.NS | processed
[39/500] OMAXE.NS | processed
[40/500] SYMPHONY.NS | processed
[41/500] NOCIL.NS | processed
[42/500] MOTISONS.NS | processed
[43/500] VIPULLTD.NS | processed
[44/500] KPIL.NS | processed
[45/500] VMM.NS | processed
[46/500] IGARASHI.NS | processed
[47/500] INDOTECH.NS | processed
[48/500] RELCHEMQ.NS | processed
[49/500] PICCADIL.NS | processed
[50/500] PILANIINVS.NS | processed
[51/500] BANSWRAS.NS | processed
[52/500] MAHLOG.NS | processed
[53/500] CEMPRO.NS | processed
[54/500] MASTERTR.NS | processed
[55/500] ZEELEARN.NS | processed
[56/500] GANESHBE.NS | processed
[57/500] INDOUS.NS | processed
[58/500] CRISIL.NS | processed
[59/500] JSFB.NS | processed
[60/500] GATECHDVR.NS | processed
[61/500] FAZE3Q.NS | processed
[62/500] NSLNISP.NS | processed
[63/500] BHAGYANGR.NS | processed
[64/500] OBCL.NS | processed
[65/500] MSTCLTD.NS | processed
[66/500] VALIANTLAB.NS | processed
[67/500] BMWVENTLTD.NS | processed
[68/500] BAJAJHLDNG.NS | processed
[69/500] NITIRAJ.NS | processed
[70/500] CYIENTDLM.NS | processed
[71/500] GANESHHOUC.NS | up-to-date
[72/500] GRINDWELL.NS | processed
[73/500] SHREDIGCEM.NS | processed
[74/500] SAFARI.NS | processed
[75/500] COHANCE.NS | processed
[76/500] CYIENT.NS | processed
[77/500] JWL.NS | processed
[78/500] SPARC.NS | processed
[79/500] FCL.NS | processed
[80/500] TATASTEEL.NS | processed
[81/500] SWIGGY.NS | processed
[82/500] TIMKEN.NS | processed
[83/500] VIJIFIN.NS | processed
[84/500] SURANASOL.NS | processed
[85/500] BSOFT.NS | processed
[86/500] TNPETRO.NS | processed
[87/500] PEL.NS | up-to-date
[88/500] SEYAIND.NS | processed
[89/500] ZENTEC.NS | processed
[90/500] IREDA.NS | processed
[91/500] ROTO.NS | processed
[92/500] SVLL.NS | processed
[93/500] ITI.NS | processed
[94/500] IIFL.NS | processed
[95/500] SUMMITSEC.NS | processed
[96/500] INNOVACAP.NS | processed
[97/500] BASF.NS | processed
[98/500] IDEAFORGE.NS | processed
[99/500] HDBFS.NS | processed
[100/500] ZYDUSLIFE.NS | processed
[101/500] DCMSHRIRAM.NS | processed
[102/500] LEMONTREE.NS | processed
[103/500] MCLEODRUSS.NS | processed
[104/500] BLKASHYAP.NS | processed
[105/500] PGHL.NS | processed
[106/500] GEECEE.NS | processed
[107/500] FLEXITUFF.NS | processed
[108/500] PSPPROJECT.NS | processed
[109/500] COALINDIA.NS | processed
[110/500] SESHAPAPER.NS | processed
[111/500] ABAN.NS | processed
[112/500] TARAPUR.NS | processed
[113/500] KALYANI.NS | processed
[114/500] DALMIASUG.NS | processed
[115/500] GMBREW.NS | processed
[116/500] PARASPETRO.NS | processed
[117/500] INDIANCARD.NS | processed
[118/500] INDIGOPNTS.NS | processed
[119/500] AVG.NS | processed
[120/500] SKMEGGPROD.NS | processed
[121/500] UJJIVANSFB.NS | processed
[122/500] VISAKAIND.NS | processed
[123/500] DELHIVERY.NS | processed
[124/500] SHANTIGEAR.NS | processed
[125/500] MENONBE.NS | processed
[126/500] REFEX.NS | processed
[127/500] CHEMBONDCH.NS | processed
[128/500] KAIRA.BO | up-to-date
[129/500] RRKABEL.NS | processed
[130/500] NOIDATOLL.BO | up-to-date
[131/500] RCOM.BO | up-to-date
[132/500] GEOJITFSL.BO | up-to-date
[133/500] TRIVENI.BO | up-to-date
[134/500] CALSOFT.BO | up-to-date
[135/500] SIMPLXMIL.BO | up-to-date
[136/500] JAINSTUDIO.BO | up-to-date
[137/500] VIPIND.NS | processed
[138/500] TRL.BO | up-to-date
[139/500] BLUECLOUDS.BO | up-to-date
[140/500] KIMS.NS | processed
[141/500] INTENTECH.NS | processed
[142/500] EXIDEIND.NS | processed
[143/500] RATEGAIN.NS | processed
[144/500] PETRONET.NS | processed
[145/500] THOMASCOTT.NS | processed
[146/500] ASHOKLEY.NS | processed
[147/500] BUTTERFLY.NS | processed
[148/500] SALONA.NS | processed
[149/500] ADANIENT.NS | processed
[150/500] ACUTAAS.NS | processed
[151/500] LAMBODHARA.BO | up-to-date
[152/500] RASRESOR.BO | up-to-date
[153/500] DILIGENT.BO | up-to-date
[154/500] EXIDEIND.BO | up-to-date
[155/500] CHALLANI.BO | up-to-date
[156/500] HATHWAYB.BO | up-to-date
[157/500] SWASTIVI.BO | up-to-date
[158/500] DCMNVL.NS | processed
[159/500] MACPLASQ.BO | up-to-date
[160/500] DAIKAFFI.BO | up-to-date
[161/500] TIMESGTY.BO | up-to-date
[162/500] CONTAINE.BO | up-to-date
[163/500] SHILINDORE.BO | up-to-date
[164/500] DIFFNKG.BO | up-to-date
[165/500] EXHICON.BO | processed
[166/500] SKRABUL.BO | up-to-date
[167/500] AHASOLAR.BO | up-to-date
[168/500] CSLFINANCE.BO | up-to-dateC:\Users\jallu\OneDrive\pgp\Python\Stock predictor\Rubik_view\Engine\indicators.py:63: RuntimeWarning: All-NaN axis encountered
  vmax = np.nanmax(np.abs(macd - macdsignal))

[169/500] CITICHEM.BO | up-to-date
[170/500] SHYAMACOMP.BO | up-to-date
[171/500] UMESLTD.BO | up-to-date
[172/500] VRL.BO | processed
[173/500] IWP.BO | up-to-date
[174/500] EXPLEOSOL.BO | up-to-date
[175/500] RAMAPETRO.BO | processed
[176/500] LEXORAA.BO | processed
[177/500] GGDPROP.BO | processed
[178/500] VASUPRADA.BO | up-to-date
[179/500] SRGHFL.BO | up-to-date
[180/500] DANLAW.BO | processed
[181/500] NESCO.BO | processed
[182/500] OMKARCHEM.BO | up-to-date
[183/500] CSBBANK.BO | up-to-date
[184/500] GMMPFAUDLR.BO | processed
[185/500] SYMPHONY.BO | up-to-date
[186/500] DDEVPLSTIK.BO | up-to-date
[187/500] IGARASHI.BO | up-to-date
[188/500] BAJAJINDEF.BO | processed
[189/500] UNIVSTAR.BO | up-to-date
[190/500] INDICAP.BO | up-to-date
[191/500] KRN.BO | up-to-date
[192/500] VEL.BO | up-to-date
[193/500] ARSSINFRA.BO | up-to-date
[194/500] ALUFLUOR.BO | up-to-date
[195/500] LABELKRAFT.BO | up-to-date
[196/500] PETRONET.BO | up-to-date
[197/500] INDOEURO.BO | up-to-date
[198/500] NATRAJPR.BO | up-to-date
[199/500] KAMAHOLD.BO | up-to-date
[200/500] GMRAIRPORT.BO | up-to-date
[201/500] PICCADIL.BO | up-to-date
[202/500] GODREJPROP.BO | up-to-date
[203/500] INDOTECH.BO | up-to-date
[204/500] BRAWN.BO | up-to-date
[205/500] OSCARGLO.BO | up-to-date
[206/500] INDRANIB.BO | up-to-date
[207/500] KREONFIN.BO | up-to-date
[208/500] ISGEC.BO | up-to-date
[209/500] SKIPPER.BO | up-to-date
[210/500] HONASA.BO | up-to-date
[211/500] RANASUG.NS | processed
[212/500] AEL.BO | up-to-date
[213/500] RGL.NS | processed
[214/500] TRUALT.NS | processed
[215/500] GENCON.NS | processed
[216/500] MHEL.BO | up-to-date
[217/500] BELRISE.NS | processed
[218/500] AFCONS.NS | processed
[219/500] GULPOLY.NS | processed
[220/500] REPRO.NS | processed
[221/500] PADAMCO.BO | up-to-date
[222/500] YASHCHEM.BO | up-to-date
[223/500] DIL.NS | processed
[224/500] KAMATHOTEL.BO | up-to-date
[225/500] INDAG.BO | up-to-date
[226/500] MEGACOR.BO | up-to-date
[227/500] IBINFO.BO | processed
[228/500] PANABYTE.BO | up-to-date
[229/500] WHIRLPOOL.BO | processed
[230/500] BCG.NS | processed
[231/500] ACL.NS | processed
[232/500] ARIHANTCAP.BO | up-to-date
[233/500] STARLIT.BO | up-to-date
[234/500] NACHKNIT.BO | up-to-date
[235/500] ARCOTECH.BO | up-to-date
[236/500] TIMESGTY.NS | up-to-date
[237/500] OLAELEC.BO | up-to-date
[238/500] LAKESHORE.BO | up-to-date
[239/500] UNIDT.BO | up-to-date
[240/500] AANCHALISP.BO | up-to-date
[241/500] TECHNOFAB.BO | up-to-date
[242/500] BANSWRAS.BO | up-to-date
[243/500] SOURCEIND.BO | up-to-date
[244/500] VIPULLTD.BO | up-to-date
[245/500] RELCHEMQ.BO | up-to-date
[246/500] NETTLINX.BO | up-to-date
[247/500] INTETHR.BO | up-to-date
[248/500] WARDWIZFBL.BO | processed
[249/500] SUPERIOR.BO | up-to-date
[250/500] ROYALIND.BO | up-to-date
[251/500] LALPATHLAB.BO | up-to-date
[252/500] BHUDEVI.BO | processed
[253/500] OCCL.BO | processed
[254/500] CANFINHOME.BO | up-to-date
[255/500] LANCER.BO | processed
[256/500] HAWKINCOOK.BO | up-to-date
[257/500] GCMCAPI.BO | up-to-date
[258/500] KALYANIFRG.BO | up-to-date
[259/500] AMITINT.BO | up-to-date
[260/500] LAXMIDENTL.BO | up-to-date
[261/500] QUESS.BO | up-to-date
[262/500] CLN.BO | up-to-date
[263/500] MISHDESIGN.BO | up-to-date
[264/500] IRCON.BO | up-to-date
[265/500] TRIGYN.BO | up-to-date
[266/500] TNSTLTU.BO | up-to-date
[267/500] NEIL.BO | up-to-date
[268/500] SHRADDHA.BO | up-to-date
[269/500] SAMSRITA.BO | up-to-date
[270/500] BIOGEN.BO | up-to-date
[271/500] EARTH.BO | up-to-date
[272/500] 08GPG.BO | up-to-dateC:\Users\jallu\OneDrive\pgp\Python\Stock predictor\Rubik_view\Engine\indicators.py:63: RuntimeWarning: All-NaN axis encountered
  vmax = np.nanmax(np.abs(macd - macdsignal))
C:\Users\jallu\OneDrive\pgp\Python\Stock predictor\Rubik_view\Engine\indicators.py:71: RuntimeWarning: All-NaN axis encountered
  vmax = np.nanmax(np.abs(ema_short - ema_long))
C:\Users\jallu\OneDrive\pgp\Python\Stock predictor\Rubik_view\Engine\indicators.py:118: RuntimeWarning: All-NaN axis encountered
  vmax = np.nanmax(np.abs(df['Close'] - st))

[273/500] HMAAGRO.BO | up-to-date
[274/500] WCIL.BO | up-to-date
[275/500] VOLTAS.BO | up-to-date
[276/500] SELECTIPO.BO | processed
[277/500] ACE.BO | up-to-date
[278/500] MAFANG.BO | up-to-date
[279/500] TOLINS.BO | up-to-date
[280/500] GOLDETF.BO | up-to-date
[281/500] UDS.BO | up-to-date
[282/500] OCTAVE.BO | up-to-date
[283/500] EUROLED.BO | up-to-date
[284/500] ZDHJERK.BO | up-to-date
[285/500] MARUTI.BO | up-to-date
[286/500] JINDCAP.BO | up-to-date
[287/500] BLBLIMITED.BO | up-to-date
[288/500] AARTISURF.BO | up-to-date
[289/500] VERTEX.BO | up-to-date
[290/500] THERMAX.BO | up-to-date
[291/500] ALPINEHOU.BO | up-to-date
[292/500] ASMTEC.BO | up-to-date
[293/500] IGL.BO | up-to-date
[294/500] LINC.BO | up-to-date
[295/500] RML.BO | up-to-date
[296/500] DIVGIITTS.BO | up-to-date
[297/500] RPTECH.BO | up-to-date
[298/500] SILVERIETF.BO | up-to-date
[299/500] PANELEC.BO | up-to-date
[300/500] DQE.BO | up-to-date
[301/500] SKUMARN.BO | up-to-date
[302/500] SABEVENTS.BO | up-to-date
[303/500] ACEENGITEC.BO | up-to-date
[304/500] ISEC.BO | up-to-date
[305/500] AMANAYA.BO | up-to-date
[306/500] HFIL-RE.BO | up-to-date
[307/500] RGIL.BO | up-to-date
[308/500] HEALTHADD.BO | up-to-date
[309/500] SATTVA-RE.BO | up-to-date
[310/500] ANSINDUS.BO | up-to-date
[311/500] CHOKSI.BO | up-to-date
[312/500] SANJIVIN.BO | up-to-date
[313/500] CIPLA.BO | processed
[314/500] ARTEFACT.BO | up-to-date
[315/500] INDERGR.BO | up-to-date
[316/500] ZEELEARN.BO | up-to-date
[317/500] MANRAJH.BO | up-to-date
[318/500] PILANIINVS.BO | up-to-date
[319/500] COCHINSHIP.BO | up-to-date
[320/500] UNTTEMI.BO | up-to-date
[321/500] SHANTIGURU.BO | up-to-date
[322/500] RICHAIND.BO | up-to-date
[323/500] SITINET.BO | up-to-date
[324/500] DIAMANT.BO | up-to-date
[325/500] RLF.BO | up-to-date
[326/500] DLTNCBL.BO | up-to-date
[327/500] INDRENEW.BO | up-to-date
[328/500] CHORDIA.BO | up-to-date
[329/500] PRAXIS.BO | up-to-date
[330/500] RUSHIL.BO | processed
[331/500] BAJAJ-AUTO.BO | processed
[332/500] RNBDENIMS.BO | up-to-date
[333/500] BHARATIDIL.BO | up-to-date
C:\Users\jallu\OneDrive\pgp\Python\Stock predictor\Rubik_view\Engine\indicators.py:63: RuntimeWarning: All-NaN axis encountered
  vmax = np.nanmax(np.abs(macd - macdsignal))
C:\Users\jallu\OneDrive\pgp\Python\Stock predictor\Rubik_view\Engine\indicators.py:71: RuntimeWarning: All-NaN axis encountered
  vmax = np.nanmax(np.abs(ema_short - ema_long))
C:\Users\jallu\OneDrive\pgp\Python\Stock predictor\Rubik_view\Engine\indicators.py:118: RuntimeWarning: All-NaN axis encountered
  vmax = np.nanmax(np.abs(df['Close'] - st))
[334/500] ASTRAMICRO.BO | up-to-date
[335/500] EASTINDIA.BO | up-to-date
[336/500] FRANKI-RE1.BO | up-to-date
[337/500] IMPEXFERRO.BO | up-to-date
[338/500] FCONSUMER.NS | up-to-date
[339/500] 11GPG.BO | processed
[340/500] PFOCUS.BO | up-to-date
[341/500] SDBL.BO | up-to-date
[342/500] MYSORPETRO.BO | up-to-date
[343/500] ERIS.BO | up-to-date
[344/500] KELLTONTEC.BO | up-to-date
[345/500] VERANDA.BO | processed
[346/500] SPITZE.BO | up-to-date
[347/500] POLYTEX.BO | up-to-date
[348/500] RISHILASE.BO | up-to-date
[349/500] GODREJIND.BO | up-to-date
[350/500] RANEHOLDIN.BO | up-to-date
[351/500] LAOPALA.BO | up-to-date
[352/500] SUUMAYA.BO | up-to-date
[353/500] TRILIANCE.BO | up-to-date
[354/500] NCLIND.BO | up-to-date
[355/500] EMERALL.BO | up-to-date
[356/500] WATERBASE.BO | up-to-date
[357/500] SHILCTECH.BO | up-to-date
[358/500] SBLI.BO | up-to-date
[359/500] MASTERTR.BO | up-to-date
[360/500] ASKAUTOLTD.BO | up-to-date
[361/500] METSL.BO | up-to-date
[362/500] TANLA.BO | up-to-date
[363/500] RADAAN.BO | up-to-date
[364/500] PROCLB.BO | up-to-date
[365/500] HBESD.BO | up-to-date
[366/500] HDFCVALUE.BO | up-to-date
[367/500] GANESHBE.BO | up-to-date
[368/500] NSIL.BO | up-to-date
[369/500] JOHNPHARMA.BO | up-to-date
[370/500] ZWELCAST.BO | up-to-date
[371/500] RAGHUSYN.BO | up-to-date
[372/500] ADANIENT.BO | up-to-date
[373/500] ACGL.BO | up-to-date
[374/500] MPCOSEMB.BO | up-to-date
[375/500] ASHOKLEY.BO | up-to-date
[376/500] RUDRAECO.BO | up-to-date
[377/500] BARODARY.BO | up-to-date
[378/500] UNIROYAL.BO | up-to-date
[379/500] PRECISIO.BO | up-to-date
[380/500] QUESTCAP.BO | up-to-date
[381/500] SGMART.BO | up-to-date
[382/500] TCIIND.BO | up-to-date
[383/500] RBLBANK.BO | up-to-date
[384/500] SOLARA.BO | up-to-date
[385/500] FREDUN.BO | up-to-date
[386/500] MOTISONS.BO | up-to-date
[387/500] RATEGAIN.BO | up-to-date
[388/500] NIFTYETF.BO | up-to-date
[389/500] GOLDCOINHF.BO | up-to-date
[390/500] TGIF.BO | up-to-date
[391/500] NAPEROL.BO | up-to-date
[392/500] ASMS.BO | up-to-date
[393/500] VLL.BO | up-to-date
[394/500] GROVY.BO | up-to-date
[395/500] MMFL.BO | up-to-date
[396/500] MADHUSE.BO | up-to-date
[397/500] AGARWALEYE.BO | up-to-date
[398/500] BRPL.BO | up-to-date
[399/500] 3BFILMS.BO | up-to-date
[400/500] HIMTEK.BO | up-to-date
[401/500] UFO.BO | up-to-date
[402/500] GKP.BO | up-to-date
[403/500] GSTL.BO | up-to-date
[404/500] YARNSYN.BO | up-to-date
[405/500] PRAJIND.BO | up-to-date
[406/500] SOMANYCERA.BO | up-to-date
[407/500] SCAGRO.BO | up-to-date
[408/500] PACE.BO | up-to-date
[409/500] NUTRICIRCLE.BO | up-to-date
[410/500] 11AMD.BO | up-to-date
[411/500] SAWACA.BO | up-to-date
[412/500] AAATECH.BO | up-to-date
[413/500] MMLF.BO | up-to-date
[414/500] MGEL.BO | up-to-date
[415/500] KIRIINDUS.BO | up-to-date
[416/500] UTTAMSUGAR.BO | up-to-date
[417/500] SBINEQWETF.BO | up-to-date
[418/500] RAMSONS.BO | up-to-date
[419/500] ALSTONE.BO | up-to-date
[420/500] DEEP.BO | up-to-date
[421/500] PREMCAP.BO | up-to-date
[422/500] PGFOILQ.BO | up-to-date
[423/500] HAL.BO | up-to-date
[424/500] CPCAP.BO | up-to-date
[425/500] SHUBHAM.BO | up-to-date
[426/500] GOLD360.BO | up-to-date
[427/500] KPRMILL.BO | up-to-date
[428/500] MMWL.BO | up-to-date
[429/500] META.BO | up-to-date
[430/500] BOBSHELL.BO | up-to-date
[431/500] TTL.BO | up-to-date
[432/500] EPL.BO | up-to-date
[433/500] ASIANBRG.BO | up-to-date
[434/500] BANARISUG.BO | up-to-date
[435/500] VENUSUNI.BO | up-to-date
[436/500] DEEPAKNTR.BO | up-to-date
[437/500] FINELINE.BO | up-to-date
[438/500] AVL.BO | up-to-date
[439/500] EXPOGAS.BO | up-to-date
[440/500] SJCORP.BO | up-to-date
[441/500] TELECABL.BO | up-to-date
C:\Users\jallu\OneDrive\pgp\Python\Stock predictor\Rubik_view\Engine\indicators.py:63: RuntimeWarning: All-NaN axis encountered
  vmax = np.nanmax(np.abs(macd - macdsignal))
C:\Users\jallu\OneDrive\pgp\Python\Stock predictor\Rubik_view\Engine\indicators.py:71: RuntimeWarning: All-NaN axis encountered
  vmax = np.nanmax(np.abs(ema_short - ema_long))
C:\Users\jallu\OneDrive\pgp\Python\Stock predictor\Rubik_view\Engine\indicators.py:118: RuntimeWarning: All-NaN axis encountered
  vmax = np.nanmax(np.abs(df['Close'] - st))
[442/500] MON100.BO | processed
[443/500] FILTRON.BO | up-to-date
[444/500] HAMPS.BO | up-to-date
[445/500] POLOHOT.BO | up-to-date
[446/500] RASOYPR.BO | up-to-date
[447/500] BETALA.BO | up-to-date
[448/500] PROFDIA.BO | up-to-date
[449/500] THEMISMED.BO | processed
[450/500] VANTABIO.BO | up-to-date
[451/500] BRIPORT.BO | up-to-date
[452/500] GUJCARB.BO | up-to-date
[453/500] MRCAGRO.BO | processed
[454/500] VINYOFL.BO | processed
[455/500] SOFTBPO.BO | processed
[456/500] EPIC.BO | processed
[457/500] RHIM.BO | processed
[458/500] HUIL.BO | processed
[459/500] ORBTEXP.BO | processed
[460/500] CYIENT.BO | processed
[461/500] VISVEN.BO | processed
[462/500] REPRO.BO | processed
[463/500] KAARYAFSL.BO | processed
[464/500] SPICEISLIN.BO | processed
[465/500] ETHOSLTD.NS | processed
[466/500] TRANWAY21.BO | processed
[467/500] VLEGOV.BO | processed
[468/500] HDFCBANK.NS | processed
[469/500] CARTRADE.NS | processed
[470/500] MAHSEAMLES.NS | processed
[471/500] JINDALSAW.NS | processed
[472/500] EQUIPPP.BO | processed
[473/500] AZTEC.BO | processed
[474/500] AJMERA.NS | processed
[475/500] DIVISLAB.NS | processed
[476/500] HDFCLIFE.NS | processed
[477/500] JLHL.NS | processed
[478/500] SANWARIA.NS | processed
[479/500] MTNL.NS | processed
[480/500] ONEPOINT.NS | processed
[481/500] INDHOTEL.NS | processed
[482/500] STARTECK.NS | processed
[483/500] INFIBEAM.NS | processed
[484/500] JKPAPER.NS | processed
[485/500] RAJRATAN.NS | processed
[486/500] SKFINDIA.NS | processed
[487/500] BARBEQUE.NS | processed
[488/500] PRECWIRE.NS | processed
[489/500] GEMAROMA.NS | processed
[490/500] ALPHAGEO.NS | processed
[491/500] HEXT.NS | processed
[492/500] SHARDAMOTR.NS | processed
[493/500] PITTIENG.NS | processed
[494/500] BOHRAIND.NS | processed
[495/500] SIGMA.NS | processed
[496/500] GUJTHEM.NS | processed
[497/500] MIRZAINT.NS | processed
[498/500] INDOWIND.NS | processed
[499/500] CARYSIL.NS | processed
[500/500] SPLPETRO.NS | processed
[OK] Done.
Traceback (most recent call last):
  File "C:\Users\jallu\OneDrive\pgp\Python\Stock predictor\Rubik_view\Engine\indicator_runner.py", line 303, in <module>
    main()
    ~~~~^^
  File "C:\Users\jallu\OneDrive\pgp\Python\Stock predictor\Rubik_view\Engine\indicator_runner.py", line 285, in main
    with duckdb.connect(str(SIGNALS_DB)) as con:
         ~~~~~~~~~~~~~~^^^^^^^^^^^^^^^^^
  File "C:\Users\jallu\OneDrive\pgp\Python\Stock predictor\Rubik_view\Engine\indicator_runner.py", line 296, in main
    con.execute("INSERT INTO signals SELECT * FROM batch")
    ~~~~~~~~~~~^^^^^^^^^^^^^^^^^^^^^^^^^^^^^^^^^^^^^^^^^^^
_duckdb.BinderException: Binder Error: table signals has 42 columns but 22 values were supplied
