Active indicators: 24
FAST_MODE enabled -> limiting indicators to first 10 active rows
Symbols: 7154
FAST_MODE enabled -> limiting symbols to first 500
[1/500] APPLECREDT.BO | up-to-date
[2/500] TVOLCON.BO | up-to-date
[3/500] NORBTEAEXP.NS | processed
[4/500] ACFSL.BO | up-to-date
[5/500] FINCABLES.NS | processed
[6/500] BHARATFORG.BO | processed
[7/500] MAHLIFE.NS | processed
[8/500] BMAL.BO | up-to-date
[9/500] BRFL.BO | up-to-date
[10/500] EMIL.NS | processed
[11/500] DIKSAT.BO | up-to-date
[12/500] UNIABEXAL.BO | processed
[13/500] SOUTHMG.BO | processed
[14/500] JAIPAN.BO | processed
[15/500] GULFOILLUB.NS | processed
[16/500] RKDAGRRTL.BO | processed
[17/500] BONDADA.BO | processed
[18/500] HITECHGEAR.NS | processed
[19/500] SUNPHARMA.NS | processed
[20/500] TOLINS.NS | processed
[21/500] AFFLE.NS | processed
[22/500] BALPHARMA.NS | processed
[23/500] GNA.NS | processed
[24/500] NTPC.NS | processed
[25/500] AMBICAAGAR.NS | processed
[26/500] BOSCHLTD.NS | processed
[27/500] CIEINDIA.NS | processed
[28/500] ANANDRATHI.NS | processed
[29/500] CROMPTON.NS | processed
[30/500] GRANULES.NS | processed
[31/500] PARSVNATH.NS | processed
[32/500] GILLETTE.NS | processed
[33/500] OPTIEMUS.NS | processed
[34/500] GMDCLTD.NS | processed
[35/500] TATATECH.NS | processed
[36/500] KTKBANK.NS | processed
[37/500] SAGILITY.NS | processed
[38/500] ADFFOODS.NS | processed
[39/500] TEJASNET.NS | processed
[40/500] UNIVASTU.NS | processed
[41/500] PAVNAIND.NS | processed
[42/500] UBL.NS | processed
[43/500] INDIQUBE.NS | processed
[44/500] UNIENTER.NS | processed
[45/500] ADVANIHOTR.NS | processed
[46/500] CAPTRUST.NS | processed
[47/500] NAHARCAP.NS | processed
[48/500] POCL.NS | processed
[49/500] ASIANENE.NS | processed
[50/500] VASCONEQ.NS | processed
[51/500] ARMANFIN.NS | processed
[52/500] MEGASOFT.NS | processed
[53/500] DAMODARIND.NS | processed
[54/500] TRAVELFOOD.NS | processed
[55/500] GPTINFRA.NS | processed
[56/500] INNOVANA.NS | processed
[57/500] FINKURVE.NS | processed
[58/500] NUCLEUS.NS | processed
[59/500] DHANBANK.NS | processed
[60/500] SHRENIK.NS | processed
[61/500] DHANUKA.NS | processed
[62/500] SHREYANIND.NS | processed
[63/500] ORIENTCEM.NS | processed
[64/500] SAGCEM.NS | processed
[65/500] GREAVESCOT.NS | processed
[66/500] AEGISVOPAK.NS | processed
[67/500] TATAELXSI.BO | processed
[68/500] SAHLIBHFI.BO | processed
[69/500] ELECTHERM.NS | processed
[70/500] AKUMS.NS | processed
[71/500] MANGLMCEM.NS | processed
[72/500] SILINV.NS | processed
[73/500] AGIIL.NS | processed
[74/500] GREAVESCOT.BO | processed
[75/500] CRANESSOFT.BO | processed
[76/500] CONTPTR.BO | processed
[77/500] POLYCAB.NS | processed
[78/500] SIMPLEXINF.BO | processed
[79/500] PCBL.NS | processed
[80/500] SPECIALITY.NS | processed
[81/500] IZMO.NS | processed
[82/500] SOLIMAC.BO | processed
[83/500] RUSTOMJEE.NS | processed
[84/500] RCF.NS | processed
[85/500] GUJRAFFIA.NS | processed
[86/500] AARTECH.NS | processed
[87/500] SRPL.NS | processed
[88/500] SHREERAMA.NS | processed
[89/500] GULFPETRO.NS | processed
[90/500] ZEEL.NS | processed
[91/500] APOLLOTYRE.NS | processed
[92/500] UMIYA-MRO.NS | processed
[93/500] TVSSCS.NS | processed
[94/500] ELGIRUBCO.NS | processed
[95/500] SHRIRAMPPS.NS | processed
[96/500] HEIDELBERG.NS | processed
[97/500] ENIL.NS | processed
[98/500] DRCSYSTEMS.NS | processed
[99/500] ARTEMISMED.NS | processed
[100/500] GANESHHOU.NS | processed
[101/500] BERGEPAINT.NS | processed
[102/500] BALAJEE.NS | processed
[103/500] KALPATARU.NS | processed
[104/500] KAVDEFENCE.NS | processed
[105/500] AHCL.NS | processed
[106/500] MGL.NS | processed
[107/500] KHADIM.NS | processed
[108/500] BLAL.NS | processed
[109/500] BDL.NS | processed
[110/500] CHEMCON.NS | processed
[111/500] ORCHPHARMA.NS | processed
[112/500] JAIBALAJI.NS | processed
[113/500] JYOTHYLAB.NS | processed
[114/500] WOCKPHARMA.NS | processed
[115/500] LINDEINDIA.NS | processed
[116/500] AROGRANITE.NS | processed
[117/500] HSCL.NS | processed
[118/500] ALKYLAMINE.NS | processed
[119/500] VIPCLOTHNG.NS | processed
[120/500] ZODIACLOTH.NS | processed
[121/500] RMDRIP.NS | processed
[122/500] LAXMIINDIA.NS | processed
[123/500] MUTHOOTFIN.NS | processed
[124/500] HGM.NS | processed
[125/500] ALPA.NS | processed
[126/500] SPLIL.NS | processed
[127/500] SHREEPUSHK.NS | processed
[128/500] NIACL.NS | processed
[129/500] CAMPUS.NS | processed
[130/500] ELECTCAST.NS | processed
[131/500] ADANIGREEN.NS | processed
[132/500] BLS.NS | processed
[133/500] APTECHT.NS | processed
[134/500] ADVENZYMES.NS | processed
[135/500] SATIA.NS | processed
[136/500] HOMEFIRST.NS | processed
[137/500] VENUSPIPES.NS | processed
[138/500] STYL.NS | processed
[139/500] SUNTECK.BO | processed
[140/500] SINDHUTRAD.NS | processed
[141/500] RKDL.NS | processed
[142/500] ASTRON.NS | processed
[143/500] NETWORK18.NS | processed
[144/500] BLUESTARCO.BO | processed
[145/500] VEEDOL.NS | processed
[146/500] TIPSFILMS.NS | processed
[147/500] SAMMAANCAP.NS | processed
[148/500] SCHNEIDER.NS | processed
[149/500] MALUPAPER.NS | processed
[150/500] ABMINTLLTD.NS | processed
[151/500] INDRAMEDCO.NS | processed
[152/500] RPOWER.NS | processed
[153/500] AAVAS.NS | processed
[154/500] STCORP.BO | processed
[155/500] GSPL.BO | processed
[156/500] UGARSUGAR.NS | processed
[157/500] BIOCON.NS | processed
[158/500] TERAI.BO | processed
[159/500] ASTERDM.BO | processed
[160/500] PARMESHWAR.BO | processed
[161/500] AAVAS.BO | processed
[162/500] JETMALL.BO | processed
[163/500] GARUDA.BO | processed
[164/500] GAYAHWS.BO | processed
[165/500] SUVENPHAR.NS | up-to-date
[166/500] SASHWAT.BO | processed
[167/500] RKSWAMY.BO | processed
[168/500] AVEER.BO | processed
[169/500] SICALLOG.NS | up-to-date
[170/500] MMFL.NS | processed
[171/500] MANGCHEFER.NS | processed
[172/500] ESQRMON.BO | up-to-date
[173/500] RHETAN.BO | processed
[174/500] BINANIIND.NS | up-to-date
[175/500] IEL.NS | processed
[176/500] UDAICEMENT.NS | up-to-date
[177/500] TEAMLEASE.BO | processed
[178/500] SEPC.BO | processed
[179/500] GMPL.BO | processed
[180/500] MOHITE.BO | processed
[181/500] IRB.BO | processed
[182/500] NETPIX.BO | processed
[183/500] DODLA.BO | processed
[184/500] MSRINDIA.BO | up-to-date
[185/500] PIONAGR.BO | up-to-date
[186/500] JUNIPER.BO | processed
[187/500] ISTLTD.BO | up-to-date
[188/500] FINKURVE.BO | up-to-date
[189/500] DRAGARWQ.BO | up-to-date
[190/500] MIDEASTP.BO | up-to-date
[191/500] MBECL.BO | processed
[192/500] ARMANFIN.BO | up-to-date
[193/500] NICCOPAR.BO | up-to-date
[194/500] TATATECH.BO | up-to-date
[195/500] OPTIEMUS.BO | up-to-date
[196/500] EUROTEXIND.BO | up-to-date
[197/500] SBFL.BO | up-to-date
[198/500] SAGILITY.BO | up-to-date
[199/500] TCIFINANCE.BO | up-to-date
[200/500] KAJARIACER.BO | up-to-date
[201/500] ABDL.BO | up-to-date
[202/500] DEEPAKFERT.BO | up-to-date
[203/500] JITFINFRA.BO | up-to-date
[204/500] KEIL.BO | up-to-date
[205/500] PGEL.BO | up-to-date
[206/500] SJVN.BO | up-to-date
[207/500] SHANGAR.BO | up-to-date
[208/500] VPL.BO | up-to-date
[209/500] TIPSMUSIC.BO | up-to-date
[210/500] NESTLEIND.BO | up-to-date
[211/500] BORANA.BO | up-to-date
[212/500] FRETAIL.BO | up-to-date
[213/500] FOSECOIND.BO | processed
[214/500] VTL.BO | up-to-date
[215/500] ORTINGLOBE.NS | processed
[216/500] BALRAMCHIN.BO | processed
[217/500] HESTERBIO.BO | up-to-date
[218/500] OSWALPUMPS.NS | processed
[219/500] SENINFO.BO | up-to-date
[220/500] SKL.BO | up-to-date
[221/500] DICIND.BO | processed
[222/500] INLANPR.BO | processed
[223/500] SHIVAEXPO.BO | up-to-date
[224/500] TIMETECHNO.BO | up-to-date
[225/500] VISAGAR.BO | processed
[226/500] XPROINDIA.BO | up-to-date
[227/500] ITHL.BO | processed
[228/500] MUNOTHFI.BO | up-to-date
[229/500] PVSL.BO | up-to-date
[230/500] GARGI.BO | up-to-date
[231/500] MINAXI.BO | up-to-date
[232/500] MAXESTATES.BO | up-to-date
[233/500] PVVINFRA.BO | up-to-date
[234/500] LAHOTIOV.BO | up-to-date
[235/500] FUTSOL.BO | up-to-date
[236/500] NAHARCAP.BO | up-to-date
[237/500] SNL.BO | up-to-date
[238/500] INDUSFINL.BO | up-to-date
[239/500] CHECKPOINT.BO | up-to-date
[240/500] VRLLOG.BO | up-to-date
[241/500] SWARAJENG.BO | up-to-date
[242/500] HITECH.BO | up-to-date
[243/500] OMNIPOTENT.BO | up-to-date
[244/500] BCCFUBA.BO | up-to-date
[245/500] FDC.BO | up-to-date
[246/500] NAGTECH.BO | up-to-date
[247/500] TYROON.BO | up-to-date
[248/500] GNFC.BO | up-to-date
[249/500] ACLGATI.BO | up-to-date
[250/500] KABSON.BO | up-to-date
[251/500] RAIN.BO | up-to-date
[252/500] NIFTYQLITY.BO | up-to-date
[253/500] ARCFIN.BO | up-to-date
[254/500] VISUINTL.BO | up-to-date
[255/500] ELEFLOR.BO | up-to-date
[256/500] MONQ50.BO | up-to-date
[257/500] MISQUITA.BO | up-to-date
[258/500] KOTHARIPRO.BO | up-to-date
[259/500] PITHP.BO | up-to-date
[260/500] SURYAAMBA.BO | up-to-date
[261/500] PRATIBHA.BO | up-to-date
[262/500] SARCHEM.BO | up-to-date
[263/500] 11DPR.BO | up-to-date
[264/500] KAUSHALYA.BO | up-to-date
[265/500] BAFNAPH.BO | up-to-date
[266/500] BRIGHT.BO | up-to-date
[267/500] HPIL.BO | up-to-date
[268/500] MAFIA.BO | up-to-date
[269/500] SIMRAN.BO | up-to-date
[270/500] EMMESSA.BO | up-to-date
[271/500] CITYMAN.BO | up-to-date
[272/500] COFORGE.BO | up-to-date
[273/500] GOENKA.BO | up-to-date
[274/500] AMCOIND.BO | up-to-date
[275/500] ITC.BO | up-to-date
[276/500] BOSCHLTD.BO | up-to-date
[277/500] SUPREME.BO | up-to-date
[278/500] GILLETTE.BO | up-to-date
[279/500] DAULAT.BO | up-to-date
[280/500] MIDINDIA.BO | up-to-date
[281/500] UNIENTER.BO | up-to-date
[282/500] GRWRHITECH.BO | up-to-date
[283/500] CAPTRUST.BO | up-to-date
[284/500] NDLVENTURE.BO | up-to-date
[285/500] SETFNIFBK.BO | up-to-date
[286/500] RRP.BO | up-to-date
[287/500] JAGSNPHARM.BO | up-to-date
[288/500] AASTAFIN.BO | up-to-date
[289/500] DEEPAKSP.BO | up-to-date
[290/500] ASHIS.BO | up-to-date
[291/500] ADFFOODS.BO | up-to-date
[292/500] NGLFINE.BO | up-to-date
[293/500] NEOINFRA.BO | up-to-date
[294/500] WINSOMTX.BO | up-to-date
[295/500] KONARKSY.BO | up-to-date
[296/500] MAGNAELQ.BO | up-to-date
[297/500] OXFORDIN.BO | up-to-date
[298/500] SICALLOG.BO | up-to-date
[299/500] RASANDIK.BO | up-to-date
[300/500] BANDARAM.BO | up-to-date
[301/500] ARCEEIN.BO | up-to-date
[302/500] MUKATPIP.BO | up-to-date
[303/500] YASHRAJC.BO | up-to-date
[304/500] EVERESTO.BO | up-to-date
[305/500] GRANULES.BO | up-to-date
[306/500] JAGSONFI.BO | up-to-date
[307/500] ASIANENE.BO | up-to-date
[308/500] MKTCREAT.BO | up-to-date
[309/500] SAMRATPH.BO | up-to-date
[310/500] DIANATEA.BO | up-to-date
[311/500] ALCHCORP.BO | up-to-date
[312/500] SUPERBAK.BO | up-to-date
[313/500] CIEINDIA.BO | up-to-date
[314/500] PBAINFRA.BO | up-to-date
[315/500] SAMINDUS.BO | up-to-date
[316/500] IIL.BO | up-to-date
[317/500] MNIL.BO | up-to-date
[318/500] MEGASOFT.BO | up-to-date
[319/500] GPTINFRA.BO | up-to-date
[320/500] VASCONEQ.BO | up-to-date
[321/500] TEJASNET.BO | up-to-date
[322/500] DHANBANK.BO | up-to-date
[323/500] CROMPTON.BO | up-to-date
[324/500] CCLINTER.BO | up-to-date
[325/500] DITCO.BO | up-to-date
[326/500] KAPILRAJ.BO | up-to-date
[327/500] DBOL.BO | up-to-date
[328/500] SCARNOSE.BO | up-to-date
[329/500] ECS.BO | up-to-date
[330/500] DHARNI.BO | up-to-date
[331/500] SWANAGRO.BO | up-to-date
[332/500] PAVNAIND.BO | up-to-date
[333/500] INNOVANA.BO | up-to-date
[334/500] VGUARD.BO | up-to-date
[335/500] CAPPIPES.BO | up-to-date
[336/500] BANKPSU.BO | up-to-date
[337/500] LEHAR.BO | up-to-date
[338/500] TRADEWELL.BO | up-to-date
[339/500] RETAGGIO.BO | up-to-date
[340/500] VARIMAN.BO | up-to-date
[341/500] BFFL.BO | up-to-date
[342/500] TALWGYM.BO | up-to-date
[343/500] SKYGOLD.BO | up-to-date
[344/500] BECTORFOOD.BO | up-to-date
[345/500] HEALTHY.BO | up-to-date
[346/500] FCL.BO | up-to-date
[347/500] MCLOUD.BO | up-to-date
[348/500] 08AGG.BO | up-to-date
[349/500] CTLLAB.BO | up-to-date
[350/500] SHAHLON.BO | up-to-date
[351/500] LEX.BO | up-to-date
[352/500] 11ADD.BO | up-to-date
[353/500] DARJEELING.BO | up-to-date
[354/500] FRONTSP.BO | up-to-date
[355/500] MUKTAARTS.BO | up-to-date
[356/500] DDIL.BO | up-to-date
[357/500] ITETF.BO | up-to-date
[358/500] CTCL.BO | up-to-date
[359/500] TARINI.BO | up-to-date
[360/500] METALIETF.BO | up-to-date
[361/500] BCPL.BO | up-to-date
[362/500] DIXON.BO | up-to-date
[363/500] GREENCREST.BO | up-to-date
[364/500] BSLGOLDETF.BO | up-to-date
[365/500] QUAL30IETF.BO | up-to-date
[366/500] IRIS.BO | up-to-date
[367/500] RKDL.BO | up-to-date
[368/500] RDBRL.BO | up-to-date
[369/500] HGINFRA.BO | up-to-date
[370/500] CANDOUR.BO | up-to-date
[371/500] ERPSOFT.BO | up-to-date
[372/500] GUJALKALI.BO | up-to-date
[373/500] ALLDIGI.BO | up-to-date
[374/500] NHPC.BO | up-to-date
[375/500] MSUMI.BO | up-to-date
[376/500] CPML.BO | up-to-date
[377/500] GORANIN.BO | up-to-date
[378/500] NATPLAS.BO | processed
[379/500] QUINTEGRA.NS | up-to-date
[380/500] TASTYBITE.BO | processed
[381/500] ROYALCU.BO | processed
[382/500] PHYTO.BO | processed
[383/500] HPL.BO | processed
[384/500] SETFGOLD.BO | up-to-date
[385/500] ANMOL.BO | processed
C:\Users\jallu\OneDrive\pgp\Python\Stock predictor\Rubik_view\Engine\indicators.py:63: RuntimeWarning: All-NaN axis encountered
  vmax = np.nanmax(np.abs(macd - macdsignal))
C:\Users\jallu\OneDrive\pgp\Python\Stock predictor\Rubik_view\Engine\indicators.py:71: RuntimeWarning: All-NaN axis encountered
  vmax = np.nanmax(np.abs(ema_short - ema_long))
[386/500] SOFCOM.BO | processed
C:\Users\jallu\OneDrive\pgp\Python\Stock predictor\Rubik_view\Engine\indicators.py:118: RuntimeWarning: All-NaN axis encountered
  vmax = np.nanmax(np.abs(df['Close'] - st))
[387/500] NAM.BO | processed
[388/500] ROTO.BO | up-to-date
[389/500] LIBORDFIN.BO | up-to-date
[390/500] ANDHRAPET.BO | up-to-date
[391/500] ELANTAS.BO | up-to-date
[392/500] CASTROLIND.BO | up-to-date
[393/500] BLUECOAST.BO | up-to-date
[394/500] KPT.BO | up-to-date
[395/500] UNIONGOLD.BO | up-to-date
[396/500] DLF.BO | up-to-date
[397/500] KANSHST.BO | up-to-date
[398/500] DEN.BO | up-to-date
[399/500] ATHARVENT.BO | up-to-date
[400/500] RAP.BO | up-to-date
[401/500] LAHL.BO | up-to-date
[402/500] FMEC.BO | up-to-date
[403/500] INTELLECT.BO | up-to-date
[404/500] KMSUGAR.BO | up-to-date
[405/500] CRSTCHM.BO | up-to-date
[406/500] 08QPR.BO | processed
[407/500] VRAJ.BO | up-to-date
[408/500] DIDL.BO | up-to-date
[409/500] NIFTY50ADD.BO | up-to-date
[410/500] NTPC.BO | up-to-date
[411/500] GRINFRA.BO | up-to-date
[412/500] ONTIC.BO | up-to-date
[413/500] INDIAMART.BO | up-to-date
[414/500] LTTS.BO | up-to-date
[415/500] BENGALASM.BO | up-to-date
[416/500] PVP.BO | up-to-date
[417/500] KBCGLOBAL.BO | up-to-date
[418/500] ORIENTELEC.BO | up-to-date
[419/500] VOITHPAPR.BO | up-to-date
[420/500] BCLIND.BO | up-to-date
[421/500] DREDGECORP.BO | up-to-date
[422/500] APLAB-RE1.BO | up-to-date
[423/500] AMERISE.BO | up-to-date
[424/500] PANCHSHEEL.BO | up-to-date
[425/500] PPL.BO | up-to-date
[426/500] BEL.BO | up-to-date
[427/500] JAYUSH.BO | up-to-date
[428/500] ZFSTEERING.BO | up-to-date
[429/500] LINCOLN.BO | up-to-date
[430/500] NAVKARURB.BO | up-to-date
[431/500] JSL.BO | up-to-date
[432/500] MOREPENLAB.BO | up-to-date
[433/500] KJMCFIN.BO | up-to-date
[434/500] MPL.BO | up-to-date
[435/500] BAMPSL.BO | up-to-date
[436/500] ASHUTPM.BO | up-to-date
[437/500] BGWTATO.BO | up-to-date
[438/500] HARIAEXPO.BO | up-to-date
[439/500] MTNL.BO | up-to-date
[440/500] OASISEC.BO | up-to-date
[441/500] INDIANACRY.BO | up-to-date
[442/500] NEELKAN.BO | up-to-date
[443/500] JINDALPOLY.BO | up-to-date
[444/500] PREMIER.BO | up-to-date
[445/500] SIGIND.BO | up-to-date
[446/500] HMT.BO | up-to-date
[447/500] EXCELINDUS.BO | up-to-date
[448/500] BEML.BO | up-to-date
[449/500] SCANSTL.BO | up-to-date
[450/500] CENTUM.BO | up-to-date
[451/500] GLFL.BO | up-to-date
[452/500] ASTRAL.BO | up-to-date
[453/500] SILVERTUC.BO | up-to-date
[454/500] MHSGRMS.BO | up-to-date
[455/500] MANPASAND.BO | up-to-date
[456/500] PINCON.BO | up-to-date
[457/500] SRIMT.BO | up-to-date
[458/500] SCC.BO | up-to-date
[459/500] JAYTEX.BO | up-to-date
[460/500] SCANORG.BO | up-to-date
[461/500] LIQUIDBEES.BO | up-to-date
[462/500] NIEHSPE.BO | up-to-date
[463/500] SSWL.BO | up-to-date
[464/500] IEL.BO | up-to-date
[465/500] DAL.BO | up-to-date
[466/500] AUTOINT.BO | up-to-date
[467/500] NIBEORD.BO | up-to-date
[468/500] 11AQD.BO | up-to-date
[469/500] KANUNGO.BO | up-to-date
[470/500] NIESSPA.BO | up-to-date
[471/500] GCCL.BO | up-to-date
[472/500] EQUAL50.BO | up-to-date
[473/500] NOVAGOLD.BO | up-to-date
[474/500] CARGOTRANS.BO | up-to-date
[475/500] JSLHISAR.BO | up-to-date
[476/500] PFLINFOTC.BO | up-to-date
[477/500] BIL.NS | processed
[478/500] ELEXT.BO | up-to-date
[479/500] POWERMECH.NS | processed
[480/500] SARDAEN.BO | processed
[481/500] SMLISUZU.BO | processed
[482/500] ARTNIRMAN.NS | processed
[483/500] STYRENIX.BO | processed
[484/500] GLAND.NS | processed
[485/500] INDNIPPON.NS | processed
[486/500] HYBRIDFIN.NS | processed
[487/500] SIMPLXPAP.BO | up-to-date
[488/500] ANSALAPI.BO | processed
[489/500] ZENITHEXPO.BO | processed
[490/500] RICOAUTO.BO | processed
[491/500] RACLGEAR.BO | processed
[492/500] POONAWALLA.BO | processed
[493/500] FIBERWEB.BO | processed
[494/500] RAMANEWS.BO | processed
[495/500] TUTIALKA.BO | processed
[496/500] LUMAXIND.BO | processed
[497/500] POLYPLEX.BO | processed
[498/500] BLUEDART.BO | processed
[499/500] THAKKERS.BO | processed
[500/500] ZSATYASL.BO | processed
[OK] Done.
Traceback (most recent call last):
  File "C:\Users\jallu\OneDrive\pgp\Python\Stock predictor\Rubik_view\Engine\indicator_runner.py", line 303, in <module>
    main()
    ~~~~^^
  File "C:\Users\jallu\OneDrive\pgp\Python\Stock predictor\Rubik_view\Engine\indicator_runner.py", line 285, in main
    with duckdb.connect(str(SIGNALS_DB)) as con:
         ~~~~~~~~~~~~~~^^^^^^^^^^^^^^^^^
  File "C:\Users\jallu\OneDrive\pgp\Python\Stock predictor\Rubik_view\Engine\indicator_runner.py", line 296, in main
    con.execute("INSERT INTO signals SELECT * FROM batch")
    ~~~~~~~~~~~^^^^^^^^^^^^^^^^^^^^^^^^^^^^^^^^^^^^^^^^^^^
_duckdb.BinderException: Binder Error: table signals has 42 columns but 22 values were supplied
